#
# A fatal error has been detected by the Java Runtime Environment:
#
#  EXCEPTION_ACCESS_VIOLATION (0xc0000005) at pc=0x00007fff64d06587, pid=8568, tid=17364
#
# JRE version: OpenJDK Runtime Environment (21.0.1+12) (build 21.0.1+12-29)
# Java VM: OpenJDK 64-Bit Server VM (21.0.1+12-29, mixed mode, sharing, tiered, compressed oops, compressed class ptrs, g1 gc, windows-amd64)
# Problematic frame:
# C  [glass.dll+0x26587]
#
# No core dump will be written. Minidumps are not enabled by default on client versions of Windows
#
# If you would like to submit a bug report, please visit:
#   https://bugreport.java.com/bugreport/crash.jsp
#

---------------  S U M M A R Y ------------

Command Line: -javaagent:C:\Program Files\JetBrains\IntelliJ IDEA 2023.2.5\lib\idea_rt.jar=49339:C:\Program Files\JetBrains\IntelliJ IDEA 2023.2.5\bin -Dfile.encoding=UTF-8 -Dsun.stdout.encoding=UTF-8 -Dsun.stderr.encoding=UTF-8 --module-path=C:\Users\Nursultan\IdeaProjects\SoftWareProject\target\classes;C:\Users\Nursultan\.m2\repository\org\openjfx\javafx-base\21-ea+24\javafx-base-21-ea+24-win.jar;C:\Users\Nursultan\.m2\repository\org\openjfx\javafx-graphics\21-ea+24\javafx-graphics-21-ea+24-win.jar;C:\Users\Nursultan\.m2\repository\org\openjfx\javafx-fxml\21-ea+24\javafx-fxml-21-ea+24-win.jar;C:\Users\Nursultan\.m2\repository\org\openjfx\javafx-controls\21-ea+24\javafx-controls-21-ea+24-win.jar -Djdk.module.main=com.example.softwareproject com.example.softwareproject/com.example.softwareproject.HelloApplication

Host: AMD Ryzen 5 6600HS Creator Edition             , 12 cores, 13G,  Windows 10 , 64 bit Build 19041 (10.0.19041.3636)
Time: Fri Dec 15 12:10:46 2023  Windows 10 , 64 bit Build 19041 (10.0.19041.3636) elapsed time: 41.251494 seconds (0d 0h 0m 41s)

---------------  T H R E A D  ---------------

Current thread (0x000001ce7c6841c0):  VMThread "VM Thread"          [id=17364, stack(0x0000009486300000,0x0000009486400000) (1024K)]

Stack: [0x0000009486300000,0x0000009486400000],  sp=0x00000094863ff180,  free space=1020k
Native frames: (J=compiled Java code, j=interpreted, Vv=VM code, C=native code)
C  [glass.dll+0x26587]


siginfo: EXCEPTION_ACCESS_VIOLATION (0xc0000005), reading address 0x0000000000000000


Registers:
RAX=0x0000000000000000, RBX=0x000001ce7c68b55a, RCX=0x000001ce7c6841c0, RDX=0x00000094863ff180
RSP=0x00000094863ff180, RBP=0x000001ce7d466b48, RSI=0x000001ce7d466b20, RDI=0x00000db699fbc901
R8 =0x0000000000010002, R9 =0x00000db699fbc901, R10=0x0000000000008000, R11=0x00000094863ff110
R12=0x00007fff64d03ed0, R13=0x00007fff635d1fa0, R14=0x00000094863ff278, R15=0x000001ce7d466b20
RIP=0x00007fff64d06587, EFLAGS=0x0000000000010206


Register to memory mapping:

RAX=0x0 is null
RBX=0x000001ce7c68b55a is a global jni handle
RCX=0x000001ce7c6841c0 points into unknown readable memory: 0x00007fff633e3f88 | 88 3f 3e 63 ff 7f 00 00
RDX=0x00000094863ff180 points into unknown readable memory: 0x0000000000000000 | 00 00 00 00 00 00 00 00
RSP=0x00000094863ff180 points into unknown readable memory: 0x0000000000000000 | 00 00 00 00 00 00 00 00
RBP=0x000001ce7d466b48 points into unknown readable memory: 0x00000db699fbc901 | 01 c9 fb 99 b6 0d 00 00
RSI=0x000001ce7d466b20 points into unknown readable memory: 0x0000f248505bbad1 | d1 ba 5b 50 48 f2 00 00
RDI=0x00000db699fbc901 is an unknown value
R8 =0x0000000000010002 is an unknown value
R9 =0x00000db699fbc901 is an unknown value
R10=0x0000000000008000 is an unknown value
R11=0x00000094863ff110 points into unknown readable memory: 0x000001ce7d466b20 | 20 6b 46 7d ce 01 00 00
R12=0x00007fff64d03ed0 glass.dll
R13=0x00007fff635d1fa0 jvm.dll
R14=0x00000094863ff278 points into unknown readable memory: 0x00000094863ff260 | 60 f2 3f 86 94 00 00 00
R15=0x000001ce7d466b20 points into unknown readable memory: 0x0000f248505bbad1 | d1 ba 5b 50 48 f2 00 00

Top of Stack: (sp=0x00000094863ff180)
0x00000094863ff180:   0000000000000000 000001ce7d466b20
0x00000094863ff190:   00007fff635d1fa0 00007fff64d03ed0
0x00000094863ff1a0:   000001ce7d466b28 00007fffa25242d6
0x00000094863ff1b0:   00000db699fbc901 000001ce00000000
0x00000094863ff1c0:   000001ce7d466b48 000001ce7d466b20
0x00000094863ff1d0:   fffffffffffffffe 0000000000000000
0x00000094863ff1e0:   0000000000000001 00007fff64ce0000
0x00000094863ff1f0:   00000094863ff268 00007fffa25241fb
0x00000094863ff200:   0000000000000000 00000094863ff278
0x00000094863ff210:   00000094863ff550 00007fffa2600e40
0x00000094863ff220:   0000000000000001 00007fffa25241b4
0x00000094863ff230:   0000000000000000 0000000000000001
0x00000094863ff240:   00007fff984b2dd0 00000094863ff268
0x00000094863ff250:   000000000000000d 00007fff64d03d5d
0x00000094863ff260:   00007fff64d1a008 00007fff00000002
0x00000094863ff270:   0000000000000002 00000094863ff260
0x00000094863ff280:   0000000000000000 00007fffa4cc9993
0x00000094863ff290:   0000000000000000 00007fff64d03e82
0x00000094863ff2a0:   0000000000000001 0000000000000000
0x00000094863ff2b0:   0000000000000000 00007fffa2600e40
0x00000094863ff2c0:   000001ce6aa976e8 00007fffa251f05b
0x00000094863ff2d0:   000001ce00000001 0000000000000016
0x00000094863ff2e0:   00007fff64ce0000 000000007ffe0384
0x00000094863ff2f0:   0000000000000000 00007fffa4cc9a1d
0x00000094863ff300:   00007fff64ce0000 0000000000000000
0x00000094863ff310:   0000000000000001 000000007ffe0385
0x00000094863ff320:   0000000000000000 00007fffa4d0de41
0x00000094863ff330:   0000165a07317800 0000000000000014
0x00000094863ff340:   00007fff64d03ed0 0000000000000000
0x00000094863ff350:   0000000000000000 0000009485697000
0x00000094863ff360:   000001ce7d2f8390 00007fffa4d0dcda
0x00000094863ff370:   000001ce7d831be0 00007fff64ce0000 

Instructions: (pc=0x00007fff64d06587)
0x00007fff64d06487:   8b 4d 58 e8 8d cf ff ff 48 8b 4d 60 e8 84 cf ff
0x00007fff64d06497:   ff 48 8b 95 80 00 00 00 48 8b 8d 18 01 00 00 e8
0x00007fff64d064a7:   76 c4 ff ff 33 d2 33 c9 e8 cc e1 ff ff 90 48 89
0x00007fff64d064b7:   54 24 10 55 48 83 ec 20 48 8b ea 48 b8 00 00 00
0x00007fff64d064c7:   00 00 00 00 00 48 83 c4 20 5d c3 cc 40 55 48 8b
0x00007fff64d064d7:   ea 48 8b 01 33 c9 81 38 05 00 00 c0 0f 94 c1 8b
0x00007fff64d064e7:   c1 5d c3 cc 40 55 48 83 ec 20 48 8b ea 8a 4d 40
0x00007fff64d064f7:   48 83 c4 20 5d e9 73 d3 ff ff cc 40 55 48 83 ec
0x00007fff64d06507:   20 48 8b ea 8a 4d 20 e8 61 d3 ff ff 90 48 83 c4
0x00007fff64d06517:   20 5d c3 cc 40 55 48 83 ec 20 48 8b ea 48 83 c4
0x00007fff64d06527:   20 5d e9 c2 d1 ff ff cc 40 55 48 83 ec 30 48 8b
0x00007fff64d06537:   ea 48 8b 01 8b 10 48 89 4c 24 28 89 54 24 20 4c
0x00007fff64d06547:   8d 0d 63 d6 ff ff 4c 8b 45 70 8b 55 68 48 8b 4d
0x00007fff64d06557:   60 e8 03 d1 ff ff 90 48 83 c4 30 5d c3 cc cc cc
0x00007fff64d06567:   cc cc cc cc cc cc cc cc cc 40 53 48 83 ec 20 48
0x00007fff64d06577:   8b 1d 8b 34 01 00 48 85 db 74 16 e8 89 8f ff ff
0x00007fff64d06587:   4c 8b 00 48 8b d3 48 8b c8 41 ff 90 b0 00 00 00
0x00007fff64d06597:   90 48 83 c4 20 5b c3 cc cc 40 53 48 83 ec 20 48
0x00007fff64d065a7:   8b 1d fb 35 01 00 48 85 db 74 57 b8 ff ff ff ff
0x00007fff64d065b7:   f0 0f c1 43 10 83 f8 01 75 3d 48 85 db 74 38 48
0x00007fff64d065c7:   8b 0b 48 85 c9 74 0d ff 15 d4 0c 00 00 48 c7 03
0x00007fff64d065d7:   00 00 00 00 48 8b 4b 08 48 85 c9 74 0d e8 33 ce
0x00007fff64d065e7:   ff ff 48 c7 43 08 00 00 00 00 ba 18 00 00 00 48
0x00007fff64d065f7:   8b cb e8 1e ce ff ff 48 c7 05 9f 35 01 00 00 00
0x00007fff64d06607:   00 00 48 83 c4 20 5b c3 cc 40 53 48 83 ec 20 48
0x00007fff64d06617:   8b 1d 6b 35 01 00 48 85 db 74 57 b8 ff ff ff ff
0x00007fff64d06627:   f0 0f c1 43 10 83 f8 01 75 3d 48 85 db 74 38 48
0x00007fff64d06637:   8b 0b 48 85 c9 74 0d ff 15 64 0c 00 00 48 c7 03
0x00007fff64d06647:   00 00 00 00 48 8b 4b 08 48 85 c9 74 0d e8 c3 cd
0x00007fff64d06657:   ff ff 48 c7 43 08 00 00 00 00 ba 18 00 00 00 48
0x00007fff64d06667:   8b cb e8 ae cd ff ff 48 c7 05 0f 35 01 00 00 00
0x00007fff64d06677:   00 00 48 83 c4 20 5b c3 cc 40 53 48 83 ec 20 48 


Stack slot to memory mapping:

stack at sp + 0 slots: 0x0 is null
stack at sp + 1 slots: 0x000001ce7d466b20 points into unknown readable memory: 0x0000f248505bbad1 | d1 ba 5b 50 48 f2 00 00
stack at sp + 2 slots: 0x00007fff635d1fa0 jvm.dll
stack at sp + 3 slots: 0x00007fff64d03ed0 glass.dll
stack at sp + 4 slots: 0x000001ce7d466b28 points into unknown readable memory: 0x00000db699fbc901 | 01 c9 fb 99 b6 0d 00 00
stack at sp + 5 slots: 0x00007fffa25242d6 ucrtbase.dll
stack at sp + 6 slots: 0x00000db699fbc901 is an unknown value
stack at sp + 7 slots: 0x000001ce00000000 points into unknown readable memory: 0x0000000000000009 | 09 00 00 00 00 00 00 00

VM_Operation (0x00000094890feff0): Exit, mode: safepoint, requested by thread 0x000001ce622d4980


---------------  P R O C E S S  ---------------

Threads class SMR info:
_java_thread_list=0x000001ce62280950, length=19, elements={
0x000001ce6ac38d50, 0x000001ce7c6a06a0, 0x000001ce7c6a15c0, 0x000001ce7c6ae4a0,
0x000001ce7c6aef00, 0x000001ce7c6b1970, 0x000001ce7c6ba920, 0x000001ce7c6de8d0,
0x000001ce7c915570, 0x000001ce7d236360, 0x000001ce7c9a4370, 0x000001ce7dc00bd0,
0x000001ce7d2f9d10, 0x000001ce7cbcb390, 0x000001ce7e179320, 0x000001ce7e19a360,
0x000001ce622f38e0, 0x000001ce622d2f40, 0x000001ce622d4980
}

Java Threads: ( => current thread )
  0x000001ce6ac38d50 JavaThread "main"                              [_thread_blocked, id=16144, stack(0x0000009485c00000,0x0000009485d00000) (1024K)]
  0x000001ce7c6a06a0 JavaThread "Reference Handler"          daemon [_thread_blocked, id=17784, stack(0x0000009486400000,0x0000009486500000) (1024K)]
  0x000001ce7c6a15c0 JavaThread "Finalizer"                  daemon [_thread_blocked, id=14092, stack(0x0000009486500000,0x0000009486600000) (1024K)]
  0x000001ce7c6ae4a0 JavaThread "Attach Listener"            daemon [_thread_blocked, id=5800, stack(0x0000009486700000,0x0000009486800000) (1024K)]
  0x000001ce7c6aef00 JavaThread "Service Thread"             daemon [_thread_blocked, id=18772, stack(0x0000009486800000,0x0000009486900000) (1024K)]
  0x000001ce7c6b1970 JavaThread "Monitor Deflation Thread"   daemon [_thread_blocked, id=7544, stack(0x0000009486900000,0x0000009486a00000) (1024K)]
  0x000001ce7c6ba920 JavaThread "C2 CompilerThread0"         daemon [_thread_blocked, id=2792, stack(0x0000009486a00000,0x0000009486b00000) (1024K)]
  0x000001ce7c6de8d0 JavaThread "C1 CompilerThread0"         daemon [_thread_blocked, id=16832, stack(0x0000009486b00000,0x0000009486c00000) (1024K)]
  0x000001ce7c915570 JavaThread "Common-Cleaner"             daemon [_thread_blocked, id=14388, stack(0x0000009486c00000,0x0000009486d00000) (1024K)]
  0x000001ce7d236360 JavaThread "Monitor Ctrl-Break"         daemon [_thread_in_native, id=19384, stack(0x0000009486f00000,0x0000009487000000) (1024K)]
  0x000001ce7c9a4370 JavaThread "Notification Thread"        daemon [_thread_blocked, id=7692, stack(0x0000009487000000,0x0000009487100000) (1024K)]
  0x000001ce7dc00bd0 JavaThread "QuantumRenderer-0"          daemon [_thread_blocked, id=8828, stack(0x0000009487100000,0x0000009487200000) (1024K)]
  0x000001ce7d2f9d10 JavaThread "InvokeLaterDispatcher"      daemon [_thread_blocked, id=8372, stack(0x0000009487200000,0x0000009487300000) (1024K)]
  0x000001ce7cbcb390 JavaThread "JavaFX Application Thread"         [_thread_in_native, id=20168, stack(0x0000009487300000,0x0000009487400000) (1024K)]
  0x000001ce7e179320 JavaThread "JavaFX-Launcher"                   [_thread_blocked, id=20016, stack(0x0000009488000000,0x0000009488100000) (1024K)]
  0x000001ce7e19a360 JavaThread "Thread-2"                   daemon [_thread_in_native, id=11804, stack(0x0000009486e00000,0x0000009486f00000) (1024K)]
  0x000001ce622f38e0 JavaThread "Prism Font Disposer"        daemon [_thread_blocked, id=13224, stack(0x0000009488a00000,0x0000009488b00000) (1024K)]
  0x000001ce622d2f40 JavaThread "Cleaner-0"                  daemon [_thread_blocked, id=12956, stack(0x0000009488f00000,0x0000009489000000) (1024K)]
  0x000001ce622d4980 JavaThread "SIGINT handler"             daemon [_thread_blocked, id=17416, stack(0x0000009489000000,0x0000009489100000) (1024K)]
Total: 19

Other Threads:
=>0x000001ce7c6841c0 VMThread "VM Thread"                           [id=17364, stack(0x0000009486300000,0x0000009486400000) (1024K)]
  0x000001ce6ac953e0 WorkerThread "GC Thread#0"                     [id=7756, stack(0x0000009485d00000,0x0000009485e00000) (1024K)]
  0x000001ce7e1e6660 WorkerThread "GC Thread#1"                     [id=3332, stack(0x0000009488100000,0x0000009488200000) (1024K)]
  0x000001ce7e1e6a00 WorkerThread "GC Thread#2"                     [id=18400, stack(0x0000009488200000,0x0000009488300000) (1024K)]
  0x000001ce7e1e8db0 WorkerThread "GC Thread#3"                     [id=20004, stack(0x0000009488300000,0x0000009488400000) (1024K)]
  0x000001ce7e1e9150 WorkerThread "GC Thread#4"                     [id=4980, stack(0x0000009488400000,0x0000009488500000) (1024K)]
  0x000001ce7e1e94f0 WorkerThread "GC Thread#5"                     [id=1564, stack(0x0000009488500000,0x0000009488600000) (1024K)]
  0x000001ce622f2ec0 WorkerThread "GC Thread#6"                     [id=11508, stack(0x0000009488b00000,0x0000009488c00000) (1024K)]
  0x000001ce622f1900 WorkerThread "GC Thread#7"                     [id=11780, stack(0x0000009488c00000,0x0000009488d00000) (1024K)]
  0x000001ce622f2780 WorkerThread "GC Thread#8"                     [id=7636, stack(0x0000009488d00000,0x0000009488e00000) (1024K)]
  0x000001ce622f1560 WorkerThread "GC Thread#9"                     [id=15288, stack(0x0000009488e00000,0x0000009488f00000) (1024K)]
  0x000001ce6aca19c0 ConcurrentGCThread "G1 Main Marker"            terminated
  0x000001ce6ab8d630 WorkerThread "G1 Conc#0"                       [id=11212, stack(0x0000009485f00000,0x0000009486000000) (1024K)]
  0x000001ce7c5434e0 ConcurrentGCThread "G1 Refine#0"               terminated
  0x000001ce6ad0c010 ConcurrentGCThread "G1 Service"                terminated
Total: 15

Threads with active compile tasks:
C2 CompilerThread0    41398 2945       4       jdk.internal.org.objectweb.asm.SymbolTable::addConstantUtf8Reference (101 bytes)
Total: 1

VM state: at safepoint (shutting down)

VM Mutex/Monitor currently owned by a thread:  ([mutex/lock_event])
[0x00007fff635aa5f8] Threads_lock - owner thread: 0x000001ce7c6841c0
[0x00007fff635aa6f8] Heap_lock - owner thread: 0x000001ce622d4980

Heap address: 0x0000000724e00000, size: 3506 MB, Compressed Oops mode: Zero based, Oop shift amount: 3

CDS archive(s) mapped at: [0x000001ce0f000000-0x000001ce0fc90000-0x000001ce0fc90000), size 13172736, SharedBaseAddress: 0x000001ce0f000000, ArchiveRelocationMode: 1.
Compressed class space mapped at: 0x000001ce10000000-0x000001ce50000000, reserved size: 1073741824
Narrow klass base: 0x000001ce0f000000, Narrow klass shift: 0, Narrow klass range: 0x100000000

GC Precious Log:
 CardTable entry size: 512
 Card Set container configuration: InlinePtr #cards 4 size 8 Array Of Cards #cards 16 size 48 Howl #buckets 8 coarsen threshold 3686 Howl Bitmap #cards 512 size 80 coarsen threshold 460 Card regions per heap region 1 cards per card region 4096
 CPUs: 12 total, 12 available
 Memory: 14020M
 Large Page Support: Disabled
 NUMA Support: Disabled
 Compressed Oops: Enabled (Zero based)
 Heap Region Size: 2M
 Heap Min Capacity: 8M
 Heap Initial Capacity: 220M
 Heap Max Capacity: 3506M
 Pre-touch: Disabled
 Parallel Workers: 10
 Concurrent Workers: 3
 Concurrent Refinement Workers: 10
 Periodic GC: Disabled

Heap:
 garbage-first heap   total 225280K, used 28402K [0x0000000724e00000, 0x0000000800000000)
  region size 2048K, 14 young (28672K), 3 survivors (6144K)
 Metaspace       used 16544K, committed 16896K, reserved 1114112K
  class space    used 2409K, committed 2560K, reserved 1048576K

Heap Regions: E=young(eden), S=young(survivor), O=old, HS=humongous(starts), HC=humongous(continues), CS=collection set, F=free, TAMS=top-at-mark-start, PB=parsable bottom
|   0|0x0000000724e00000, 0x0000000725000000, 0x0000000725000000|100%|HS|  |TAMS 0x0000000724e00000| PB 0x0000000724e00000| Complete 
|   1|0x0000000725000000, 0x0000000725000000, 0x0000000725200000|  0%| F|  |TAMS 0x0000000725000000| PB 0x0000000725000000| Untracked 
|   2|0x0000000725200000, 0x0000000725200000, 0x0000000725400000|  0%| F|  |TAMS 0x0000000725200000| PB 0x0000000725200000| Untracked 
|   3|0x0000000725400000, 0x0000000725400000, 0x0000000725600000|  0%| F|  |TAMS 0x0000000725400000| PB 0x0000000725400000| Untracked 
|   4|0x0000000725600000, 0x0000000725600000, 0x0000000725800000|  0%| F|  |TAMS 0x0000000725600000| PB 0x0000000725600000| Untracked 
|   5|0x0000000725800000, 0x0000000725800000, 0x0000000725a00000|  0%| F|  |TAMS 0x0000000725800000| PB 0x0000000725800000| Untracked 
|   6|0x0000000725a00000, 0x0000000725a00000, 0x0000000725c00000|  0%| F|  |TAMS 0x0000000725a00000| PB 0x0000000725a00000| Untracked 
|   7|0x0000000725c00000, 0x0000000725c00000, 0x0000000725e00000|  0%| F|  |TAMS 0x0000000725c00000| PB 0x0000000725c00000| Untracked 
|   8|0x0000000725e00000, 0x0000000725e00000, 0x0000000726000000|  0%| F|  |TAMS 0x0000000725e00000| PB 0x0000000725e00000| Untracked 
|   9|0x0000000726000000, 0x0000000726000000, 0x0000000726200000|  0%| F|  |TAMS 0x0000000726000000| PB 0x0000000726000000| Untracked 
|  10|0x0000000726200000, 0x0000000726200000, 0x0000000726400000|  0%| F|  |TAMS 0x0000000726200000| PB 0x0000000726200000| Untracked 
|  11|0x0000000726400000, 0x0000000726400000, 0x0000000726600000|  0%| F|  |TAMS 0x0000000726400000| PB 0x0000000726400000| Untracked 
|  12|0x0000000726600000, 0x0000000726600000, 0x0000000726800000|  0%| F|  |TAMS 0x0000000726600000| PB 0x0000000726600000| Untracked 
|  13|0x0000000726800000, 0x0000000726800000, 0x0000000726a00000|  0%| F|  |TAMS 0x0000000726800000| PB 0x0000000726800000| Untracked 
|  14|0x0000000726a00000, 0x0000000726a00000, 0x0000000726c00000|  0%| F|  |TAMS 0x0000000726a00000| PB 0x0000000726a00000| Untracked 
|  15|0x0000000726c00000, 0x0000000726c00000, 0x0000000726e00000|  0%| F|  |TAMS 0x0000000726c00000| PB 0x0000000726c00000| Untracked 
|  16|0x0000000726e00000, 0x0000000726e00000, 0x0000000727000000|  0%| F|  |TAMS 0x0000000726e00000| PB 0x0000000726e00000| Untracked 
|  17|0x0000000727000000, 0x0000000727000000, 0x0000000727200000|  0%| F|  |TAMS 0x0000000727000000| PB 0x0000000727000000| Untracked 
|  18|0x0000000727200000, 0x0000000727200000, 0x0000000727400000|  0%| F|  |TAMS 0x0000000727200000| PB 0x0000000727200000| Untracked 
|  19|0x0000000727400000, 0x0000000727400000, 0x0000000727600000|  0%| F|  |TAMS 0x0000000727400000| PB 0x0000000727400000| Untracked 
|  20|0x0000000727600000, 0x0000000727600000, 0x0000000727800000|  0%| F|  |TAMS 0x0000000727600000| PB 0x0000000727600000| Untracked 
|  21|0x0000000727800000, 0x0000000727800000, 0x0000000727a00000|  0%| F|  |TAMS 0x0000000727800000| PB 0x0000000727800000| Untracked 
|  22|0x0000000727a00000, 0x0000000727a00000, 0x0000000727c00000|  0%| F|  |TAMS 0x0000000727a00000| PB 0x0000000727a00000| Untracked 
|  23|0x0000000727c00000, 0x0000000727c00000, 0x0000000727e00000|  0%| F|  |TAMS 0x0000000727c00000| PB 0x0000000727c00000| Untracked 
|  24|0x0000000727e00000, 0x0000000727e00000, 0x0000000728000000|  0%| F|  |TAMS 0x0000000727e00000| PB 0x0000000727e00000| Untracked 
|  25|0x0000000728000000, 0x0000000728000000, 0x0000000728200000|  0%| F|  |TAMS 0x0000000728000000| PB 0x0000000728000000| Untracked 
|  26|0x0000000728200000, 0x0000000728200000, 0x0000000728400000|  0%| F|  |TAMS 0x0000000728200000| PB 0x0000000728200000| Untracked 
|  27|0x0000000728400000, 0x0000000728400000, 0x0000000728600000|  0%| F|  |TAMS 0x0000000728400000| PB 0x0000000728400000| Untracked 
|  28|0x0000000728600000, 0x0000000728600000, 0x0000000728800000|  0%| F|  |TAMS 0x0000000728600000| PB 0x0000000728600000| Untracked 
|  29|0x0000000728800000, 0x0000000728800000, 0x0000000728a00000|  0%| F|  |TAMS 0x0000000728800000| PB 0x0000000728800000| Untracked 
|  30|0x0000000728a00000, 0x0000000728a00000, 0x0000000728c00000|  0%| F|  |TAMS 0x0000000728a00000| PB 0x0000000728a00000| Untracked 
|  31|0x0000000728c00000, 0x0000000728c00000, 0x0000000728e00000|  0%| F|  |TAMS 0x0000000728c00000| PB 0x0000000728c00000| Untracked 
|  32|0x0000000728e00000, 0x0000000728e00000, 0x0000000729000000|  0%| F|  |TAMS 0x0000000728e00000| PB 0x0000000728e00000| Untracked 
|  33|0x0000000729000000, 0x0000000729000000, 0x0000000729200000|  0%| F|  |TAMS 0x0000000729000000| PB 0x0000000729000000| Untracked 
|  34|0x0000000729200000, 0x0000000729200000, 0x0000000729400000|  0%| F|  |TAMS 0x0000000729200000| PB 0x0000000729200000| Untracked 
|  35|0x0000000729400000, 0x0000000729400000, 0x0000000729600000|  0%| F|  |TAMS 0x0000000729400000| PB 0x0000000729400000| Untracked 
|  36|0x0000000729600000, 0x0000000729600000, 0x0000000729800000|  0%| F|  |TAMS 0x0000000729600000| PB 0x0000000729600000| Untracked 
|  37|0x0000000729800000, 0x0000000729800000, 0x0000000729a00000|  0%| F|  |TAMS 0x0000000729800000| PB 0x0000000729800000| Untracked 
|  38|0x0000000729a00000, 0x0000000729a00000, 0x0000000729c00000|  0%| F|  |TAMS 0x0000000729a00000| PB 0x0000000729a00000| Untracked 
|  39|0x0000000729c00000, 0x0000000729c00000, 0x0000000729e00000|  0%| F|  |TAMS 0x0000000729c00000| PB 0x0000000729c00000| Untracked 
|  40|0x0000000729e00000, 0x0000000729e00000, 0x000000072a000000|  0%| F|  |TAMS 0x0000000729e00000| PB 0x0000000729e00000| Untracked 
|  41|0x000000072a000000, 0x000000072a000000, 0x000000072a200000|  0%| F|  |TAMS 0x000000072a000000| PB 0x000000072a000000| Untracked 
|  42|0x000000072a200000, 0x000000072a200000, 0x000000072a400000|  0%| F|  |TAMS 0x000000072a200000| PB 0x000000072a200000| Untracked 
|  43|0x000000072a400000, 0x000000072a400000, 0x000000072a600000|  0%| F|  |TAMS 0x000000072a400000| PB 0x000000072a400000| Untracked 
|  44|0x000000072a600000, 0x000000072a600000, 0x000000072a800000|  0%| F|  |TAMS 0x000000072a600000| PB 0x000000072a600000| Untracked 
|  45|0x000000072a800000, 0x000000072a800000, 0x000000072aa00000|  0%| F|  |TAMS 0x000000072a800000| PB 0x000000072a800000| Untracked 
|  46|0x000000072aa00000, 0x000000072aa00000, 0x000000072ac00000|  0%| F|  |TAMS 0x000000072aa00000| PB 0x000000072aa00000| Untracked 
|  47|0x000000072ac00000, 0x000000072ac00000, 0x000000072ae00000|  0%| F|  |TAMS 0x000000072ac00000| PB 0x000000072ac00000| Untracked 
|  48|0x000000072ae00000, 0x000000072ae00000, 0x000000072b000000|  0%| F|  |TAMS 0x000000072ae00000| PB 0x000000072ae00000| Untracked 
|  49|0x000000072b000000, 0x000000072b000000, 0x000000072b200000|  0%| F|  |TAMS 0x000000072b000000| PB 0x000000072b000000| Untracked 
|  50|0x000000072b200000, 0x000000072b200000, 0x000000072b400000|  0%| F|  |TAMS 0x000000072b200000| PB 0x000000072b200000| Untracked 
|  51|0x000000072b400000, 0x000000072b400000, 0x000000072b600000|  0%| F|  |TAMS 0x000000072b400000| PB 0x000000072b400000| Untracked 
|  52|0x000000072b600000, 0x000000072b600000, 0x000000072b800000|  0%| F|  |TAMS 0x000000072b600000| PB 0x000000072b600000| Untracked 
|  53|0x000000072b800000, 0x000000072b800000, 0x000000072ba00000|  0%| F|  |TAMS 0x000000072b800000| PB 0x000000072b800000| Untracked 
|  54|0x000000072ba00000, 0x000000072ba00000, 0x000000072bc00000|  0%| F|  |TAMS 0x000000072ba00000| PB 0x000000072ba00000| Untracked 
|  55|0x000000072bc00000, 0x000000072bc00000, 0x000000072be00000|  0%| F|  |TAMS 0x000000072bc00000| PB 0x000000072bc00000| Untracked 
|  56|0x000000072be00000, 0x000000072be00000, 0x000000072c000000|  0%| F|  |TAMS 0x000000072be00000| PB 0x000000072be00000| Untracked 
|  57|0x000000072c000000, 0x000000072c000000, 0x000000072c200000|  0%| F|  |TAMS 0x000000072c000000| PB 0x000000072c000000| Untracked 
|  58|0x000000072c200000, 0x000000072c200000, 0x000000072c400000|  0%| F|  |TAMS 0x000000072c200000| PB 0x000000072c200000| Untracked 
|  59|0x000000072c400000, 0x000000072c400000, 0x000000072c600000|  0%| F|  |TAMS 0x000000072c400000| PB 0x000000072c400000| Untracked 
|  60|0x000000072c600000, 0x000000072c600000, 0x000000072c800000|  0%| F|  |TAMS 0x000000072c600000| PB 0x000000072c600000| Untracked 
|  61|0x000000072c800000, 0x000000072c800000, 0x000000072ca00000|  0%| F|  |TAMS 0x000000072c800000| PB 0x000000072c800000| Untracked 
|  62|0x000000072ca00000, 0x000000072ca00000, 0x000000072cc00000|  0%| F|  |TAMS 0x000000072ca00000| PB 0x000000072ca00000| Untracked 
|  63|0x000000072cc00000, 0x000000072cc00000, 0x000000072ce00000|  0%| F|  |TAMS 0x000000072cc00000| PB 0x000000072cc00000| Untracked 
|  64|0x000000072ce00000, 0x000000072ce00000, 0x000000072d000000|  0%| F|  |TAMS 0x000000072ce00000| PB 0x000000072ce00000| Untracked 
|  65|0x000000072d000000, 0x000000072d000000, 0x000000072d200000|  0%| F|  |TAMS 0x000000072d000000| PB 0x000000072d000000| Untracked 
|  66|0x000000072d200000, 0x000000072d200000, 0x000000072d400000|  0%| F|  |TAMS 0x000000072d200000| PB 0x000000072d200000| Untracked 
|  67|0x000000072d400000, 0x000000072d400000, 0x000000072d600000|  0%| F|  |TAMS 0x000000072d400000| PB 0x000000072d400000| Untracked 
|  68|0x000000072d600000, 0x000000072d600000, 0x000000072d800000|  0%| F|  |TAMS 0x000000072d600000| PB 0x000000072d600000| Untracked 
|  69|0x000000072d800000, 0x000000072d800000, 0x000000072da00000|  0%| F|  |TAMS 0x000000072d800000| PB 0x000000072d800000| Untracked 
|  70|0x000000072da00000, 0x000000072da00000, 0x000000072dc00000|  0%| F|  |TAMS 0x000000072da00000| PB 0x000000072da00000| Untracked 
|  71|0x000000072dc00000, 0x000000072dc00000, 0x000000072de00000|  0%| F|  |TAMS 0x000000072dc00000| PB 0x000000072dc00000| Untracked 
|  72|0x000000072de00000, 0x000000072de00000, 0x000000072e000000|  0%| F|  |TAMS 0x000000072de00000| PB 0x000000072de00000| Untracked 
|  73|0x000000072e000000, 0x000000072e000000, 0x000000072e200000|  0%| F|  |TAMS 0x000000072e000000| PB 0x000000072e000000| Untracked 
|  74|0x000000072e200000, 0x000000072e200000, 0x000000072e400000|  0%| F|  |TAMS 0x000000072e200000| PB 0x000000072e200000| Untracked 
|  75|0x000000072e400000, 0x000000072e400000, 0x000000072e600000|  0%| F|  |TAMS 0x000000072e400000| PB 0x000000072e400000| Untracked 
|  76|0x000000072e600000, 0x000000072e600000, 0x000000072e800000|  0%| F|  |TAMS 0x000000072e600000| PB 0x000000072e600000| Untracked 
|  77|0x000000072e800000, 0x000000072e800000, 0x000000072ea00000|  0%| F|  |TAMS 0x000000072e800000| PB 0x000000072e800000| Untracked 
|  78|0x000000072ea00000, 0x000000072ea00000, 0x000000072ec00000|  0%| F|  |TAMS 0x000000072ea00000| PB 0x000000072ea00000| Untracked 
|  79|0x000000072ec00000, 0x000000072ec00000, 0x000000072ee00000|  0%| F|  |TAMS 0x000000072ec00000| PB 0x000000072ec00000| Untracked 
|  80|0x000000072ee00000, 0x000000072ee00000, 0x000000072f000000|  0%| F|  |TAMS 0x000000072ee00000| PB 0x000000072ee00000| Untracked 
|  81|0x000000072f000000, 0x000000072f000000, 0x000000072f200000|  0%| F|  |TAMS 0x000000072f000000| PB 0x000000072f000000| Untracked 
|  82|0x000000072f200000, 0x000000072f200000, 0x000000072f400000|  0%| F|  |TAMS 0x000000072f200000| PB 0x000000072f200000| Untracked 
|  83|0x000000072f400000, 0x000000072f400000, 0x000000072f600000|  0%| F|  |TAMS 0x000000072f400000| PB 0x000000072f400000| Untracked 
|  84|0x000000072f600000, 0x000000072f600000, 0x000000072f800000|  0%| F|  |TAMS 0x000000072f600000| PB 0x000000072f600000| Untracked 
|  85|0x000000072f800000, 0x000000072f800000, 0x000000072fa00000|  0%| F|  |TAMS 0x000000072f800000| PB 0x000000072f800000| Untracked 
|  86|0x000000072fa00000, 0x000000072fbbca80, 0x000000072fc00000| 86%| S|CS|TAMS 0x000000072fa00000| PB 0x000000072fa00000| Complete 
|  87|0x000000072fc00000, 0x000000072fe00000, 0x000000072fe00000|100%| S|CS|TAMS 0x000000072fc00000| PB 0x000000072fc00000| Complete 
|  88|0x000000072fe00000, 0x0000000730000000, 0x0000000730000000|100%| S|CS|TAMS 0x000000072fe00000| PB 0x000000072fe00000| Complete 
|  89|0x0000000730000000, 0x0000000730000000, 0x0000000730200000|  0%| F|  |TAMS 0x0000000730000000| PB 0x0000000730000000| Untracked 
|  90|0x0000000730200000, 0x0000000730200000, 0x0000000730400000|  0%| F|  |TAMS 0x0000000730200000| PB 0x0000000730200000| Untracked 
|  91|0x0000000730400000, 0x0000000730400000, 0x0000000730600000|  0%| F|  |TAMS 0x0000000730400000| PB 0x0000000730400000| Untracked 
|  92|0x0000000730600000, 0x0000000730600000, 0x0000000730800000|  0%| F|  |TAMS 0x0000000730600000| PB 0x0000000730600000| Untracked 
|  93|0x0000000730800000, 0x0000000730800000, 0x0000000730a00000|  0%| F|  |TAMS 0x0000000730800000| PB 0x0000000730800000| Untracked 
|  94|0x0000000730a00000, 0x0000000730a00000, 0x0000000730c00000|  0%| F|  |TAMS 0x0000000730a00000| PB 0x0000000730a00000| Untracked 
|  95|0x0000000730c00000, 0x0000000730c00000, 0x0000000730e00000|  0%| F|  |TAMS 0x0000000730c00000| PB 0x0000000730c00000| Untracked 
|  96|0x0000000730e00000, 0x0000000730e00000, 0x0000000731000000|  0%| F|  |TAMS 0x0000000730e00000| PB 0x0000000730e00000| Untracked 
|  97|0x0000000731000000, 0x0000000731000000, 0x0000000731200000|  0%| F|  |TAMS 0x0000000731000000| PB 0x0000000731000000| Untracked 
|  98|0x0000000731200000, 0x0000000731200000, 0x0000000731400000|  0%| F|  |TAMS 0x0000000731200000| PB 0x0000000731200000| Untracked 
|  99|0x0000000731400000, 0x00000007314d78f8, 0x0000000731600000| 42%| E|  |TAMS 0x0000000731400000| PB 0x0000000731400000| Complete 
| 100|0x0000000731600000, 0x0000000731800000, 0x0000000731800000|100%| E|CS|TAMS 0x0000000731600000| PB 0x0000000731600000| Complete 
| 101|0x0000000731800000, 0x0000000731a00000, 0x0000000731a00000|100%| E|CS|TAMS 0x0000000731800000| PB 0x0000000731800000| Complete 
| 102|0x0000000731a00000, 0x0000000731c00000, 0x0000000731c00000|100%| E|CS|TAMS 0x0000000731a00000| PB 0x0000000731a00000| Complete 
| 103|0x0000000731c00000, 0x0000000731e00000, 0x0000000731e00000|100%| E|CS|TAMS 0x0000000731c00000| PB 0x0000000731c00000| Complete 
| 104|0x0000000731e00000, 0x0000000732000000, 0x0000000732000000|100%| E|CS|TAMS 0x0000000731e00000| PB 0x0000000731e00000| Complete 
| 105|0x0000000732000000, 0x0000000732200000, 0x0000000732200000|100%| E|CS|TAMS 0x0000000732000000| PB 0x0000000732000000| Complete 
| 106|0x0000000732200000, 0x0000000732400000, 0x0000000732400000|100%| E|CS|TAMS 0x0000000732200000| PB 0x0000000732200000| Complete 
| 107|0x0000000732400000, 0x0000000732600000, 0x0000000732600000|100%| E|CS|TAMS 0x0000000732400000| PB 0x0000000732400000| Complete 
| 108|0x0000000732600000, 0x0000000732800000, 0x0000000732800000|100%| E|CS|TAMS 0x0000000732600000| PB 0x0000000732600000| Complete 
| 109|0x0000000732800000, 0x0000000732a00000, 0x0000000732a00000|100%| E|CS|TAMS 0x0000000732800000| PB 0x0000000732800000| Complete 

Card table byte_map: [0x000001ce75c30000,0x000001ce76310000] _byte_map_base: 0x000001ce72309000

Marking Bits: (CMBitMap*) 0x000001ce6ac95ae0
 Bits: [0x000001ce76310000, 0x000001ce799d8000)

Polling page: 0x000001ce6ad10000

Metaspace:

Usage:
  Non-class:     13.80 MB used.
      Class:      2.35 MB used.
       Both:     16.16 MB used.

Virtual space:
  Non-class space:       64.00 MB reserved,      14.00 MB ( 22%) committed,  1 nodes.
      Class space:        1.00 GB reserved,       2.50 MB ( <1%) committed,  1 nodes.
             Both:        1.06 GB reserved,      16.50 MB (  2%) committed. 

Chunk freelists:
   Non-Class:  1.48 MB
       Class:  13.44 MB
        Both:  14.92 MB

MaxMetaspaceSize: unlimited
CompressedClassSpaceSize: 1.00 GB
Initial GC threshold: 21.00 MB
Current GC threshold: 21.00 MB
CDS: on
 - commit_granule_bytes: 65536.
 - commit_granule_words: 8192.
 - virtual_space_node_default_size: 8388608.
 - enlarge_chunks_in_place: 1.
 - use_allocation_guard: 0.


Internal statistics:

num_allocs_failed_limit: 0.
num_arena_births: 380.
num_arena_deaths: 0.
num_vsnodes_births: 2.
num_vsnodes_deaths: 0.
num_space_committed: 264.
num_space_uncommitted: 0.
num_chunks_returned_to_freelist: 0.
num_chunks_taken_from_freelist: 906.
num_chunk_merges: 0.
num_chunk_splits: 629.
num_chunks_enlarged: 469.
num_inconsistent_stats: 0.

CodeHeap 'non-profiled nmethods': size=120000Kb used=1159Kb max_used=1159Kb free=118840Kb
 bounds [0x000001ce07ad0000, 0x000001ce07d40000, 0x000001ce0f000000]
CodeHeap 'profiled nmethods': size=120000Kb used=5541Kb max_used=5541Kb free=114458Kb
 bounds [0x000001ce00000000, 0x000001ce00570000, 0x000001ce07530000]
CodeHeap 'non-nmethods': size=5760Kb used=1787Kb max_used=1823Kb free=3973Kb
 bounds [0x000001ce07530000, 0x000001ce077a0000, 0x000001ce07ad0000]
 total_blobs=3751 nmethods=2943 adapters=711
 compilation: enabled
              stopped_count=0, restarted_count=0
 full_count=0

Compilation events (20 events):
Event: 9.578 Thread 0x000001ce7c6de8d0 2937       3       com.sun.javafx.collections.VetoableListDecorator$VetoableIteratorDecorator::checkForComodification (25 bytes)
Event: 9.579 Thread 0x000001ce7c6de8d0 nmethod 2937 0x000001ce00567790 code [0x000001ce00567960, 0x000001ce00567c48]
Event: 9.580 Thread 0x000001ce7c6ba920 nmethod 2933 0x000001ce07bec690 code [0x000001ce07bec820, 0x000001ce07bec970]
Event: 9.580 Thread 0x000001ce7c6ba920 2936       4       com.sun.javafx.event.EventHandlerManager::dispatchBubblingEvent (41 bytes)
Event: 9.592 Thread 0x000001ce7c6ba920 nmethod 2936 0x000001ce07beca90 code [0x000001ce07becc80, 0x000001ce07bed0f0]
Event: 9.601 Thread 0x000001ce7c6de8d0 2938       3       javafx.scene.Node::getViewOrder (19 bytes)
Event: 9.603 Thread 0x000001ce7c6de8d0 nmethod 2938 0x000001ce00567e10 code [0x000001ce00568000, 0x000001ce005684a0]
Event: 9.622 Thread 0x000001ce7c6de8d0 2939       3       com.sun.javafx.collections.VetoableListDecorator$VetoableIteratorDecorator::hasNext (14 bytes)
Event: 9.623 Thread 0x000001ce7c6de8d0 nmethod 2939 0x000001ce00568610 code [0x000001ce00568800, 0x000001ce00568c20]
Event: 9.671 Thread 0x000001ce7c6de8d0 2940       3       com.sun.javafx.collections.VetoableListDecorator$VetoableIteratorDecorator::next (31 bytes)
Event: 9.672 Thread 0x000001ce7c6de8d0 nmethod 2940 0x000001ce00568e10 code [0x000001ce00569000, 0x000001ce00569438]
Event: 9.685 Thread 0x000001ce7c6ba920 2941   !   4       java.util.AbstractList$Itr::next (46 bytes)
Event: 9.687 Thread 0x000001ce7c6ba920 nmethod 2941 0x000001ce07bed510 code [0x000001ce07bed6c0, 0x000001ce07bed830]
Event: 9.687 Thread 0x000001ce7c6ba920 2942       4       javafx.scene.Node::updateLocalToParentTransform (442 bytes)
Event: 9.697 Thread 0x000001ce7c6ba920 nmethod 2942 0x000001ce07bed990 code [0x000001ce07bedc40, 0x000001ce07bee400]
Event: 9.697 Thread 0x000001ce7c6ba920 2943       4       javafx.scene.Node::getClip (21 bytes)
Event: 9.700 Thread 0x000001ce7c6ba920 nmethod 2943 0x000001ce07beea10 code [0x000001ce07beeba0, 0x000001ce07beed00]
Event: 9.700 Thread 0x000001ce7c6ba920 2944   !   4       javafx.scene.Node::intersectsBounds (1005 bytes)
Event: 9.732 Thread 0x000001ce7c6ba920 nmethod 2944 0x000001ce07beee10 code [0x000001ce07bef140, 0x000001ce07bf0518]
Event: 40.881 Thread 0x000001ce7c6ba920 2945       4       jdk.internal.org.objectweb.asm.SymbolTable::addConstantUtf8Reference (101 bytes)

GC Heap History (4 events):
Event: 0.417 GC heap before
{Heap before GC invocations=0 (full 0):
 garbage-first heap   total 225280K, used 22528K [0x0000000724e00000, 0x0000000800000000)
  region size 2048K, 11 young (22528K), 0 survivors (0K)
 Metaspace       used 4724K, committed 4928K, reserved 1114112K
  class space    used 507K, committed 640K, reserved 1048576K
}
Event: 0.419 GC heap after
{Heap after GC invocations=1 (full 0):
 garbage-first heap   total 225280K, used 2687K [0x0000000724e00000, 0x0000000800000000)
  region size 2048K, 2 young (4096K), 2 survivors (4096K)
 Metaspace       used 4724K, committed 4928K, reserved 1114112K
  class space    used 507K, committed 640K, reserved 1048576K
}
Event: 0.787 GC heap before
{Heap before GC invocations=1 (full 0):
 garbage-first heap   total 225280K, used 39551K [0x0000000724e00000, 0x0000000800000000)
  region size 2048K, 21 young (43008K), 2 survivors (4096K)
 Metaspace       used 13280K, committed 13568K, reserved 1114112K
  class space    used 2052K, committed 2176K, reserved 1048576K
}
Event: 0.791 GC heap after
{Heap after GC invocations=2 (full 0):
 garbage-first heap   total 225280K, used 5874K [0x0000000724e00000, 0x0000000800000000)
  region size 2048K, 3 young (6144K), 3 survivors (6144K)
 Metaspace       used 13280K, committed 13568K, reserved 1114112K
  class space    used 2052K, committed 2176K, reserved 1048576K
}

Dll operation events (20 events):
Event: 0.237 Loaded shared library C:\Users\Nursultan\.openjfx\cache\21-ea+null\amd64\api-ms-win-crt-locale-l1-1-0.dll
Event: 0.238 Loaded shared library C:\Users\Nursultan\.openjfx\cache\21-ea+null\amd64\api-ms-win-crt-math-l1-1-0.dll
Event: 0.240 Loaded shared library C:\Users\Nursultan\.openjfx\cache\21-ea+null\amd64\api-ms-win-crt-multibyte-l1-1-0.dll
Event: 0.241 Loaded shared library C:\Users\Nursultan\.openjfx\cache\21-ea+null\amd64\api-ms-win-crt-private-l1-1-0.dll
Event: 0.243 Loaded shared library C:\Users\Nursultan\.openjfx\cache\21-ea+null\amd64\api-ms-win-crt-process-l1-1-0.dll
Event: 0.245 Loaded shared library C:\Users\Nursultan\.openjfx\cache\21-ea+null\amd64\api-ms-win-crt-runtime-l1-1-0.dll
Event: 0.246 Loaded shared library C:\Users\Nursultan\.openjfx\cache\21-ea+null\amd64\api-ms-win-crt-stdio-l1-1-0.dll
Event: 0.248 Loaded shared library C:\Users\Nursultan\.openjfx\cache\21-ea+null\amd64\api-ms-win-crt-string-l1-1-0.dll
Event: 0.249 Loaded shared library C:\Users\Nursultan\.openjfx\cache\21-ea+null\amd64\api-ms-win-crt-time-l1-1-0.dll
Event: 0.251 Loaded shared library C:\Users\Nursultan\.openjfx\cache\21-ea+null\amd64\api-ms-win-crt-utility-l1-1-0.dll
Event: 0.260 Loaded shared library C:\Users\Nursultan\.openjfx\cache\21-ea+null\amd64\ucrtbase.dll
Event: 0.263 Loaded shared library C:\Users\Nursultan\.openjfx\cache\21-ea+null\amd64\vcruntime140.dll
Event: 0.265 Loaded shared library C:\Users\Nursultan\.openjfx\cache\21-ea+null\amd64\vcruntime140_1.dll
Event: 0.271 Loaded shared library C:\Users\Nursultan\.openjfx\cache\21-ea+null\amd64\msvcp140.dll
Event: 0.272 Loaded shared library C:\Users\Nursultan\.openjfx\cache\21-ea+null\amd64\msvcp140_1.dll
Event: 0.275 Loaded shared library C:\Users\Nursultan\.openjfx\cache\21-ea+null\amd64\msvcp140_2.dll
Event: 0.298 Loaded shared library C:\Users\Nursultan\.openjfx\cache\21-ea+null\amd64\prism_d3d.dll
Event: 0.324 Loaded shared library C:\Users\Nursultan\.openjfx\cache\21-ea+null\amd64\glass.dll
Event: 0.438 Loaded shared library C:\Users\Nursultan\.jdks\openjdk-21.0.1\bin\jimage.dll
Event: 0.541 Loaded shared library C:\Users\Nursultan\.openjfx\cache\21-ea+null\amd64\javafx_font.dll

Deoptimization events (20 events):
Event: 6.474 Thread 0x000001ce7cbcb390 Uncommon trap: trap_request=0xffffffde fr.pc=0x000001ce07b98748 relative=0x0000000000000888
Event: 6.474 Thread 0x000001ce7cbcb390 Uncommon trap: reason=class_check action=maybe_recompile pc=0x000001ce07b98748 method=java.util.HashMap.putVal(ILjava/lang/Object;Ljava/lang/Object;ZZ)Ljava/lang/Object; @ 91 c2
Event: 6.474 Thread 0x000001ce7cbcb390 DEOPT PACKING pc=0x000001ce07b98748 sp=0x00000094873fd4e0
Event: 6.474 Thread 0x000001ce7cbcb390 DEOPT UNPACKING pc=0x000001ce075846a2 sp=0x00000094873fd470 mode 2
Event: 6.482 Thread 0x000001ce7cbcb390 Uncommon trap: trap_request=0xffffff45 fr.pc=0x000001ce07b7b8d0 relative=0x00000000000001f0
Event: 6.482 Thread 0x000001ce7cbcb390 Uncommon trap: reason=unstable_if action=reinterpret pc=0x000001ce07b7b8d0 method=java.util.HashMap.getNode(Ljava/lang/Object;)Ljava/util/HashMap$Node; @ 66 c2
Event: 6.482 Thread 0x000001ce7cbcb390 DEOPT PACKING pc=0x000001ce07b7b8d0 sp=0x00000094873fd6b0
Event: 6.482 Thread 0x000001ce7cbcb390 DEOPT UNPACKING pc=0x000001ce075846a2 sp=0x00000094873fd5c0 mode 2
Event: 6.483 Thread 0x000001ce7cbcb390 Uncommon trap: trap_request=0xffffff45 fr.pc=0x000001ce07b7a9d0 relative=0x00000000000001f0
Event: 6.483 Thread 0x000001ce7cbcb390 Uncommon trap: reason=unstable_if action=reinterpret pc=0x000001ce07b7a9d0 method=java.util.HashMap.getNode(Ljava/lang/Object;)Ljava/util/HashMap$Node; @ 66 c2
Event: 6.483 Thread 0x000001ce7cbcb390 DEOPT PACKING pc=0x000001ce07b7a9d0 sp=0x00000094873fd570
Event: 6.483 Thread 0x000001ce7cbcb390 DEOPT UNPACKING pc=0x000001ce075846a2 sp=0x00000094873fd4f0 mode 2
Event: 6.508 Thread 0x000001ce7cbcb390 Uncommon trap: trap_request=0xffffff45 fr.pc=0x000001ce07bbf588 relative=0x0000000000000068
Event: 6.508 Thread 0x000001ce7cbcb390 Uncommon trap: reason=unstable_if action=reinterpret pc=0x000001ce07bbf588 method=javafx.scene.Node.updateLocalToParentTransform()V @ 4 c2
Event: 6.508 Thread 0x000001ce7cbcb390 DEOPT PACKING pc=0x000001ce07bbf588 sp=0x00000094873fd190
Event: 6.508 Thread 0x000001ce7cbcb390 DEOPT UNPACKING pc=0x000001ce075846a2 sp=0x00000094873fd0e8 mode 2
Event: 8.079 Thread 0x000001ce7cbcb390 Uncommon trap: trap_request=0xffffffde fr.pc=0x000001ce07b929d8 relative=0x00000000000002f8
Event: 8.079 Thread 0x000001ce7cbcb390 Uncommon trap: reason=class_check action=maybe_recompile pc=0x000001ce07b929d8 method=java.util.regex.Pattern$BmpCharPropertyGreedy.match(Ljava/util/regex/Matcher;ILjava/lang/CharSequence;)Z @ 26 c2
Event: 8.079 Thread 0x000001ce7cbcb390 DEOPT PACKING pc=0x000001ce07b929d8 sp=0x00000094873fb700
Event: 8.079 Thread 0x000001ce7cbcb390 DEOPT UNPACKING pc=0x000001ce075846a2 sp=0x00000094873fb6b8 mode 2

Classes loaded (20 events):
Event: 1.061 Loading class java/time/zone/Ser
Event: 1.061 Loading class java/io/Externalizable
Event: 1.061 Loading class java/io/Externalizable done
Event: 1.062 Loading class java/time/zone/Ser done
Event: 1.063 Loading class java/time/zone/ZoneOffsetTransition
Event: 1.063 Loading class java/time/zone/ZoneOffsetTransition done
Event: 1.066 Loading class sun/util/cldr/CLDRBaseLocaleDataMetaInfo$TZCanonicalIDMapHolder
Event: 1.067 Loading class sun/util/cldr/CLDRBaseLocaleDataMetaInfo$TZCanonicalIDMapHolder done
Event: 1.069 Loading class sun/util/resources/TimeZoneNames
Event: 1.070 Loading class sun/util/resources/TimeZoneNames done
Event: 1.071 Loading class sun/util/resources/TimeZoneNames_en
Event: 1.071 Loading class sun/util/resources/TimeZoneNames_en done
Event: 6.288 Loading class java/io/UnsupportedEncodingException
Event: 6.288 Loading class java/io/UnsupportedEncodingException done
Event: 6.471 Loading class java/lang/Byte$ByteCache
Event: 6.471 Loading class java/lang/Byte$ByteCache done
Event: 6.472 Loading class java/lang/Short$ShortCache
Event: 6.472 Loading class java/lang/Short$ShortCache done
Event: 40.877 Loading class jdk/internal/misc/Signal$1
Event: 40.877 Loading class jdk/internal/misc/Signal$1 done

Classes unloaded (0 events):
No events

Classes redefined (0 events):
No events

Internal exceptions (20 events):
Event: 0.752 Thread 0x000001ce7cbcb390 Exception <a 'java/lang/ClassNotFoundException'{0x000000073059a8c8}: com/sun/javafx/scene/control/skin/resources/controls> (0x000000073059a8c8) 
thrown [s\open\src\hotspot\share\prims\jni.cpp, line 539]
Event: 0.753 Thread 0x000001ce7cbcb390 Exception <a 'java/lang/ClassNotFoundException'{0x00000007305a8ac8}: com/sun/javafx/scene/control/skin/resources/controls_ru> (0x00000007305a8ac8) 
thrown [s\open\src\hotspot\share\prims\jni.cpp, line 539]
Event: 0.753 Thread 0x000001ce7cbcb390 Exception <a 'java/lang/ClassNotFoundException'{0x00000007305a9a70}: com/sun/javafx/scene/control/skin/resources/controls_ru_RU> (0x00000007305a9a70) 
thrown [s\open\src\hotspot\share\prims\jni.cpp, line 539]
Event: 0.776 Thread 0x000001ce7cbcb390 Exception <a 'java/lang/NoSuchMethodError'{0x0000000730388618}: 'void java.lang.invoke.DirectMethodHandle$Holder.invokeSpecial(java.lang.Object, java.lang.Object, java.lang.Object, java.lang.Object, java.lang.Object, java.lang.Object)'> (0x0000000730388618) 
thrown [s\open\src\hotspot\share\interpreter\linkResolver.cpp, line 773]
Event: 0.822 Thread 0x000001ce7cbcb390 Exception <a 'java/lang/NoSuchMethodError'{0x00000007326ed9a8}: 'int java.lang.invoke.DirectMethodHandle$Holder.invokeSpecial(java.lang.Object, java.lang.Object, int)'> (0x00000007326ed9a8) 
thrown [s\open\src\hotspot\share\interpreter\linkResolver.cpp, line 773]
Event: 0.830 Thread 0x000001ce7cbcb390 Exception <a 'java/lang/NoSuchMethodError'{0x00000007327487a8}: 'java.lang.Object java.lang.invoke.DirectMethodHandle$Holder.newInvokeSpecial(java.lang.Object, java.lang.Object, int)'> (0x00000007327487a8) 
thrown [s\open\src\hotspot\share\interpreter\linkResolver.cpp, line 773]
Event: 0.866 Thread 0x000001ce7dc00bd0 Exception <a 'java/lang/NoSuchMethodError'{0x00000007324b3380}: 'int java.lang.invoke.DirectMethodHandle$Holder.invokeStaticInit(java.lang.Object, java.lang.Object)'> (0x00000007324b3380) 
thrown [s\open\src\hotspot\share\interpreter\linkResolver.cpp, line 773]
Event: 0.869 Thread 0x000001ce7cbcb390 Exception <a 'java/lang/NoSuchMethodError'{0x00000007324550a0}: 'long java.lang.invoke.DirectMethodHandle$Holder.invokeStatic(java.lang.Object, java.lang.Object, java.lang.Object)'> (0x00000007324550a0) 
thrown [s\open\src\hotspot\share\interpreter\linkResolver.cpp, line 773]
Event: 0.869 Thread 0x000001ce7cbcb390 Exception <a 'java/lang/NoSuchMethodError'{0x0000000732458470}: 'long java.lang.invoke.DirectMethodHandle$Holder.invokeStaticInit(java.lang.Object, java.lang.Object, java.lang.Object)'> (0x0000000732458470) 
thrown [s\open\src\hotspot\share\interpreter\linkResolver.cpp, line 773]
Event: 0.871 Thread 0x000001ce7cbcb390 Exception <a 'java/lang/NoSuchMethodError'{0x000000073246ca68}: 'java.lang.Object java.lang.invoke.DirectMethodHandle$Holder.newInvokeSpecial(java.lang.Object, java.lang.Object, long)'> (0x000000073246ca68) 
thrown [s\open\src\hotspot\share\interpreter\linkResolver.cpp, line 773]
Event: 0.871 Thread 0x000001ce7cbcb390 Exception <a 'java/lang/NoSuchMethodError'{0x0000000732470360}: 'java.lang.Object java.lang.invoke.Invokers$Holder.linkToTargetMethod(java.lang.Object, long, java.lang.Object)'> (0x0000000732470360) 
thrown [s\open\src\hotspot\share\interpreter\linkResolver.cpp, line 773]
Event: 0.908 Thread 0x000001ce7dc00bd0 Exception <a 'java/lang/NoSuchMethodError'{0x00000007322fa690}: 'java.lang.Object java.lang.invoke.DirectMethodHandle$Holder.invokeStaticInit(java.lang.Object, int)'> (0x00000007322fa690) 
thrown [s\open\src\hotspot\share\interpreter\linkResolver.cpp, line 773]
Event: 1.061 Thread 0x000001ce7c6ae4a0 Exception <a 'sun/nio/fs/WindowsException'{0x0000000731f24cb0}> (0x0000000731f24cb0) 
thrown [s\open\src\hotspot\share\prims\jni.cpp, line 520]
Event: 6.444 Thread 0x000001ce7cbcb390 Exception <a 'java/io/FileNotFoundException'{0x0000000731dfd568}> (0x0000000731dfd568) 
thrown [s\open\src\hotspot\share\prims\jni.cpp, line 520]
Event: 6.445 Thread 0x000001ce7cbcb390 Exception <a 'java/io/FileNotFoundException'{0x0000000731dfe598}> (0x0000000731dfe598) 
thrown [s\open\src\hotspot\share\prims\jni.cpp, line 520]
Event: 6.483 Thread 0x000001ce7cbcb390 Exception <a 'java/lang/NoSuchMethodError'{0x0000000731a79438}: 'java.lang.Object java.lang.invoke.DirectMethodHandle$Holder.newInvokeSpecial(java.lang.Object, double)'> (0x0000000731a79438) 
thrown [s\open\src\hotspot\share\interpreter\linkResolver.cpp, line 773]
Event: 8.081 Thread 0x000001ce7cbcb390 Exception <a 'java/io/FileNotFoundException'{0x0000000731805830}> (0x0000000731805830) 
thrown [s\open\src\hotspot\share\prims\jni.cpp, line 520]
Event: 8.082 Thread 0x000001ce7cbcb390 Exception <a 'java/io/FileNotFoundException'{0x0000000731806b10}> (0x0000000731806b10) 
thrown [s\open\src\hotspot\share\prims\jni.cpp, line 520]
Event: 9.468 Thread 0x000001ce7cbcb390 Exception <a 'java/io/FileNotFoundException'{0x00000007319948e8}> (0x00000007319948e8) 
thrown [s\open\src\hotspot\share\prims\jni.cpp, line 520]
Event: 9.468 Thread 0x000001ce7cbcb390 Exception <a 'java/io/FileNotFoundException'{0x0000000731995e78}> (0x0000000731995e78) 
thrown [s\open\src\hotspot\share\prims\jni.cpp, line 520]

ZGC Phase Switch (0 events):
No events

VM Operations (20 events):
Event: 0.802 Executing VM operation: HandshakeAllThreads (Deoptimize) done
Event: 1.802 Executing VM operation: Cleanup
Event: 1.802 Executing VM operation: Cleanup done
Event: 2.802 Executing VM operation: Cleanup
Event: 2.802 Executing VM operation: Cleanup done
Event: 3.802 Executing VM operation: Cleanup
Event: 3.802 Executing VM operation: Cleanup done
Event: 4.803 Executing VM operation: Cleanup
Event: 4.803 Executing VM operation: Cleanup done
Event: 5.804 Executing VM operation: Cleanup
Event: 5.804 Executing VM operation: Cleanup done
Event: 6.603 Executing VM operation: ICBufferFull
Event: 6.603 Executing VM operation: ICBufferFull done
Event: 8.604 Executing VM operation: Cleanup
Event: 8.604 Executing VM operation: Cleanup done
Event: 9.604 Executing VM operation: Cleanup
Event: 9.604 Executing VM operation: Cleanup done
Event: 10.605 Executing VM operation: Cleanup
Event: 10.605 Executing VM operation: Cleanup done
Event: 40.882 Executing VM operation: Exit

Events (20 events):
Event: 0.325 Thread 0x000001ce7d2f9d10 Thread added: 0x000001ce7d2f9d10
Event: 0.327 Thread 0x000001ce7cbcb390 Thread added: 0x000001ce7cbcb390
Event: 0.375 Thread 0x000001ce7ca01050 Thread exited: 0x000001ce7ca01050
Event: 0.411 Thread 0x000001ce7e179320 Thread added: 0x000001ce7e179320
Event: 0.415 Thread 0x000001ce7e19a360 Thread added: 0x000001ce7e19a360
Event: 0.556 Thread 0x000001ce621eca90 Thread added: 0x000001ce621eca90
Event: 0.726 Thread 0x000001ce622f38e0 Thread added: 0x000001ce622f38e0
Event: 0.935 Thread 0x000001ce622d2f40 Thread added: 0x000001ce622d2f40
Event: 1.232 Thread 0x000001ce621eca90 Thread exited: 0x000001ce621eca90
Event: 1.233 Thread 0x000001ce7c9a5de0 Thread exited: 0x000001ce7c9a5de0
Event: 6.517 Thread 0x000001ce7d3f4630 Thread added: 0x000001ce7d3f4630
Event: 6.527 Thread 0x000001ce7dd92620 Thread added: 0x000001ce7dd92620
Event: 6.960 Thread 0x000001ce7dd92620 Thread exited: 0x000001ce7dd92620
Event: 6.960 Thread 0x000001ce7d3f4630 Thread exited: 0x000001ce7d3f4630
Event: 40.878 Thread 0x000001ce622d4980 Thread added: 0x000001ce622d4980
Event: 40.879 Thread 0x000001ce622d28b0 Thread added: 0x000001ce622d28b0
Event: 40.879 Thread 0x000001ce622d5010 Thread added: 0x000001ce622d5010
Event: 40.880 Thread 0x000001ce622d5010 Thread exited: 0x000001ce622d5010
Event: 40.881 Thread 0x000001ce622d28b0 Thread exited: 0x000001ce622d28b0
Event: 40.882 Thread 0x000001ce7c6aba30 Thread exited: 0x000001ce7c6aba30


Dynamic libraries:
0x00007ff7f07f0000 - 0x00007ff7f07fe000 	C:\Users\Nursultan\.jdks\openjdk-21.0.1\bin\java.exe
0x00007fffa4cb0000 - 0x00007fffa4ea8000 	C:\Windows\SYSTEM32\ntdll.dll
0x00007fffa47f0000 - 0x00007fffa48ad000 	C:\Windows\System32\KERNEL32.DLL
0x00007fffa28c0000 - 0x00007fffa2bb6000 	C:\Windows\System32\KERNELBASE.dll
0x00007fffa2510000 - 0x00007fffa2610000 	C:\Windows\System32\ucrtbase.dll
0x00007fff94210000 - 0x00007fff94228000 	C:\Users\Nursultan\.jdks\openjdk-21.0.1\bin\jli.dll
0x00007fff94230000 - 0x00007fff9424b000 	C:\Users\Nursultan\.jdks\openjdk-21.0.1\bin\VCRUNTIME140.dll
0x00007fffa3a30000 - 0x00007fffa3bce000 	C:\Windows\System32\USER32.dll
0x00007fffa2ce0000 - 0x00007fffa2d02000 	C:\Windows\System32\win32u.dll
0x00007fff88810000 - 0x00007fff88aaa000 	C:\Windows\WinSxS\amd64_microsoft.windows.common-controls_6595b64144ccf1df_6.0.19041.3636_none_60b6a03d71f818d5\COMCTL32.dll
0x00007fffa2d70000 - 0x00007fffa2d9c000 	C:\Windows\System32\GDI32.dll
0x00007fffa2bc0000 - 0x00007fffa2cda000 	C:\Windows\System32\gdi32full.dll
0x00007fffa2610000 - 0x00007fffa26ad000 	C:\Windows\System32\msvcp_win.dll
0x00007fffa44b0000 - 0x00007fffa454e000 	C:\Windows\System32\msvcrt.dll
0x00007fffa48b0000 - 0x00007fffa48e0000 	C:\Windows\System32\IMM32.DLL
0x00007fff9e8b0000 - 0x00007fff9e8bc000 	C:\Users\Nursultan\.jdks\openjdk-21.0.1\bin\vcruntime140_1.dll
0x00007fff91710000 - 0x00007fff9179e000 	C:\Users\Nursultan\.jdks\openjdk-21.0.1\bin\msvcp140.dll
0x00007fff62970000 - 0x00007fff63685000 	C:\Users\Nursultan\.jdks\openjdk-21.0.1\bin\server\jvm.dll
0x00007fffa45b0000 - 0x00007fffa465f000 	C:\Windows\System32\ADVAPI32.dll
0x00007fffa4750000 - 0x00007fffa47ec000 	C:\Windows\System32\sechost.dll
0x00007fffa3c60000 - 0x00007fffa3d86000 	C:\Windows\System32\RPCRT4.dll
0x00007fffa46e0000 - 0x00007fffa474b000 	C:\Windows\System32\WS2_32.dll
0x00007fff970a0000 - 0x00007fff970c7000 	C:\Windows\SYSTEM32\WINMM.dll
0x00007fffa1940000 - 0x00007fffa198b000 	C:\Windows\SYSTEM32\POWRPROF.dll
0x00007fff970d0000 - 0x00007fff970da000 	C:\Windows\SYSTEM32\VERSION.dll
0x00007fffa17b0000 - 0x00007fffa17c2000 	C:\Windows\SYSTEM32\UMPDC.dll
0x00007fffa0be0000 - 0x00007fffa0bf2000 	C:\Windows\SYSTEM32\kernel.appcore.dll
0x00007fff9c750000 - 0x00007fff9c75a000 	C:\Users\Nursultan\.jdks\openjdk-21.0.1\bin\jimage.dll
0x00007fffa0200000 - 0x00007fffa03e4000 	C:\Windows\SYSTEM32\DBGHELP.DLL
0x00007fff8f450000 - 0x00007fff8f484000 	C:\Windows\SYSTEM32\dbgcore.DLL
0x00007fffa2450000 - 0x00007fffa24d2000 	C:\Windows\System32\bcryptPrimitives.dll
0x00007fff9f370000 - 0x00007fff9f37f000 	C:\Users\Nursultan\.jdks\openjdk-21.0.1\bin\instrument.dll
0x00007fff941f0000 - 0x00007fff9420f000 	C:\Users\Nursultan\.jdks\openjdk-21.0.1\bin\java.dll
0x00007fffa32e0000 - 0x00007fffa3a24000 	C:\Windows\System32\SHELL32.dll
0x00007fffa0430000 - 0x00007fffa0bcb000 	C:\Windows\SYSTEM32\windows.storage.dll
0x00007fffa4050000 - 0x00007fffa43a4000 	C:\Windows\System32\combase.dll
0x00007fffa1dd0000 - 0x00007fffa1dfd000 	C:\Windows\SYSTEM32\Wldp.dll
0x00007fffa3230000 - 0x00007fffa32dd000 	C:\Windows\System32\SHCORE.dll
0x00007fffa2d10000 - 0x00007fffa2d65000 	C:\Windows\System32\shlwapi.dll
0x00007fffa22c0000 - 0x00007fffa22e5000 	C:\Windows\SYSTEM32\profapi.dll
0x00007fff64650000 - 0x00007fff64727000 	C:\Users\Nursultan\.jdks\openjdk-21.0.1\bin\jsvml.dll
0x00007fff9b8e0000 - 0x00007fff9b8f0000 	C:\Users\Nursultan\.jdks\openjdk-21.0.1\bin\net.dll
0x00007fff9e4a0000 - 0x00007fff9e5aa000 	C:\Windows\SYSTEM32\WINHTTP.dll
0x00007fffa1b30000 - 0x00007fffa1b9a000 	C:\Windows\system32\mswsock.dll
0x00007fff92410000 - 0x00007fff92426000 	C:\Users\Nursultan\.jdks\openjdk-21.0.1\bin\nio.dll
0x00007fff923d0000 - 0x00007fff923e8000 	C:\Users\Nursultan\.jdks\openjdk-21.0.1\bin\zip.dll
0x00007fff917d0000 - 0x00007fff917ea000 	C:\Program Files\JetBrains\IntelliJ IDEA 2023.2.5\bin\breakgen64.dll
0x000001ce6ad60000 - 0x000001ce6ad63000 	C:\Users\Nursultan\.openjfx\cache\21-ea+null\amd64\api-ms-win-core-console-l1-1-0.dll
0x000001ce7e3f0000 - 0x000001ce7e3f3000 	C:\Users\Nursultan\.openjfx\cache\21-ea+null\amd64\api-ms-win-core-console-l1-2-0.dll
0x000001ce7e750000 - 0x000001ce7e753000 	C:\Users\Nursultan\.openjfx\cache\21-ea+null\amd64\api-ms-win-core-datetime-l1-1-0.dll
0x000001ce7e760000 - 0x000001ce7e763000 	C:\Users\Nursultan\.openjfx\cache\21-ea+null\amd64\api-ms-win-core-debug-l1-1-0.dll
0x000001ce7e770000 - 0x000001ce7e773000 	C:\Users\Nursultan\.openjfx\cache\21-ea+null\amd64\api-ms-win-core-errorhandling-l1-1-0.dll
0x000001ce7e400000 - 0x000001ce7e404000 	C:\Users\Nursultan\.openjfx\cache\21-ea+null\amd64\api-ms-win-core-file-l1-1-0.dll
0x000001ce7e410000 - 0x000001ce7e413000 	C:\Users\Nursultan\.openjfx\cache\21-ea+null\amd64\api-ms-win-core-file-l1-2-0.dll
0x000001ce7e420000 - 0x000001ce7e423000 	C:\Users\Nursultan\.openjfx\cache\21-ea+null\amd64\api-ms-win-core-file-l2-1-0.dll
0x000001ce7e430000 - 0x000001ce7e433000 	C:\Users\Nursultan\.openjfx\cache\21-ea+null\amd64\api-ms-win-core-handle-l1-1-0.dll
0x000001ce7e440000 - 0x000001ce7e443000 	C:\Users\Nursultan\.openjfx\cache\21-ea+null\amd64\api-ms-win-core-heap-l1-1-0.dll
0x000001ce7e450000 - 0x000001ce7e453000 	C:\Users\Nursultan\.openjfx\cache\21-ea+null\amd64\api-ms-win-core-interlocked-l1-1-0.dll
0x000001ce7e460000 - 0x000001ce7e463000 	C:\Users\Nursultan\.openjfx\cache\21-ea+null\amd64\api-ms-win-core-libraryloader-l1-1-0.dll
0x000001ce7e470000 - 0x000001ce7e473000 	C:\Users\Nursultan\.openjfx\cache\21-ea+null\amd64\api-ms-win-core-localization-l1-2-0.dll
0x000001ce7e480000 - 0x000001ce7e483000 	C:\Users\Nursultan\.openjfx\cache\21-ea+null\amd64\api-ms-win-core-memory-l1-1-0.dll
0x000001ce7e490000 - 0x000001ce7e493000 	C:\Users\Nursultan\.openjfx\cache\21-ea+null\amd64\api-ms-win-core-namedpipe-l1-1-0.dll
0x000001ce7e4a0000 - 0x000001ce7e4a3000 	C:\Users\Nursultan\.openjfx\cache\21-ea+null\amd64\api-ms-win-core-processenvironment-l1-1-0.dll
0x000001ce7e4b0000 - 0x000001ce7e4b3000 	C:\Users\Nursultan\.openjfx\cache\21-ea+null\amd64\api-ms-win-core-processthreads-l1-1-0.dll
0x000001ce7e4c0000 - 0x000001ce7e4c3000 	C:\Users\Nursultan\.openjfx\cache\21-ea+null\amd64\api-ms-win-core-processthreads-l1-1-1.dll
0x000001ce7e4d0000 - 0x000001ce7e4d3000 	C:\Users\Nursultan\.openjfx\cache\21-ea+null\amd64\api-ms-win-core-profile-l1-1-0.dll
0x000001ce7e4e0000 - 0x000001ce7e4e3000 	C:\Users\Nursultan\.openjfx\cache\21-ea+null\amd64\api-ms-win-core-rtlsupport-l1-1-0.dll
0x000001ce7e4f0000 - 0x000001ce7e4f3000 	C:\Users\Nursultan\.openjfx\cache\21-ea+null\amd64\api-ms-win-core-string-l1-1-0.dll
0x000001ce7e620000 - 0x000001ce7e623000 	C:\Users\Nursultan\.openjfx\cache\21-ea+null\amd64\api-ms-win-core-synch-l1-1-0.dll
0x000001ce7e630000 - 0x000001ce7e633000 	C:\Users\Nursultan\.openjfx\cache\21-ea+null\amd64\api-ms-win-core-synch-l1-2-0.dll
0x000001ce7e640000 - 0x000001ce7e643000 	C:\Users\Nursultan\.openjfx\cache\21-ea+null\amd64\api-ms-win-core-sysinfo-l1-1-0.dll
0x000001ce7e650000 - 0x000001ce7e653000 	C:\Users\Nursultan\.openjfx\cache\21-ea+null\amd64\api-ms-win-core-timezone-l1-1-0.dll
0x000001ce7e660000 - 0x000001ce7e663000 	C:\Users\Nursultan\.openjfx\cache\21-ea+null\amd64\api-ms-win-core-util-l1-1-0.dll
0x000001ce7e670000 - 0x000001ce7e673000 	C:\Users\Nursultan\.openjfx\cache\21-ea+null\amd64\api-ms-win-crt-conio-l1-1-0.dll
0x000001ce7e680000 - 0x000001ce7e684000 	C:\Users\Nursultan\.openjfx\cache\21-ea+null\amd64\api-ms-win-crt-convert-l1-1-0.dll
0x000001ce7e690000 - 0x000001ce7e693000 	C:\Users\Nursultan\.openjfx\cache\21-ea+null\amd64\api-ms-win-crt-environment-l1-1-0.dll
0x000001ce7e6a0000 - 0x000001ce7e6a3000 	C:\Users\Nursultan\.openjfx\cache\21-ea+null\amd64\api-ms-win-crt-filesystem-l1-1-0.dll
0x000001ce7e6b0000 - 0x000001ce7e6b3000 	C:\Users\Nursultan\.openjfx\cache\21-ea+null\amd64\api-ms-win-crt-heap-l1-1-0.dll
0x000001ce7e6c0000 - 0x000001ce7e6c3000 	C:\Users\Nursultan\.openjfx\cache\21-ea+null\amd64\api-ms-win-crt-locale-l1-1-0.dll
0x000001ce7e6d0000 - 0x000001ce7e6d5000 	C:\Users\Nursultan\.openjfx\cache\21-ea+null\amd64\api-ms-win-crt-math-l1-1-0.dll
0x000001ce7e6e0000 - 0x000001ce7e6e5000 	C:\Users\Nursultan\.openjfx\cache\21-ea+null\amd64\api-ms-win-crt-multibyte-l1-1-0.dll
0x000001ce7e6f0000 - 0x000001ce7e700000 	C:\Users\Nursultan\.openjfx\cache\21-ea+null\amd64\api-ms-win-crt-private-l1-1-0.dll
0x000001ce7e700000 - 0x000001ce7e703000 	C:\Users\Nursultan\.openjfx\cache\21-ea+null\amd64\api-ms-win-crt-process-l1-1-0.dll
0x000001ce7e710000 - 0x000001ce7e714000 	C:\Users\Nursultan\.openjfx\cache\21-ea+null\amd64\api-ms-win-crt-runtime-l1-1-0.dll
0x000001ce7e720000 - 0x000001ce7e724000 	C:\Users\Nursultan\.openjfx\cache\21-ea+null\amd64\api-ms-win-crt-stdio-l1-1-0.dll
0x000001ce7e730000 - 0x000001ce7e734000 	C:\Users\Nursultan\.openjfx\cache\21-ea+null\amd64\api-ms-win-crt-string-l1-1-0.dll
0x000001ce7e740000 - 0x000001ce7e743000 	C:\Users\Nursultan\.openjfx\cache\21-ea+null\amd64\api-ms-win-crt-time-l1-1-0.dll
0x000001ce7e8c0000 - 0x000001ce7e8c3000 	C:\Users\Nursultan\.openjfx\cache\21-ea+null\amd64\api-ms-win-crt-utility-l1-1-0.dll
0x00007fff64dc0000 - 0x00007fff64ebc000 	C:\Users\Nursultan\.openjfx\cache\21-ea+null\amd64\ucrtbase.dll
0x00007fff81f90000 - 0x00007fff81fab000 	C:\Users\Nursultan\.openjfx\cache\21-ea+null\amd64\vcruntime140.dll
0x00007fff8e270000 - 0x00007fff8e27c000 	C:\Users\Nursultan\.openjfx\cache\21-ea+null\amd64\vcruntime140_1.dll
0x00007fff64d30000 - 0x00007fff64dbe000 	C:\Users\Nursultan\.openjfx\cache\21-ea+null\amd64\msvcp140.dll
0x00007fffa3ec0000 - 0x00007fffa3feb000 	C:\Windows\System32\ole32.dll
0x00007fff8d3e0000 - 0x00007fff8d3e9000 	C:\Users\Nursultan\.openjfx\cache\21-ea+null\amd64\msvcp140_1.dll
0x00007fff7d300000 - 0x00007fff7d32f000 	C:\Users\Nursultan\.openjfx\cache\21-ea+null\amd64\msvcp140_2.dll
0x00007fff7d2d0000 - 0x00007fff7d2ff000 	C:\Users\Nursultan\.openjfx\cache\21-ea+null\amd64\prism_d3d.dll
0x00007fff4cea0000 - 0x00007fff4d06d000 	C:\Windows\system32\d3d9.dll
0x00007fff9fb70000 - 0x00007fff9fb9f000 	C:\Windows\SYSTEM32\dwmapi.dll
0x00007fff9f6a0000 - 0x00007fff9f73e000 	C:\Windows\system32\uxtheme.dll
0x00007fff970e0000 - 0x00007fff9729b000 	C:\Windows\System32\DriverStore\FileRepository\u0390451.inf_amd64_39377efdd62734d1\B390182\aticfx64.dll
0x00007fff43f40000 - 0x00007fff45d0f000 	C:\Windows\System32\DriverStore\FileRepository\u0390451.inf_amd64_39377efdd62734d1\B390182\amdxn64.dll
0x00007fffa2da0000 - 0x00007fffa320e000 	C:\Windows\System32\SETUPAPI.dll
0x00007fffa2390000 - 0x00007fffa23de000 	C:\Windows\System32\cfgmgr32.dll
0x00007fffa24e0000 - 0x00007fffa2507000 	C:\Windows\System32\bcrypt.dll
0x00007fffa0c50000 - 0x00007fffa0d43000 	C:\Windows\SYSTEM32\dxgi.dll
0x00007fff950f0000 - 0x00007fff95125000 	C:\Windows\SYSTEM32\amdihk64.dll
0x00007fff64ce0000 - 0x00007fff64d22000 	C:\Users\Nursultan\.openjfx\cache\21-ea+null\amd64\glass.dll
0x00007fffa43c0000 - 0x00007fffa449a000 	C:\Windows\System32\COMDLG32.dll
0x00007fffa3df0000 - 0x00007fffa3ebd000 	C:\Windows\System32\OLEAUT32.dll
0x00007fffa48f0000 - 0x00007fffa4a04000 	C:\Windows\System32\MSCTF.dll
0x00007fff98480000 - 0x00007fff984bb000 	C:\Windows\SYSTEM32\dxcore.dll
0x00007fff80790000 - 0x00007fff807a4000 	C:\Users\Nursultan\.openjfx\cache\21-ea+null\amd64\javafx_font.dll
0x00007fff811a0000 - 0x00007fff8141f000 	C:\Windows\SYSTEM32\dwrite.dll
0x00007fffa4bc0000 - 0x00007fffa4c69000 	C:\Windows\System32\clbcatq.dll
0x00007fff9ae90000 - 0x00007fff9b044000 	C:\Windows\SYSTEM32\WindowsCodecs.dll
0x00007fff84cb0000 - 0x00007fff84cee000 	C:\Windows\system32\dataexchange.dll
0x00007fff9d8b0000 - 0x00007fff9da93000 	C:\Windows\system32\dcomp.dll
0x00007fff9d080000 - 0x00007fff9d2e3000 	C:\Windows\system32\d3d11.dll
0x00007fff9aaa0000 - 0x00007fff9aca7000 	C:\Windows\system32\twinapi.appcore.dll
0x00007fff64610000 - 0x00007fff64644000 	C:\Program Files\Common Files\Microsoft Shared\Ink\rtscom.dll
0x00007fff92ca0000 - 0x00007fff92d9a000 	C:\Windows\SYSTEM32\textinputframework.dll
0x00007fff9db70000 - 0x00007fff9decb000 	C:\Windows\System32\CoreUIComponents.dll
0x00007fff9e250000 - 0x00007fff9e342000 	C:\Windows\System32\CoreMessaging.dll
0x00007fffa1530000 - 0x00007fffa1563000 	C:\Windows\SYSTEM32\ntmarta.dll
0x00007fff9ee30000 - 0x00007fff9ef85000 	C:\Windows\SYSTEM32\wintypes.dll

dbghelp: loaded successfully - version: 4.0.5 - missing functions: none
symbol engine: initialized successfully - sym options: 0x614 - pdb path: .;C:\Users\Nursultan\.jdks\openjdk-21.0.1\bin;C:\Windows\SYSTEM32;C:\Windows\WinSxS\amd64_microsoft.windows.common-controls_6595b64144ccf1df_6.0.19041.3636_none_60b6a03d71f818d5;C:\Users\Nursultan\.jdks\openjdk-21.0.1\bin\server;C:\Program Files\JetBrains\IntelliJ IDEA 2023.2.5\bin;C:\Users\Nursultan\.openjfx\cache\21-ea+null\amd64;C:\Windows\System32\DriverStore\FileRepository\u0390451.inf_amd64_39377efdd62734d1\B390182;C:\Program Files\Common Files\Microsoft Shared\Ink

VM Arguments:
jvm_args: -javaagent:C:\Program Files\JetBrains\IntelliJ IDEA 2023.2.5\lib\idea_rt.jar=49339:C:\Program Files\JetBrains\IntelliJ IDEA 2023.2.5\bin -Dfile.encoding=UTF-8 -Dsun.stdout.encoding=UTF-8 -Dsun.stderr.encoding=UTF-8 --module-path=C:\Users\Nursultan\IdeaProjects\SoftWareProject\target\classes;C:\Users\Nursultan\.m2\repository\org\openjfx\javafx-base\21-ea+24\javafx-base-21-ea+24-win.jar;C:\Users\Nursultan\.m2\repository\org\openjfx\javafx-graphics\21-ea+24\javafx-graphics-21-ea+24-win.jar;C:\Users\Nursultan\.m2\repository\org\openjfx\javafx-fxml\21-ea+24\javafx-fxml-21-ea+24-win.jar;C:\Users\Nursultan\.m2\repository\org\openjfx\javafx-controls\21-ea+24\javafx-controls-21-ea+24-win.jar -Djdk.module.main=com.example.softwareproject 
java_command: com.example.softwareproject/com.example.softwareproject.HelloApplication
java_class_path (initial): C:\Users\Nursultan\.m2\repository\org\openjfx\javafx-controls\21-ea+24\javafx-controls-21-ea+24.jar;C:\Users\Nursultan\.m2\repository\org\openjfx\javafx-graphics\21-ea+24\javafx-graphics-21-ea+24.jar;C:\Users\Nursultan\.m2\repository\org\openjfx\javafx-base\21-ea+24\javafx-base-21-ea+24.jar;C:\Users\Nursultan\.m2\repository\org\openjfx\javafx-fxml\21-ea+24\javafx-fxml-21-ea+24.jar
Launcher Type: SUN_STANDARD

[Global flags]
     intx CICompilerCount                          = 4                                         {product} {ergonomic}
     uint ConcGCThreads                            = 3                                         {product} {ergonomic}
     uint G1ConcRefinementThreads                  = 10                                        {product} {ergonomic}
   size_t G1HeapRegionSize                         = 2097152                                   {product} {ergonomic}
    uintx GCDrainStackTargetSize                   = 64                                        {product} {ergonomic}
   size_t InitialHeapSize                          = 230686720                                 {product} {ergonomic}
   size_t MarkStackSize                            = 4194304                                   {product} {ergonomic}
   size_t MaxHeapSize                              = 3676307456                                {product} {ergonomic}
   size_t MaxNewSize                               = 2204106752                                {product} {ergonomic}
   size_t MinHeapDeltaBytes                        = 2097152                                   {product} {ergonomic}
   size_t MinHeapSize                              = 8388608                                   {product} {ergonomic}
    uintx NonNMethodCodeHeapSize                   = 5839372                                {pd product} {ergonomic}
    uintx NonProfiledCodeHeapSize                  = 122909434                              {pd product} {ergonomic}
    uintx ProfiledCodeHeapSize                     = 122909434                              {pd product} {ergonomic}
    uintx ReservedCodeCacheSize                    = 251658240                              {pd product} {ergonomic}
     bool SegmentedCodeCache                       = true                                      {product} {ergonomic}
   size_t SoftMaxHeapSize                          = 3676307456                             {manageable} {ergonomic}
     bool UseCompressedOops                        = true                           {product lp64_product} {ergonomic}
     bool UseG1GC                                  = true                                      {product} {ergonomic}
     bool UseLargePagesIndividualAllocation        = false                                  {pd product} {ergonomic}

Logging:
Log output configuration:
 #0: stdout all=off uptime,level,tags foldmultilines=false
 #1: stderr all=off uptime,level,tags foldmultilines=false

Environment Variables:
PATH=C:\Windows\system32;C:\Windows;C:\Windows\System32\Wbem;C:\Windows\System32\WindowsPowerShell\v1.0\;C:\Windows\System32\OpenSSH\;C:\Program Files\Git\cmd;C:\Users\Nursultan\AppData\Local\Microsoft\WindowsApps;;C:\Program Files\JetBrains\IntelliJ IDEA 2023.2.5\bin;
USERNAME=Nursultan
OS=Windows_NT
PROCESSOR_IDENTIFIER=AMD64 Family 25 Model 68 Stepping 1, AuthenticAMD
TMP=C:\Users\NURSUL~1\AppData\Local\Temp
TEMP=C:\Users\NURSUL~1\AppData\Local\Temp




Periodic native trim disabled

---------------  S Y S T E M  ---------------

OS:
 Windows 10 , 64 bit Build 19041 (10.0.19041.3636)
OS uptime: 2 days 14:16 hours

CPU: total 12 (initial active 12) (12 cores per cpu, 2 threads per core) family 25 model 68 stepping 1 microcode 0x0, cx8, cmov, fxsr, ht, mmx, 3dnowpref, sse, sse2, sse3, ssse3, sse4a, sse4.1, sse4.2, popcnt, lzcnt, tsc, tscinvbit, avx, avx2, aes, clmul, bmi1, bmi2, adx, sha, fma, vzeroupper, clflush, clflushopt, rdtscp, rdpid, f16c, pku, cet_ss
Processor Information for processor 0
  Max Mhz: 3301, Current Mhz: 3301, Mhz Limit: 3301
Processor Information for processor 1
  Max Mhz: 3301, Current Mhz: 3301, Mhz Limit: 3301
Processor Information for processor 2
  Max Mhz: 3301, Current Mhz: 1100, Mhz Limit: 3301
Processor Information for processor 3
  Max Mhz: 3301, Current Mhz: 1100, Mhz Limit: 3301
Processor Information for processor 4
  Max Mhz: 3301, Current Mhz: 1100, Mhz Limit: 3301
Processor Information for processor 5
  Max Mhz: 3301, Current Mhz: 1100, Mhz Limit: 3301
Processor Information for processor 6
  Max Mhz: 3301, Current Mhz: 1100, Mhz Limit: 3301
Processor Information for processor 7
  Max Mhz: 3301, Current Mhz: 1100, Mhz Limit: 3301
Processor Information for processor 8
  Max Mhz: 3301, Current Mhz: 1100, Mhz Limit: 3301
Processor Information for processor 9
  Max Mhz: 3301, Current Mhz: 1100, Mhz Limit: 3301
Processor Information for processor 10
  Max Mhz: 3301, Current Mhz: 1100, Mhz Limit: 3301
Processor Information for processor 11
  Max Mhz: 3301, Current Mhz: 1100, Mhz Limit: 3301

Memory: 4k page, system-wide physical 14020M (5205M free)
TotalPageFile size 16196M (AvailPageFile size 3867M)
current process WorkingSet (physical memory assigned to process): 159M, peak: 173M
current process commit charge ("private bytes"): 433M, peak: 466M

vm_info: OpenJDK 64-Bit Server VM (21.0.1+12-29) for windows-amd64 JRE (21.0.1+12-29), built on 2023-10-05T13:27:09Z by "mach5one" with MS VC++ 17.1 (VS2022)

END.
