#
# A fatal error has been detected by the Java Runtime Environment:
#
#  EXCEPTION_ACCESS_VIOLATION (0xc0000005) at pc=0x00007fff7d266587, pid=19872, tid=11224
#
# JRE version: OpenJDK Runtime Environment (21.0.1+12) (build 21.0.1+12-29)
# Java VM: OpenJDK 64-Bit Server VM (21.0.1+12-29, mixed mode, sharing, tiered, compressed oops, compressed class ptrs, g1 gc, windows-amd64)
# Problematic frame:
# C  [glass.dll+0x26587]
#
# No core dump will be written. Minidumps are not enabled by default on client versions of Windows
#
# If you would like to submit a bug report, please visit:
#   https://bugreport.java.com/bugreport/crash.jsp
#

---------------  S U M M A R Y ------------

Command Line: -javaagent:C:\Program Files\JetBrains\IntelliJ IDEA 2023.2.5\lib\idea_rt.jar=61276:C:\Program Files\JetBrains\IntelliJ IDEA 2023.2.5\bin -Dfile.encoding=UTF-8 -Dsun.stdout.encoding=UTF-8 -Dsun.stderr.encoding=UTF-8 --module-path=C:\Users\Nursultan\.m2\repository\org\openjfx\javafx-controls\21-ea+24\javafx-controls-21-ea+24-win.jar;C:\Users\Nursultan\.m2\repository\org\openjfx\javafx-base\21-ea+24\javafx-base-21-ea+24-win.jar;C:\Users\Nursultan\IdeaProjects\SoftWareProject\target\classes;C:\Users\Nursultan\.m2\repository\org\openjfx\javafx-graphics\21-ea+24\javafx-graphics-21-ea+24-win.jar;C:\Users\Nursultan\.m2\repository\org\openjfx\javafx-fxml\21-ea+24\javafx-fxml-21-ea+24-win.jar -Djdk.module.main=com.example.softwareproject com.example.softwareproject/com.example.softwareproject.HelloApplication

Host: AMD Ryzen 5 6600HS Creator Edition             , 12 cores, 13G,  Windows 10 , 64 bit Build 19041 (10.0.19041.3636)
Time: Thu Dec 14 23:10:15 2023  Windows 10 , 64 bit Build 19041 (10.0.19041.3636) elapsed time: 349.055391 seconds (0d 0h 5m 49s)

---------------  T H R E A D  ---------------

Current thread (0x00000213a230fe30):  VMThread "VM Thread"          [id=11224, stack(0x0000006860900000,0x0000006860a00000) (1024K)]

Stack: [0x0000006860900000,0x0000006860a00000],  sp=0x00000068609ff070,  free space=1020k
Native frames: (J=compiled Java code, j=interpreted, Vv=VM code, C=native code)
C  [glass.dll+0x26587]


siginfo: EXCEPTION_ACCESS_VIOLATION (0xc0000005), reading address 0x0000000000000000


Registers:
RAX=0x0000000000000000, RBX=0x00000213a23169da, RCX=0x00000213a230fe30, RDX=0x00000068609ff070
RSP=0x00000068609ff070, RBP=0x00000213e883a2c8, RSI=0x00000213e883a2a0, RDI=0x00007b1b8cd7402c
R8 =0x0000000000010002, R9 =0x00007b1b8cd7402c, R10=0x0000000000008000, R11=0x00000068609ff000
R12=0x00007fff7d263ed0, R13=0x00007fff7d171fa0, R14=0x00000068609ff168, R15=0x00000213e883a2a0
RIP=0x00007fff7d266587, EFLAGS=0x0000000000010202


Register to memory mapping:

RAX=0x0 is null
RBX=0x00000213a23169da is a global jni handle
RCX=0x00000213a230fe30 points into unknown readable memory: 0x00007fff7cf83f88 | 88 3f f8 7c ff 7f 00 00
RDX=0x00000068609ff070 points into unknown readable memory: 0x0000000000000000 | 00 00 00 00 00 00 00 00
RSP=0x00000068609ff070 points into unknown readable memory: 0x0000000000000000 | 00 00 00 00 00 00 00 00
RBP=0x00000213e883a2c8 points into unknown readable memory: 0x00007b1b8cd7402c | 2c 40 d7 8c 1b 7b 00 00
RSI=0x00000213e883a2a0 points into unknown readable memory: 0x639efb1b8b28b7fe | fe b7 28 8b 1b fb 9e 63
RDI=0x00007b1b8cd7402c is an unknown value
R8 =0x0000000000010002 is an unknown value
R9 =0x00007b1b8cd7402c is an unknown value
R10=0x0000000000008000 is an unknown value
R11=0x00000068609ff000 points into unknown readable memory: 0x00000213e883a2a0 | a0 a2 83 e8 13 02 00 00
R12=0x00007fff7d263ed0 glass.dll
R13=0x00007fff7d171fa0 jvm.dll
R14=0x00000068609ff168 points into unknown readable memory: 0x00000068609ff150 | 50 f1 9f 60 68 00 00 00
R15=0x00000213e883a2a0 points into unknown readable memory: 0x639efb1b8b28b7fe | fe b7 28 8b 1b fb 9e 63

Top of Stack: (sp=0x00000068609ff070)
0x00000068609ff070:   0000000000000000 00000213e883a2a0
0x00000068609ff080:   00007fff7d171fa0 00007fff7d263ed0
0x00000068609ff090:   00000213e883a2a8 00007fffa25242d6
0x00000068609ff0a0:   00007b1b8cd7402c 0000021300000000
0x00000068609ff0b0:   00000213e883a2c8 00000213e883a2a0
0x00000068609ff0c0:   fffffffffffffffe 0000000000000000
0x00000068609ff0d0:   0000000000000001 00007fff7d240000
0x00000068609ff0e0:   00000068609ff158 00007fffa25241fb
0x00000068609ff0f0:   0000000000000000 00000068609ff168
0x00000068609ff100:   00000068609ff440 00007fffa2600e40
0x00000068609ff110:   0000000000000001 00007fffa25241b4
0x00000068609ff120:   0000000000000000 0000000000000001
0x00000068609ff130:   00007fff984b2dd0 00000068609ff158
0x00000068609ff140:   000000000000000d 00007fff7d263d5d
0x00000068609ff150:   00007fff7d27a008 00007fff00000002
0x00000068609ff160:   0000000000000002 00000068609ff150
0x00000068609ff170:   0000000000000000 00007fffa4cc9993
0x00000068609ff180:   0000000000000000 00007fff7d263e82
0x00000068609ff190:   0000000000000001 0000000000000000
0x00000068609ff1a0:   0000000000000000 00007fffa2600e40
0x00000068609ff1b0:   000002138168c798 00007fffa251f05b
0x00000068609ff1c0:   0000021300000001 0000000000000016
0x00000068609ff1d0:   00007fff7d240000 000000007ffe0384
0x00000068609ff1e0:   0000000000000000 00007fffa4cc9a1d
0x00000068609ff1f0:   00007fff7d240000 0000000000000000
0x00000068609ff200:   0000000000000001 000000007ffe0385
0x00000068609ff210:   0000000000000000 00007fffa4d0de41
0x00000068609ff220:   00006cfa21d07300 0000000000000014
0x00000068609ff230:   00007fff7d263ed0 0000000000000000
0x00000068609ff240:   0000000000000000 000000685fc48000
0x00000068609ff250:   00000213e88fa840 00007fffa4d0dcda
0x00000068609ff260:   00000213e851c120 00007fff7d240000 

Instructions: (pc=0x00007fff7d266587)
0x00007fff7d266487:   8b 4d 58 e8 8d cf ff ff 48 8b 4d 60 e8 84 cf ff
0x00007fff7d266497:   ff 48 8b 95 80 00 00 00 48 8b 8d 18 01 00 00 e8
0x00007fff7d2664a7:   76 c4 ff ff 33 d2 33 c9 e8 cc e1 ff ff 90 48 89
0x00007fff7d2664b7:   54 24 10 55 48 83 ec 20 48 8b ea 48 b8 00 00 00
0x00007fff7d2664c7:   00 00 00 00 00 48 83 c4 20 5d c3 cc 40 55 48 8b
0x00007fff7d2664d7:   ea 48 8b 01 33 c9 81 38 05 00 00 c0 0f 94 c1 8b
0x00007fff7d2664e7:   c1 5d c3 cc 40 55 48 83 ec 20 48 8b ea 8a 4d 40
0x00007fff7d2664f7:   48 83 c4 20 5d e9 73 d3 ff ff cc 40 55 48 83 ec
0x00007fff7d266507:   20 48 8b ea 8a 4d 20 e8 61 d3 ff ff 90 48 83 c4
0x00007fff7d266517:   20 5d c3 cc 40 55 48 83 ec 20 48 8b ea 48 83 c4
0x00007fff7d266527:   20 5d e9 c2 d1 ff ff cc 40 55 48 83 ec 30 48 8b
0x00007fff7d266537:   ea 48 8b 01 8b 10 48 89 4c 24 28 89 54 24 20 4c
0x00007fff7d266547:   8d 0d 63 d6 ff ff 4c 8b 45 70 8b 55 68 48 8b 4d
0x00007fff7d266557:   60 e8 03 d1 ff ff 90 48 83 c4 30 5d c3 cc cc cc
0x00007fff7d266567:   cc cc cc cc cc cc cc cc cc 40 53 48 83 ec 20 48
0x00007fff7d266577:   8b 1d 8b 34 01 00 48 85 db 74 16 e8 89 8f ff ff
0x00007fff7d266587:   4c 8b 00 48 8b d3 48 8b c8 41 ff 90 b0 00 00 00
0x00007fff7d266597:   90 48 83 c4 20 5b c3 cc cc 40 53 48 83 ec 20 48
0x00007fff7d2665a7:   8b 1d fb 35 01 00 48 85 db 74 57 b8 ff ff ff ff
0x00007fff7d2665b7:   f0 0f c1 43 10 83 f8 01 75 3d 48 85 db 74 38 48
0x00007fff7d2665c7:   8b 0b 48 85 c9 74 0d ff 15 d4 0c 00 00 48 c7 03
0x00007fff7d2665d7:   00 00 00 00 48 8b 4b 08 48 85 c9 74 0d e8 33 ce
0x00007fff7d2665e7:   ff ff 48 c7 43 08 00 00 00 00 ba 18 00 00 00 48
0x00007fff7d2665f7:   8b cb e8 1e ce ff ff 48 c7 05 9f 35 01 00 00 00
0x00007fff7d266607:   00 00 48 83 c4 20 5b c3 cc 40 53 48 83 ec 20 48
0x00007fff7d266617:   8b 1d 6b 35 01 00 48 85 db 74 57 b8 ff ff ff ff
0x00007fff7d266627:   f0 0f c1 43 10 83 f8 01 75 3d 48 85 db 74 38 48
0x00007fff7d266637:   8b 0b 48 85 c9 74 0d ff 15 64 0c 00 00 48 c7 03
0x00007fff7d266647:   00 00 00 00 48 8b 4b 08 48 85 c9 74 0d e8 c3 cd
0x00007fff7d266657:   ff ff 48 c7 43 08 00 00 00 00 ba 18 00 00 00 48
0x00007fff7d266667:   8b cb e8 ae cd ff ff 48 c7 05 0f 35 01 00 00 00
0x00007fff7d266677:   00 00 48 83 c4 20 5b c3 cc 40 53 48 83 ec 20 48 


Stack slot to memory mapping:

stack at sp + 0 slots: 0x0 is null
stack at sp + 1 slots: 0x00000213e883a2a0 points into unknown readable memory: 0x639efb1b8b28b7fe | fe b7 28 8b 1b fb 9e 63
stack at sp + 2 slots: 0x00007fff7d171fa0 jvm.dll
stack at sp + 3 slots: 0x00007fff7d263ed0 glass.dll
stack at sp + 4 slots: 0x00000213e883a2a8 points into unknown readable memory: 0x00007b1b8cd7402c | 2c 40 d7 8c 1b 7b 00 00
stack at sp + 5 slots: 0x00007fffa25242d6 ucrtbase.dll
stack at sp + 6 slots: 0x00007b1b8cd7402c is an unknown value
stack at sp + 7 slots: 0x0000021300000000 is an unknown value

VM_Operation (0x00000068600ff2d0): Exit, mode: safepoint, requested by thread 0x00000213e96ba7b0


---------------  P R O C E S S  ---------------

Threads class SMR info:
_java_thread_list=0x00000213e9128850, length=19, elements={
0x00000213838a2590, 0x00000213a232d580, 0x00000213a232e4a0, 0x00000213a2336f70,
0x00000213a23379d0, 0x00000213a2338430, 0x00000213a233d990, 0x00000213a2347180,
0x00000213a2551110, 0x00000213e8624660, 0x00000213e8341bd0, 0x00000213e87478b0,
0x00000213e87fdf70, 0x00000213e8a12ab0, 0x00000213e8ffe960, 0x00000213e904f840,
0x00000213fa3da730, 0x00000213e96bb4d0, 0x00000213e96ba7b0
}

Java Threads: ( => current thread )
  0x00000213838a2590 JavaThread "main"                              [_thread_blocked, id=11816, stack(0x0000006860200000,0x0000006860300000) (1024K)]
  0x00000213a232d580 JavaThread "Reference Handler"          daemon [_thread_blocked, id=18960, stack(0x0000006860a00000,0x0000006860b00000) (1024K)]
  0x00000213a232e4a0 JavaThread "Finalizer"                  daemon [_thread_blocked, id=13708, stack(0x0000006860b00000,0x0000006860c00000) (1024K)]
  0x00000213a2336f70 JavaThread "Attach Listener"            daemon [_thread_blocked, id=15640, stack(0x0000006860d00000,0x0000006860e00000) (1024K)]
  0x00000213a23379d0 JavaThread "Service Thread"             daemon [_thread_blocked, id=9096, stack(0x0000006860e00000,0x0000006860f00000) (1024K)]
  0x00000213a2338430 JavaThread "Monitor Deflation Thread"   daemon [_thread_blocked, id=12676, stack(0x0000006860f00000,0x0000006861000000) (1024K)]
  0x00000213a233d990 JavaThread "C2 CompilerThread0"         daemon [_thread_blocked, id=15340, stack(0x0000006861000000,0x0000006861100000) (1024K)]
  0x00000213a2347180 JavaThread "C1 CompilerThread0"         daemon [_thread_blocked, id=2484, stack(0x0000006861100000,0x0000006861200000) (1024K)]
  0x00000213a2551110 JavaThread "Common-Cleaner"             daemon [_thread_blocked, id=9044, stack(0x0000006861200000,0x0000006861300000) (1024K)]
  0x00000213e8624660 JavaThread "Monitor Ctrl-Break"         daemon [_thread_in_native, id=6584, stack(0x0000006861500000,0x0000006861600000) (1024K)]
  0x00000213e8341bd0 JavaThread "Notification Thread"        daemon [_thread_blocked, id=16308, stack(0x0000006861600000,0x0000006861700000) (1024K)]
  0x00000213e87478b0 JavaThread "QuantumRenderer-0"          daemon [_thread_blocked, id=14140, stack(0x0000006861700000,0x0000006861800000) (1024K)]
  0x00000213e87fdf70 JavaThread "InvokeLaterDispatcher"      daemon [_thread_blocked, id=15384, stack(0x0000006861800000,0x0000006861900000) (1024K)]
  0x00000213e8a12ab0 JavaThread "JavaFX Application Thread"         [_thread_in_native, id=20096, stack(0x0000006861900000,0x0000006861a00000) (1024K)]
  0x00000213e8ffe960 JavaThread "JavaFX-Launcher"                   [_thread_blocked, id=9728, stack(0x0000006862700000,0x0000006862800000) (1024K)]
  0x00000213e904f840 JavaThread "Thread-2"                   daemon [_thread_in_native, id=2000, stack(0x0000006862600000,0x0000006862700000) (1024K)]
  0x00000213fa3da730 JavaThread "Prism Font Disposer"        daemon [_thread_blocked, id=8868, stack(0x0000006863000000,0x0000006863100000) (1024K)]
  0x00000213e96bb4d0 JavaThread "Cleaner-0"                  daemon [_thread_blocked, id=11376, stack(0x0000006863500000,0x0000006863600000) (1024K)]
  0x00000213e96ba7b0 JavaThread "SIGINT handler"             daemon [_thread_blocked, id=7124, stack(0x0000006860000000,0x0000006860100000) (1024K)]
Total: 19

Other Threads:
=>0x00000213a230fe30 VMThread "VM Thread"                           [id=11224, stack(0x0000006860900000,0x0000006860a00000) (1024K)]
  0x00000213838ff640 WorkerThread "GC Thread#0"                     [id=12628, stack(0x0000006860300000,0x0000006860400000) (1024K)]
  0x00000213e9067c90 WorkerThread "GC Thread#1"                     [id=13600, stack(0x0000006862800000,0x0000006862900000) (1024K)]
  0x00000213e9068030 WorkerThread "GC Thread#2"                     [id=19932, stack(0x0000006862900000,0x0000006862a00000) (1024K)]
  0x00000213e90683d0 WorkerThread "GC Thread#3"                     [id=3832, stack(0x0000006862a00000,0x0000006862b00000) (1024K)]
  0x00000213e906a780 WorkerThread "GC Thread#4"                     [id=5556, stack(0x0000006862b00000,0x0000006862c00000) (1024K)]
  0x00000213e906af30 WorkerThread "GC Thread#5"                     [id=4132, stack(0x0000006862c00000,0x0000006862d00000) (1024K)]
  0x00000213e951f710 WorkerThread "GC Thread#6"                     [id=10080, stack(0x0000006863100000,0x0000006863200000) (1024K)]
  0x00000213e9520930 WorkerThread "GC Thread#7"                     [id=8368, stack(0x0000006863200000,0x0000006863300000) (1024K)]
  0x00000213e951f370 WorkerThread "GC Thread#8"                     [id=11444, stack(0x0000006863300000,0x0000006863400000) (1024K)]
  0x00000213e951fab0 WorkerThread "GC Thread#9"                     [id=11088, stack(0x0000006863400000,0x0000006863500000) (1024K)]
  0x00000213839109b0 ConcurrentGCThread "G1 Main Marker"            terminated
  0x00000213839113c0 WorkerThread "G1 Conc#0"                       [id=3836, stack(0x0000006860500000,0x0000006860600000) (1024K)]
  0x00000213a21c5500 ConcurrentGCThread "G1 Refine#0"               terminated
  0x00000213a21c5d20 ConcurrentGCThread "G1 Service"                terminated
Total: 15

Threads with active compile tasks:
Total: 0

VM state: at safepoint (shutting down)

VM Mutex/Monitor currently owned by a thread:  ([mutex/lock_event])
[0x00007fff7d14a5f8] Threads_lock - owner thread: 0x00000213a230fe30
[0x00007fff7d14a6f8] Heap_lock - owner thread: 0x00000213e96ba7b0

Heap address: 0x0000000724e00000, size: 3506 MB, Compressed Oops mode: Zero based, Oop shift amount: 3

CDS archive(s) mapped at: [0x00000213a3000000-0x00000213a3c90000-0x00000213a3c90000), size 13172736, SharedBaseAddress: 0x00000213a3000000, ArchiveRelocationMode: 1.
Compressed class space mapped at: 0x00000213a4000000-0x00000213e4000000, reserved size: 1073741824
Narrow klass base: 0x00000213a3000000, Narrow klass shift: 0, Narrow klass range: 0x100000000

GC Precious Log:
 CardTable entry size: 512
 Card Set container configuration: InlinePtr #cards 4 size 8 Array Of Cards #cards 16 size 48 Howl #buckets 8 coarsen threshold 3686 Howl Bitmap #cards 512 size 80 coarsen threshold 460 Card regions per heap region 1 cards per card region 4096
 CPUs: 12 total, 12 available
 Memory: 14020M
 Large Page Support: Disabled
 NUMA Support: Disabled
 Compressed Oops: Enabled (Zero based)
 Heap Region Size: 2M
 Heap Min Capacity: 8M
 Heap Initial Capacity: 220M
 Heap Max Capacity: 3506M
 Pre-touch: Disabled
 Parallel Workers: 10
 Concurrent Workers: 3
 Concurrent Refinement Workers: 10
 Periodic GC: Disabled

Heap:
 garbage-first heap   total 225280K, used 28676K [0x0000000724e00000, 0x0000000800000000)
  region size 2048K, 15 young (30720K), 3 survivors (6144K)
 Metaspace       used 17205K, committed 17536K, reserved 1114112K
  class space    used 2482K, committed 2624K, reserved 1048576K

Heap Regions: E=young(eden), S=young(survivor), O=old, HS=humongous(starts), HC=humongous(continues), CS=collection set, F=free, TAMS=top-at-mark-start, PB=parsable bottom
|   0|0x0000000724e00000, 0x0000000724e01020, 0x0000000725000000|  0%| O|  |TAMS 0x0000000724e00000| PB 0x0000000724e00000| Untracked 
|   1|0x0000000725000000, 0x0000000725200000, 0x0000000725200000|100%|HS|  |TAMS 0x0000000725000000| PB 0x0000000725000000| Complete 
|   2|0x0000000725200000, 0x0000000725200000, 0x0000000725400000|  0%| F|  |TAMS 0x0000000725200000| PB 0x0000000725200000| Untracked 
|   3|0x0000000725400000, 0x0000000725400000, 0x0000000725600000|  0%| F|  |TAMS 0x0000000725400000| PB 0x0000000725400000| Untracked 
|   4|0x0000000725600000, 0x0000000725600000, 0x0000000725800000|  0%| F|  |TAMS 0x0000000725600000| PB 0x0000000725600000| Untracked 
|   5|0x0000000725800000, 0x0000000725800000, 0x0000000725a00000|  0%| F|  |TAMS 0x0000000725800000| PB 0x0000000725800000| Untracked 
|   6|0x0000000725a00000, 0x0000000725a00000, 0x0000000725c00000|  0%| F|  |TAMS 0x0000000725a00000| PB 0x0000000725a00000| Untracked 
|   7|0x0000000725c00000, 0x0000000725c00000, 0x0000000725e00000|  0%| F|  |TAMS 0x0000000725c00000| PB 0x0000000725c00000| Untracked 
|   8|0x0000000725e00000, 0x0000000725e00000, 0x0000000726000000|  0%| F|  |TAMS 0x0000000725e00000| PB 0x0000000725e00000| Untracked 
|   9|0x0000000726000000, 0x0000000726000000, 0x0000000726200000|  0%| F|  |TAMS 0x0000000726000000| PB 0x0000000726000000| Untracked 
|  10|0x0000000726200000, 0x0000000726200000, 0x0000000726400000|  0%| F|  |TAMS 0x0000000726200000| PB 0x0000000726200000| Untracked 
|  11|0x0000000726400000, 0x0000000726400000, 0x0000000726600000|  0%| F|  |TAMS 0x0000000726400000| PB 0x0000000726400000| Untracked 
|  12|0x0000000726600000, 0x0000000726600000, 0x0000000726800000|  0%| F|  |TAMS 0x0000000726600000| PB 0x0000000726600000| Untracked 
|  13|0x0000000726800000, 0x0000000726800000, 0x0000000726a00000|  0%| F|  |TAMS 0x0000000726800000| PB 0x0000000726800000| Untracked 
|  14|0x0000000726a00000, 0x0000000726a00000, 0x0000000726c00000|  0%| F|  |TAMS 0x0000000726a00000| PB 0x0000000726a00000| Untracked 
|  15|0x0000000726c00000, 0x0000000726c00000, 0x0000000726e00000|  0%| F|  |TAMS 0x0000000726c00000| PB 0x0000000726c00000| Untracked 
|  16|0x0000000726e00000, 0x0000000726e00000, 0x0000000727000000|  0%| F|  |TAMS 0x0000000726e00000| PB 0x0000000726e00000| Untracked 
|  17|0x0000000727000000, 0x0000000727000000, 0x0000000727200000|  0%| F|  |TAMS 0x0000000727000000| PB 0x0000000727000000| Untracked 
|  18|0x0000000727200000, 0x0000000727200000, 0x0000000727400000|  0%| F|  |TAMS 0x0000000727200000| PB 0x0000000727200000| Untracked 
|  19|0x0000000727400000, 0x0000000727400000, 0x0000000727600000|  0%| F|  |TAMS 0x0000000727400000| PB 0x0000000727400000| Untracked 
|  20|0x0000000727600000, 0x0000000727600000, 0x0000000727800000|  0%| F|  |TAMS 0x0000000727600000| PB 0x0000000727600000| Untracked 
|  21|0x0000000727800000, 0x0000000727800000, 0x0000000727a00000|  0%| F|  |TAMS 0x0000000727800000| PB 0x0000000727800000| Untracked 
|  22|0x0000000727a00000, 0x0000000727a00000, 0x0000000727c00000|  0%| F|  |TAMS 0x0000000727a00000| PB 0x0000000727a00000| Untracked 
|  23|0x0000000727c00000, 0x0000000727c00000, 0x0000000727e00000|  0%| F|  |TAMS 0x0000000727c00000| PB 0x0000000727c00000| Untracked 
|  24|0x0000000727e00000, 0x0000000727e00000, 0x0000000728000000|  0%| F|  |TAMS 0x0000000727e00000| PB 0x0000000727e00000| Untracked 
|  25|0x0000000728000000, 0x0000000728000000, 0x0000000728200000|  0%| F|  |TAMS 0x0000000728000000| PB 0x0000000728000000| Untracked 
|  26|0x0000000728200000, 0x0000000728200000, 0x0000000728400000|  0%| F|  |TAMS 0x0000000728200000| PB 0x0000000728200000| Untracked 
|  27|0x0000000728400000, 0x0000000728400000, 0x0000000728600000|  0%| F|  |TAMS 0x0000000728400000| PB 0x0000000728400000| Untracked 
|  28|0x0000000728600000, 0x0000000728600000, 0x0000000728800000|  0%| F|  |TAMS 0x0000000728600000| PB 0x0000000728600000| Untracked 
|  29|0x0000000728800000, 0x0000000728800000, 0x0000000728a00000|  0%| F|  |TAMS 0x0000000728800000| PB 0x0000000728800000| Untracked 
|  30|0x0000000728a00000, 0x0000000728a00000, 0x0000000728c00000|  0%| F|  |TAMS 0x0000000728a00000| PB 0x0000000728a00000| Untracked 
|  31|0x0000000728c00000, 0x0000000728c00000, 0x0000000728e00000|  0%| F|  |TAMS 0x0000000728c00000| PB 0x0000000728c00000| Untracked 
|  32|0x0000000728e00000, 0x0000000728e00000, 0x0000000729000000|  0%| F|  |TAMS 0x0000000728e00000| PB 0x0000000728e00000| Untracked 
|  33|0x0000000729000000, 0x0000000729000000, 0x0000000729200000|  0%| F|  |TAMS 0x0000000729000000| PB 0x0000000729000000| Untracked 
|  34|0x0000000729200000, 0x0000000729200000, 0x0000000729400000|  0%| F|  |TAMS 0x0000000729200000| PB 0x0000000729200000| Untracked 
|  35|0x0000000729400000, 0x0000000729400000, 0x0000000729600000|  0%| F|  |TAMS 0x0000000729400000| PB 0x0000000729400000| Untracked 
|  36|0x0000000729600000, 0x0000000729600000, 0x0000000729800000|  0%| F|  |TAMS 0x0000000729600000| PB 0x0000000729600000| Untracked 
|  37|0x0000000729800000, 0x0000000729800000, 0x0000000729a00000|  0%| F|  |TAMS 0x0000000729800000| PB 0x0000000729800000| Untracked 
|  38|0x0000000729a00000, 0x0000000729a00000, 0x0000000729c00000|  0%| F|  |TAMS 0x0000000729a00000| PB 0x0000000729a00000| Untracked 
|  39|0x0000000729c00000, 0x0000000729c00000, 0x0000000729e00000|  0%| F|  |TAMS 0x0000000729c00000| PB 0x0000000729c00000| Untracked 
|  40|0x0000000729e00000, 0x0000000729e00000, 0x000000072a000000|  0%| F|  |TAMS 0x0000000729e00000| PB 0x0000000729e00000| Untracked 
|  41|0x000000072a000000, 0x000000072a000000, 0x000000072a200000|  0%| F|  |TAMS 0x000000072a000000| PB 0x000000072a000000| Untracked 
|  42|0x000000072a200000, 0x000000072a200000, 0x000000072a400000|  0%| F|  |TAMS 0x000000072a200000| PB 0x000000072a200000| Untracked 
|  43|0x000000072a400000, 0x000000072a400000, 0x000000072a600000|  0%| F|  |TAMS 0x000000072a400000| PB 0x000000072a400000| Untracked 
|  44|0x000000072a600000, 0x000000072a600000, 0x000000072a800000|  0%| F|  |TAMS 0x000000072a600000| PB 0x000000072a600000| Untracked 
|  45|0x000000072a800000, 0x000000072a800000, 0x000000072aa00000|  0%| F|  |TAMS 0x000000072a800000| PB 0x000000072a800000| Untracked 
|  46|0x000000072aa00000, 0x000000072aa00000, 0x000000072ac00000|  0%| F|  |TAMS 0x000000072aa00000| PB 0x000000072aa00000| Untracked 
|  47|0x000000072ac00000, 0x000000072ac00000, 0x000000072ae00000|  0%| F|  |TAMS 0x000000072ac00000| PB 0x000000072ac00000| Untracked 
|  48|0x000000072ae00000, 0x000000072ae00000, 0x000000072b000000|  0%| F|  |TAMS 0x000000072ae00000| PB 0x000000072ae00000| Untracked 
|  49|0x000000072b000000, 0x000000072b000000, 0x000000072b200000|  0%| F|  |TAMS 0x000000072b000000| PB 0x000000072b000000| Untracked 
|  50|0x000000072b200000, 0x000000072b200000, 0x000000072b400000|  0%| F|  |TAMS 0x000000072b200000| PB 0x000000072b200000| Untracked 
|  51|0x000000072b400000, 0x000000072b400000, 0x000000072b600000|  0%| F|  |TAMS 0x000000072b400000| PB 0x000000072b400000| Untracked 
|  52|0x000000072b600000, 0x000000072b600000, 0x000000072b800000|  0%| F|  |TAMS 0x000000072b600000| PB 0x000000072b600000| Untracked 
|  53|0x000000072b800000, 0x000000072b800000, 0x000000072ba00000|  0%| F|  |TAMS 0x000000072b800000| PB 0x000000072b800000| Untracked 
|  54|0x000000072ba00000, 0x000000072ba00000, 0x000000072bc00000|  0%| F|  |TAMS 0x000000072ba00000| PB 0x000000072ba00000| Untracked 
|  55|0x000000072bc00000, 0x000000072bc00000, 0x000000072be00000|  0%| F|  |TAMS 0x000000072bc00000| PB 0x000000072bc00000| Untracked 
|  56|0x000000072be00000, 0x000000072be00000, 0x000000072c000000|  0%| F|  |TAMS 0x000000072be00000| PB 0x000000072be00000| Untracked 
|  57|0x000000072c000000, 0x000000072c000000, 0x000000072c200000|  0%| F|  |TAMS 0x000000072c000000| PB 0x000000072c000000| Untracked 
|  58|0x000000072c200000, 0x000000072c200000, 0x000000072c400000|  0%| F|  |TAMS 0x000000072c200000| PB 0x000000072c200000| Untracked 
|  59|0x000000072c400000, 0x000000072c400000, 0x000000072c600000|  0%| F|  |TAMS 0x000000072c400000| PB 0x000000072c400000| Untracked 
|  60|0x000000072c600000, 0x000000072c600000, 0x000000072c800000|  0%| F|  |TAMS 0x000000072c600000| PB 0x000000072c600000| Untracked 
|  61|0x000000072c800000, 0x000000072c800000, 0x000000072ca00000|  0%| F|  |TAMS 0x000000072c800000| PB 0x000000072c800000| Untracked 
|  62|0x000000072ca00000, 0x000000072ca00000, 0x000000072cc00000|  0%| F|  |TAMS 0x000000072ca00000| PB 0x000000072ca00000| Untracked 
|  63|0x000000072cc00000, 0x000000072cc00000, 0x000000072ce00000|  0%| F|  |TAMS 0x000000072cc00000| PB 0x000000072cc00000| Untracked 
|  64|0x000000072ce00000, 0x000000072ce00000, 0x000000072d000000|  0%| F|  |TAMS 0x000000072ce00000| PB 0x000000072ce00000| Untracked 
|  65|0x000000072d000000, 0x000000072d000000, 0x000000072d200000|  0%| F|  |TAMS 0x000000072d000000| PB 0x000000072d000000| Untracked 
|  66|0x000000072d200000, 0x000000072d200000, 0x000000072d400000|  0%| F|  |TAMS 0x000000072d200000| PB 0x000000072d200000| Untracked 
|  67|0x000000072d400000, 0x000000072d400000, 0x000000072d600000|  0%| F|  |TAMS 0x000000072d400000| PB 0x000000072d400000| Untracked 
|  68|0x000000072d600000, 0x000000072d600000, 0x000000072d800000|  0%| F|  |TAMS 0x000000072d600000| PB 0x000000072d600000| Untracked 
|  69|0x000000072d800000, 0x000000072d800000, 0x000000072da00000|  0%| F|  |TAMS 0x000000072d800000| PB 0x000000072d800000| Untracked 
|  70|0x000000072da00000, 0x000000072da00000, 0x000000072dc00000|  0%| F|  |TAMS 0x000000072da00000| PB 0x000000072da00000| Untracked 
|  71|0x000000072dc00000, 0x000000072dc00000, 0x000000072de00000|  0%| F|  |TAMS 0x000000072dc00000| PB 0x000000072dc00000| Untracked 
|  72|0x000000072de00000, 0x000000072de00000, 0x000000072e000000|  0%| F|  |TAMS 0x000000072de00000| PB 0x000000072de00000| Untracked 
|  73|0x000000072e000000, 0x000000072e000000, 0x000000072e200000|  0%| F|  |TAMS 0x000000072e000000| PB 0x000000072e000000| Untracked 
|  74|0x000000072e200000, 0x000000072e200000, 0x000000072e400000|  0%| F|  |TAMS 0x000000072e200000| PB 0x000000072e200000| Untracked 
|  75|0x000000072e400000, 0x000000072e400000, 0x000000072e600000|  0%| F|  |TAMS 0x000000072e400000| PB 0x000000072e400000| Untracked 
|  76|0x000000072e600000, 0x000000072e600000, 0x000000072e800000|  0%| F|  |TAMS 0x000000072e600000| PB 0x000000072e600000| Untracked 
|  77|0x000000072e800000, 0x000000072e800000, 0x000000072ea00000|  0%| F|  |TAMS 0x000000072e800000| PB 0x000000072e800000| Untracked 
|  78|0x000000072ea00000, 0x000000072ea00000, 0x000000072ec00000|  0%| F|  |TAMS 0x000000072ea00000| PB 0x000000072ea00000| Untracked 
|  79|0x000000072ec00000, 0x000000072ec00000, 0x000000072ee00000|  0%| F|  |TAMS 0x000000072ec00000| PB 0x000000072ec00000| Untracked 
|  80|0x000000072ee00000, 0x000000072ee00000, 0x000000072f000000|  0%| F|  |TAMS 0x000000072ee00000| PB 0x000000072ee00000| Untracked 
|  81|0x000000072f000000, 0x000000072f000000, 0x000000072f200000|  0%| F|  |TAMS 0x000000072f000000| PB 0x000000072f000000| Untracked 
|  82|0x000000072f200000, 0x000000072f200000, 0x000000072f400000|  0%| F|  |TAMS 0x000000072f200000| PB 0x000000072f200000| Untracked 
|  83|0x000000072f400000, 0x000000072f400000, 0x000000072f600000|  0%| F|  |TAMS 0x000000072f400000| PB 0x000000072f400000| Untracked 
|  84|0x000000072f600000, 0x000000072f600000, 0x000000072f800000|  0%| F|  |TAMS 0x000000072f600000| PB 0x000000072f600000| Untracked 
|  85|0x000000072f800000, 0x000000072f800000, 0x000000072fa00000|  0%| F|  |TAMS 0x000000072f800000| PB 0x000000072f800000| Untracked 
|  86|0x000000072fa00000, 0x000000072fc00000, 0x000000072fc00000|100%| S|CS|TAMS 0x000000072fa00000| PB 0x000000072fa00000| Complete 
|  87|0x000000072fc00000, 0x000000072fe00000, 0x000000072fe00000|100%| S|CS|TAMS 0x000000072fc00000| PB 0x000000072fc00000| Complete 
|  88|0x000000072fe00000, 0x0000000730000000, 0x0000000730000000|100%| S|CS|TAMS 0x000000072fe00000| PB 0x000000072fe00000| Complete 
|  89|0x0000000730000000, 0x0000000730000000, 0x0000000730200000|  0%| F|  |TAMS 0x0000000730000000| PB 0x0000000730000000| Untracked 
|  90|0x0000000730200000, 0x0000000730200000, 0x0000000730400000|  0%| F|  |TAMS 0x0000000730200000| PB 0x0000000730200000| Untracked 
|  91|0x0000000730400000, 0x0000000730400000, 0x0000000730600000|  0%| F|  |TAMS 0x0000000730400000| PB 0x0000000730400000| Untracked 
|  92|0x0000000730600000, 0x0000000730600000, 0x0000000730800000|  0%| F|  |TAMS 0x0000000730600000| PB 0x0000000730600000| Untracked 
|  93|0x0000000730800000, 0x0000000730800000, 0x0000000730a00000|  0%| F|  |TAMS 0x0000000730800000| PB 0x0000000730800000| Untracked 
|  94|0x0000000730a00000, 0x0000000730a00000, 0x0000000730c00000|  0%| F|  |TAMS 0x0000000730a00000| PB 0x0000000730a00000| Untracked 
|  95|0x0000000730c00000, 0x0000000730c00000, 0x0000000730e00000|  0%| F|  |TAMS 0x0000000730c00000| PB 0x0000000730c00000| Untracked 
|  96|0x0000000730e00000, 0x0000000730e00000, 0x0000000731000000|  0%| F|  |TAMS 0x0000000730e00000| PB 0x0000000730e00000| Untracked 
|  97|0x0000000731000000, 0x0000000731000000, 0x0000000731200000|  0%| F|  |TAMS 0x0000000731000000| PB 0x0000000731000000| Untracked 
|  98|0x0000000731200000, 0x00000007312d78f8, 0x0000000731400000| 42%| E|  |TAMS 0x0000000731200000| PB 0x0000000731200000| Complete 
|  99|0x0000000731400000, 0x0000000731600000, 0x0000000731600000|100%| E|CS|TAMS 0x0000000731400000| PB 0x0000000731400000| Complete 
| 100|0x0000000731600000, 0x0000000731800000, 0x0000000731800000|100%| E|CS|TAMS 0x0000000731600000| PB 0x0000000731600000| Complete 
| 101|0x0000000731800000, 0x0000000731a00000, 0x0000000731a00000|100%| E|CS|TAMS 0x0000000731800000| PB 0x0000000731800000| Complete 
| 102|0x0000000731a00000, 0x0000000731c00000, 0x0000000731c00000|100%| E|CS|TAMS 0x0000000731a00000| PB 0x0000000731a00000| Complete 
| 103|0x0000000731c00000, 0x0000000731e00000, 0x0000000731e00000|100%| E|CS|TAMS 0x0000000731c00000| PB 0x0000000731c00000| Complete 
| 104|0x0000000731e00000, 0x0000000732000000, 0x0000000732000000|100%| E|CS|TAMS 0x0000000731e00000| PB 0x0000000731e00000| Complete 
| 105|0x0000000732000000, 0x0000000732200000, 0x0000000732200000|100%| E|CS|TAMS 0x0000000732000000| PB 0x0000000732000000| Complete 
| 106|0x0000000732200000, 0x0000000732400000, 0x0000000732400000|100%| E|  |TAMS 0x0000000732200000| PB 0x0000000732200000| Complete 
| 107|0x0000000732400000, 0x0000000732600000, 0x0000000732600000|100%| E|CS|TAMS 0x0000000732400000| PB 0x0000000732400000| Complete 
| 108|0x0000000732600000, 0x0000000732800000, 0x0000000732800000|100%| E|CS|TAMS 0x0000000732600000| PB 0x0000000732600000| Complete 
| 109|0x0000000732800000, 0x0000000732a00000, 0x0000000732a00000|100%| E|CS|TAMS 0x0000000732800000| PB 0x0000000732800000| Complete 

Card table byte_map: [0x000002139b930000,0x000002139c010000] _byte_map_base: 0x0000021398009000

Marking Bits: (CMBitMap*) 0x00000213838ffc50
 Bits: [0x000002139c010000, 0x000002139f6d8000)

Polling page: 0x0000021381660000

Metaspace:

Usage:
  Non-class:     14.38 MB used.
      Class:      2.42 MB used.
       Both:     16.80 MB used.

Virtual space:
  Non-class space:       64.00 MB reserved,      14.56 MB ( 23%) committed,  1 nodes.
      Class space:        1.00 GB reserved,       2.56 MB ( <1%) committed,  1 nodes.
             Both:        1.06 GB reserved,      17.12 MB (  2%) committed. 

Chunk freelists:
   Non-Class:  960.00 KB
       Class:  13.38 MB
        Both:  14.32 MB

MaxMetaspaceSize: unlimited
CompressedClassSpaceSize: 1.00 GB
Initial GC threshold: 21.00 MB
Current GC threshold: 21.00 MB
CDS: on
 - commit_granule_bytes: 65536.
 - commit_granule_words: 8192.
 - virtual_space_node_default_size: 8388608.
 - enlarge_chunks_in_place: 1.
 - use_allocation_guard: 0.


Internal statistics:

num_allocs_failed_limit: 0.
num_arena_births: 390.
num_arena_deaths: 0.
num_vsnodes_births: 2.
num_vsnodes_deaths: 0.
num_space_committed: 274.
num_space_uncommitted: 0.
num_chunks_returned_to_freelist: 0.
num_chunks_taken_from_freelist: 931.
num_chunk_merges: 0.
num_chunk_splits: 653.
num_chunks_enlarged: 497.
num_inconsistent_stats: 0.

CodeHeap 'non-profiled nmethods': size=120000Kb used=1420Kb max_used=1420Kb free=118579Kb
 bounds [0x00000213937d0000, 0x0000021393a40000, 0x000002139ad00000]
CodeHeap 'profiled nmethods': size=120000Kb used=6642Kb max_used=6642Kb free=113357Kb
 bounds [0x000002138bd00000, 0x000002138c380000, 0x0000021393230000]
CodeHeap 'non-nmethods': size=5760Kb used=1815Kb max_used=1841Kb free=3944Kb
 bounds [0x0000021393230000, 0x00000213934a0000, 0x00000213937d0000]
 total_blobs=4204 nmethods=3381 adapters=727
 compilation: enabled
              stopped_count=0, restarted_count=0
 full_count=0

Compilation events (20 events):
Event: 7.214 Thread 0x00000213a2347180 3373       3       java.util.RegularEnumSet::clear (6 bytes)
Event: 7.214 Thread 0x00000213a2347180 nmethod 3373 0x000002138c372910 code [0x000002138c372aa0, 0x000002138c372bb8]
Event: 7.214 Thread 0x00000213a2347180 3375       3       com.sun.javafx.scene.NodeHelper::updatePeer (9 bytes)
Event: 7.215 Thread 0x00000213a2347180 nmethod 3375 0x000002138c372c90 code [0x000002138c372e40, 0x000002138c373040]
Event: 7.215 Thread 0x00000213a2347180 3376       3       com.sun.javafx.scene.NodeHelper::updatePeerImpl (10 bytes)
Event: 7.215 Thread 0x00000213a2347180 nmethod 3376 0x000002138c373110 code [0x000002138c3732c0, 0x000002138c3734c8]
Event: 7.215 Thread 0x00000213a2347180 3377       3       javafx.scene.Node$1::doUpdatePeer (5 bytes)
Event: 7.215 Thread 0x00000213a2347180 nmethod 3377 0x000002138c373610 code [0x000002138c3737c0, 0x000002138c373900]
Event: 7.215 Thread 0x00000213a2347180 3378       3       javafx.scene.Node::doUpdatePeer (361 bytes)
Event: 7.217 Thread 0x00000213a233d990 3379       4       com.sun.javafx.image.impl.BaseByteToByteConverter$ByteAnyToSameConverter::doConvert (39 bytes)
Event: 7.217 Thread 0x00000213a2347180 nmethod 3378 0x000002138c373a10 code [0x000002138c3742c0, 0x000002138c37a0b8]
Event: 7.217 Thread 0x00000213a2347180 3374       3       com.sun.javafx.sg.prism.NGNode::setTransformMatrix (280 bytes)
Event: 7.218 Thread 0x00000213a2347180 nmethod 3374 0x000002138c37b990 code [0x000002138c37bbc0, 0x000002138c37c308]
Event: 7.223 Thread 0x00000213a233d990 nmethod 3379 0x0000021393931e90 code [0x0000021393932020, 0x0000021393932530]
Event: 9.146 Thread 0x00000213a2347180 3380       3       com.sun.javafx.css.PseudoClassState::cast (21 bytes)
Event: 9.147 Thread 0x00000213a2347180 nmethod 3380 0x000002138c37c510 code [0x000002138c37c6e0, 0x000002138c37c9f0]
Event: 86.239 Thread 0x00000213a233d990 3381       4       com.sun.javafx.tk.quantum.QuantumToolkit::postPulse (133 bytes)
Event: 86.244 Thread 0x00000213a233d990 nmethod 3381 0x0000021393932690 code [0x0000021393932840, 0x0000021393932a60]
Event: 86.399 Thread 0x00000213a233d990 3382       4       com.sun.javafx.tk.quantum.QuantumToolkit$$Lambda/0x00000213a403e390::run (8 bytes)
Event: 86.401 Thread 0x00000213a233d990 nmethod 3382 0x0000021393932c90 code [0x0000021393932e40, 0x0000021393933080]

GC Heap History (4 events):
Event: 0.400 GC heap before
{Heap before GC invocations=0 (full 0):
 garbage-first heap   total 225280K, used 22528K [0x0000000724e00000, 0x0000000800000000)
  region size 2048K, 11 young (22528K), 0 survivors (0K)
 Metaspace       used 4763K, committed 4992K, reserved 1114112K
  class space    used 511K, committed 640K, reserved 1048576K
}
Event: 0.402 GC heap after
{Heap after GC invocations=1 (full 0):
 garbage-first heap   total 225280K, used 2687K [0x0000000724e00000, 0x0000000800000000)
  region size 2048K, 2 young (4096K), 2 survivors (4096K)
 Metaspace       used 4763K, committed 4992K, reserved 1114112K
  class space    used 511K, committed 640K, reserved 1048576K
}
Event: 0.773 GC heap before
{Heap before GC invocations=1 (full 0):
 garbage-first heap   total 225280K, used 39551K [0x0000000724e00000, 0x0000000800000000)
  region size 2048K, 21 young (43008K), 2 survivors (4096K)
 Metaspace       used 13373K, committed 13696K, reserved 1114112K
  class space    used 2072K, committed 2240K, reserved 1048576K
}
Event: 0.776 GC heap after
{Heap after GC invocations=2 (full 0):
 garbage-first heap   total 225280K, used 6148K [0x0000000724e00000, 0x0000000800000000)
  region size 2048K, 3 young (6144K), 3 survivors (6144K)
 Metaspace       used 13373K, committed 13696K, reserved 1114112K
  class space    used 2072K, committed 2240K, reserved 1048576K
}

Dll operation events (20 events):
Event: 0.229 Loaded shared library C:\Users\Nursultan\.openjfx\cache\21-ea+null\amd64\api-ms-win-crt-locale-l1-1-0.dll
Event: 0.230 Loaded shared library C:\Users\Nursultan\.openjfx\cache\21-ea+null\amd64\api-ms-win-crt-math-l1-1-0.dll
Event: 0.232 Loaded shared library C:\Users\Nursultan\.openjfx\cache\21-ea+null\amd64\api-ms-win-crt-multibyte-l1-1-0.dll
Event: 0.234 Loaded shared library C:\Users\Nursultan\.openjfx\cache\21-ea+null\amd64\api-ms-win-crt-private-l1-1-0.dll
Event: 0.235 Loaded shared library C:\Users\Nursultan\.openjfx\cache\21-ea+null\amd64\api-ms-win-crt-process-l1-1-0.dll
Event: 0.237 Loaded shared library C:\Users\Nursultan\.openjfx\cache\21-ea+null\amd64\api-ms-win-crt-runtime-l1-1-0.dll
Event: 0.238 Loaded shared library C:\Users\Nursultan\.openjfx\cache\21-ea+null\amd64\api-ms-win-crt-stdio-l1-1-0.dll
Event: 0.240 Loaded shared library C:\Users\Nursultan\.openjfx\cache\21-ea+null\amd64\api-ms-win-crt-string-l1-1-0.dll
Event: 0.241 Loaded shared library C:\Users\Nursultan\.openjfx\cache\21-ea+null\amd64\api-ms-win-crt-time-l1-1-0.dll
Event: 0.242 Loaded shared library C:\Users\Nursultan\.openjfx\cache\21-ea+null\amd64\api-ms-win-crt-utility-l1-1-0.dll
Event: 0.251 Loaded shared library C:\Users\Nursultan\.openjfx\cache\21-ea+null\amd64\ucrtbase.dll
Event: 0.254 Loaded shared library C:\Users\Nursultan\.openjfx\cache\21-ea+null\amd64\vcruntime140.dll
Event: 0.255 Loaded shared library C:\Users\Nursultan\.openjfx\cache\21-ea+null\amd64\vcruntime140_1.dll
Event: 0.261 Loaded shared library C:\Users\Nursultan\.openjfx\cache\21-ea+null\amd64\msvcp140.dll
Event: 0.262 Loaded shared library C:\Users\Nursultan\.openjfx\cache\21-ea+null\amd64\msvcp140_1.dll
Event: 0.265 Loaded shared library C:\Users\Nursultan\.openjfx\cache\21-ea+null\amd64\msvcp140_2.dll
Event: 0.289 Loaded shared library C:\Users\Nursultan\.openjfx\cache\21-ea+null\amd64\prism_d3d.dll
Event: 0.316 Loaded shared library C:\Users\Nursultan\.openjfx\cache\21-ea+null\amd64\glass.dll
Event: 0.416 Loaded shared library C:\Users\Nursultan\.jdks\openjdk-21.0.1\bin\jimage.dll
Event: 0.525 Loaded shared library C:\Users\Nursultan\.openjfx\cache\21-ea+null\amd64\javafx_font.dll

Deoptimization events (20 events):
Event: 5.285 Thread 0x00000213e87478b0 DEOPT PACKING pc=0x000002138c26f4b8 sp=0x00000068617fd260
Event: 5.285 Thread 0x00000213e87478b0 DEOPT UNPACKING pc=0x0000021393284e42 sp=0x00000068617fc6b0 mode 0
Event: 6.062 Thread 0x00000213e87478b0 DEOPT PACKING pc=0x000002138c26a613 sp=0x00000068617fce20
Event: 6.062 Thread 0x00000213e87478b0 DEOPT UNPACKING pc=0x0000021393284e42 sp=0x00000068617fc2d0 mode 0
Event: 7.145 Thread 0x00000213e87478b0 Uncommon trap: trap_request=0xffffffd6 fr.pc=0x000002139392df60 relative=0x00000000000004e0
Event: 7.145 Thread 0x00000213e87478b0 Uncommon trap: reason=array_check action=maybe_recompile pc=0x000002139392df60 method=com.sun.prism.impl.ps.BaseShaderContext.setTexture(ILcom/sun/prism/Texture;)V @ 50 c2
Event: 7.145 Thread 0x00000213e87478b0 DEOPT PACKING pc=0x000002139392df60 sp=0x00000068617fe320
Event: 7.145 Thread 0x00000213e87478b0 DEOPT UNPACKING pc=0x00000213932846a2 sp=0x00000068617fe2f8 mode 2
Event: 7.145 Thread 0x00000213e87478b0 Uncommon trap: trap_request=0xffffffd6 fr.pc=0x000002139392df60 relative=0x00000000000004e0
Event: 7.145 Thread 0x00000213e87478b0 Uncommon trap: reason=array_check action=maybe_recompile pc=0x000002139392df60 method=com.sun.prism.impl.ps.BaseShaderContext.setTexture(ILcom/sun/prism/Texture;)V @ 50 c2
Event: 7.145 Thread 0x00000213e87478b0 DEOPT PACKING pc=0x000002139392df60 sp=0x00000068617fd010
Event: 7.145 Thread 0x00000213e87478b0 DEOPT UNPACKING pc=0x00000213932846a2 sp=0x00000068617fcfe8 mode 2
Event: 7.145 Thread 0x00000213e87478b0 Uncommon trap: trap_request=0xffffffd6 fr.pc=0x000002139392df60 relative=0x00000000000004e0
Event: 7.145 Thread 0x00000213e87478b0 Uncommon trap: reason=array_check action=maybe_recompile pc=0x000002139392df60 method=com.sun.prism.impl.ps.BaseShaderContext.setTexture(ILcom/sun/prism/Texture;)V @ 50 c2
Event: 7.145 Thread 0x00000213e87478b0 DEOPT PACKING pc=0x000002139392df60 sp=0x00000068617fd120
Event: 7.145 Thread 0x00000213e87478b0 DEOPT UNPACKING pc=0x00000213932846a2 sp=0x00000068617fd0f8 mode 2
Event: 7.145 Thread 0x00000213e87478b0 Uncommon trap: trap_request=0xffffffd6 fr.pc=0x000002139392df60 relative=0x00000000000004e0
Event: 7.145 Thread 0x00000213e87478b0 Uncommon trap: reason=array_check action=maybe_recompile pc=0x000002139392df60 method=com.sun.prism.impl.ps.BaseShaderContext.setTexture(ILcom/sun/prism/Texture;)V @ 50 c2
Event: 7.145 Thread 0x00000213e87478b0 DEOPT PACKING pc=0x000002139392df60 sp=0x00000068617fd120
Event: 7.145 Thread 0x00000213e87478b0 DEOPT UNPACKING pc=0x00000213932846a2 sp=0x00000068617fd0f8 mode 2

Classes loaded (20 events):
Event: 1.033 Loading class java/time/zone/ZoneOffsetTransition
Event: 1.033 Loading class java/time/zone/ZoneOffsetTransition done
Event: 1.034 Loading class sun/util/cldr/CLDRBaseLocaleDataMetaInfo$TZCanonicalIDMapHolder
Event: 1.034 Loading class sun/util/cldr/CLDRBaseLocaleDataMetaInfo$TZCanonicalIDMapHolder done
Event: 1.035 Loading class sun/util/resources/TimeZoneNames
Event: 1.035 Loading class sun/util/resources/TimeZoneNames done
Event: 1.035 Loading class sun/util/resources/TimeZoneNames_en
Event: 1.035 Loading class sun/util/resources/TimeZoneNames_en done
Event: 1.820 Loading class java/io/UnsupportedEncodingException
Event: 1.820 Loading class java/io/UnsupportedEncodingException done
Event: 1.924 Loading class java/lang/Byte$ByteCache
Event: 1.924 Loading class java/lang/Byte$ByteCache done
Event: 1.924 Loading class java/lang/Short$ShortCache
Event: 1.924 Loading class java/lang/Short$ShortCache done
Event: 3.154 Loading class java/util/BitSet
Event: 3.154 Loading class java/util/BitSet done
Event: 5.164 Loading class java/lang/FdLibm$Atan2
Event: 5.164 Loading class java/lang/FdLibm$Atan2 done
Event: 348.719 Loading class jdk/internal/misc/Signal$1
Event: 348.719 Loading class jdk/internal/misc/Signal$1 done

Classes unloaded (0 events):
No events

Classes redefined (0 events):
No events

Internal exceptions (20 events):
Event: 0.816 Thread 0x00000213e8a12ab0 Exception <a 'java/lang/NoSuchMethodError'{0x00000007326f6878}: 'java.lang.Object java.lang.invoke.DirectMethodHandle$Holder.newInvokeSpecial(java.lang.Object, java.lang.Object, int)'> (0x00000007326f6878) 
thrown [s\open\src\hotspot\share\interpreter\linkResolver.cpp, line 773]
Event: 0.843 Thread 0x00000213e87478b0 Exception <a 'java/lang/NoSuchMethodError'{0x00000007324a4288}: 'int java.lang.invoke.DirectMethodHandle$Holder.invokeStaticInit(java.lang.Object, java.lang.Object)'> (0x00000007324a4288) 
thrown [s\open\src\hotspot\share\interpreter\linkResolver.cpp, line 773]
Event: 0.849 Thread 0x00000213e8a12ab0 Exception <a 'java/lang/NoSuchMethodError'{0x0000000732481bb8}: 'long java.lang.invoke.DirectMethodHandle$Holder.invokeStatic(java.lang.Object, java.lang.Object, java.lang.Object)'> (0x0000000732481bb8) 
thrown [s\open\src\hotspot\share\interpreter\linkResolver.cpp, line 773]
Event: 0.849 Thread 0x00000213e8a12ab0 Exception <a 'java/lang/NoSuchMethodError'{0x0000000732590610}: 'long java.lang.invoke.DirectMethodHandle$Holder.invokeStaticInit(java.lang.Object, java.lang.Object, java.lang.Object)'> (0x0000000732590610) 
thrown [s\open\src\hotspot\share\interpreter\linkResolver.cpp, line 773]
Event: 0.851 Thread 0x00000213e8a12ab0 Exception <a 'java/lang/NoSuchMethodError'{0x00000007325a4c08}: 'java.lang.Object java.lang.invoke.DirectMethodHandle$Holder.newInvokeSpecial(java.lang.Object, java.lang.Object, long)'> (0x00000007325a4c08) 
thrown [s\open\src\hotspot\share\interpreter\linkResolver.cpp, line 773]
Event: 0.851 Thread 0x00000213e8a12ab0 Exception <a 'java/lang/NoSuchMethodError'{0x00000007325a8500}: 'java.lang.Object java.lang.invoke.Invokers$Holder.linkToTargetMethod(java.lang.Object, long, java.lang.Object)'> (0x00000007325a8500) 
thrown [s\open\src\hotspot\share\interpreter\linkResolver.cpp, line 773]
Event: 0.871 Thread 0x00000213e87478b0 Exception <a 'java/lang/NoSuchMethodError'{0x000000073235cbf8}: 'java.lang.Object java.lang.invoke.DirectMethodHandle$Holder.invokeStaticInit(java.lang.Object, int)'> (0x000000073235cbf8) 
thrown [s\open\src\hotspot\share\interpreter\linkResolver.cpp, line 773]
Event: 1.032 Thread 0x00000213a2336f70 Exception <a 'sun/nio/fs/WindowsException'{0x0000000731f25c88}> (0x0000000731f25c88) 
thrown [s\open\src\hotspot\share\prims\jni.cpp, line 520]
Event: 1.918 Thread 0x00000213e8a12ab0 Exception <a 'java/io/FileNotFoundException'{0x0000000731c38778}> (0x0000000731c38778) 
thrown [s\open\src\hotspot\share\prims\jni.cpp, line 520]
Event: 1.918 Thread 0x00000213e8a12ab0 Exception <a 'java/io/FileNotFoundException'{0x0000000731c397a8}> (0x0000000731c397a8) 
thrown [s\open\src\hotspot\share\prims\jni.cpp, line 520]
Event: 1.927 Thread 0x00000213e8a12ab0 Exception <a 'java/lang/NoSuchMethodError'{0x0000000731cb3bd0}: 'java.lang.Object java.lang.invoke.DirectMethodHandle$Holder.newInvokeSpecial(java.lang.Object, double)'> (0x0000000731cb3bd0) 
thrown [s\open\src\hotspot\share\interpreter\linkResolver.cpp, line 773]
Event: 3.098 Thread 0x00000213e8a12ab0 Exception <a 'java/io/FileNotFoundException'{0x0000000731b05a80}> (0x0000000731b05a80) 
thrown [s\open\src\hotspot\share\prims\jni.cpp, line 520]
Event: 3.098 Thread 0x00000213e8a12ab0 Exception <a 'java/io/FileNotFoundException'{0x0000000731b06d60}> (0x0000000731b06d60) 
thrown [s\open\src\hotspot\share\prims\jni.cpp, line 520]
Event: 3.100 Thread 0x00000213e8a12ab0 Exception <a 'java/lang/NoSuchMethodError'{0x0000000731b188f0}: 'java.lang.Object java.lang.invoke.DelegatingMethodHandle$Holder.reinvoke_L(java.lang.Object, double, double, double, double)'> (0x0000000731b188f0) 
thrown [s\open\src\hotspot\share\interpreter\linkResolver.cpp, line 773]
Event: 3.101 Thread 0x00000213e8a12ab0 Exception <a 'java/lang/NoSuchMethodError'{0x0000000731b23828}: 'java.lang.Object java.lang.invoke.DirectMethodHandle$Holder.invokeStatic(java.lang.Object, java.lang.Object, int)'> (0x0000000731b23828) 
thrown [s\open\src\hotspot\share\interpreter\linkResolver.cpp, line 773]
Event: 3.101 Thread 0x00000213e8a12ab0 Exception <a 'java/lang/NoSuchMethodError'{0x0000000731b27960}: 'void java.lang.invoke.DirectMethodHandle$Holder.invokeStatic(java.lang.Object, java.lang.Object, int, java.lang.Object)'> (0x0000000731b27960) 
thrown [s\open\src\hotspot\share\interpreter\linkResolver.cpp, line 773]
Event: 3.102 Thread 0x00000213e8a12ab0 Exception <a 'java/lang/NoSuchMethodError'{0x0000000731b2e930}: 'void java.lang.invoke.DelegatingMethodHandle$Holder.delegate(java.lang.Object, java.lang.Object, int, java.lang.Object)'> (0x0000000731b2e930) 
thrown [s\open\src\hotspot\share\interpreter\linkResolver.cpp, line 773]
Event: 3.112 Thread 0x00000213e8a12ab0 Exception <a 'java/io/FileNotFoundException'{0x0000000731bc2938}> (0x0000000731bc2938) 
thrown [s\open\src\hotspot\share\prims\jni.cpp, line 520]
Event: 3.112 Thread 0x00000213e8a12ab0 Exception <a 'java/io/FileNotFoundException'{0x0000000731bc3c90}> (0x0000000731bc3c90) 
thrown [s\open\src\hotspot\share\prims\jni.cpp, line 520]
Event: 3.160 Thread 0x00000213e8a12ab0 Exception <a 'java/lang/NoSuchMethodError'{0x00000007316a3028}: 'java.lang.Object java.lang.invoke.DirectMethodHandle$Holder.invokeStatic(java.lang.Object, int, java.lang.Object)'> (0x00000007316a3028) 
thrown [s\open\src\hotspot\share\interpreter\linkResolver.cpp, line 773]

ZGC Phase Switch (0 events):
No events

VM Operations (20 events):
Event: 2.786 Executing VM operation: Cleanup done
Event: 3.099 Executing VM operation: HandshakeAllThreads (Deoptimize)
Event: 3.099 Executing VM operation: HandshakeAllThreads (Deoptimize) done
Event: 3.101 Executing VM operation: HandshakeAllThreads (Deoptimize)
Event: 3.101 Executing VM operation: HandshakeAllThreads (Deoptimize) done
Event: 3.153 Executing VM operation: ICBufferFull
Event: 3.153 Executing VM operation: ICBufferFull done
Event: 4.153 Executing VM operation: Cleanup
Event: 4.153 Executing VM operation: Cleanup done
Event: 5.154 Executing VM operation: Cleanup
Event: 5.154 Executing VM operation: Cleanup done
Event: 6.154 Executing VM operation: Cleanup
Event: 6.154 Executing VM operation: Cleanup done
Event: 8.154 Executing VM operation: Cleanup
Event: 8.155 Executing VM operation: Cleanup done
Event: 60.163 Executing VM operation: HandshakeAllThreads (HandshakeForDeflation)
Event: 60.163 Executing VM operation: HandshakeAllThreads (HandshakeForDeflation) done
Event: 60.163 Executing VM operation: RendezvousGCThreads
Event: 60.163 Executing VM operation: RendezvousGCThreads done
Event: 348.721 Executing VM operation: Exit

Events (20 events):
Event: 0.394 Thread 0x00000213e8ffe960 Thread added: 0x00000213e8ffe960
Event: 0.399 Thread 0x00000213e904f840 Thread added: 0x00000213e904f840
Event: 0.708 Thread 0x00000213fa3da730 Thread added: 0x00000213fa3da730
Event: 0.888 Thread 0x00000213e96bb4d0 Thread added: 0x00000213e96bb4d0
Event: 1.136 Thread 0x00000213a25baed0 Thread exited: 0x00000213a25baed0
Event: 1.136 Thread 0x00000213a26b35a0 Thread exited: 0x00000213a26b35a0
Event: 1.935 Thread 0x00000213e944d2e0 Thread added: 0x00000213e944d2e0
Event: 1.938 Thread 0x00000213e944e750 Thread added: 0x00000213e944e750
Event: 2.095 Thread 0x00000213e944e750 Thread exited: 0x00000213e944e750
Event: 2.111 Thread 0x00000213e944d2e0 Thread exited: 0x00000213e944d2e0
Event: 3.117 Thread 0x00000213e944d9b0 Thread added: 0x00000213e944d9b0
Event: 3.581 Thread 0x00000213e944d9b0 Thread exited: 0x00000213e944d9b0
Event: 5.245 Thread 0x00000213e944d2e0 Thread added: 0x00000213e944d2e0
Event: 5.914 Thread 0x00000213e944d2e0 Thread exited: 0x00000213e944d2e0
Event: 348.720 Thread 0x00000213e96ba7b0 Thread added: 0x00000213e96ba7b0
Event: 348.720 Thread 0x00000213e96bbb60 Thread added: 0x00000213e96bbb60
Event: 348.720 Thread 0x00000213e96bae40 Thread added: 0x00000213e96bae40
Event: 348.720 Thread 0x00000213e96bae40 Thread exited: 0x00000213e96bae40
Event: 348.721 Thread 0x00000213e96bbb60 Thread exited: 0x00000213e96bbb60
Event: 348.721 Thread 0x00000213a2334280 Thread exited: 0x00000213a2334280


Dynamic libraries:
0x00007ff6226e0000 - 0x00007ff6226ee000 	C:\Users\Nursultan\.jdks\openjdk-21.0.1\bin\java.exe
0x00007fffa4cb0000 - 0x00007fffa4ea8000 	C:\Windows\SYSTEM32\ntdll.dll
0x00007fffa47f0000 - 0x00007fffa48ad000 	C:\Windows\System32\KERNEL32.DLL
0x00007fffa28c0000 - 0x00007fffa2bb6000 	C:\Windows\System32\KERNELBASE.dll
0x00007fffa2510000 - 0x00007fffa2610000 	C:\Windows\System32\ucrtbase.dll
0x00007fff9e870000 - 0x00007fff9e88b000 	C:\Users\Nursultan\.jdks\openjdk-21.0.1\bin\VCRUNTIME140.dll
0x00007fff942f0000 - 0x00007fff94308000 	C:\Users\Nursultan\.jdks\openjdk-21.0.1\bin\jli.dll
0x00007fffa3a30000 - 0x00007fffa3bce000 	C:\Windows\System32\USER32.dll
0x00007fff88810000 - 0x00007fff88aaa000 	C:\Windows\WinSxS\amd64_microsoft.windows.common-controls_6595b64144ccf1df_6.0.19041.3636_none_60b6a03d71f818d5\COMCTL32.dll
0x00007fffa2ce0000 - 0x00007fffa2d02000 	C:\Windows\System32\win32u.dll
0x00007fffa2d70000 - 0x00007fffa2d9c000 	C:\Windows\System32\GDI32.dll
0x00007fffa44b0000 - 0x00007fffa454e000 	C:\Windows\System32\msvcrt.dll
0x00007fffa2bc0000 - 0x00007fffa2cda000 	C:\Windows\System32\gdi32full.dll
0x00007fffa2610000 - 0x00007fffa26ad000 	C:\Windows\System32\msvcp_win.dll
0x00007fffa48b0000 - 0x00007fffa48e0000 	C:\Windows\System32\IMM32.DLL
0x00007fff9e860000 - 0x00007fff9e86c000 	C:\Users\Nursultan\.jdks\openjdk-21.0.1\bin\vcruntime140_1.dll
0x00007fff91b30000 - 0x00007fff91bbe000 	C:\Users\Nursultan\.jdks\openjdk-21.0.1\bin\msvcp140.dll
0x00007fff7c510000 - 0x00007fff7d225000 	C:\Users\Nursultan\.jdks\openjdk-21.0.1\bin\server\jvm.dll
0x00007fffa45b0000 - 0x00007fffa465f000 	C:\Windows\System32\ADVAPI32.dll
0x00007fffa4750000 - 0x00007fffa47ec000 	C:\Windows\System32\sechost.dll
0x00007fffa3c60000 - 0x00007fffa3d86000 	C:\Windows\System32\RPCRT4.dll
0x00007fffa46e0000 - 0x00007fffa474b000 	C:\Windows\System32\WS2_32.dll
0x00007fffa1940000 - 0x00007fffa198b000 	C:\Windows\SYSTEM32\POWRPROF.dll
0x00007fff970d0000 - 0x00007fff970da000 	C:\Windows\SYSTEM32\VERSION.dll
0x00007fff970a0000 - 0x00007fff970c7000 	C:\Windows\SYSTEM32\WINMM.dll
0x00007fffa17b0000 - 0x00007fffa17c2000 	C:\Windows\SYSTEM32\UMPDC.dll
0x00007fffa0be0000 - 0x00007fffa0bf2000 	C:\Windows\SYSTEM32\kernel.appcore.dll
0x00007fff9b0b0000 - 0x00007fff9b0ba000 	C:\Users\Nursultan\.jdks\openjdk-21.0.1\bin\jimage.dll
0x00007fffa0200000 - 0x00007fffa03e4000 	C:\Windows\SYSTEM32\DBGHELP.DLL
0x00007fff8f450000 - 0x00007fff8f484000 	C:\Windows\SYSTEM32\dbgcore.DLL
0x00007fffa2450000 - 0x00007fffa24d2000 	C:\Windows\System32\bcryptPrimitives.dll
0x00007fff94340000 - 0x00007fff9434f000 	C:\Users\Nursultan\.jdks\openjdk-21.0.1\bin\instrument.dll
0x00007fff942d0000 - 0x00007fff942ef000 	C:\Users\Nursultan\.jdks\openjdk-21.0.1\bin\java.dll
0x00007fffa32e0000 - 0x00007fffa3a24000 	C:\Windows\System32\SHELL32.dll
0x00007fffa0430000 - 0x00007fffa0bcb000 	C:\Windows\SYSTEM32\windows.storage.dll
0x00007fffa4050000 - 0x00007fffa43a4000 	C:\Windows\System32\combase.dll
0x00007fffa1dd0000 - 0x00007fffa1dfd000 	C:\Windows\SYSTEM32\Wldp.dll
0x00007fffa3230000 - 0x00007fffa32dd000 	C:\Windows\System32\SHCORE.dll
0x00007fffa2d10000 - 0x00007fffa2d65000 	C:\Windows\System32\shlwapi.dll
0x00007fffa22c0000 - 0x00007fffa22e5000 	C:\Windows\SYSTEM32\profapi.dll
0x00007fff7c430000 - 0x00007fff7c507000 	C:\Users\Nursultan\.jdks\openjdk-21.0.1\bin\jsvml.dll
0x00007fff94280000 - 0x00007fff94290000 	C:\Users\Nursultan\.jdks\openjdk-21.0.1\bin\net.dll
0x00007fff9e4a0000 - 0x00007fff9e5aa000 	C:\Windows\SYSTEM32\WINHTTP.dll
0x00007fffa1b30000 - 0x00007fffa1b9a000 	C:\Windows\system32\mswsock.dll
0x00007fff94260000 - 0x00007fff94276000 	C:\Users\Nursultan\.jdks\openjdk-21.0.1\bin\nio.dll
0x00007fff94240000 - 0x00007fff94258000 	C:\Users\Nursultan\.jdks\openjdk-21.0.1\bin\zip.dll
0x00007fff94310000 - 0x00007fff9432a000 	C:\Program Files\JetBrains\IntelliJ IDEA 2023.2.5\bin\breakgen64.dll
0x00000213818a0000 - 0x00000213818a3000 	C:\Users\Nursultan\.openjfx\cache\21-ea+null\amd64\api-ms-win-core-console-l1-1-0.dll
0x00000213818b0000 - 0x00000213818b3000 	C:\Users\Nursultan\.openjfx\cache\21-ea+null\amd64\api-ms-win-core-console-l1-2-0.dll
0x00000213818c0000 - 0x00000213818c3000 	C:\Users\Nursultan\.openjfx\cache\21-ea+null\amd64\api-ms-win-core-datetime-l1-1-0.dll
0x00000213837c0000 - 0x00000213837c3000 	C:\Users\Nursultan\.openjfx\cache\21-ea+null\amd64\api-ms-win-core-debug-l1-1-0.dll
0x00000213837d0000 - 0x00000213837d3000 	C:\Users\Nursultan\.openjfx\cache\21-ea+null\amd64\api-ms-win-core-errorhandling-l1-1-0.dll
0x00000213837e0000 - 0x00000213837e4000 	C:\Users\Nursultan\.openjfx\cache\21-ea+null\amd64\api-ms-win-core-file-l1-1-0.dll
0x00000213837f0000 - 0x00000213837f3000 	C:\Users\Nursultan\.openjfx\cache\21-ea+null\amd64\api-ms-win-core-file-l1-2-0.dll
0x0000021383800000 - 0x0000021383803000 	C:\Users\Nursultan\.openjfx\cache\21-ea+null\amd64\api-ms-win-core-file-l2-1-0.dll
0x0000021383810000 - 0x0000021383813000 	C:\Users\Nursultan\.openjfx\cache\21-ea+null\amd64\api-ms-win-core-handle-l1-1-0.dll
0x0000021383820000 - 0x0000021383823000 	C:\Users\Nursultan\.openjfx\cache\21-ea+null\amd64\api-ms-win-core-heap-l1-1-0.dll
0x0000021383830000 - 0x0000021383833000 	C:\Users\Nursultan\.openjfx\cache\21-ea+null\amd64\api-ms-win-core-interlocked-l1-1-0.dll
0x0000021383840000 - 0x0000021383843000 	C:\Users\Nursultan\.openjfx\cache\21-ea+null\amd64\api-ms-win-core-libraryloader-l1-1-0.dll
0x0000021383850000 - 0x0000021383853000 	C:\Users\Nursultan\.openjfx\cache\21-ea+null\amd64\api-ms-win-core-localization-l1-2-0.dll
0x0000021383860000 - 0x0000021383863000 	C:\Users\Nursultan\.openjfx\cache\21-ea+null\amd64\api-ms-win-core-memory-l1-1-0.dll
0x0000021383870000 - 0x0000021383873000 	C:\Users\Nursultan\.openjfx\cache\21-ea+null\amd64\api-ms-win-core-namedpipe-l1-1-0.dll
0x00000213a2890000 - 0x00000213a2893000 	C:\Users\Nursultan\.openjfx\cache\21-ea+null\amd64\api-ms-win-core-processenvironment-l1-1-0.dll
0x00000213a28a0000 - 0x00000213a28a3000 	C:\Users\Nursultan\.openjfx\cache\21-ea+null\amd64\api-ms-win-core-processthreads-l1-1-0.dll
0x00000213a28b0000 - 0x00000213a28b3000 	C:\Users\Nursultan\.openjfx\cache\21-ea+null\amd64\api-ms-win-core-processthreads-l1-1-1.dll
0x00000213a28c0000 - 0x00000213a28c3000 	C:\Users\Nursultan\.openjfx\cache\21-ea+null\amd64\api-ms-win-core-profile-l1-1-0.dll
0x00000213a28d0000 - 0x00000213a28d3000 	C:\Users\Nursultan\.openjfx\cache\21-ea+null\amd64\api-ms-win-core-rtlsupport-l1-1-0.dll
0x00000213a28e0000 - 0x00000213a28e3000 	C:\Users\Nursultan\.openjfx\cache\21-ea+null\amd64\api-ms-win-core-string-l1-1-0.dll
0x00000213a28f0000 - 0x00000213a28f3000 	C:\Users\Nursultan\.openjfx\cache\21-ea+null\amd64\api-ms-win-core-synch-l1-1-0.dll
0x00000213a2900000 - 0x00000213a2903000 	C:\Users\Nursultan\.openjfx\cache\21-ea+null\amd64\api-ms-win-core-synch-l1-2-0.dll
0x00000213a2910000 - 0x00000213a2913000 	C:\Users\Nursultan\.openjfx\cache\21-ea+null\amd64\api-ms-win-core-sysinfo-l1-1-0.dll
0x00000213a2920000 - 0x00000213a2923000 	C:\Users\Nursultan\.openjfx\cache\21-ea+null\amd64\api-ms-win-core-timezone-l1-1-0.dll
0x00000213a2930000 - 0x00000213a2933000 	C:\Users\Nursultan\.openjfx\cache\21-ea+null\amd64\api-ms-win-core-util-l1-1-0.dll
0x00000213a2940000 - 0x00000213a2943000 	C:\Users\Nursultan\.openjfx\cache\21-ea+null\amd64\api-ms-win-crt-conio-l1-1-0.dll
0x00000213a2950000 - 0x00000213a2954000 	C:\Users\Nursultan\.openjfx\cache\21-ea+null\amd64\api-ms-win-crt-convert-l1-1-0.dll
0x00000213a2960000 - 0x00000213a2963000 	C:\Users\Nursultan\.openjfx\cache\21-ea+null\amd64\api-ms-win-crt-environment-l1-1-0.dll
0x00000213a2970000 - 0x00000213a2973000 	C:\Users\Nursultan\.openjfx\cache\21-ea+null\amd64\api-ms-win-crt-filesystem-l1-1-0.dll
0x00000213a2980000 - 0x00000213a2983000 	C:\Users\Nursultan\.openjfx\cache\21-ea+null\amd64\api-ms-win-crt-heap-l1-1-0.dll
0x00000213a2990000 - 0x00000213a2993000 	C:\Users\Nursultan\.openjfx\cache\21-ea+null\amd64\api-ms-win-crt-locale-l1-1-0.dll
0x00000213a29a0000 - 0x00000213a29a5000 	C:\Users\Nursultan\.openjfx\cache\21-ea+null\amd64\api-ms-win-crt-math-l1-1-0.dll
0x00000213a29b0000 - 0x00000213a29b5000 	C:\Users\Nursultan\.openjfx\cache\21-ea+null\amd64\api-ms-win-crt-multibyte-l1-1-0.dll
0x00000213a29c0000 - 0x00000213a29d0000 	C:\Users\Nursultan\.openjfx\cache\21-ea+null\amd64\api-ms-win-crt-private-l1-1-0.dll
0x00000213a29d0000 - 0x00000213a29d3000 	C:\Users\Nursultan\.openjfx\cache\21-ea+null\amd64\api-ms-win-crt-process-l1-1-0.dll
0x00000213a29e0000 - 0x00000213a29e4000 	C:\Users\Nursultan\.openjfx\cache\21-ea+null\amd64\api-ms-win-crt-runtime-l1-1-0.dll
0x00000213a29f0000 - 0x00000213a29f4000 	C:\Users\Nursultan\.openjfx\cache\21-ea+null\amd64\api-ms-win-crt-stdio-l1-1-0.dll
0x00000213a2a00000 - 0x00000213a2a04000 	C:\Users\Nursultan\.openjfx\cache\21-ea+null\amd64\api-ms-win-crt-string-l1-1-0.dll
0x00000213a2a10000 - 0x00000213a2a13000 	C:\Users\Nursultan\.openjfx\cache\21-ea+null\amd64\api-ms-win-crt-time-l1-1-0.dll
0x00000213a2a20000 - 0x00000213a2a23000 	C:\Users\Nursultan\.openjfx\cache\21-ea+null\amd64\api-ms-win-crt-utility-l1-1-0.dll
0x00007fff7d320000 - 0x00007fff7d41c000 	C:\Users\Nursultan\.openjfx\cache\21-ea+null\amd64\ucrtbase.dll
0x00007fff92200000 - 0x00007fff9221b000 	C:\Users\Nursultan\.openjfx\cache\21-ea+null\amd64\vcruntime140.dll
0x00007fff916d0000 - 0x00007fff916dc000 	C:\Users\Nursultan\.openjfx\cache\21-ea+null\amd64\vcruntime140_1.dll
0x00007fff7d290000 - 0x00007fff7d31e000 	C:\Users\Nursultan\.openjfx\cache\21-ea+null\amd64\msvcp140.dll
0x00007fffa3ec0000 - 0x00007fffa3feb000 	C:\Windows\System32\ole32.dll
0x00007fff8d150000 - 0x00007fff8d159000 	C:\Users\Nursultan\.openjfx\cache\21-ea+null\amd64\msvcp140_1.dll
0x00007fff81920000 - 0x00007fff8194f000 	C:\Users\Nursultan\.openjfx\cache\21-ea+null\amd64\msvcp140_2.dll
0x00007fff81810000 - 0x00007fff8183f000 	C:\Users\Nursultan\.openjfx\cache\21-ea+null\amd64\prism_d3d.dll
0x00007fff49500000 - 0x00007fff496cd000 	C:\Windows\system32\d3d9.dll
0x00007fff9fb70000 - 0x00007fff9fb9f000 	C:\Windows\SYSTEM32\dwmapi.dll
0x00007fff9f6a0000 - 0x00007fff9f73e000 	C:\Windows\system32\uxtheme.dll
0x00007fff970e0000 - 0x00007fff9729b000 	C:\Windows\System32\DriverStore\FileRepository\u0390451.inf_amd64_39377efdd62734d1\B390182\aticfx64.dll
0x00007fff47730000 - 0x00007fff494ff000 	C:\Windows\System32\DriverStore\FileRepository\u0390451.inf_amd64_39377efdd62734d1\B390182\amdxn64.dll
0x00007fffa2da0000 - 0x00007fffa320e000 	C:\Windows\System32\SETUPAPI.dll
0x00007fffa2390000 - 0x00007fffa23de000 	C:\Windows\System32\cfgmgr32.dll
0x00007fffa24e0000 - 0x00007fffa2507000 	C:\Windows\System32\bcrypt.dll
0x00007fffa0c50000 - 0x00007fffa0d43000 	C:\Windows\SYSTEM32\dxgi.dll
0x00007fff950f0000 - 0x00007fff95125000 	C:\Windows\SYSTEM32\amdihk64.dll
0x00007fff7d240000 - 0x00007fff7d282000 	C:\Users\Nursultan\.openjfx\cache\21-ea+null\amd64\glass.dll
0x00007fffa43c0000 - 0x00007fffa449a000 	C:\Windows\System32\COMDLG32.dll
0x00007fffa3df0000 - 0x00007fffa3ebd000 	C:\Windows\System32\OLEAUT32.dll
0x00007fffa48f0000 - 0x00007fffa4a04000 	C:\Windows\System32\MSCTF.dll
0x00007fff98480000 - 0x00007fff984bb000 	C:\Windows\SYSTEM32\dxcore.dll
0x00007fff84cb0000 - 0x00007fff84cc4000 	C:\Users\Nursultan\.openjfx\cache\21-ea+null\amd64\javafx_font.dll
0x00007fff7dfe0000 - 0x00007fff7e25f000 	C:\Windows\SYSTEM32\dwrite.dll
0x00007fffa4bc0000 - 0x00007fffa4c69000 	C:\Windows\System32\clbcatq.dll
0x00007fff9ae90000 - 0x00007fff9b044000 	C:\Windows\SYSTEM32\WindowsCodecs.dll
0x00007fff82b70000 - 0x00007fff82bae000 	C:\Windows\system32\dataexchange.dll
0x00007fff9d080000 - 0x00007fff9d2e3000 	C:\Windows\system32\d3d11.dll
0x00007fff9d8b0000 - 0x00007fff9da93000 	C:\Windows\system32\dcomp.dll
0x00007fff9aaa0000 - 0x00007fff9aca7000 	C:\Windows\system32\twinapi.appcore.dll
0x00007fff73450000 - 0x00007fff73484000 	C:\Program Files\Common Files\Microsoft Shared\Ink\rtscom.dll
0x00007fff92ca0000 - 0x00007fff92d9a000 	C:\Windows\SYSTEM32\textinputframework.dll
0x00007fff9db70000 - 0x00007fff9decb000 	C:\Windows\System32\CoreUIComponents.dll
0x00007fff9e250000 - 0x00007fff9e342000 	C:\Windows\System32\CoreMessaging.dll
0x00007fffa1530000 - 0x00007fffa1563000 	C:\Windows\SYSTEM32\ntmarta.dll
0x00007fff9ee30000 - 0x00007fff9ef85000 	C:\Windows\SYSTEM32\wintypes.dll

dbghelp: loaded successfully - version: 4.0.5 - missing functions: none
symbol engine: initialized successfully - sym options: 0x614 - pdb path: .;C:\Users\Nursultan\.jdks\openjdk-21.0.1\bin;C:\Windows\SYSTEM32;C:\Windows\WinSxS\amd64_microsoft.windows.common-controls_6595b64144ccf1df_6.0.19041.3636_none_60b6a03d71f818d5;C:\Users\Nursultan\.jdks\openjdk-21.0.1\bin\server;C:\Program Files\JetBrains\IntelliJ IDEA 2023.2.5\bin;C:\Users\Nursultan\.openjfx\cache\21-ea+null\amd64;C:\Windows\System32\DriverStore\FileRepository\u0390451.inf_amd64_39377efdd62734d1\B390182;C:\Program Files\Common Files\Microsoft Shared\Ink

VM Arguments:
jvm_args: -javaagent:C:\Program Files\JetBrains\IntelliJ IDEA 2023.2.5\lib\idea_rt.jar=61276:C:\Program Files\JetBrains\IntelliJ IDEA 2023.2.5\bin -Dfile.encoding=UTF-8 -Dsun.stdout.encoding=UTF-8 -Dsun.stderr.encoding=UTF-8 --module-path=C:\Users\Nursultan\.m2\repository\org\openjfx\javafx-controls\21-ea+24\javafx-controls-21-ea+24-win.jar;C:\Users\Nursultan\.m2\repository\org\openjfx\javafx-base\21-ea+24\javafx-base-21-ea+24-win.jar;C:\Users\Nursultan\IdeaProjects\SoftWareProject\target\classes;C:\Users\Nursultan\.m2\repository\org\openjfx\javafx-graphics\21-ea+24\javafx-graphics-21-ea+24-win.jar;C:\Users\Nursultan\.m2\repository\org\openjfx\javafx-fxml\21-ea+24\javafx-fxml-21-ea+24-win.jar -Djdk.module.main=com.example.softwareproject 
java_command: com.example.softwareproject/com.example.softwareproject.HelloApplication
java_class_path (initial): C:\Users\Nursultan\.m2\repository\org\openjfx\javafx-controls\21-ea+24\javafx-controls-21-ea+24.jar;C:\Users\Nursultan\.m2\repository\org\openjfx\javafx-graphics\21-ea+24\javafx-graphics-21-ea+24.jar;C:\Users\Nursultan\.m2\repository\org\openjfx\javafx-base\21-ea+24\javafx-base-21-ea+24.jar;C:\Users\Nursultan\.m2\repository\org\openjfx\javafx-fxml\21-ea+24\javafx-fxml-21-ea+24.jar
Launcher Type: SUN_STANDARD

[Global flags]
     intx CICompilerCount                          = 4                                         {product} {ergonomic}
     uint ConcGCThreads                            = 3                                         {product} {ergonomic}
     uint G1ConcRefinementThreads                  = 10                                        {product} {ergonomic}
   size_t G1HeapRegionSize                         = 2097152                                   {product} {ergonomic}
    uintx GCDrainStackTargetSize                   = 64                                        {product} {ergonomic}
   size_t InitialHeapSize                          = 230686720                                 {product} {ergonomic}
   size_t MarkStackSize                            = 4194304                                   {product} {ergonomic}
   size_t MaxHeapSize                              = 3676307456                                {product} {ergonomic}
   size_t MaxNewSize                               = 2204106752                                {product} {ergonomic}
   size_t MinHeapDeltaBytes                        = 2097152                                   {product} {ergonomic}
   size_t MinHeapSize                              = 8388608                                   {product} {ergonomic}
    uintx NonNMethodCodeHeapSize                   = 5839372                                {pd product} {ergonomic}
    uintx NonProfiledCodeHeapSize                  = 122909434                              {pd product} {ergonomic}
    uintx ProfiledCodeHeapSize                     = 122909434                              {pd product} {ergonomic}
    uintx ReservedCodeCacheSize                    = 251658240                              {pd product} {ergonomic}
     bool SegmentedCodeCache                       = true                                      {product} {ergonomic}
   size_t SoftMaxHeapSize                          = 3676307456                             {manageable} {ergonomic}
     bool UseCompressedOops                        = true                           {product lp64_product} {ergonomic}
     bool UseG1GC                                  = true                                      {product} {ergonomic}
     bool UseLargePagesIndividualAllocation        = false                                  {pd product} {ergonomic}

Logging:
Log output configuration:
 #0: stdout all=off uptime,level,tags foldmultilines=false
 #1: stderr all=off uptime,level,tags foldmultilines=false

Environment Variables:
PATH=C:\Windows\system32;C:\Windows;C:\Windows\System32\Wbem;C:\Windows\System32\WindowsPowerShell\v1.0\;C:\Windows\System32\OpenSSH\;C:\Program Files\Git\cmd;C:\Users\Nursultan\AppData\Local\Microsoft\WindowsApps;;C:\Program Files\JetBrains\IntelliJ IDEA 2023.2.5\bin;
USERNAME=Nursultan
OS=Windows_NT
PROCESSOR_IDENTIFIER=AMD64 Family 25 Model 68 Stepping 1, AuthenticAMD
TMP=C:\Users\NURSUL~1\AppData\Local\Temp
TEMP=C:\Users\NURSUL~1\AppData\Local\Temp




Periodic native trim disabled

---------------  S Y S T E M  ---------------

OS:
 Windows 10 , 64 bit Build 19041 (10.0.19041.3636)
OS uptime: 2 days 1:16 hours

CPU: total 12 (initial active 12) (12 cores per cpu, 2 threads per core) family 25 model 68 stepping 1 microcode 0x0, cx8, cmov, fxsr, ht, mmx, 3dnowpref, sse, sse2, sse3, ssse3, sse4a, sse4.1, sse4.2, popcnt, lzcnt, tsc, tscinvbit, avx, avx2, aes, clmul, bmi1, bmi2, adx, sha, fma, vzeroupper, clflush, clflushopt, rdtscp, rdpid, f16c, pku, cet_ss
Processor Information for processor 0
  Max Mhz: 3301, Current Mhz: 3301, Mhz Limit: 3301
Processor Information for processor 1
  Max Mhz: 3301, Current Mhz: 3301, Mhz Limit: 3301
Processor Information for processor 2
  Max Mhz: 3301, Current Mhz: 3301, Mhz Limit: 3301
Processor Information for processor 3
  Max Mhz: 3301, Current Mhz: 3301, Mhz Limit: 3301
Processor Information for processor 4
  Max Mhz: 3301, Current Mhz: 1100, Mhz Limit: 3301
Processor Information for processor 5
  Max Mhz: 3301, Current Mhz: 1100, Mhz Limit: 3301
Processor Information for processor 6
  Max Mhz: 3301, Current Mhz: 2970, Mhz Limit: 3301
Processor Information for processor 7
  Max Mhz: 3301, Current Mhz: 2970, Mhz Limit: 3301
Processor Information for processor 8
  Max Mhz: 3301, Current Mhz: 2805, Mhz Limit: 3301
Processor Information for processor 9
  Max Mhz: 3301, Current Mhz: 2805, Mhz Limit: 3301
Processor Information for processor 10
  Max Mhz: 3301, Current Mhz: 3301, Mhz Limit: 3301
Processor Information for processor 11
  Max Mhz: 3301, Current Mhz: 3301, Mhz Limit: 3301

Memory: 4k page, system-wide physical 14020M (4074M free)
TotalPageFile size 18269M (AvailPageFile size 2581M)
current process WorkingSet (physical memory assigned to process): 164M, peak: 178M
current process commit charge ("private bytes"): 440M, peak: 502M

vm_info: OpenJDK 64-Bit Server VM (21.0.1+12-29) for windows-amd64 JRE (21.0.1+12-29), built on 2023-10-05T13:27:09Z by "mach5one" with MS VC++ 17.1 (VS2022)

END.
