#
# A fatal error has been detected by the Java Runtime Environment:
#
#  EXCEPTION_ACCESS_VIOLATION (0xc0000005) at pc=0x00007fff8e296587, pid=7056, tid=14152
#
# JRE version: OpenJDK Runtime Environment (21.0.1+12) (build 21.0.1+12-29)
# Java VM: OpenJDK 64-Bit Server VM (21.0.1+12-29, mixed mode, sharing, tiered, compressed oops, compressed class ptrs, g1 gc, windows-amd64)
# Problematic frame:
# C  [glass.dll+0x26587]
#
# No core dump will be written. Minidumps are not enabled by default on client versions of Windows
#
# If you would like to submit a bug report, please visit:
#   https://bugreport.java.com/bugreport/crash.jsp
#

---------------  S U M M A R Y ------------

Command Line: -javaagent:C:\Program Files\JetBrains\IntelliJ IDEA 2023.2.5\lib\idea_rt.jar=49242:C:\Program Files\JetBrains\IntelliJ IDEA 2023.2.5\bin -Dfile.encoding=UTF-8 -Dsun.stdout.encoding=UTF-8 -Dsun.stderr.encoding=UTF-8 --module-path=C:\Users\Nursultan\IdeaProjects\SoftWareProject\target\classes;C:\Users\Nursultan\.m2\repository\org\openjfx\javafx-base\21-ea+24\javafx-base-21-ea+24-win.jar;C:\Users\Nursultan\.m2\repository\org\openjfx\javafx-graphics\21-ea+24\javafx-graphics-21-ea+24-win.jar;C:\Users\Nursultan\.m2\repository\org\openjfx\javafx-fxml\21-ea+24\javafx-fxml-21-ea+24-win.jar;C:\Users\Nursultan\.m2\repository\org\openjfx\javafx-controls\21-ea+24\javafx-controls-21-ea+24-win.jar -Djdk.module.main=com.example.softwareproject com.example.softwareproject/com.example.softwareproject.HelloApplication

Host: AMD Ryzen 5 6600HS Creator Edition             , 12 cores, 13G,  Windows 10 , 64 bit Build 19041 (10.0.19041.3636)
Time: Fri Dec 15 11:57:20 2023  Windows 10 , 64 bit Build 19041 (10.0.19041.3636) elapsed time: 210.498928 seconds (0d 0h 3m 30s)

---------------  T H R E A D  ---------------

Current thread (0x000002171b661a60):  VMThread "VM Thread"          [id=14152, stack(0x00000079e6000000,0x00000079e6100000) (1024K)]

Stack: [0x00000079e6000000,0x00000079e6100000],  sp=0x00000079e60fef10,  free space=1019k
Native frames: (J=compiled Java code, j=interpreted, Vv=VM code, C=native code)
C  [glass.dll+0x26587]


siginfo: EXCEPTION_ACCESS_VIOLATION (0xc0000005), reading address 0x0000000000000000


Registers:
RAX=0x0000000000000000, RBX=0x000002171b667a1a, RCX=0x000002171b661a60, RDX=0x00000079e60fef10
RSP=0x00000079e60fef10, RBP=0x000002176175d128, RSI=0x000002176175d100, RDI=0x0000d7f0da12fef4
R8 =0x0000000000010002, R9 =0x0000d7f0da12fef4, R10=0x0000000000008000, R11=0x00000079e60feea0
R12=0x00007fff8e293ed0, R13=0x00007fff635d1fa0, R14=0x00000079e60ff008, R15=0x000002176175d100
RIP=0x00007fff8e296587, EFLAGS=0x0000000000010202


Register to memory mapping:

RAX=0x0 is null
RBX=0x000002171b667a1a is a global jni handle
RCX=0x000002171b661a60 points into unknown readable memory: 0x00007fff633e3f88 | 88 3f 3e 63 ff 7f 00 00
RDX=0x00000079e60fef10 points into unknown readable memory: 0x0000000000000000 | 00 00 00 00 00 00 00 00
RSP=0x00000079e60fef10 points into unknown readable memory: 0x0000000000000000 | 00 00 00 00 00 00 00 00
RBP=0x000002176175d128 points into unknown readable memory: 0x0000d7f0da12fef4 | f4 fe 12 da f0 d7 00 00
RSI=0x000002176175d100 points into unknown readable memory: 0x9e80d7f725ea1c67 | 67 1c ea 25 f7 d7 80 9e
RDI=0x0000d7f0da12fef4 is an unknown value
R8 =0x0000000000010002 is an unknown value
R9 =0x0000d7f0da12fef4 is an unknown value
R10=0x0000000000008000 is an unknown value
R11=0x00000079e60feea0 points into unknown readable memory: 0x000002176175d100 | 00 d1 75 61 17 02 00 00
R12=0x00007fff8e293ed0 glass.dll
R13=0x00007fff635d1fa0 jvm.dll
R14=0x00000079e60ff008 points into unknown readable memory: 0x00000079e60feff0 | f0 ef 0f e6 79 00 00 00
R15=0x000002176175d100 points into unknown readable memory: 0x9e80d7f725ea1c67 | 67 1c ea 25 f7 d7 80 9e

Top of Stack: (sp=0x00000079e60fef10)
0x00000079e60fef10:   0000000000000000 000002176175d100
0x00000079e60fef20:   00007fff635d1fa0 00007fff8e293ed0
0x00000079e60fef30:   000002176175d108 00007fffa25242d6
0x00000079e60fef40:   0000d7f0da12fef4 0000021700000000
0x00000079e60fef50:   000002176175d128 000002176175d100
0x00000079e60fef60:   fffffffffffffffe 0000000000000000
0x00000079e60fef70:   0000000000000001 00007fff8e270000
0x00000079e60fef80:   00000079e60feff8 00007fffa25241fb
0x00000079e60fef90:   0000000000000000 00000079e60ff008
0x00000079e60fefa0:   00000079e60ff2e0 00007fffa2600e40
0x00000079e60fefb0:   0000000000000001 00007fffa25241b4
0x00000079e60fefc0:   0000000000000000 0000000000000001
0x00000079e60fefd0:   00007fff984b2dd0 00000079e60feff8
0x00000079e60fefe0:   000000000000000d 00007fff8e293d5d
0x00000079e60feff0:   00007fff8e2aa008 00007fff00000002
0x00000079e60ff000:   0000000000000002 00000079e60feff0
0x00000079e60ff010:   0000000000000000 00007fffa4cc9993
0x00000079e60ff020:   0000000000000000 00007fff8e293e82
0x00000079e60ff030:   0000000000000001 0000000000000000
0x00000079e60ff040:   0000000000000000 00007fffa2600e40
0x00000079e60ff050:   000002177a88a828 00007fffa251f05b
0x00000079e60ff060:   0000021700000001 0000000000000016
0x00000079e60ff070:   00007fff8e270000 000000007ffe0384
0x00000079e60ff080:   0000000000000000 00007fffa4cc9a1d
0x00000079e60ff090:   00007fff8e270000 0000000000000000
0x00000079e60ff0a0:   0000000000000001 000000007ffe0385
0x00000079e60ff0b0:   0000000000000000 00007fffa4d0de41
0x00000079e60ff0c0:   0000b87c2a2f1100 0000000000000014
0x00000079e60ff0d0:   00007fff8e293ed0 0000000000000000
0x00000079e60ff0e0:   0000000000000000 00000079e550e000
0x00000079e60ff0f0:   00000217619515a0 00007fffa4d0dcda
0x00000079e60ff100:   000002171bae88f0 00007fff8e270000 

Instructions: (pc=0x00007fff8e296587)
0x00007fff8e296487:   8b 4d 58 e8 8d cf ff ff 48 8b 4d 60 e8 84 cf ff
0x00007fff8e296497:   ff 48 8b 95 80 00 00 00 48 8b 8d 18 01 00 00 e8
0x00007fff8e2964a7:   76 c4 ff ff 33 d2 33 c9 e8 cc e1 ff ff 90 48 89
0x00007fff8e2964b7:   54 24 10 55 48 83 ec 20 48 8b ea 48 b8 00 00 00
0x00007fff8e2964c7:   00 00 00 00 00 48 83 c4 20 5d c3 cc 40 55 48 8b
0x00007fff8e2964d7:   ea 48 8b 01 33 c9 81 38 05 00 00 c0 0f 94 c1 8b
0x00007fff8e2964e7:   c1 5d c3 cc 40 55 48 83 ec 20 48 8b ea 8a 4d 40
0x00007fff8e2964f7:   48 83 c4 20 5d e9 73 d3 ff ff cc 40 55 48 83 ec
0x00007fff8e296507:   20 48 8b ea 8a 4d 20 e8 61 d3 ff ff 90 48 83 c4
0x00007fff8e296517:   20 5d c3 cc 40 55 48 83 ec 20 48 8b ea 48 83 c4
0x00007fff8e296527:   20 5d e9 c2 d1 ff ff cc 40 55 48 83 ec 30 48 8b
0x00007fff8e296537:   ea 48 8b 01 8b 10 48 89 4c 24 28 89 54 24 20 4c
0x00007fff8e296547:   8d 0d 63 d6 ff ff 4c 8b 45 70 8b 55 68 48 8b 4d
0x00007fff8e296557:   60 e8 03 d1 ff ff 90 48 83 c4 30 5d c3 cc cc cc
0x00007fff8e296567:   cc cc cc cc cc cc cc cc cc 40 53 48 83 ec 20 48
0x00007fff8e296577:   8b 1d 8b 34 01 00 48 85 db 74 16 e8 89 8f ff ff
0x00007fff8e296587:   4c 8b 00 48 8b d3 48 8b c8 41 ff 90 b0 00 00 00
0x00007fff8e296597:   90 48 83 c4 20 5b c3 cc cc 40 53 48 83 ec 20 48
0x00007fff8e2965a7:   8b 1d fb 35 01 00 48 85 db 74 57 b8 ff ff ff ff
0x00007fff8e2965b7:   f0 0f c1 43 10 83 f8 01 75 3d 48 85 db 74 38 48
0x00007fff8e2965c7:   8b 0b 48 85 c9 74 0d ff 15 d4 0c 00 00 48 c7 03
0x00007fff8e2965d7:   00 00 00 00 48 8b 4b 08 48 85 c9 74 0d e8 33 ce
0x00007fff8e2965e7:   ff ff 48 c7 43 08 00 00 00 00 ba 18 00 00 00 48
0x00007fff8e2965f7:   8b cb e8 1e ce ff ff 48 c7 05 9f 35 01 00 00 00
0x00007fff8e296607:   00 00 48 83 c4 20 5b c3 cc 40 53 48 83 ec 20 48
0x00007fff8e296617:   8b 1d 6b 35 01 00 48 85 db 74 57 b8 ff ff ff ff
0x00007fff8e296627:   f0 0f c1 43 10 83 f8 01 75 3d 48 85 db 74 38 48
0x00007fff8e296637:   8b 0b 48 85 c9 74 0d ff 15 64 0c 00 00 48 c7 03
0x00007fff8e296647:   00 00 00 00 48 8b 4b 08 48 85 c9 74 0d e8 c3 cd
0x00007fff8e296657:   ff ff 48 c7 43 08 00 00 00 00 ba 18 00 00 00 48
0x00007fff8e296667:   8b cb e8 ae cd ff ff 48 c7 05 0f 35 01 00 00 00
0x00007fff8e296677:   00 00 48 83 c4 20 5b c3 cc 40 53 48 83 ec 20 48 


Stack slot to memory mapping:

stack at sp + 0 slots: 0x0 is null
stack at sp + 1 slots: 0x000002176175d100 points into unknown readable memory: 0x9e80d7f725ea1c67 | 67 1c ea 25 f7 d7 80 9e
stack at sp + 2 slots: 0x00007fff635d1fa0 jvm.dll
stack at sp + 3 slots: 0x00007fff8e293ed0 glass.dll
stack at sp + 4 slots: 0x000002176175d108 points into unknown readable memory: 0x0000d7f0da12fef4 | f4 fe 12 da f0 d7 00 00
stack at sp + 5 slots: 0x00007fffa25242d6 ucrtbase.dll
stack at sp + 6 slots: 0x0000d7f0da12fef4 is an unknown value
stack at sp + 7 slots: 0x0000021700000000 points into unknown readable memory: 0x00010000cafedada | da da fe ca 00 00 01 00

VM_Operation (0x00000079e56fef00): Exit, mode: safepoint, requested by thread 0x0000021762192a60


---------------  P R O C E S S  ---------------

Threads class SMR info:
_java_thread_list=0x000002177355cb40, length=20, elements={
0x000002177a8af5f0, 0x000002171b6801f0, 0x000002171b681110, 0x000002171b683160,
0x000002171b6860d0, 0x000002171b686b30, 0x000002171b68aa90, 0x000002171b68b820,
0x000002171b6942d0, 0x000002171b64a5a0, 0x000002176129b820, 0x000002176148ce10,
0x000002171baebcd0, 0x000002176192aec0, 0x000002176192b9b0, 0x000002176201f0b0,
0x0000021761fcf270, 0x00000217622643c0, 0x0000021762191d40, 0x0000021762192a60
}

Java Threads: ( => current thread )
  0x000002177a8af5f0 JavaThread "main"                              [_thread_blocked, id=1372, stack(0x00000079e5900000,0x00000079e5a00000) (1024K)]
  0x000002171b6801f0 JavaThread "Reference Handler"          daemon [_thread_blocked, id=8268, stack(0x00000079e6100000,0x00000079e6200000) (1024K)]
  0x000002171b681110 JavaThread "Finalizer"                  daemon [_thread_blocked, id=10840, stack(0x00000079e6200000,0x00000079e6300000) (1024K)]
  0x000002171b683160 JavaThread "Signal Dispatcher"          daemon [_thread_blocked, id=17532, stack(0x00000079e6300000,0x00000079e6400000) (1024K)]
  0x000002171b6860d0 JavaThread "Attach Listener"            daemon [_thread_blocked, id=4208, stack(0x00000079e6400000,0x00000079e6500000) (1024K)]
  0x000002171b686b30 JavaThread "Service Thread"             daemon [_thread_blocked, id=12768, stack(0x00000079e6500000,0x00000079e6600000) (1024K)]
  0x000002171b68aa90 JavaThread "Monitor Deflation Thread"   daemon [_thread_blocked, id=14656, stack(0x00000079e6600000,0x00000079e6700000) (1024K)]
  0x000002171b68b820 JavaThread "C2 CompilerThread0"         daemon [_thread_blocked, id=11552, stack(0x00000079e6700000,0x00000079e6800000) (1024K)]
  0x000002171b6942d0 JavaThread "C1 CompilerThread0"         daemon [_thread_blocked, id=17348, stack(0x00000079e6800000,0x00000079e6900000) (1024K)]
  0x000002171b64a5a0 JavaThread "Common-Cleaner"             daemon [_thread_blocked, id=740, stack(0x00000079e6900000,0x00000079e6a00000) (1024K)]
  0x000002176129b820 JavaThread "Monitor Ctrl-Break"         daemon [_thread_in_native, id=8572, stack(0x00000079e6c00000,0x00000079e6d00000) (1024K)]
  0x000002176148ce10 JavaThread "Notification Thread"        daemon [_thread_blocked, id=15656, stack(0x00000079e6d00000,0x00000079e6e00000) (1024K)]
  0x000002171baebcd0 JavaThread "QuantumRenderer-0"          daemon [_thread_blocked, id=12960, stack(0x00000079e6e00000,0x00000079e6f00000) (1024K)]
  0x000002176192aec0 JavaThread "InvokeLaterDispatcher"      daemon [_thread_blocked, id=9608, stack(0x00000079e6f00000,0x00000079e7000000) (1024K)]
  0x000002176192b9b0 JavaThread "JavaFX Application Thread"         [_thread_in_native, id=8744, stack(0x00000079e7000000,0x00000079e7100000) (1024K)]
  0x000002176201f0b0 JavaThread "Thread-1"                   daemon [_thread_in_native, id=9464, stack(0x00000079e7d00000,0x00000079e7e00000) (1024K)]
  0x0000021761fcf270 JavaThread "JavaFX-Launcher"                   [_thread_blocked, id=9872, stack(0x00000079e7e00000,0x00000079e7f00000) (1024K)]
  0x00000217622643c0 JavaThread "Prism Font Disposer"        daemon [_thread_blocked, id=4140, stack(0x00000079e8700000,0x00000079e8800000) (1024K)]
  0x0000021762191d40 JavaThread "Cleaner-0"                  daemon [_thread_blocked, id=11952, stack(0x00000079e8c00000,0x00000079e8d00000) (1024K)]
  0x0000021762192a60 JavaThread "SIGINT handler"             daemon [_thread_blocked, id=9136, stack(0x00000079e5600000,0x00000079e5700000) (1024K)]
Total: 20

Other Threads:
=>0x000002171b661a60 VMThread "VM Thread"                           [id=14152, stack(0x00000079e6000000,0x00000079e6100000) (1024K)]
  0x000002177cb5fc50 WorkerThread "GC Thread#0"                     [id=2260, stack(0x00000079e5a00000,0x00000079e5b00000) (1024K)]
  0x0000021762074830 WorkerThread "GC Thread#1"                     [id=11240, stack(0x00000079e7f00000,0x00000079e8000000) (1024K)]
  0x0000021762074bd0 WorkerThread "GC Thread#2"                     [id=16264, stack(0x00000079e8000000,0x00000079e8100000) (1024K)]
  0x0000021762020620 WorkerThread "GC Thread#3"                     [id=13012, stack(0x00000079e8100000,0x00000079e8200000) (1024K)]
  0x000002176204fca0 WorkerThread "GC Thread#4"                     [id=8332, stack(0x00000079e8200000,0x00000079e8300000) (1024K)]
  0x0000021762050040 WorkerThread "GC Thread#5"                     [id=18020, stack(0x00000079e8300000,0x00000079e8400000) (1024K)]
  0x000002176262dbe0 WorkerThread "GC Thread#6"                     [id=19468, stack(0x00000079e8800000,0x00000079e8900000) (1024K)]
  0x000002176262e320 WorkerThread "GC Thread#7"                     [id=2668, stack(0x00000079e8900000,0x00000079e8a00000) (1024K)]
  0x000002176262c9c0 WorkerThread "GC Thread#8"                     [id=18076, stack(0x00000079e8a00000,0x00000079e8b00000) (1024K)]
  0x000002176262df80 WorkerThread "GC Thread#9"                     [id=11572, stack(0x00000079e8b00000,0x00000079e8c00000) (1024K)]
  0x000002177cb6fc10 ConcurrentGCThread "G1 Main Marker"            terminated
  0x000002177cb70dc0 WorkerThread "G1 Conc#0"                       [id=16904, stack(0x00000079e5c00000,0x00000079e5d00000) (1024K)]
  0x000002171b517500 ConcurrentGCThread "G1 Refine#0"               terminated
  0x000002171b517f80 ConcurrentGCThread "G1 Service"                terminated
Total: 15

Threads with active compile tasks:
Total: 0

VM state: at safepoint (shutting down)

VM Mutex/Monitor currently owned by a thread:  ([mutex/lock_event])
[0x00007fff635aa5f8] Threads_lock - owner thread: 0x000002171b661a60
[0x00007fff635aa6f8] Heap_lock - owner thread: 0x0000021762192a60

Heap address: 0x0000000724e00000, size: 3506 MB, Compressed Oops mode: Zero based, Oop shift amount: 3

CDS archive(s) mapped at: [0x000002171c000000-0x000002171cc90000-0x000002171cc90000), size 13172736, SharedBaseAddress: 0x000002171c000000, ArchiveRelocationMode: 1.
Compressed class space mapped at: 0x000002171d000000-0x000002175d000000, reserved size: 1073741824
Narrow klass base: 0x000002171c000000, Narrow klass shift: 0, Narrow klass range: 0x100000000

GC Precious Log:
 CardTable entry size: 512
 Card Set container configuration: InlinePtr #cards 4 size 8 Array Of Cards #cards 16 size 48 Howl #buckets 8 coarsen threshold 3686 Howl Bitmap #cards 512 size 80 coarsen threshold 460 Card regions per heap region 1 cards per card region 4096
 CPUs: 12 total, 12 available
 Memory: 14020M
 Large Page Support: Disabled
 NUMA Support: Disabled
 Compressed Oops: Enabled (Zero based)
 Heap Region Size: 2M
 Heap Min Capacity: 8M
 Heap Initial Capacity: 220M
 Heap Max Capacity: 3506M
 Pre-touch: Disabled
 Parallel Workers: 10
 Concurrent Workers: 3
 Concurrent Refinement Workers: 10
 Periodic GC: Disabled

Heap:
 garbage-first heap   total 225280K, used 26259K [0x0000000724e00000, 0x0000000800000000)
  region size 2048K, 13 young (26624K), 3 survivors (6144K)
 Metaspace       used 16343K, committed 16640K, reserved 1114112K
  class space    used 2401K, committed 2560K, reserved 1048576K

Heap Regions: E=young(eden), S=young(survivor), O=old, HS=humongous(starts), HC=humongous(continues), CS=collection set, F=free, TAMS=top-at-mark-start, PB=parsable bottom
|   0|0x0000000724e00000, 0x0000000725000000, 0x0000000725000000|100%|HS|  |TAMS 0x0000000724e00000| PB 0x0000000724e00000| Complete 
|   1|0x0000000725000000, 0x0000000725000000, 0x0000000725200000|  0%| F|  |TAMS 0x0000000725000000| PB 0x0000000725000000| Untracked 
|   2|0x0000000725200000, 0x0000000725200000, 0x0000000725400000|  0%| F|  |TAMS 0x0000000725200000| PB 0x0000000725200000| Untracked 
|   3|0x0000000725400000, 0x0000000725400000, 0x0000000725600000|  0%| F|  |TAMS 0x0000000725400000| PB 0x0000000725400000| Untracked 
|   4|0x0000000725600000, 0x0000000725600000, 0x0000000725800000|  0%| F|  |TAMS 0x0000000725600000| PB 0x0000000725600000| Untracked 
|   5|0x0000000725800000, 0x0000000725800000, 0x0000000725a00000|  0%| F|  |TAMS 0x0000000725800000| PB 0x0000000725800000| Untracked 
|   6|0x0000000725a00000, 0x0000000725a00000, 0x0000000725c00000|  0%| F|  |TAMS 0x0000000725a00000| PB 0x0000000725a00000| Untracked 
|   7|0x0000000725c00000, 0x0000000725c00000, 0x0000000725e00000|  0%| F|  |TAMS 0x0000000725c00000| PB 0x0000000725c00000| Untracked 
|   8|0x0000000725e00000, 0x0000000725e00000, 0x0000000726000000|  0%| F|  |TAMS 0x0000000725e00000| PB 0x0000000725e00000| Untracked 
|   9|0x0000000726000000, 0x0000000726000000, 0x0000000726200000|  0%| F|  |TAMS 0x0000000726000000| PB 0x0000000726000000| Untracked 
|  10|0x0000000726200000, 0x0000000726200000, 0x0000000726400000|  0%| F|  |TAMS 0x0000000726200000| PB 0x0000000726200000| Untracked 
|  11|0x0000000726400000, 0x0000000726400000, 0x0000000726600000|  0%| F|  |TAMS 0x0000000726400000| PB 0x0000000726400000| Untracked 
|  12|0x0000000726600000, 0x0000000726600000, 0x0000000726800000|  0%| F|  |TAMS 0x0000000726600000| PB 0x0000000726600000| Untracked 
|  13|0x0000000726800000, 0x0000000726800000, 0x0000000726a00000|  0%| F|  |TAMS 0x0000000726800000| PB 0x0000000726800000| Untracked 
|  14|0x0000000726a00000, 0x0000000726a00000, 0x0000000726c00000|  0%| F|  |TAMS 0x0000000726a00000| PB 0x0000000726a00000| Untracked 
|  15|0x0000000726c00000, 0x0000000726c00000, 0x0000000726e00000|  0%| F|  |TAMS 0x0000000726c00000| PB 0x0000000726c00000| Untracked 
|  16|0x0000000726e00000, 0x0000000726e00000, 0x0000000727000000|  0%| F|  |TAMS 0x0000000726e00000| PB 0x0000000726e00000| Untracked 
|  17|0x0000000727000000, 0x0000000727000000, 0x0000000727200000|  0%| F|  |TAMS 0x0000000727000000| PB 0x0000000727000000| Untracked 
|  18|0x0000000727200000, 0x0000000727200000, 0x0000000727400000|  0%| F|  |TAMS 0x0000000727200000| PB 0x0000000727200000| Untracked 
|  19|0x0000000727400000, 0x0000000727400000, 0x0000000727600000|  0%| F|  |TAMS 0x0000000727400000| PB 0x0000000727400000| Untracked 
|  20|0x0000000727600000, 0x0000000727600000, 0x0000000727800000|  0%| F|  |TAMS 0x0000000727600000| PB 0x0000000727600000| Untracked 
|  21|0x0000000727800000, 0x0000000727800000, 0x0000000727a00000|  0%| F|  |TAMS 0x0000000727800000| PB 0x0000000727800000| Untracked 
|  22|0x0000000727a00000, 0x0000000727a00000, 0x0000000727c00000|  0%| F|  |TAMS 0x0000000727a00000| PB 0x0000000727a00000| Untracked 
|  23|0x0000000727c00000, 0x0000000727c00000, 0x0000000727e00000|  0%| F|  |TAMS 0x0000000727c00000| PB 0x0000000727c00000| Untracked 
|  24|0x0000000727e00000, 0x0000000727e00000, 0x0000000728000000|  0%| F|  |TAMS 0x0000000727e00000| PB 0x0000000727e00000| Untracked 
|  25|0x0000000728000000, 0x0000000728000000, 0x0000000728200000|  0%| F|  |TAMS 0x0000000728000000| PB 0x0000000728000000| Untracked 
|  26|0x0000000728200000, 0x0000000728200000, 0x0000000728400000|  0%| F|  |TAMS 0x0000000728200000| PB 0x0000000728200000| Untracked 
|  27|0x0000000728400000, 0x0000000728400000, 0x0000000728600000|  0%| F|  |TAMS 0x0000000728400000| PB 0x0000000728400000| Untracked 
|  28|0x0000000728600000, 0x0000000728600000, 0x0000000728800000|  0%| F|  |TAMS 0x0000000728600000| PB 0x0000000728600000| Untracked 
|  29|0x0000000728800000, 0x0000000728800000, 0x0000000728a00000|  0%| F|  |TAMS 0x0000000728800000| PB 0x0000000728800000| Untracked 
|  30|0x0000000728a00000, 0x0000000728a00000, 0x0000000728c00000|  0%| F|  |TAMS 0x0000000728a00000| PB 0x0000000728a00000| Untracked 
|  31|0x0000000728c00000, 0x0000000728c00000, 0x0000000728e00000|  0%| F|  |TAMS 0x0000000728c00000| PB 0x0000000728c00000| Untracked 
|  32|0x0000000728e00000, 0x0000000728e00000, 0x0000000729000000|  0%| F|  |TAMS 0x0000000728e00000| PB 0x0000000728e00000| Untracked 
|  33|0x0000000729000000, 0x0000000729000000, 0x0000000729200000|  0%| F|  |TAMS 0x0000000729000000| PB 0x0000000729000000| Untracked 
|  34|0x0000000729200000, 0x0000000729200000, 0x0000000729400000|  0%| F|  |TAMS 0x0000000729200000| PB 0x0000000729200000| Untracked 
|  35|0x0000000729400000, 0x0000000729400000, 0x0000000729600000|  0%| F|  |TAMS 0x0000000729400000| PB 0x0000000729400000| Untracked 
|  36|0x0000000729600000, 0x0000000729600000, 0x0000000729800000|  0%| F|  |TAMS 0x0000000729600000| PB 0x0000000729600000| Untracked 
|  37|0x0000000729800000, 0x0000000729800000, 0x0000000729a00000|  0%| F|  |TAMS 0x0000000729800000| PB 0x0000000729800000| Untracked 
|  38|0x0000000729a00000, 0x0000000729a00000, 0x0000000729c00000|  0%| F|  |TAMS 0x0000000729a00000| PB 0x0000000729a00000| Untracked 
|  39|0x0000000729c00000, 0x0000000729c00000, 0x0000000729e00000|  0%| F|  |TAMS 0x0000000729c00000| PB 0x0000000729c00000| Untracked 
|  40|0x0000000729e00000, 0x0000000729e00000, 0x000000072a000000|  0%| F|  |TAMS 0x0000000729e00000| PB 0x0000000729e00000| Untracked 
|  41|0x000000072a000000, 0x000000072a000000, 0x000000072a200000|  0%| F|  |TAMS 0x000000072a000000| PB 0x000000072a000000| Untracked 
|  42|0x000000072a200000, 0x000000072a200000, 0x000000072a400000|  0%| F|  |TAMS 0x000000072a200000| PB 0x000000072a200000| Untracked 
|  43|0x000000072a400000, 0x000000072a400000, 0x000000072a600000|  0%| F|  |TAMS 0x000000072a400000| PB 0x000000072a400000| Untracked 
|  44|0x000000072a600000, 0x000000072a600000, 0x000000072a800000|  0%| F|  |TAMS 0x000000072a600000| PB 0x000000072a600000| Untracked 
|  45|0x000000072a800000, 0x000000072a800000, 0x000000072aa00000|  0%| F|  |TAMS 0x000000072a800000| PB 0x000000072a800000| Untracked 
|  46|0x000000072aa00000, 0x000000072aa00000, 0x000000072ac00000|  0%| F|  |TAMS 0x000000072aa00000| PB 0x000000072aa00000| Untracked 
|  47|0x000000072ac00000, 0x000000072ac00000, 0x000000072ae00000|  0%| F|  |TAMS 0x000000072ac00000| PB 0x000000072ac00000| Untracked 
|  48|0x000000072ae00000, 0x000000072ae00000, 0x000000072b000000|  0%| F|  |TAMS 0x000000072ae00000| PB 0x000000072ae00000| Untracked 
|  49|0x000000072b000000, 0x000000072b000000, 0x000000072b200000|  0%| F|  |TAMS 0x000000072b000000| PB 0x000000072b000000| Untracked 
|  50|0x000000072b200000, 0x000000072b200000, 0x000000072b400000|  0%| F|  |TAMS 0x000000072b200000| PB 0x000000072b200000| Untracked 
|  51|0x000000072b400000, 0x000000072b400000, 0x000000072b600000|  0%| F|  |TAMS 0x000000072b400000| PB 0x000000072b400000| Untracked 
|  52|0x000000072b600000, 0x000000072b600000, 0x000000072b800000|  0%| F|  |TAMS 0x000000072b600000| PB 0x000000072b600000| Untracked 
|  53|0x000000072b800000, 0x000000072b800000, 0x000000072ba00000|  0%| F|  |TAMS 0x000000072b800000| PB 0x000000072b800000| Untracked 
|  54|0x000000072ba00000, 0x000000072ba00000, 0x000000072bc00000|  0%| F|  |TAMS 0x000000072ba00000| PB 0x000000072ba00000| Untracked 
|  55|0x000000072bc00000, 0x000000072bc00000, 0x000000072be00000|  0%| F|  |TAMS 0x000000072bc00000| PB 0x000000072bc00000| Untracked 
|  56|0x000000072be00000, 0x000000072be00000, 0x000000072c000000|  0%| F|  |TAMS 0x000000072be00000| PB 0x000000072be00000| Untracked 
|  57|0x000000072c000000, 0x000000072c000000, 0x000000072c200000|  0%| F|  |TAMS 0x000000072c000000| PB 0x000000072c000000| Untracked 
|  58|0x000000072c200000, 0x000000072c200000, 0x000000072c400000|  0%| F|  |TAMS 0x000000072c200000| PB 0x000000072c200000| Untracked 
|  59|0x000000072c400000, 0x000000072c400000, 0x000000072c600000|  0%| F|  |TAMS 0x000000072c400000| PB 0x000000072c400000| Untracked 
|  60|0x000000072c600000, 0x000000072c600000, 0x000000072c800000|  0%| F|  |TAMS 0x000000072c600000| PB 0x000000072c600000| Untracked 
|  61|0x000000072c800000, 0x000000072c800000, 0x000000072ca00000|  0%| F|  |TAMS 0x000000072c800000| PB 0x000000072c800000| Untracked 
|  62|0x000000072ca00000, 0x000000072ca00000, 0x000000072cc00000|  0%| F|  |TAMS 0x000000072ca00000| PB 0x000000072ca00000| Untracked 
|  63|0x000000072cc00000, 0x000000072cc00000, 0x000000072ce00000|  0%| F|  |TAMS 0x000000072cc00000| PB 0x000000072cc00000| Untracked 
|  64|0x000000072ce00000, 0x000000072ce00000, 0x000000072d000000|  0%| F|  |TAMS 0x000000072ce00000| PB 0x000000072ce00000| Untracked 
|  65|0x000000072d000000, 0x000000072d000000, 0x000000072d200000|  0%| F|  |TAMS 0x000000072d000000| PB 0x000000072d000000| Untracked 
|  66|0x000000072d200000, 0x000000072d200000, 0x000000072d400000|  0%| F|  |TAMS 0x000000072d200000| PB 0x000000072d200000| Untracked 
|  67|0x000000072d400000, 0x000000072d400000, 0x000000072d600000|  0%| F|  |TAMS 0x000000072d400000| PB 0x000000072d400000| Untracked 
|  68|0x000000072d600000, 0x000000072d600000, 0x000000072d800000|  0%| F|  |TAMS 0x000000072d600000| PB 0x000000072d600000| Untracked 
|  69|0x000000072d800000, 0x000000072d800000, 0x000000072da00000|  0%| F|  |TAMS 0x000000072d800000| PB 0x000000072d800000| Untracked 
|  70|0x000000072da00000, 0x000000072da00000, 0x000000072dc00000|  0%| F|  |TAMS 0x000000072da00000| PB 0x000000072da00000| Untracked 
|  71|0x000000072dc00000, 0x000000072dc00000, 0x000000072de00000|  0%| F|  |TAMS 0x000000072dc00000| PB 0x000000072dc00000| Untracked 
|  72|0x000000072de00000, 0x000000072de00000, 0x000000072e000000|  0%| F|  |TAMS 0x000000072de00000| PB 0x000000072de00000| Untracked 
|  73|0x000000072e000000, 0x000000072e000000, 0x000000072e200000|  0%| F|  |TAMS 0x000000072e000000| PB 0x000000072e000000| Untracked 
|  74|0x000000072e200000, 0x000000072e200000, 0x000000072e400000|  0%| F|  |TAMS 0x000000072e200000| PB 0x000000072e200000| Untracked 
|  75|0x000000072e400000, 0x000000072e400000, 0x000000072e600000|  0%| F|  |TAMS 0x000000072e400000| PB 0x000000072e400000| Untracked 
|  76|0x000000072e600000, 0x000000072e600000, 0x000000072e800000|  0%| F|  |TAMS 0x000000072e600000| PB 0x000000072e600000| Untracked 
|  77|0x000000072e800000, 0x000000072e800000, 0x000000072ea00000|  0%| F|  |TAMS 0x000000072e800000| PB 0x000000072e800000| Untracked 
|  78|0x000000072ea00000, 0x000000072ea00000, 0x000000072ec00000|  0%| F|  |TAMS 0x000000072ea00000| PB 0x000000072ea00000| Untracked 
|  79|0x000000072ec00000, 0x000000072ec00000, 0x000000072ee00000|  0%| F|  |TAMS 0x000000072ec00000| PB 0x000000072ec00000| Untracked 
|  80|0x000000072ee00000, 0x000000072ee00000, 0x000000072f000000|  0%| F|  |TAMS 0x000000072ee00000| PB 0x000000072ee00000| Untracked 
|  81|0x000000072f000000, 0x000000072f000000, 0x000000072f200000|  0%| F|  |TAMS 0x000000072f000000| PB 0x000000072f000000| Untracked 
|  82|0x000000072f200000, 0x000000072f200000, 0x000000072f400000|  0%| F|  |TAMS 0x000000072f200000| PB 0x000000072f200000| Untracked 
|  83|0x000000072f400000, 0x000000072f400000, 0x000000072f600000|  0%| F|  |TAMS 0x000000072f400000| PB 0x000000072f400000| Untracked 
|  84|0x000000072f600000, 0x000000072f600000, 0x000000072f800000|  0%| F|  |TAMS 0x000000072f600000| PB 0x000000072f600000| Untracked 
|  85|0x000000072f800000, 0x000000072f800000, 0x000000072fa00000|  0%| F|  |TAMS 0x000000072f800000| PB 0x000000072f800000| Untracked 
|  86|0x000000072fa00000, 0x000000072fba4f00, 0x000000072fc00000| 82%| S|CS|TAMS 0x000000072fa00000| PB 0x000000072fa00000| Complete 
|  87|0x000000072fc00000, 0x000000072fe00000, 0x000000072fe00000|100%| S|CS|TAMS 0x000000072fc00000| PB 0x000000072fc00000| Complete 
|  88|0x000000072fe00000, 0x0000000730000000, 0x0000000730000000|100%| S|CS|TAMS 0x000000072fe00000| PB 0x000000072fe00000| Complete 
|  89|0x0000000730000000, 0x0000000730000000, 0x0000000730200000|  0%| F|  |TAMS 0x0000000730000000| PB 0x0000000730000000| Untracked 
|  90|0x0000000730200000, 0x0000000730200000, 0x0000000730400000|  0%| F|  |TAMS 0x0000000730200000| PB 0x0000000730200000| Untracked 
|  91|0x0000000730400000, 0x0000000730400000, 0x0000000730600000|  0%| F|  |TAMS 0x0000000730400000| PB 0x0000000730400000| Untracked 
|  92|0x0000000730600000, 0x0000000730600000, 0x0000000730800000|  0%| F|  |TAMS 0x0000000730600000| PB 0x0000000730600000| Untracked 
|  93|0x0000000730800000, 0x0000000730800000, 0x0000000730a00000|  0%| F|  |TAMS 0x0000000730800000| PB 0x0000000730800000| Untracked 
|  94|0x0000000730a00000, 0x0000000730a00000, 0x0000000730c00000|  0%| F|  |TAMS 0x0000000730a00000| PB 0x0000000730a00000| Untracked 
|  95|0x0000000730c00000, 0x0000000730c00000, 0x0000000730e00000|  0%| F|  |TAMS 0x0000000730c00000| PB 0x0000000730c00000| Untracked 
|  96|0x0000000730e00000, 0x0000000730e00000, 0x0000000731000000|  0%| F|  |TAMS 0x0000000730e00000| PB 0x0000000730e00000| Untracked 
|  97|0x0000000731000000, 0x0000000731000000, 0x0000000731200000|  0%| F|  |TAMS 0x0000000731000000| PB 0x0000000731000000| Untracked 
|  98|0x0000000731200000, 0x0000000731200000, 0x0000000731400000|  0%| F|  |TAMS 0x0000000731200000| PB 0x0000000731200000| Untracked 
|  99|0x0000000731400000, 0x0000000731400000, 0x0000000731600000|  0%| F|  |TAMS 0x0000000731400000| PB 0x0000000731400000| Untracked 
| 100|0x0000000731600000, 0x0000000731743160, 0x0000000731800000| 63%| E|  |TAMS 0x0000000731600000| PB 0x0000000731600000| Complete 
| 101|0x0000000731800000, 0x0000000731a00000, 0x0000000731a00000|100%| E|CS|TAMS 0x0000000731800000| PB 0x0000000731800000| Complete 
| 102|0x0000000731a00000, 0x0000000731c00000, 0x0000000731c00000|100%| E|CS|TAMS 0x0000000731a00000| PB 0x0000000731a00000| Complete 
| 103|0x0000000731c00000, 0x0000000731e00000, 0x0000000731e00000|100%| E|CS|TAMS 0x0000000731c00000| PB 0x0000000731c00000| Complete 
| 104|0x0000000731e00000, 0x0000000732000000, 0x0000000732000000|100%| E|CS|TAMS 0x0000000731e00000| PB 0x0000000731e00000| Complete 
| 105|0x0000000732000000, 0x0000000732200000, 0x0000000732200000|100%| E|CS|TAMS 0x0000000732000000| PB 0x0000000732000000| Complete 
| 106|0x0000000732200000, 0x0000000732400000, 0x0000000732400000|100%| E|CS|TAMS 0x0000000732200000| PB 0x0000000732200000| Complete 
| 107|0x0000000732400000, 0x0000000732600000, 0x0000000732600000|100%| E|CS|TAMS 0x0000000732400000| PB 0x0000000732400000| Complete 
| 108|0x0000000732600000, 0x0000000732800000, 0x0000000732800000|100%| E|CS|TAMS 0x0000000732600000| PB 0x0000000732600000| Complete 
| 109|0x0000000732800000, 0x0000000732a00000, 0x0000000732a00000|100%| E|CS|TAMS 0x0000000732800000| PB 0x0000000732800000| Complete 

Card table byte_map: [0x000002177d830000,0x000002177df10000] _byte_map_base: 0x0000021779f09000

Marking Bits: (CMBitMap*) 0x000002177cb60260
 Bits: [0x0000021717380000, 0x000002171aa48000)

Polling page: 0x000002177a850000

Metaspace:

Usage:
  Non-class:     13.62 MB used.
      Class:      2.35 MB used.
       Both:     15.96 MB used.

Virtual space:
  Non-class space:       64.00 MB reserved,      13.75 MB ( 21%) committed,  1 nodes.
      Class space:        1.00 GB reserved,       2.50 MB ( <1%) committed,  1 nodes.
             Both:        1.06 GB reserved,      16.25 MB (  1%) committed. 

Chunk freelists:
   Non-Class:  1.62 MB
       Class:  13.45 MB
        Both:  15.07 MB

MaxMetaspaceSize: unlimited
CompressedClassSpaceSize: 1.00 GB
Initial GC threshold: 21.00 MB
Current GC threshold: 21.00 MB
CDS: on
 - commit_granule_bytes: 65536.
 - commit_granule_words: 8192.
 - virtual_space_node_default_size: 8388608.
 - enlarge_chunks_in_place: 1.
 - use_allocation_guard: 0.


Internal statistics:

num_allocs_failed_limit: 0.
num_arena_births: 376.
num_arena_deaths: 0.
num_vsnodes_births: 2.
num_vsnodes_deaths: 0.
num_space_committed: 260.
num_space_uncommitted: 0.
num_chunks_returned_to_freelist: 0.
num_chunks_taken_from_freelist: 886.
num_chunk_merges: 0.
num_chunk_splits: 616.
num_chunks_enlarged: 466.
num_inconsistent_stats: 0.

CodeHeap 'non-profiled nmethods': size=120000Kb used=1044Kb max_used=1044Kb free=118955Kb
 bounds [0x000002170fe50000, 0x00000217100c0000, 0x0000021717380000]
CodeHeap 'profiled nmethods': size=120000Kb used=4949Kb max_used=4949Kb free=115050Kb
 bounds [0x0000021708380000, 0x0000021708860000, 0x000002170f8b0000]
CodeHeap 'non-nmethods': size=5760Kb used=1789Kb max_used=1831Kb free=3970Kb
 bounds [0x000002170f8b0000, 0x000002170fb20000, 0x000002170fe50000]
 total_blobs=3481 nmethods=2674 adapters=711
 compilation: enabled
              stopped_count=0, restarted_count=0
 full_count=0

Compilation events (20 events):
Event: 6.598 Thread 0x000002171b6942d0 2665       3       javafx.scene.Scene$MouseHandler::process (793 bytes)
Event: 6.605 Thread 0x000002171b6942d0 nmethod 2665 0x000002170884c910 code [0x000002170884cf40, 0x0000021708850878]
Event: 6.619 Thread 0x000002171b6942d0 2667       3       java.util.AbstractList::iterator (9 bytes)
Event: 6.619 Thread 0x000002171b6942d0 nmethod 2667 0x0000021708851790 code [0x0000021708851940, 0x0000021708851be0]
Event: 6.646 Thread 0x000002171b6942d0 2668       3       com.sun.glass.ui.View::notifyMouse (221 bytes)
Event: 6.649 Thread 0x000002171b6942d0 nmethod 2668 0x0000021708851d10 code [0x0000021708852020, 0x00000217088534a8]
Event: 6.649 Thread 0x000002171b6942d0 2669       3       com.sun.glass.ui.Window::handleMouseEvent (26 bytes)
Event: 6.649 Thread 0x000002171b6942d0 nmethod 2669 0x0000021708853b10 code [0x0000021708853cc0, 0x0000021708853e78]
Event: 6.649 Thread 0x000002171b6942d0 2670       3       javafx.scene.Scene::processMouseEvent (10 bytes)
Event: 6.650 Thread 0x000002171b6942d0 nmethod 2670 0x0000021708853f10 code [0x00000217088540c0, 0x0000021708854210]
Event: 6.655 Thread 0x000002171b6942d0 2671       3       com.sun.javafx.css.PseudoClassState::cast (21 bytes)
Event: 6.655 Thread 0x000002171b6942d0 nmethod 2671 0x0000021708854310 code [0x00000217088544e0, 0x00000217088547f0]
Event: 6.730 Thread 0x000002171b6942d0 2672       3       com.sun.javafx.tk.quantum.QuantumToolkit$$Lambda/0x000002171d03dd28::run (8 bytes)
Event: 6.731 Thread 0x000002171b6942d0 nmethod 2672 0x0000021708854910 code [0x0000021708854b00, 0x0000021708854ea8]
Event: 6.731 Thread 0x000002171b6942d0 2673   !   3       com.sun.javafx.tk.quantum.QuantumToolkit::lambda$runToolkit$12 (16 bytes)
Event: 6.731 Thread 0x000002171b6942d0 nmethod 2673 0x0000021708855090 code [0x0000021708855280, 0x00000217088555c8]
Event: 86.427 Thread 0x000002171b68b820 2674       4       com.sun.javafx.tk.quantum.QuantumToolkit::postPulse (133 bytes)
Event: 86.433 Thread 0x000002171b68b820 nmethod 2674 0x000002170ff54310 code [0x000002170ff544e0, 0x000002170ff54740]
Event: 88.650 Thread 0x000002171b68b820 2675       4       com.sun.javafx.tk.quantum.QuantumToolkit$$Lambda/0x000002171d03dd28::run (8 bytes)
Event: 88.657 Thread 0x000002171b68b820 nmethod 2675 0x000002170ff54990 code [0x000002170ff54b80, 0x000002170ff54e60]

GC Heap History (4 events):
Event: 0.615 GC heap before
{Heap before GC invocations=0 (full 0):
 garbage-first heap   total 225280K, used 22528K [0x0000000724e00000, 0x0000000800000000)
  region size 2048K, 11 young (22528K), 0 survivors (0K)
 Metaspace       used 4598K, committed 4800K, reserved 1114112K
  class space    used 505K, committed 640K, reserved 1048576K
}
Event: 0.618 GC heap after
{Heap after GC invocations=1 (full 0):
 garbage-first heap   total 225280K, used 2794K [0x0000000724e00000, 0x0000000800000000)
  region size 2048K, 2 young (4096K), 2 survivors (4096K)
 Metaspace       used 4598K, committed 4800K, reserved 1114112K
  class space    used 505K, committed 640K, reserved 1048576K
}
Event: 0.988 GC heap before
{Heap before GC invocations=1 (full 0):
 garbage-first heap   total 225280K, used 39658K [0x0000000724e00000, 0x0000000800000000)
  region size 2048K, 21 young (43008K), 2 survivors (4096K)
 Metaspace       used 13241K, committed 13504K, reserved 1114112K
  class space    used 2038K, committed 2176K, reserved 1048576K
}
Event: 0.992 GC heap after
{Heap after GC invocations=2 (full 0):
 garbage-first heap   total 225280K, used 5779K [0x0000000724e00000, 0x0000000800000000)
  region size 2048K, 3 young (6144K), 3 survivors (6144K)
 Metaspace       used 13241K, committed 13504K, reserved 1114112K
  class space    used 2038K, committed 2176K, reserved 1048576K
}

Dll operation events (20 events):
Event: 0.366 Loaded shared library C:\Users\Nursultan\.openjfx\cache\21-ea+null\amd64\api-ms-win-crt-locale-l1-1-0.dll
Event: 0.368 Loaded shared library C:\Users\Nursultan\.openjfx\cache\21-ea+null\amd64\api-ms-win-crt-math-l1-1-0.dll
Event: 0.369 Loaded shared library C:\Users\Nursultan\.openjfx\cache\21-ea+null\amd64\api-ms-win-crt-multibyte-l1-1-0.dll
Event: 0.371 Loaded shared library C:\Users\Nursultan\.openjfx\cache\21-ea+null\amd64\api-ms-win-crt-private-l1-1-0.dll
Event: 0.373 Loaded shared library C:\Users\Nursultan\.openjfx\cache\21-ea+null\amd64\api-ms-win-crt-process-l1-1-0.dll
Event: 0.375 Loaded shared library C:\Users\Nursultan\.openjfx\cache\21-ea+null\amd64\api-ms-win-crt-runtime-l1-1-0.dll
Event: 0.377 Loaded shared library C:\Users\Nursultan\.openjfx\cache\21-ea+null\amd64\api-ms-win-crt-stdio-l1-1-0.dll
Event: 0.378 Loaded shared library C:\Users\Nursultan\.openjfx\cache\21-ea+null\amd64\api-ms-win-crt-string-l1-1-0.dll
Event: 0.380 Loaded shared library C:\Users\Nursultan\.openjfx\cache\21-ea+null\amd64\api-ms-win-crt-time-l1-1-0.dll
Event: 0.382 Loaded shared library C:\Users\Nursultan\.openjfx\cache\21-ea+null\amd64\api-ms-win-crt-utility-l1-1-0.dll
Event: 0.393 Loaded shared library C:\Users\Nursultan\.openjfx\cache\21-ea+null\amd64\ucrtbase.dll
Event: 0.395 Loaded shared library C:\Users\Nursultan\.openjfx\cache\21-ea+null\amd64\vcruntime140.dll
Event: 0.398 Loaded shared library C:\Users\Nursultan\.openjfx\cache\21-ea+null\amd64\vcruntime140_1.dll
Event: 0.404 Loaded shared library C:\Users\Nursultan\.openjfx\cache\21-ea+null\amd64\msvcp140.dll
Event: 0.406 Loaded shared library C:\Users\Nursultan\.openjfx\cache\21-ea+null\amd64\msvcp140_1.dll
Event: 0.410 Loaded shared library C:\Users\Nursultan\.openjfx\cache\21-ea+null\amd64\msvcp140_2.dll
Event: 0.439 Loaded shared library C:\Users\Nursultan\.openjfx\cache\21-ea+null\amd64\prism_d3d.dll
Event: 0.481 Loaded shared library C:\Users\Nursultan\.openjfx\cache\21-ea+null\amd64\glass.dll
Event: 0.640 Loaded shared library C:\Users\Nursultan\.jdks\openjdk-21.0.1\bin\jimage.dll
Event: 0.747 Loaded shared library C:\Users\Nursultan\.openjfx\cache\21-ea+null\amd64\javafx_font.dll

Deoptimization events (20 events):
Event: 3.482 Thread 0x000002176192b9b0 DEOPT PACKING pc=0x000002170fef7724 sp=0x00000079e70fd280
Event: 3.482 Thread 0x000002176192b9b0 DEOPT UNPACKING pc=0x000002170f9046a2 sp=0x00000079e70fd220 mode 2
Event: 3.489 Thread 0x000002176192b9b0 Uncommon trap: trap_request=0xffffff45 fr.pc=0x000002170fefd3d0 relative=0x00000000000001f0
Event: 3.489 Thread 0x000002176192b9b0 Uncommon trap: reason=unstable_if action=reinterpret pc=0x000002170fefd3d0 method=java.util.HashMap.getNode(Ljava/lang/Object;)Ljava/util/HashMap$Node; @ 66 c2
Event: 3.489 Thread 0x000002176192b9b0 DEOPT PACKING pc=0x000002170fefd3d0 sp=0x00000079e70fd460
Event: 3.489 Thread 0x000002176192b9b0 DEOPT UNPACKING pc=0x000002170f9046a2 sp=0x00000079e70fd370 mode 2
Event: 3.489 Thread 0x000002176192b9b0 Uncommon trap: trap_request=0xffffff45 fr.pc=0x000002170fef3e50 relative=0x00000000000001f0
Event: 3.489 Thread 0x000002176192b9b0 Uncommon trap: reason=unstable_if action=reinterpret pc=0x000002170fef3e50 method=java.util.HashMap.getNode(Ljava/lang/Object;)Ljava/util/HashMap$Node; @ 66 c2
Event: 3.489 Thread 0x000002176192b9b0 DEOPT PACKING pc=0x000002170fef3e50 sp=0x00000079e70fd320
Event: 3.489 Thread 0x000002176192b9b0 DEOPT UNPACKING pc=0x000002170f9046a2 sp=0x00000079e70fd2a0 mode 2
Event: 4.630 Thread 0x000002176192b9b0 Uncommon trap: trap_request=0xffffffde fr.pc=0x000002170feebbd8 relative=0x00000000000002f8
Event: 4.630 Thread 0x000002176192b9b0 Uncommon trap: reason=class_check action=maybe_recompile pc=0x000002170feebbd8 method=java.util.regex.Pattern$BmpCharPropertyGreedy.match(Ljava/util/regex/Matcher;ILjava/lang/CharSequence;)Z @ 26 c2
Event: 4.630 Thread 0x000002176192b9b0 DEOPT PACKING pc=0x000002170feebbd8 sp=0x00000079e70fb670
Event: 4.630 Thread 0x000002176192b9b0 DEOPT UNPACKING pc=0x000002170f9046a2 sp=0x00000079e70fb628 mode 2
Event: 5.543 Thread 0x000002176192b9b0 Uncommon trap: trap_request=0xffffffde fr.pc=0x000002170fef7724 relative=0x0000000000000964
Event: 5.544 Thread 0x000002176192b9b0 Uncommon trap: reason=class_check action=maybe_recompile pc=0x000002170fef7724 method=java.util.HashMap.putVal(ILjava/lang/Object;Ljava/lang/Object;ZZ)Ljava/lang/Object; @ 91 c2
Event: 5.544 Thread 0x000002176192b9b0 DEOPT PACKING pc=0x000002170fef7724 sp=0x00000079e70f9be0
Event: 5.544 Thread 0x000002176192b9b0 DEOPT UNPACKING pc=0x000002170f9046a2 sp=0x00000079e70f9b80 mode 2
Event: 5.853 Thread 0x000002176192b9b0 DEOPT PACKING pc=0x0000021708786136 sp=0x00000079e70f8780
Event: 5.853 Thread 0x000002176192b9b0 DEOPT UNPACKING pc=0x000002170f904e42 sp=0x00000079e70f7c90 mode 3

Classes loaded (20 events):
Event: 1.133 Loading class jdk/internal/ref/CleanerImpl$InnocuousThreadFactory
Event: 1.133 Loading class jdk/internal/ref/CleanerImpl$InnocuousThreadFactory done
Event: 1.139 Loading class sun/misc/Unsafe
Event: 1.139 Loading class sun/misc/Unsafe done
Event: 1.140 Loading class java/lang/invoke/DirectMethodHandle$StaticAccessor
Event: 1.140 Loading class java/lang/invoke/DirectMethodHandle$StaticAccessor done
Event: 1.386 Loading class java/util/EnumMap$Values
Event: 1.387 Loading class java/util/EnumMap$Values done
Event: 1.387 Loading class java/util/EnumMap$ValueIterator
Event: 1.387 Loading class java/util/EnumMap$EnumMapIterator
Event: 1.387 Loading class java/util/EnumMap$EnumMapIterator done
Event: 1.387 Loading class java/util/EnumMap$ValueIterator done
Event: 3.269 Loading class java/io/UnsupportedEncodingException
Event: 3.269 Loading class java/io/UnsupportedEncodingException done
Event: 3.478 Loading class java/lang/Byte$ByteCache
Event: 3.478 Loading class java/lang/Byte$ByteCache done
Event: 3.479 Loading class java/lang/Short$ShortCache
Event: 3.479 Loading class java/lang/Short$ShortCache done
Event: 210.124 Loading class jdk/internal/misc/Signal$1
Event: 210.125 Loading class jdk/internal/misc/Signal$1 done

Classes unloaded (0 events):
No events

Classes redefined (0 events):
No events

Internal exceptions (20 events):
Event: 0.958 Thread 0x000002176192b9b0 Exception <a 'java/lang/ClassNotFoundException'{0x00000007305be818}: com/sun/javafx/scene/control/skin/resources/controls> (0x00000007305be818) 
thrown [s\open\src\hotspot\share\prims\jni.cpp, line 539]
Event: 0.958 Thread 0x000002176192b9b0 Exception <a 'java/lang/ClassNotFoundException'{0x00000007305cd3f8}: com/sun/javafx/scene/control/skin/resources/controls_ru> (0x00000007305cd3f8) 
thrown [s\open\src\hotspot\share\prims\jni.cpp, line 539]
Event: 0.958 Thread 0x000002176192b9b0 Exception <a 'java/lang/ClassNotFoundException'{0x00000007305ce3a0}: com/sun/javafx/scene/control/skin/resources/controls_ru_RU> (0x00000007305ce3a0) 
thrown [s\open\src\hotspot\share\prims\jni.cpp, line 539]
Event: 0.978 Thread 0x000002176192b9b0 Exception <a 'java/lang/NoSuchMethodError'{0x00000007303ad6b8}: 'void java.lang.invoke.DirectMethodHandle$Holder.invokeSpecial(java.lang.Object, java.lang.Object, java.lang.Object, java.lang.Object, java.lang.Object, java.lang.Object)'> (0x00000007303ad6b8) 
thrown [s\open\src\hotspot\share\interpreter\linkResolver.cpp, line 773]
Event: 1.019 Thread 0x000002171b6860d0 Exception <a 'sun/nio/fs/WindowsException'{0x00000007327c6688}> (0x00000007327c6688) 
thrown [s\open\src\hotspot\share\prims\jni.cpp, line 520]
Event: 1.028 Thread 0x000002176192b9b0 Exception <a 'java/lang/NoSuchMethodError'{0x000000073240ec18}: 'int java.lang.invoke.DirectMethodHandle$Holder.invokeSpecial(java.lang.Object, java.lang.Object, int)'> (0x000000073240ec18) 
thrown [s\open\src\hotspot\share\interpreter\linkResolver.cpp, line 773]
Event: 1.037 Thread 0x000002176192b9b0 Exception <a 'java/lang/NoSuchMethodError'{0x00000007324680e0}: 'java.lang.Object java.lang.invoke.DirectMethodHandle$Holder.newInvokeSpecial(java.lang.Object, java.lang.Object, int)'> (0x00000007324680e0) 
thrown [s\open\src\hotspot\share\interpreter\linkResolver.cpp, line 773]
Event: 1.064 Thread 0x000002171baebcd0 Exception <a 'java/lang/NoSuchMethodError'{0x000000073229fd88}: 'int java.lang.invoke.DirectMethodHandle$Holder.invokeStaticInit(java.lang.Object, java.lang.Object)'> (0x000000073229fd88) 
thrown [s\open\src\hotspot\share\interpreter\linkResolver.cpp, line 773]
Event: 1.067 Thread 0x000002176192b9b0 Exception <a 'java/lang/NoSuchMethodError'{0x000000073233b538}: 'long java.lang.invoke.DirectMethodHandle$Holder.invokeStatic(java.lang.Object, java.lang.Object, java.lang.Object)'> (0x000000073233b538) 
thrown [s\open\src\hotspot\share\interpreter\linkResolver.cpp, line 773]
Event: 1.067 Thread 0x000002176192b9b0 Exception <a 'java/lang/NoSuchMethodError'{0x000000073233e908}: 'long java.lang.invoke.DirectMethodHandle$Holder.invokeStaticInit(java.lang.Object, java.lang.Object, java.lang.Object)'> (0x000000073233e908) 
thrown [s\open\src\hotspot\share\interpreter\linkResolver.cpp, line 773]
Event: 1.068 Thread 0x000002176192b9b0 Exception <a 'java/lang/NoSuchMethodError'{0x0000000732352f00}: 'java.lang.Object java.lang.invoke.DirectMethodHandle$Holder.newInvokeSpecial(java.lang.Object, java.lang.Object, long)'> (0x0000000732352f00) 
thrown [s\open\src\hotspot\share\interpreter\linkResolver.cpp, line 773]
Event: 1.069 Thread 0x000002176192b9b0 Exception <a 'java/lang/NoSuchMethodError'{0x00000007323567f8}: 'java.lang.Object java.lang.invoke.Invokers$Holder.linkToTargetMethod(java.lang.Object, long, java.lang.Object)'> (0x00000007323567f8) 
thrown [s\open\src\hotspot\share\interpreter\linkResolver.cpp, line 773]
Event: 1.108 Thread 0x000002171baebcd0 Exception <a 'java/lang/NoSuchMethodError'{0x00000007321653c0}: 'java.lang.Object java.lang.invoke.DirectMethodHandle$Holder.invokeStaticInit(java.lang.Object, int)'> (0x00000007321653c0) 
thrown [s\open\src\hotspot\share\interpreter\linkResolver.cpp, line 773]
Event: 3.447 Thread 0x000002176192b9b0 Exception <a 'java/io/FileNotFoundException'{0x0000000731de1860}> (0x0000000731de1860) 
thrown [s\open\src\hotspot\share\prims\jni.cpp, line 520]
Event: 3.447 Thread 0x000002176192b9b0 Exception <a 'java/io/FileNotFoundException'{0x0000000731de2890}> (0x0000000731de2890) 
thrown [s\open\src\hotspot\share\prims\jni.cpp, line 520]
Event: 3.489 Thread 0x000002176192b9b0 Exception <a 'java/lang/NoSuchMethodError'{0x0000000731a5d2e0}: 'java.lang.Object java.lang.invoke.DirectMethodHandle$Holder.newInvokeSpecial(java.lang.Object, double)'> (0x0000000731a5d2e0) 
thrown [s\open\src\hotspot\share\interpreter\linkResolver.cpp, line 773]
Event: 4.632 Thread 0x000002176192b9b0 Exception <a 'java/io/FileNotFoundException'{0x0000000731bc3088}> (0x0000000731bc3088) 
thrown [s\open\src\hotspot\share\prims\jni.cpp, line 520]
Event: 4.633 Thread 0x000002176192b9b0 Exception <a 'java/io/FileNotFoundException'{0x0000000731bc4368}> (0x0000000731bc4368) 
thrown [s\open\src\hotspot\share\prims\jni.cpp, line 520]
Event: 5.524 Thread 0x000002176192b9b0 Exception <a 'java/io/FileNotFoundException'{0x00000007318d5d80}> (0x00000007318d5d80) 
thrown [s\open\src\hotspot\share\prims\jni.cpp, line 520]
Event: 5.524 Thread 0x000002176192b9b0 Exception <a 'java/io/FileNotFoundException'{0x00000007318d7310}> (0x00000007318d7310) 
thrown [s\open\src\hotspot\share\prims\jni.cpp, line 520]

ZGC Phase Switch (0 events):
No events

VM Operations (20 events):
Event: 0.992 Executing VM operation: G1CollectForAllocation (G1 Evacuation Pause) done
Event: 1.004 Executing VM operation: HandshakeAllThreads (Deoptimize)
Event: 1.004 Executing VM operation: HandshakeAllThreads (Deoptimize) done
Event: 2.004 Executing VM operation: Cleanup
Event: 2.005 Executing VM operation: Cleanup done
Event: 3.579 Executing VM operation: ICBufferFull
Event: 3.579 Executing VM operation: ICBufferFull done
Event: 4.579 Executing VM operation: Cleanup
Event: 4.580 Executing VM operation: Cleanup done
Event: 5.580 Executing VM operation: Cleanup
Event: 5.580 Executing VM operation: Cleanup done
Event: 5.852 Executing VM operation: HandshakeAllThreads (Deoptimize)
Event: 5.852 Executing VM operation: HandshakeAllThreads (Deoptimize) done
Event: 6.852 Executing VM operation: Cleanup
Event: 6.852 Executing VM operation: Cleanup done
Event: 60.184 Executing VM operation: HandshakeAllThreads (HandshakeForDeflation)
Event: 60.184 Executing VM operation: HandshakeAllThreads (HandshakeForDeflation) done
Event: 60.184 Executing VM operation: RendezvousGCThreads
Event: 60.184 Executing VM operation: RendezvousGCThreads done
Event: 210.129 Executing VM operation: Exit

Events (20 events):
Event: 0.222 Thread 0x000002176129b820 Thread added: 0x000002176129b820
Event: 0.222 Thread 0x000002176148ce10 Thread added: 0x000002176148ce10
Event: 0.433 Thread 0x000002171baebcd0 Thread added: 0x000002171baebcd0
Event: 0.483 Thread 0x000002176192aec0 Thread added: 0x000002176192aec0
Event: 0.485 Thread 0x000002176192b9b0 Thread added: 0x000002176192b9b0
Event: 0.602 Thread 0x000002176201f0b0 Thread added: 0x000002176201f0b0
Event: 0.609 Thread 0x0000021761fcf270 Thread added: 0x0000021761fcf270
Event: 0.930 Thread 0x00000217622643c0 Thread added: 0x00000217622643c0
Event: 1.133 Thread 0x0000021762191d40 Thread added: 0x0000021762191d40
Event: 1.322 Thread 0x000002171b987ad0 Thread exited: 0x000002171b987ad0
Event: 1.322 Thread 0x000002171b8ecfc0 Thread exited: 0x000002171b8ecfc0
Event: 3.511 Thread 0x000002176251ce10 Thread added: 0x000002176251ce10
Event: 3.525 Thread 0x00000217736df870 Thread added: 0x00000217736df870
Event: 4.077 Thread 0x00000217736df870 Thread exited: 0x00000217736df870
Event: 4.077 Thread 0x000002176251ce10 Thread exited: 0x000002176251ce10
Event: 210.125 Thread 0x0000021762192a60 Thread added: 0x0000021762192a60
Event: 210.126 Thread 0x0000021762190300 Thread added: 0x0000021762190300
Event: 210.127 Thread 0x000002176218f5e0 Thread added: 0x000002176218f5e0
Event: 210.127 Thread 0x0000021762190300 Thread exited: 0x0000021762190300
Event: 210.129 Thread 0x000002176218f5e0 Thread exited: 0x000002176218f5e0


Dynamic libraries:
0x00007ff7f07f0000 - 0x00007ff7f07fe000 	C:\Users\Nursultan\.jdks\openjdk-21.0.1\bin\java.exe
0x00007fffa4cb0000 - 0x00007fffa4ea8000 	C:\Windows\SYSTEM32\ntdll.dll
0x00007fffa47f0000 - 0x00007fffa48ad000 	C:\Windows\System32\KERNEL32.DLL
0x00007fffa28c0000 - 0x00007fffa2bb6000 	C:\Windows\System32\KERNELBASE.dll
0x00007fffa2510000 - 0x00007fffa2610000 	C:\Windows\System32\ucrtbase.dll
0x00007fff94210000 - 0x00007fff94228000 	C:\Users\Nursultan\.jdks\openjdk-21.0.1\bin\jli.dll
0x00007fff94230000 - 0x00007fff9424b000 	C:\Users\Nursultan\.jdks\openjdk-21.0.1\bin\VCRUNTIME140.dll
0x00007fffa3a30000 - 0x00007fffa3bce000 	C:\Windows\System32\USER32.dll
0x00007fff88810000 - 0x00007fff88aaa000 	C:\Windows\WinSxS\amd64_microsoft.windows.common-controls_6595b64144ccf1df_6.0.19041.3636_none_60b6a03d71f818d5\COMCTL32.dll
0x00007fffa2ce0000 - 0x00007fffa2d02000 	C:\Windows\System32\win32u.dll
0x00007fffa44b0000 - 0x00007fffa454e000 	C:\Windows\System32\msvcrt.dll
0x00007fffa2d70000 - 0x00007fffa2d9c000 	C:\Windows\System32\GDI32.dll
0x00007fffa2bc0000 - 0x00007fffa2cda000 	C:\Windows\System32\gdi32full.dll
0x00007fffa2610000 - 0x00007fffa26ad000 	C:\Windows\System32\msvcp_win.dll
0x00007fffa48b0000 - 0x00007fffa48e0000 	C:\Windows\System32\IMM32.DLL
0x00007fff9e8b0000 - 0x00007fff9e8bc000 	C:\Users\Nursultan\.jdks\openjdk-21.0.1\bin\vcruntime140_1.dll
0x00007fff91710000 - 0x00007fff9179e000 	C:\Users\Nursultan\.jdks\openjdk-21.0.1\bin\msvcp140.dll
0x00007fff62970000 - 0x00007fff63685000 	C:\Users\Nursultan\.jdks\openjdk-21.0.1\bin\server\jvm.dll
0x00007fffa45b0000 - 0x00007fffa465f000 	C:\Windows\System32\ADVAPI32.dll
0x00007fffa4750000 - 0x00007fffa47ec000 	C:\Windows\System32\sechost.dll
0x00007fffa3c60000 - 0x00007fffa3d86000 	C:\Windows\System32\RPCRT4.dll
0x00007fffa46e0000 - 0x00007fffa474b000 	C:\Windows\System32\WS2_32.dll
0x00007fff970d0000 - 0x00007fff970da000 	C:\Windows\SYSTEM32\VERSION.dll
0x00007fff970a0000 - 0x00007fff970c7000 	C:\Windows\SYSTEM32\WINMM.dll
0x00007fffa1940000 - 0x00007fffa198b000 	C:\Windows\SYSTEM32\POWRPROF.dll
0x00007fffa17b0000 - 0x00007fffa17c2000 	C:\Windows\SYSTEM32\UMPDC.dll
0x00007fffa0be0000 - 0x00007fffa0bf2000 	C:\Windows\SYSTEM32\kernel.appcore.dll
0x00007fff9c750000 - 0x00007fff9c75a000 	C:\Users\Nursultan\.jdks\openjdk-21.0.1\bin\jimage.dll
0x00007fffa0200000 - 0x00007fffa03e4000 	C:\Windows\SYSTEM32\DBGHELP.DLL
0x00007fff8f450000 - 0x00007fff8f484000 	C:\Windows\SYSTEM32\dbgcore.DLL
0x00007fffa2450000 - 0x00007fffa24d2000 	C:\Windows\System32\bcryptPrimitives.dll
0x00007fff9f3c0000 - 0x00007fff9f3cf000 	C:\Users\Nursultan\.jdks\openjdk-21.0.1\bin\instrument.dll
0x00007fff941f0000 - 0x00007fff9420f000 	C:\Users\Nursultan\.jdks\openjdk-21.0.1\bin\java.dll
0x00007fffa32e0000 - 0x00007fffa3a24000 	C:\Windows\System32\SHELL32.dll
0x00007fffa0430000 - 0x00007fffa0bcb000 	C:\Windows\SYSTEM32\windows.storage.dll
0x00007fffa4050000 - 0x00007fffa43a4000 	C:\Windows\System32\combase.dll
0x00007fffa1dd0000 - 0x00007fffa1dfd000 	C:\Windows\SYSTEM32\Wldp.dll
0x00007fffa3230000 - 0x00007fffa32dd000 	C:\Windows\System32\SHCORE.dll
0x00007fffa2d10000 - 0x00007fffa2d65000 	C:\Windows\System32\shlwapi.dll
0x00007fffa22c0000 - 0x00007fffa22e5000 	C:\Windows\SYSTEM32\profapi.dll
0x00007fff64650000 - 0x00007fff64727000 	C:\Users\Nursultan\.jdks\openjdk-21.0.1\bin\jsvml.dll
0x00007fff9b8e0000 - 0x00007fff9b8f0000 	C:\Users\Nursultan\.jdks\openjdk-21.0.1\bin\net.dll
0x00007fff9e4a0000 - 0x00007fff9e5aa000 	C:\Windows\SYSTEM32\WINHTTP.dll
0x00007fffa1b30000 - 0x00007fffa1b9a000 	C:\Windows\system32\mswsock.dll
0x00007fff92410000 - 0x00007fff92426000 	C:\Users\Nursultan\.jdks\openjdk-21.0.1\bin\nio.dll
0x00007fff923d0000 - 0x00007fff923e8000 	C:\Users\Nursultan\.jdks\openjdk-21.0.1\bin\zip.dll
0x00007fff9e870000 - 0x00007fff9e88a000 	C:\Program Files\JetBrains\IntelliJ IDEA 2023.2.5\bin\breakgen64.dll
0x000002171bc20000 - 0x000002171bc23000 	C:\Users\Nursultan\.openjfx\cache\21-ea+null\amd64\api-ms-win-core-console-l1-1-0.dll
0x000002171bc30000 - 0x000002171bc33000 	C:\Users\Nursultan\.openjfx\cache\21-ea+null\amd64\api-ms-win-core-console-l1-2-0.dll
0x000002171bc40000 - 0x000002171bc43000 	C:\Users\Nursultan\.openjfx\cache\21-ea+null\amd64\api-ms-win-core-datetime-l1-1-0.dll
0x000002171bc50000 - 0x000002171bc53000 	C:\Users\Nursultan\.openjfx\cache\21-ea+null\amd64\api-ms-win-core-debug-l1-1-0.dll
0x000002171bc60000 - 0x000002171bc63000 	C:\Users\Nursultan\.openjfx\cache\21-ea+null\amd64\api-ms-win-core-errorhandling-l1-1-0.dll
0x000002171bc70000 - 0x000002171bc74000 	C:\Users\Nursultan\.openjfx\cache\21-ea+null\amd64\api-ms-win-core-file-l1-1-0.dll
0x000002171bc80000 - 0x000002171bc83000 	C:\Users\Nursultan\.openjfx\cache\21-ea+null\amd64\api-ms-win-core-file-l1-2-0.dll
0x000002171bc90000 - 0x000002171bc93000 	C:\Users\Nursultan\.openjfx\cache\21-ea+null\amd64\api-ms-win-core-file-l2-1-0.dll
0x000002171bca0000 - 0x000002171bca3000 	C:\Users\Nursultan\.openjfx\cache\21-ea+null\amd64\api-ms-win-core-handle-l1-1-0.dll
0x000002171bcb0000 - 0x000002171bcb3000 	C:\Users\Nursultan\.openjfx\cache\21-ea+null\amd64\api-ms-win-core-heap-l1-1-0.dll
0x000002171bcc0000 - 0x000002171bcc3000 	C:\Users\Nursultan\.openjfx\cache\21-ea+null\amd64\api-ms-win-core-interlocked-l1-1-0.dll
0x000002171bcd0000 - 0x000002171bcd3000 	C:\Users\Nursultan\.openjfx\cache\21-ea+null\amd64\api-ms-win-core-libraryloader-l1-1-0.dll
0x000002171bce0000 - 0x000002171bce3000 	C:\Users\Nursultan\.openjfx\cache\21-ea+null\amd64\api-ms-win-core-localization-l1-2-0.dll
0x000002171bcf0000 - 0x000002171bcf3000 	C:\Users\Nursultan\.openjfx\cache\21-ea+null\amd64\api-ms-win-core-memory-l1-1-0.dll
0x000002171bd00000 - 0x000002171bd03000 	C:\Users\Nursultan\.openjfx\cache\21-ea+null\amd64\api-ms-win-core-namedpipe-l1-1-0.dll
0x000002171bd10000 - 0x000002171bd13000 	C:\Users\Nursultan\.openjfx\cache\21-ea+null\amd64\api-ms-win-core-processenvironment-l1-1-0.dll
0x000002171bd20000 - 0x000002171bd23000 	C:\Users\Nursultan\.openjfx\cache\21-ea+null\amd64\api-ms-win-core-processthreads-l1-1-0.dll
0x000002171bd30000 - 0x000002171bd33000 	C:\Users\Nursultan\.openjfx\cache\21-ea+null\amd64\api-ms-win-core-processthreads-l1-1-1.dll
0x000002171bd40000 - 0x000002171bd43000 	C:\Users\Nursultan\.openjfx\cache\21-ea+null\amd64\api-ms-win-core-profile-l1-1-0.dll
0x000002171bd50000 - 0x000002171bd53000 	C:\Users\Nursultan\.openjfx\cache\21-ea+null\amd64\api-ms-win-core-rtlsupport-l1-1-0.dll
0x000002171bd60000 - 0x000002171bd63000 	C:\Users\Nursultan\.openjfx\cache\21-ea+null\amd64\api-ms-win-core-string-l1-1-0.dll
0x000002171bd70000 - 0x000002171bd73000 	C:\Users\Nursultan\.openjfx\cache\21-ea+null\amd64\api-ms-win-core-synch-l1-1-0.dll
0x000002171bd80000 - 0x000002171bd83000 	C:\Users\Nursultan\.openjfx\cache\21-ea+null\amd64\api-ms-win-core-synch-l1-2-0.dll
0x000002171bd90000 - 0x000002171bd93000 	C:\Users\Nursultan\.openjfx\cache\21-ea+null\amd64\api-ms-win-core-sysinfo-l1-1-0.dll
0x000002171bda0000 - 0x000002171bda3000 	C:\Users\Nursultan\.openjfx\cache\21-ea+null\amd64\api-ms-win-core-timezone-l1-1-0.dll
0x000002171bdb0000 - 0x000002171bdb3000 	C:\Users\Nursultan\.openjfx\cache\21-ea+null\amd64\api-ms-win-core-util-l1-1-0.dll
0x000002171bdc0000 - 0x000002171bdc3000 	C:\Users\Nursultan\.openjfx\cache\21-ea+null\amd64\api-ms-win-crt-conio-l1-1-0.dll
0x000002171bdd0000 - 0x000002171bdd4000 	C:\Users\Nursultan\.openjfx\cache\21-ea+null\amd64\api-ms-win-crt-convert-l1-1-0.dll
0x000002171bde0000 - 0x000002171bde3000 	C:\Users\Nursultan\.openjfx\cache\21-ea+null\amd64\api-ms-win-crt-environment-l1-1-0.dll
0x000002171bdf0000 - 0x000002171bdf3000 	C:\Users\Nursultan\.openjfx\cache\21-ea+null\amd64\api-ms-win-crt-filesystem-l1-1-0.dll
0x000002171be00000 - 0x000002171be03000 	C:\Users\Nursultan\.openjfx\cache\21-ea+null\amd64\api-ms-win-crt-heap-l1-1-0.dll
0x000002171be10000 - 0x000002171be13000 	C:\Users\Nursultan\.openjfx\cache\21-ea+null\amd64\api-ms-win-crt-locale-l1-1-0.dll
0x000002171be20000 - 0x000002171be25000 	C:\Users\Nursultan\.openjfx\cache\21-ea+null\amd64\api-ms-win-crt-math-l1-1-0.dll
0x000002171be30000 - 0x000002171be35000 	C:\Users\Nursultan\.openjfx\cache\21-ea+null\amd64\api-ms-win-crt-multibyte-l1-1-0.dll
0x000002171be40000 - 0x000002171be50000 	C:\Users\Nursultan\.openjfx\cache\21-ea+null\amd64\api-ms-win-crt-private-l1-1-0.dll
0x000002171be50000 - 0x000002171be53000 	C:\Users\Nursultan\.openjfx\cache\21-ea+null\amd64\api-ms-win-crt-process-l1-1-0.dll
0x000002171be60000 - 0x000002171be64000 	C:\Users\Nursultan\.openjfx\cache\21-ea+null\amd64\api-ms-win-crt-runtime-l1-1-0.dll
0x000002171be70000 - 0x000002171be74000 	C:\Users\Nursultan\.openjfx\cache\21-ea+null\amd64\api-ms-win-crt-stdio-l1-1-0.dll
0x000002171be80000 - 0x000002171be84000 	C:\Users\Nursultan\.openjfx\cache\21-ea+null\amd64\api-ms-win-crt-string-l1-1-0.dll
0x000002171be90000 - 0x000002171be93000 	C:\Users\Nursultan\.openjfx\cache\21-ea+null\amd64\api-ms-win-crt-time-l1-1-0.dll
0x000002171bea0000 - 0x000002171bea3000 	C:\Users\Nursultan\.openjfx\cache\21-ea+null\amd64\api-ms-win-crt-utility-l1-1-0.dll
0x00007fff783e0000 - 0x00007fff784dc000 	C:\Users\Nursultan\.openjfx\cache\21-ea+null\amd64\ucrtbase.dll
0x00007fff924d0000 - 0x00007fff924eb000 	C:\Users\Nursultan\.openjfx\cache\21-ea+null\amd64\vcruntime140.dll
0x00007fff9a3e0000 - 0x00007fff9a3ec000 	C:\Users\Nursultan\.openjfx\cache\21-ea+null\amd64\vcruntime140_1.dll
0x00007fff7c000000 - 0x00007fff7c08e000 	C:\Users\Nursultan\.openjfx\cache\21-ea+null\amd64\msvcp140.dll
0x00007fffa3ec0000 - 0x00007fffa3feb000 	C:\Windows\System32\ole32.dll
0x00007fff941e0000 - 0x00007fff941e9000 	C:\Users\Nursultan\.openjfx\cache\21-ea+null\amd64\msvcp140_1.dll
0x00007fff91610000 - 0x00007fff9163f000 	C:\Users\Nursultan\.openjfx\cache\21-ea+null\amd64\msvcp140_2.dll
0x00007fff915e0000 - 0x00007fff9160f000 	C:\Users\Nursultan\.openjfx\cache\21-ea+null\amd64\prism_d3d.dll
0x00007fff4cea0000 - 0x00007fff4d06d000 	C:\Windows\system32\d3d9.dll
0x00007fff9fb70000 - 0x00007fff9fb9f000 	C:\Windows\SYSTEM32\dwmapi.dll
0x00007fff9f6a0000 - 0x00007fff9f73e000 	C:\Windows\system32\uxtheme.dll
0x00007fff970e0000 - 0x00007fff9729b000 	C:\Windows\System32\DriverStore\FileRepository\u0390451.inf_amd64_39377efdd62734d1\B390182\aticfx64.dll
0x00007fff43f40000 - 0x00007fff45d0f000 	C:\Windows\System32\DriverStore\FileRepository\u0390451.inf_amd64_39377efdd62734d1\B390182\amdxn64.dll
0x00007fffa2da0000 - 0x00007fffa320e000 	C:\Windows\System32\SETUPAPI.dll
0x00007fffa2390000 - 0x00007fffa23de000 	C:\Windows\System32\cfgmgr32.dll
0x00007fffa24e0000 - 0x00007fffa2507000 	C:\Windows\System32\bcrypt.dll
0x00007fffa0c50000 - 0x00007fffa0d43000 	C:\Windows\SYSTEM32\dxgi.dll
0x00007fff950f0000 - 0x00007fff95125000 	C:\Windows\SYSTEM32\amdihk64.dll
0x00007fff8e270000 - 0x00007fff8e2b2000 	C:\Users\Nursultan\.openjfx\cache\21-ea+null\amd64\glass.dll
0x00007fffa43c0000 - 0x00007fffa449a000 	C:\Windows\System32\COMDLG32.dll
0x00007fffa3df0000 - 0x00007fffa3ebd000 	C:\Windows\System32\OLEAUT32.dll
0x00007fffa48f0000 - 0x00007fffa4a04000 	C:\Windows\System32\MSCTF.dll
0x00007fff98480000 - 0x00007fff984bb000 	C:\Windows\SYSTEM32\dxcore.dll
0x00007fff921a0000 - 0x00007fff921b4000 	C:\Users\Nursultan\.openjfx\cache\21-ea+null\amd64\javafx_font.dll
0x00007fff811a0000 - 0x00007fff8141f000 	C:\Windows\SYSTEM32\dwrite.dll
0x00007fffa4bc0000 - 0x00007fffa4c69000 	C:\Windows\System32\clbcatq.dll
0x00007fff9ae90000 - 0x00007fff9b044000 	C:\Windows\SYSTEM32\WindowsCodecs.dll
0x00007fff84cb0000 - 0x00007fff84cee000 	C:\Windows\system32\dataexchange.dll
0x00007fff9d8b0000 - 0x00007fff9da93000 	C:\Windows\system32\dcomp.dll
0x00007fff9d080000 - 0x00007fff9d2e3000 	C:\Windows\system32\d3d11.dll
0x00007fff9aaa0000 - 0x00007fff9aca7000 	C:\Windows\system32\twinapi.appcore.dll
0x00007fff8d340000 - 0x00007fff8d374000 	C:\Program Files\Common Files\Microsoft Shared\Ink\rtscom.dll
0x00007fff92ca0000 - 0x00007fff92d9a000 	C:\Windows\SYSTEM32\textinputframework.dll
0x00007fff9db70000 - 0x00007fff9decb000 	C:\Windows\System32\CoreUIComponents.dll
0x00007fff9e250000 - 0x00007fff9e342000 	C:\Windows\System32\CoreMessaging.dll
0x00007fffa1530000 - 0x00007fffa1563000 	C:\Windows\SYSTEM32\ntmarta.dll
0x00007fff9ee30000 - 0x00007fff9ef85000 	C:\Windows\SYSTEM32\wintypes.dll

dbghelp: loaded successfully - version: 4.0.5 - missing functions: none
symbol engine: initialized successfully - sym options: 0x614 - pdb path: .;C:\Users\Nursultan\.jdks\openjdk-21.0.1\bin;C:\Windows\SYSTEM32;C:\Windows\WinSxS\amd64_microsoft.windows.common-controls_6595b64144ccf1df_6.0.19041.3636_none_60b6a03d71f818d5;C:\Users\Nursultan\.jdks\openjdk-21.0.1\bin\server;C:\Program Files\JetBrains\IntelliJ IDEA 2023.2.5\bin;C:\Users\Nursultan\.openjfx\cache\21-ea+null\amd64;C:\Windows\System32\DriverStore\FileRepository\u0390451.inf_amd64_39377efdd62734d1\B390182;C:\Program Files\Common Files\Microsoft Shared\Ink

VM Arguments:
jvm_args: -javaagent:C:\Program Files\JetBrains\IntelliJ IDEA 2023.2.5\lib\idea_rt.jar=49242:C:\Program Files\JetBrains\IntelliJ IDEA 2023.2.5\bin -Dfile.encoding=UTF-8 -Dsun.stdout.encoding=UTF-8 -Dsun.stderr.encoding=UTF-8 --module-path=C:\Users\Nursultan\IdeaProjects\SoftWareProject\target\classes;C:\Users\Nursultan\.m2\repository\org\openjfx\javafx-base\21-ea+24\javafx-base-21-ea+24-win.jar;C:\Users\Nursultan\.m2\repository\org\openjfx\javafx-graphics\21-ea+24\javafx-graphics-21-ea+24-win.jar;C:\Users\Nursultan\.m2\repository\org\openjfx\javafx-fxml\21-ea+24\javafx-fxml-21-ea+24-win.jar;C:\Users\Nursultan\.m2\repository\org\openjfx\javafx-controls\21-ea+24\javafx-controls-21-ea+24-win.jar -Djdk.module.main=com.example.softwareproject 
java_command: com.example.softwareproject/com.example.softwareproject.HelloApplication
java_class_path (initial): C:\Users\Nursultan\.m2\repository\org\openjfx\javafx-controls\21-ea+24\javafx-controls-21-ea+24.jar;C:\Users\Nursultan\.m2\repository\org\openjfx\javafx-graphics\21-ea+24\javafx-graphics-21-ea+24.jar;C:\Users\Nursultan\.m2\repository\org\openjfx\javafx-base\21-ea+24\javafx-base-21-ea+24.jar;C:\Users\Nursultan\.m2\repository\org\openjfx\javafx-fxml\21-ea+24\javafx-fxml-21-ea+24.jar
Launcher Type: SUN_STANDARD

[Global flags]
     intx CICompilerCount                          = 4                                         {product} {ergonomic}
     uint ConcGCThreads                            = 3                                         {product} {ergonomic}
     uint G1ConcRefinementThreads                  = 10                                        {product} {ergonomic}
   size_t G1HeapRegionSize                         = 2097152                                   {product} {ergonomic}
    uintx GCDrainStackTargetSize                   = 64                                        {product} {ergonomic}
   size_t InitialHeapSize                          = 230686720                                 {product} {ergonomic}
   size_t MarkStackSize                            = 4194304                                   {product} {ergonomic}
   size_t MaxHeapSize                              = 3676307456                                {product} {ergonomic}
   size_t MaxNewSize                               = 2204106752                                {product} {ergonomic}
   size_t MinHeapDeltaBytes                        = 2097152                                   {product} {ergonomic}
   size_t MinHeapSize                              = 8388608                                   {product} {ergonomic}
    uintx NonNMethodCodeHeapSize                   = 5839372                                {pd product} {ergonomic}
    uintx NonProfiledCodeHeapSize                  = 122909434                              {pd product} {ergonomic}
    uintx ProfiledCodeHeapSize                     = 122909434                              {pd product} {ergonomic}
    uintx ReservedCodeCacheSize                    = 251658240                              {pd product} {ergonomic}
     bool SegmentedCodeCache                       = true                                      {product} {ergonomic}
   size_t SoftMaxHeapSize                          = 3676307456                             {manageable} {ergonomic}
     bool UseCompressedOops                        = true                           {product lp64_product} {ergonomic}
     bool UseG1GC                                  = true                                      {product} {ergonomic}
     bool UseLargePagesIndividualAllocation        = false                                  {pd product} {ergonomic}

Logging:
Log output configuration:
 #0: stdout all=off uptime,level,tags foldmultilines=false
 #1: stderr all=off uptime,level,tags foldmultilines=false

Environment Variables:
PATH=C:\Windows\system32;C:\Windows;C:\Windows\System32\Wbem;C:\Windows\System32\WindowsPowerShell\v1.0\;C:\Windows\System32\OpenSSH\;C:\Program Files\Git\cmd;C:\Users\Nursultan\AppData\Local\Microsoft\WindowsApps;;C:\Program Files\JetBrains\IntelliJ IDEA 2023.2.5\bin;
USERNAME=Nursultan
OS=Windows_NT
PROCESSOR_IDENTIFIER=AMD64 Family 25 Model 68 Stepping 1, AuthenticAMD
TMP=C:\Users\NURSUL~1\AppData\Local\Temp
TEMP=C:\Users\NURSUL~1\AppData\Local\Temp




Periodic native trim disabled

---------------  S Y S T E M  ---------------

OS:
 Windows 10 , 64 bit Build 19041 (10.0.19041.3636)
OS uptime: 2 days 14:03 hours

CPU: total 12 (initial active 12) (12 cores per cpu, 2 threads per core) family 25 model 68 stepping 1 microcode 0x0, cx8, cmov, fxsr, ht, mmx, 3dnowpref, sse, sse2, sse3, ssse3, sse4a, sse4.1, sse4.2, popcnt, lzcnt, tsc, tscinvbit, avx, avx2, aes, clmul, bmi1, bmi2, adx, sha, fma, vzeroupper, clflush, clflushopt, rdtscp, rdpid, f16c, pku, cet_ss
Processor Information for processor 0
  Max Mhz: 3301, Current Mhz: 3301, Mhz Limit: 3301
Processor Information for processor 1
  Max Mhz: 3301, Current Mhz: 3301, Mhz Limit: 3301
Processor Information for processor 2
  Max Mhz: 3301, Current Mhz: 1100, Mhz Limit: 3301
Processor Information for processor 3
  Max Mhz: 3301, Current Mhz: 1100, Mhz Limit: 3301
Processor Information for processor 4
  Max Mhz: 3301, Current Mhz: 1100, Mhz Limit: 3301
Processor Information for processor 5
  Max Mhz: 3301, Current Mhz: 1100, Mhz Limit: 3301
Processor Information for processor 6
  Max Mhz: 3301, Current Mhz: 1100, Mhz Limit: 3301
Processor Information for processor 7
  Max Mhz: 3301, Current Mhz: 1100, Mhz Limit: 3301
Processor Information for processor 8
  Max Mhz: 3301, Current Mhz: 2558, Mhz Limit: 3301
Processor Information for processor 9
  Max Mhz: 3301, Current Mhz: 2558, Mhz Limit: 3301
Processor Information for processor 10
  Max Mhz: 3301, Current Mhz: 1100, Mhz Limit: 3301
Processor Information for processor 11
  Max Mhz: 3301, Current Mhz: 1100, Mhz Limit: 3301

Memory: 4k page, system-wide physical 14020M (5664M free)
TotalPageFile size 16196M (AvailPageFile size 4648M)
current process WorkingSet (physical memory assigned to process): 158M, peak: 171M
current process commit charge ("private bytes"): 433M, peak: 460M

vm_info: OpenJDK 64-Bit Server VM (21.0.1+12-29) for windows-amd64 JRE (21.0.1+12-29), built on 2023-10-05T13:27:09Z by "mach5one" with MS VC++ 17.1 (VS2022)

END.
