#
# A fatal error has been detected by the Java Runtime Environment:
#
#  EXCEPTION_ACCESS_VIOLATION (0xc0000005) at pc=0x00007fff7d266587, pid=2944, tid=1172
#
# JRE version: OpenJDK Runtime Environment (21.0.1+12) (build 21.0.1+12-29)
# Java VM: OpenJDK 64-Bit Server VM (21.0.1+12-29, mixed mode, sharing, tiered, compressed oops, compressed class ptrs, g1 gc, windows-amd64)
# Problematic frame:
# C  [glass.dll+0x26587]
#
# No core dump will be written. Minidumps are not enabled by default on client versions of Windows
#
# If you would like to submit a bug report, please visit:
#   https://bugreport.java.com/bugreport/crash.jsp
#

---------------  S U M M A R Y ------------

Command Line: -javaagent:C:\Program Files\JetBrains\IntelliJ IDEA 2023.2.5\lib\idea_rt.jar=61265:C:\Program Files\JetBrains\IntelliJ IDEA 2023.2.5\bin -Dfile.encoding=UTF-8 -Dsun.stdout.encoding=UTF-8 -Dsun.stderr.encoding=UTF-8 --module-path=C:\Users\Nursultan\.m2\repository\org\openjfx\javafx-controls\21-ea+24\javafx-controls-21-ea+24-win.jar;C:\Users\Nursultan\.m2\repository\org\openjfx\javafx-base\21-ea+24\javafx-base-21-ea+24-win.jar;C:\Users\Nursultan\IdeaProjects\SoftWareProject\target\classes;C:\Users\Nursultan\.m2\repository\org\openjfx\javafx-graphics\21-ea+24\javafx-graphics-21-ea+24-win.jar;C:\Users\Nursultan\.m2\repository\org\openjfx\javafx-fxml\21-ea+24\javafx-fxml-21-ea+24-win.jar -Djdk.module.main=com.example.softwareproject com.example.softwareproject/com.example.softwareproject.HelloApplication

Host: AMD Ryzen 5 6600HS Creator Edition             , 12 cores, 13G,  Windows 10 , 64 bit Build 19041 (10.0.19041.3636)
Time: Thu Dec 14 23:04:24 2023  Windows 10 , 64 bit Build 19041 (10.0.19041.3636) elapsed time: 57.976479 seconds (0d 0h 0m 57s)

---------------  T H R E A D  ---------------

Current thread (0x000002482ccfab90):  VMThread "VM Thread"          [id=1172, stack(0x0000005c94d00000,0x0000005c94e00000) (1024K)]

Stack: [0x0000005c94d00000,0x0000005c94e00000],  sp=0x0000005c94dff130,  free space=1020k
Native frames: (J=compiled Java code, j=interpreted, Vv=VM code, C=native code)
C  [glass.dll+0x26587]


siginfo: EXCEPTION_ACCESS_VIOLATION (0xc0000005), reading address 0x0000000000000000


Registers:
RAX=0x0000000000000000, RBX=0x000002484da054ea, RCX=0x000002482ccfab90, RDX=0x0000005c94dff130
RSP=0x0000005c94dff130, RBP=0x00000248938156a8, RSI=0x0000024893815680, RDI=0x000036bf8c06bcf2
R8 =0x0000000000010002, R9 =0x000036bf8c06bcf2, R10=0x0000000000008000, R11=0x0000005c94dff0c0
R12=0x00007fff7d263ed0, R13=0x00007fff7d171fa0, R14=0x0000005c94dff228, R15=0x0000024893815680
RIP=0x00007fff7d266587, EFLAGS=0x0000000000010206


Register to memory mapping:

RAX=0x0 is null
RBX=0x000002484da054ea is a global jni handle
RCX=0x000002482ccfab90 points into unknown readable memory: 0x00007fff7cf83f88 | 88 3f f8 7c ff 7f 00 00
RDX=0x0000005c94dff130 points into unknown readable memory: 0x0000000000000000 | 00 00 00 00 00 00 00 00
RSP=0x0000005c94dff130 points into unknown readable memory: 0x0000000000000000 | 00 00 00 00 00 00 00 00
RBP=0x00000248938156a8 points into unknown readable memory: 0x000036bf8c06bcf2 | f2 bc 06 8c bf 36 00 00
RSI=0x0000024893815680 points into unknown readable memory: 0xe7a036be73fb486a | 6a 48 fb 73 be 36 a0 e7
RDI=0x000036bf8c06bcf2 is an unknown value
R8 =0x0000000000010002 is an unknown value
R9 =0x000036bf8c06bcf2 is an unknown value
R10=0x0000000000008000 is an unknown value
R11=0x0000005c94dff0c0 points into unknown readable memory: 0x0000024893815680 | 80 56 81 93 48 02 00 00
R12=0x00007fff7d263ed0 glass.dll
R13=0x00007fff7d171fa0 jvm.dll
R14=0x0000005c94dff228 points into unknown readable memory: 0x0000005c94dff210 | 10 f2 df 94 5c 00 00 00
R15=0x0000024893815680 points into unknown readable memory: 0xe7a036be73fb486a | 6a 48 fb 73 be 36 a0 e7

Top of Stack: (sp=0x0000005c94dff130)
0x0000005c94dff130:   0000000000000000 0000024893815680
0x0000005c94dff140:   00007fff7d171fa0 00007fff7d263ed0
0x0000005c94dff150:   0000024893815688 00007fffa25242d6
0x0000005c94dff160:   000036bf8c06bcf2 0000024800000000
0x0000005c94dff170:   00000248938156a8 0000024893815680
0x0000005c94dff180:   fffffffffffffffe 0000000000000000
0x0000005c94dff190:   0000000000000001 00007fff7d240000
0x0000005c94dff1a0:   0000005c94dff218 00007fffa25241fb
0x0000005c94dff1b0:   0000000000000000 0000005c94dff228
0x0000005c94dff1c0:   0000005c94dff500 00007fffa2600e40
0x0000005c94dff1d0:   0000000000000001 00007fffa25241b4
0x0000005c94dff1e0:   0000000000000000 0000000000000001
0x0000005c94dff1f0:   00007fff984b2dd0 0000005c94dff218
0x0000005c94dff200:   000000000000000d 00007fff7d263d5d
0x0000005c94dff210:   00007fff7d27a008 00007fff00000002
0x0000005c94dff220:   0000000000000002 0000005c94dff210
0x0000005c94dff230:   0000000000000000 00007fffa4cc9993
0x0000005c94dff240:   0000000000000000 00007fff7d263e82
0x0000005c94dff250:   0000000000000001 0000000000000000
0x0000005c94dff260:   0000000000000000 00007fffa2600e40
0x0000005c94dff270:   000002482cced618 00007fffa251f05b
0x0000005c94dff280:   0000024800000001 0000000000000016
0x0000005c94dff290:   00007fff7d240000 000000007ffe0384
0x0000005c94dff2a0:   0000000000000000 00007fffa4cc9a1d
0x0000005c94dff2b0:   00007fff7d240000 0000000000000000
0x0000005c94dff2c0:   0000000000000001 000000007ffe0385
0x0000005c94dff2d0:   0000000000000000 00007fffa4d0de41
0x0000005c94dff2e0:   0000eb5ed0954a00 0000000000000014
0x0000005c94dff2f0:   00007fff7d263ed0 0000000000000000
0x0000005c94dff300:   0000000000000000 0000005c94183000
0x0000005c94dff310:   0000024893936030 00007fffa4d0dcda
0x0000005c94dff320:   000002489310cc30 00007fff7d240000 

Instructions: (pc=0x00007fff7d266587)
0x00007fff7d266487:   8b 4d 58 e8 8d cf ff ff 48 8b 4d 60 e8 84 cf ff
0x00007fff7d266497:   ff 48 8b 95 80 00 00 00 48 8b 8d 18 01 00 00 e8
0x00007fff7d2664a7:   76 c4 ff ff 33 d2 33 c9 e8 cc e1 ff ff 90 48 89
0x00007fff7d2664b7:   54 24 10 55 48 83 ec 20 48 8b ea 48 b8 00 00 00
0x00007fff7d2664c7:   00 00 00 00 00 48 83 c4 20 5d c3 cc 40 55 48 8b
0x00007fff7d2664d7:   ea 48 8b 01 33 c9 81 38 05 00 00 c0 0f 94 c1 8b
0x00007fff7d2664e7:   c1 5d c3 cc 40 55 48 83 ec 20 48 8b ea 8a 4d 40
0x00007fff7d2664f7:   48 83 c4 20 5d e9 73 d3 ff ff cc 40 55 48 83 ec
0x00007fff7d266507:   20 48 8b ea 8a 4d 20 e8 61 d3 ff ff 90 48 83 c4
0x00007fff7d266517:   20 5d c3 cc 40 55 48 83 ec 20 48 8b ea 48 83 c4
0x00007fff7d266527:   20 5d e9 c2 d1 ff ff cc 40 55 48 83 ec 30 48 8b
0x00007fff7d266537:   ea 48 8b 01 8b 10 48 89 4c 24 28 89 54 24 20 4c
0x00007fff7d266547:   8d 0d 63 d6 ff ff 4c 8b 45 70 8b 55 68 48 8b 4d
0x00007fff7d266557:   60 e8 03 d1 ff ff 90 48 83 c4 30 5d c3 cc cc cc
0x00007fff7d266567:   cc cc cc cc cc cc cc cc cc 40 53 48 83 ec 20 48
0x00007fff7d266577:   8b 1d 8b 34 01 00 48 85 db 74 16 e8 89 8f ff ff
0x00007fff7d266587:   4c 8b 00 48 8b d3 48 8b c8 41 ff 90 b0 00 00 00
0x00007fff7d266597:   90 48 83 c4 20 5b c3 cc cc 40 53 48 83 ec 20 48
0x00007fff7d2665a7:   8b 1d fb 35 01 00 48 85 db 74 57 b8 ff ff ff ff
0x00007fff7d2665b7:   f0 0f c1 43 10 83 f8 01 75 3d 48 85 db 74 38 48
0x00007fff7d2665c7:   8b 0b 48 85 c9 74 0d ff 15 d4 0c 00 00 48 c7 03
0x00007fff7d2665d7:   00 00 00 00 48 8b 4b 08 48 85 c9 74 0d e8 33 ce
0x00007fff7d2665e7:   ff ff 48 c7 43 08 00 00 00 00 ba 18 00 00 00 48
0x00007fff7d2665f7:   8b cb e8 1e ce ff ff 48 c7 05 9f 35 01 00 00 00
0x00007fff7d266607:   00 00 48 83 c4 20 5b c3 cc 40 53 48 83 ec 20 48
0x00007fff7d266617:   8b 1d 6b 35 01 00 48 85 db 74 57 b8 ff ff ff ff
0x00007fff7d266627:   f0 0f c1 43 10 83 f8 01 75 3d 48 85 db 74 38 48
0x00007fff7d266637:   8b 0b 48 85 c9 74 0d ff 15 64 0c 00 00 48 c7 03
0x00007fff7d266647:   00 00 00 00 48 8b 4b 08 48 85 c9 74 0d e8 c3 cd
0x00007fff7d266657:   ff ff 48 c7 43 08 00 00 00 00 ba 18 00 00 00 48
0x00007fff7d266667:   8b cb e8 ae cd ff ff 48 c7 05 0f 35 01 00 00 00
0x00007fff7d266677:   00 00 48 83 c4 20 5b c3 cc 40 53 48 83 ec 20 48 


Stack slot to memory mapping:

stack at sp + 0 slots: 0x0 is null
stack at sp + 1 slots: 0x0000024893815680 points into unknown readable memory: 0xe7a036be73fb486a | 6a 48 fb 73 be 36 a0 e7
stack at sp + 2 slots: 0x00007fff7d171fa0 jvm.dll
stack at sp + 3 slots: 0x00007fff7d263ed0 glass.dll
stack at sp + 4 slots: 0x0000024893815688 points into unknown readable memory: 0x000036bf8c06bcf2 | f2 bc 06 8c bf 36 00 00
stack at sp + 5 slots: 0x00007fffa25242d6 ucrtbase.dll
stack at sp + 6 slots: 0x000036bf8c06bcf2 is an unknown value
stack at sp + 7 slots: 0x0000024800000000 is an unknown value

VM_Operation (0x0000005c97afeec0): Exit, mode: safepoint, requested by thread 0x00000248944040b0


---------------  P R O C E S S  ---------------

Threads class SMR info:
_java_thread_list=0x00000248a5e828e0, length=19, elements={
0x000002482ef941c0, 0x000002484da1b780, 0x000002484da1cc60, 0x000002484da257e0,
0x000002484da285f0, 0x000002484da29050, 0x000002484da26240, 0x000002484da3da80,
0x000002484dc33090, 0x000002489327be50, 0x000002484de31bd0, 0x0000024893646c40,
0x000002489394d2b0, 0x0000024893928fe0, 0x000002489407ab80, 0x0000024894099200,
0x00000248938c8a10, 0x0000024894404dd0, 0x00000248944040b0
}

Java Threads: ( => current thread )
  0x000002482ef941c0 JavaThread "main"                              [_thread_blocked, id=7020, stack(0x0000005c94600000,0x0000005c94700000) (1024K)]
  0x000002484da1b780 JavaThread "Reference Handler"          daemon [_thread_blocked, id=17372, stack(0x0000005c94e00000,0x0000005c94f00000) (1024K)]
  0x000002484da1cc60 JavaThread "Finalizer"                  daemon [_thread_blocked, id=8116, stack(0x0000005c94f00000,0x0000005c95000000) (1024K)]
  0x000002484da257e0 JavaThread "Attach Listener"            daemon [_thread_blocked, id=5880, stack(0x0000005c95100000,0x0000005c95200000) (1024K)]
  0x000002484da285f0 JavaThread "Service Thread"             daemon [_thread_blocked, id=11556, stack(0x0000005c95200000,0x0000005c95300000) (1024K)]
  0x000002484da29050 JavaThread "Monitor Deflation Thread"   daemon [_thread_blocked, id=8916, stack(0x0000005c95300000,0x0000005c95400000) (1024K)]
  0x000002484da26240 JavaThread "C2 CompilerThread0"         daemon [_thread_blocked, id=2044, stack(0x0000005c95400000,0x0000005c95500000) (1024K)]
  0x000002484da3da80 JavaThread "C1 CompilerThread0"         daemon [_thread_blocked, id=16112, stack(0x0000005c95500000,0x0000005c95600000) (1024K)]
  0x000002484dc33090 JavaThread "Common-Cleaner"             daemon [_thread_blocked, id=15120, stack(0x0000005c95600000,0x0000005c95700000) (1024K)]
  0x000002489327be50 JavaThread "Monitor Ctrl-Break"         daemon [_thread_in_native, id=18672, stack(0x0000005c95900000,0x0000005c95a00000) (1024K)]
  0x000002484de31bd0 JavaThread "Notification Thread"        daemon [_thread_blocked, id=6728, stack(0x0000005c95a00000,0x0000005c95b00000) (1024K)]
  0x0000024893646c40 JavaThread "QuantumRenderer-0"          daemon [_thread_blocked, id=20316, stack(0x0000005c95b00000,0x0000005c95c00000) (1024K)]
  0x000002489394d2b0 JavaThread "InvokeLaterDispatcher"      daemon [_thread_blocked, id=20224, stack(0x0000005c95c00000,0x0000005c95d00000) (1024K)]
  0x0000024893928fe0 JavaThread "JavaFX Application Thread"         [_thread_in_native, id=13348, stack(0x0000005c95d00000,0x0000005c95e00000) (1024K)]
  0x000002489407ab80 JavaThread "JavaFX-Launcher"                   [_thread_blocked, id=10592, stack(0x0000005c96b00000,0x0000005c96c00000) (1024K)]
  0x0000024894099200 JavaThread "Thread-2"                   daemon [_thread_in_native, id=13964, stack(0x0000005c96a00000,0x0000005c96b00000) (1024K)]
  0x00000248938c8a10 JavaThread "Prism Font Disposer"        daemon [_thread_blocked, id=12600, stack(0x0000005c97400000,0x0000005c97500000) (1024K)]
  0x0000024894404dd0 JavaThread "Cleaner-0"                  daemon [_thread_blocked, id=17332, stack(0x0000005c97900000,0x0000005c97a00000) (1024K)]
  0x00000248944040b0 JavaThread "SIGINT handler"             daemon [_thread_blocked, id=13816, stack(0x0000005c97a00000,0x0000005c97b00000) (1024K)]
Total: 19

Other Threads:
=>0x000002482ccfab90 VMThread "VM Thread"                           [id=1172, stack(0x0000005c94d00000,0x0000005c94e00000) (1024K)]
  0x000002482ccf9d10 WorkerThread "GC Thread#0"                     [id=18772, stack(0x0000005c94700000,0x0000005c94800000) (1024K)]
  0x000002482ccfb2d0 WorkerThread "GC Thread#1"                     [id=10520, stack(0x0000005c96c00000,0x0000005c96d00000) (1024K)]
  0x000002482ccfb670 WorkerThread "GC Thread#2"                     [id=16824, stack(0x0000005c96d00000,0x0000005c96e00000) (1024K)]
  0x00000248940f3c70 WorkerThread "GC Thread#3"                     [id=12088, stack(0x0000005c96e00000,0x0000005c96f00000) (1024K)]
  0x00000248940f0610 WorkerThread "GC Thread#4"                     [id=10444, stack(0x0000005c96f00000,0x0000005c97000000) (1024K)]
  0x00000248940f2310 WorkerThread "GC Thread#5"                     [id=15712, stack(0x0000005c97000000,0x0000005c97100000) (1024K)]
  0x00000248940f26b0 WorkerThread "GC Thread#6"                     [id=3940, stack(0x0000005c97500000,0x0000005c97600000) (1024K)]
  0x00000248940f2a50 WorkerThread "GC Thread#7"                     [id=14860, stack(0x0000005c97600000,0x0000005c97700000) (1024K)]
  0x00000248940f3530 WorkerThread "GC Thread#8"                     [id=14956, stack(0x0000005c97700000,0x0000005c97800000) (1024K)]
  0x00000248940f1f70 WorkerThread "GC Thread#9"                     [id=7692, stack(0x0000005c97800000,0x0000005c97900000) (1024K)]
  0x000002482f002ab0 ConcurrentGCThread "G1 Main Marker"            terminated
  0x000002482ccfa0b0 WorkerThread "G1 Conc#0"                       [id=10800, stack(0x0000005c94900000,0x0000005c94a00000) (1024K)]
  0x000002482f06e070 ConcurrentGCThread "G1 Refine#0"               terminated
  0x000002484d8b8510 ConcurrentGCThread "G1 Service"                terminated
Total: 15

Threads with active compile tasks:
Total: 0

VM state: at safepoint (shutting down)

VM Mutex/Monitor currently owned by a thread:  ([mutex/lock_event])
[0x00007fff7d14a5f8] Threads_lock - owner thread: 0x000002482ccfab90
[0x00007fff7d14a6f8] Heap_lock - owner thread: 0x00000248944040b0

Heap address: 0x0000000724e00000, size: 3506 MB, Compressed Oops mode: Zero based, Oop shift amount: 3

CDS archive(s) mapped at: [0x000002484e000000-0x000002484ec90000-0x000002484ec90000), size 13172736, SharedBaseAddress: 0x000002484e000000, ArchiveRelocationMode: 1.
Compressed class space mapped at: 0x000002484f000000-0x000002488f000000, reserved size: 1073741824
Narrow klass base: 0x000002484e000000, Narrow klass shift: 0, Narrow klass range: 0x100000000

GC Precious Log:
 CardTable entry size: 512
 Card Set container configuration: InlinePtr #cards 4 size 8 Array Of Cards #cards 16 size 48 Howl #buckets 8 coarsen threshold 3686 Howl Bitmap #cards 512 size 80 coarsen threshold 460 Card regions per heap region 1 cards per card region 4096
 CPUs: 12 total, 12 available
 Memory: 14020M
 Large Page Support: Disabled
 NUMA Support: Disabled
 Compressed Oops: Enabled (Zero based)
 Heap Region Size: 2M
 Heap Min Capacity: 8M
 Heap Initial Capacity: 220M
 Heap Max Capacity: 3506M
 Pre-touch: Disabled
 Parallel Workers: 10
 Concurrent Workers: 3
 Concurrent Refinement Workers: 10
 Periodic GC: Disabled

Heap:
 garbage-first heap   total 225280K, used 53027K [0x0000000724e00000, 0x0000000800000000)
  region size 2048K, 27 young (55296K), 3 survivors (6144K)
 Metaspace       used 17911K, committed 18304K, reserved 1114112K
  class space    used 2494K, committed 2688K, reserved 1048576K

Heap Regions: E=young(eden), S=young(survivor), O=old, HS=humongous(starts), HC=humongous(continues), CS=collection set, F=free, TAMS=top-at-mark-start, PB=parsable bottom
|   0|0x0000000724e00000, 0x0000000725000000, 0x0000000725000000|100%|HS|  |TAMS 0x0000000724e00000| PB 0x0000000724e00000| Complete 
|   1|0x0000000725000000, 0x0000000725000000, 0x0000000725200000|  0%| F|  |TAMS 0x0000000725000000| PB 0x0000000725000000| Untracked 
|   2|0x0000000725200000, 0x0000000725200000, 0x0000000725400000|  0%| F|  |TAMS 0x0000000725200000| PB 0x0000000725200000| Untracked 
|   3|0x0000000725400000, 0x0000000725400000, 0x0000000725600000|  0%| F|  |TAMS 0x0000000725400000| PB 0x0000000725400000| Untracked 
|   4|0x0000000725600000, 0x0000000725600000, 0x0000000725800000|  0%| F|  |TAMS 0x0000000725600000| PB 0x0000000725600000| Untracked 
|   5|0x0000000725800000, 0x0000000725800000, 0x0000000725a00000|  0%| F|  |TAMS 0x0000000725800000| PB 0x0000000725800000| Untracked 
|   6|0x0000000725a00000, 0x0000000725a00000, 0x0000000725c00000|  0%| F|  |TAMS 0x0000000725a00000| PB 0x0000000725a00000| Untracked 
|   7|0x0000000725c00000, 0x0000000725c00000, 0x0000000725e00000|  0%| F|  |TAMS 0x0000000725c00000| PB 0x0000000725c00000| Untracked 
|   8|0x0000000725e00000, 0x0000000725e00000, 0x0000000726000000|  0%| F|  |TAMS 0x0000000725e00000| PB 0x0000000725e00000| Untracked 
|   9|0x0000000726000000, 0x0000000726000000, 0x0000000726200000|  0%| F|  |TAMS 0x0000000726000000| PB 0x0000000726000000| Untracked 
|  10|0x0000000726200000, 0x0000000726200000, 0x0000000726400000|  0%| F|  |TAMS 0x0000000726200000| PB 0x0000000726200000| Untracked 
|  11|0x0000000726400000, 0x0000000726400000, 0x0000000726600000|  0%| F|  |TAMS 0x0000000726400000| PB 0x0000000726400000| Untracked 
|  12|0x0000000726600000, 0x0000000726600000, 0x0000000726800000|  0%| F|  |TAMS 0x0000000726600000| PB 0x0000000726600000| Untracked 
|  13|0x0000000726800000, 0x0000000726800000, 0x0000000726a00000|  0%| F|  |TAMS 0x0000000726800000| PB 0x0000000726800000| Untracked 
|  14|0x0000000726a00000, 0x0000000726a00000, 0x0000000726c00000|  0%| F|  |TAMS 0x0000000726a00000| PB 0x0000000726a00000| Untracked 
|  15|0x0000000726c00000, 0x0000000726c00000, 0x0000000726e00000|  0%| F|  |TAMS 0x0000000726c00000| PB 0x0000000726c00000| Untracked 
|  16|0x0000000726e00000, 0x0000000726e00000, 0x0000000727000000|  0%| F|  |TAMS 0x0000000726e00000| PB 0x0000000726e00000| Untracked 
|  17|0x0000000727000000, 0x0000000727000000, 0x0000000727200000|  0%| F|  |TAMS 0x0000000727000000| PB 0x0000000727000000| Untracked 
|  18|0x0000000727200000, 0x0000000727200000, 0x0000000727400000|  0%| F|  |TAMS 0x0000000727200000| PB 0x0000000727200000| Untracked 
|  19|0x0000000727400000, 0x0000000727400000, 0x0000000727600000|  0%| F|  |TAMS 0x0000000727400000| PB 0x0000000727400000| Untracked 
|  20|0x0000000727600000, 0x0000000727600000, 0x0000000727800000|  0%| F|  |TAMS 0x0000000727600000| PB 0x0000000727600000| Untracked 
|  21|0x0000000727800000, 0x0000000727800000, 0x0000000727a00000|  0%| F|  |TAMS 0x0000000727800000| PB 0x0000000727800000| Untracked 
|  22|0x0000000727a00000, 0x0000000727a00000, 0x0000000727c00000|  0%| F|  |TAMS 0x0000000727a00000| PB 0x0000000727a00000| Untracked 
|  23|0x0000000727c00000, 0x0000000727c00000, 0x0000000727e00000|  0%| F|  |TAMS 0x0000000727c00000| PB 0x0000000727c00000| Untracked 
|  24|0x0000000727e00000, 0x0000000727e00000, 0x0000000728000000|  0%| F|  |TAMS 0x0000000727e00000| PB 0x0000000727e00000| Untracked 
|  25|0x0000000728000000, 0x0000000728000000, 0x0000000728200000|  0%| F|  |TAMS 0x0000000728000000| PB 0x0000000728000000| Untracked 
|  26|0x0000000728200000, 0x0000000728200000, 0x0000000728400000|  0%| F|  |TAMS 0x0000000728200000| PB 0x0000000728200000| Untracked 
|  27|0x0000000728400000, 0x0000000728400000, 0x0000000728600000|  0%| F|  |TAMS 0x0000000728400000| PB 0x0000000728400000| Untracked 
|  28|0x0000000728600000, 0x0000000728600000, 0x0000000728800000|  0%| F|  |TAMS 0x0000000728600000| PB 0x0000000728600000| Untracked 
|  29|0x0000000728800000, 0x0000000728800000, 0x0000000728a00000|  0%| F|  |TAMS 0x0000000728800000| PB 0x0000000728800000| Untracked 
|  30|0x0000000728a00000, 0x0000000728a00000, 0x0000000728c00000|  0%| F|  |TAMS 0x0000000728a00000| PB 0x0000000728a00000| Untracked 
|  31|0x0000000728c00000, 0x0000000728c00000, 0x0000000728e00000|  0%| F|  |TAMS 0x0000000728c00000| PB 0x0000000728c00000| Untracked 
|  32|0x0000000728e00000, 0x0000000728e00000, 0x0000000729000000|  0%| F|  |TAMS 0x0000000728e00000| PB 0x0000000728e00000| Untracked 
|  33|0x0000000729000000, 0x0000000729000000, 0x0000000729200000|  0%| F|  |TAMS 0x0000000729000000| PB 0x0000000729000000| Untracked 
|  34|0x0000000729200000, 0x0000000729200000, 0x0000000729400000|  0%| F|  |TAMS 0x0000000729200000| PB 0x0000000729200000| Untracked 
|  35|0x0000000729400000, 0x0000000729400000, 0x0000000729600000|  0%| F|  |TAMS 0x0000000729400000| PB 0x0000000729400000| Untracked 
|  36|0x0000000729600000, 0x0000000729600000, 0x0000000729800000|  0%| F|  |TAMS 0x0000000729600000| PB 0x0000000729600000| Untracked 
|  37|0x0000000729800000, 0x0000000729800000, 0x0000000729a00000|  0%| F|  |TAMS 0x0000000729800000| PB 0x0000000729800000| Untracked 
|  38|0x0000000729a00000, 0x0000000729a00000, 0x0000000729c00000|  0%| F|  |TAMS 0x0000000729a00000| PB 0x0000000729a00000| Untracked 
|  39|0x0000000729c00000, 0x0000000729c00000, 0x0000000729e00000|  0%| F|  |TAMS 0x0000000729c00000| PB 0x0000000729c00000| Untracked 
|  40|0x0000000729e00000, 0x0000000729e00000, 0x000000072a000000|  0%| F|  |TAMS 0x0000000729e00000| PB 0x0000000729e00000| Untracked 
|  41|0x000000072a000000, 0x000000072a000000, 0x000000072a200000|  0%| F|  |TAMS 0x000000072a000000| PB 0x000000072a000000| Untracked 
|  42|0x000000072a200000, 0x000000072a200000, 0x000000072a400000|  0%| F|  |TAMS 0x000000072a200000| PB 0x000000072a200000| Untracked 
|  43|0x000000072a400000, 0x000000072a400000, 0x000000072a600000|  0%| F|  |TAMS 0x000000072a400000| PB 0x000000072a400000| Untracked 
|  44|0x000000072a600000, 0x000000072a600000, 0x000000072a800000|  0%| F|  |TAMS 0x000000072a600000| PB 0x000000072a600000| Untracked 
|  45|0x000000072a800000, 0x000000072a800000, 0x000000072aa00000|  0%| F|  |TAMS 0x000000072a800000| PB 0x000000072a800000| Untracked 
|  46|0x000000072aa00000, 0x000000072aa00000, 0x000000072ac00000|  0%| F|  |TAMS 0x000000072aa00000| PB 0x000000072aa00000| Untracked 
|  47|0x000000072ac00000, 0x000000072ac00000, 0x000000072ae00000|  0%| F|  |TAMS 0x000000072ac00000| PB 0x000000072ac00000| Untracked 
|  48|0x000000072ae00000, 0x000000072ae00000, 0x000000072b000000|  0%| F|  |TAMS 0x000000072ae00000| PB 0x000000072ae00000| Untracked 
|  49|0x000000072b000000, 0x000000072b000000, 0x000000072b200000|  0%| F|  |TAMS 0x000000072b000000| PB 0x000000072b000000| Untracked 
|  50|0x000000072b200000, 0x000000072b200000, 0x000000072b400000|  0%| F|  |TAMS 0x000000072b200000| PB 0x000000072b200000| Untracked 
|  51|0x000000072b400000, 0x000000072b400000, 0x000000072b600000|  0%| F|  |TAMS 0x000000072b400000| PB 0x000000072b400000| Untracked 
|  52|0x000000072b600000, 0x000000072b600000, 0x000000072b800000|  0%| F|  |TAMS 0x000000072b600000| PB 0x000000072b600000| Untracked 
|  53|0x000000072b800000, 0x000000072b800000, 0x000000072ba00000|  0%| F|  |TAMS 0x000000072b800000| PB 0x000000072b800000| Untracked 
|  54|0x000000072ba00000, 0x000000072ba00000, 0x000000072bc00000|  0%| F|  |TAMS 0x000000072ba00000| PB 0x000000072ba00000| Untracked 
|  55|0x000000072bc00000, 0x000000072bc00000, 0x000000072be00000|  0%| F|  |TAMS 0x000000072bc00000| PB 0x000000072bc00000| Untracked 
|  56|0x000000072be00000, 0x000000072be00000, 0x000000072c000000|  0%| F|  |TAMS 0x000000072be00000| PB 0x000000072be00000| Untracked 
|  57|0x000000072c000000, 0x000000072c000000, 0x000000072c200000|  0%| F|  |TAMS 0x000000072c000000| PB 0x000000072c000000| Untracked 
|  58|0x000000072c200000, 0x000000072c200000, 0x000000072c400000|  0%| F|  |TAMS 0x000000072c200000| PB 0x000000072c200000| Untracked 
|  59|0x000000072c400000, 0x000000072c400000, 0x000000072c600000|  0%| F|  |TAMS 0x000000072c400000| PB 0x000000072c400000| Untracked 
|  60|0x000000072c600000, 0x000000072c600000, 0x000000072c800000|  0%| F|  |TAMS 0x000000072c600000| PB 0x000000072c600000| Untracked 
|  61|0x000000072c800000, 0x000000072c800000, 0x000000072ca00000|  0%| F|  |TAMS 0x000000072c800000| PB 0x000000072c800000| Untracked 
|  62|0x000000072ca00000, 0x000000072ca00000, 0x000000072cc00000|  0%| F|  |TAMS 0x000000072ca00000| PB 0x000000072ca00000| Untracked 
|  63|0x000000072cc00000, 0x000000072cc00000, 0x000000072ce00000|  0%| F|  |TAMS 0x000000072cc00000| PB 0x000000072cc00000| Untracked 
|  64|0x000000072ce00000, 0x000000072ce00000, 0x000000072d000000|  0%| F|  |TAMS 0x000000072ce00000| PB 0x000000072ce00000| Untracked 
|  65|0x000000072d000000, 0x000000072d000000, 0x000000072d200000|  0%| F|  |TAMS 0x000000072d000000| PB 0x000000072d000000| Untracked 
|  66|0x000000072d200000, 0x000000072d200000, 0x000000072d400000|  0%| F|  |TAMS 0x000000072d200000| PB 0x000000072d200000| Untracked 
|  67|0x000000072d400000, 0x000000072d400000, 0x000000072d600000|  0%| F|  |TAMS 0x000000072d400000| PB 0x000000072d400000| Untracked 
|  68|0x000000072d600000, 0x000000072d600000, 0x000000072d800000|  0%| F|  |TAMS 0x000000072d600000| PB 0x000000072d600000| Untracked 
|  69|0x000000072d800000, 0x000000072d800000, 0x000000072da00000|  0%| F|  |TAMS 0x000000072d800000| PB 0x000000072d800000| Untracked 
|  70|0x000000072da00000, 0x000000072da00000, 0x000000072dc00000|  0%| F|  |TAMS 0x000000072da00000| PB 0x000000072da00000| Untracked 
|  71|0x000000072dc00000, 0x000000072dc00000, 0x000000072de00000|  0%| F|  |TAMS 0x000000072dc00000| PB 0x000000072dc00000| Untracked 
|  72|0x000000072de00000, 0x000000072de00000, 0x000000072e000000|  0%| F|  |TAMS 0x000000072de00000| PB 0x000000072de00000| Untracked 
|  73|0x000000072e000000, 0x000000072e000000, 0x000000072e200000|  0%| F|  |TAMS 0x000000072e000000| PB 0x000000072e000000| Untracked 
|  74|0x000000072e200000, 0x000000072e200000, 0x000000072e400000|  0%| F|  |TAMS 0x000000072e200000| PB 0x000000072e200000| Untracked 
|  75|0x000000072e400000, 0x000000072e400000, 0x000000072e600000|  0%| F|  |TAMS 0x000000072e400000| PB 0x000000072e400000| Untracked 
|  76|0x000000072e600000, 0x000000072e600000, 0x000000072e800000|  0%| F|  |TAMS 0x000000072e600000| PB 0x000000072e600000| Untracked 
|  77|0x000000072e800000, 0x000000072e800000, 0x000000072ea00000|  0%| F|  |TAMS 0x000000072e800000| PB 0x000000072e800000| Untracked 
|  78|0x000000072ea00000, 0x000000072ea00000, 0x000000072ec00000|  0%| F|  |TAMS 0x000000072ea00000| PB 0x000000072ea00000| Untracked 
|  79|0x000000072ec00000, 0x000000072ec00000, 0x000000072ee00000|  0%| F|  |TAMS 0x000000072ec00000| PB 0x000000072ec00000| Untracked 
|  80|0x000000072ee00000, 0x000000072ee00000, 0x000000072f000000|  0%| F|  |TAMS 0x000000072ee00000| PB 0x000000072ee00000| Untracked 
|  81|0x000000072f000000, 0x000000072f000000, 0x000000072f200000|  0%| F|  |TAMS 0x000000072f000000| PB 0x000000072f000000| Untracked 
|  82|0x000000072f200000, 0x000000072f200000, 0x000000072f400000|  0%| F|  |TAMS 0x000000072f200000| PB 0x000000072f200000| Untracked 
|  83|0x000000072f400000, 0x000000072f543158, 0x000000072f600000| 63%| E|  |TAMS 0x000000072f400000| PB 0x000000072f400000| Complete 
|  84|0x000000072f600000, 0x000000072f800000, 0x000000072f800000|100%| E|CS|TAMS 0x000000072f600000| PB 0x000000072f600000| Complete 
|  85|0x000000072f800000, 0x000000072fa00000, 0x000000072fa00000|100%| E|CS|TAMS 0x000000072f800000| PB 0x000000072f800000| Complete 
|  86|0x000000072fa00000, 0x000000072fbc8f60, 0x000000072fc00000| 89%| S|CS|TAMS 0x000000072fa00000| PB 0x000000072fa00000| Complete 
|  87|0x000000072fc00000, 0x000000072fe00000, 0x000000072fe00000|100%| S|CS|TAMS 0x000000072fc00000| PB 0x000000072fc00000| Complete 
|  88|0x000000072fe00000, 0x0000000730000000, 0x0000000730000000|100%| S|CS|TAMS 0x000000072fe00000| PB 0x000000072fe00000| Complete 
|  89|0x0000000730000000, 0x0000000730200000, 0x0000000730200000|100%| E|CS|TAMS 0x0000000730000000| PB 0x0000000730000000| Complete 
|  90|0x0000000730200000, 0x0000000730400000, 0x0000000730400000|100%| E|CS|TAMS 0x0000000730200000| PB 0x0000000730200000| Complete 
|  91|0x0000000730400000, 0x0000000730600000, 0x0000000730600000|100%| E|CS|TAMS 0x0000000730400000| PB 0x0000000730400000| Complete 
|  92|0x0000000730600000, 0x0000000730800000, 0x0000000730800000|100%| E|CS|TAMS 0x0000000730600000| PB 0x0000000730600000| Complete 
|  93|0x0000000730800000, 0x0000000730a00000, 0x0000000730a00000|100%| E|CS|TAMS 0x0000000730800000| PB 0x0000000730800000| Complete 
|  94|0x0000000730a00000, 0x0000000730c00000, 0x0000000730c00000|100%| E|CS|TAMS 0x0000000730a00000| PB 0x0000000730a00000| Complete 
|  95|0x0000000730c00000, 0x0000000730e00000, 0x0000000730e00000|100%| E|CS|TAMS 0x0000000730c00000| PB 0x0000000730c00000| Complete 
|  96|0x0000000730e00000, 0x0000000731000000, 0x0000000731000000|100%| E|CS|TAMS 0x0000000730e00000| PB 0x0000000730e00000| Complete 
|  97|0x0000000731000000, 0x0000000731200000, 0x0000000731200000|100%| E|CS|TAMS 0x0000000731000000| PB 0x0000000731000000| Complete 
|  98|0x0000000731200000, 0x0000000731400000, 0x0000000731400000|100%| E|CS|TAMS 0x0000000731200000| PB 0x0000000731200000| Complete 
|  99|0x0000000731400000, 0x0000000731600000, 0x0000000731600000|100%| E|CS|TAMS 0x0000000731400000| PB 0x0000000731400000| Complete 
| 100|0x0000000731600000, 0x0000000731800000, 0x0000000731800000|100%| E|  |TAMS 0x0000000731600000| PB 0x0000000731600000| Complete 
| 101|0x0000000731800000, 0x0000000731a00000, 0x0000000731a00000|100%| E|CS|TAMS 0x0000000731800000| PB 0x0000000731800000| Complete 
| 102|0x0000000731a00000, 0x0000000731c00000, 0x0000000731c00000|100%| E|CS|TAMS 0x0000000731a00000| PB 0x0000000731a00000| Complete 
| 103|0x0000000731c00000, 0x0000000731e00000, 0x0000000731e00000|100%| E|CS|TAMS 0x0000000731c00000| PB 0x0000000731c00000| Complete 
| 104|0x0000000731e00000, 0x0000000732000000, 0x0000000732000000|100%| E|CS|TAMS 0x0000000731e00000| PB 0x0000000731e00000| Complete 
| 105|0x0000000732000000, 0x0000000732200000, 0x0000000732200000|100%| E|CS|TAMS 0x0000000732000000| PB 0x0000000732000000| Complete 
| 106|0x0000000732200000, 0x0000000732400000, 0x0000000732400000|100%| E|CS|TAMS 0x0000000732200000| PB 0x0000000732200000| Complete 
| 107|0x0000000732400000, 0x0000000732600000, 0x0000000732600000|100%| E|CS|TAMS 0x0000000732400000| PB 0x0000000732400000| Complete 
| 108|0x0000000732600000, 0x0000000732800000, 0x0000000732800000|100%| E|CS|TAMS 0x0000000732600000| PB 0x0000000732600000| Complete 
| 109|0x0000000732800000, 0x0000000732a00000, 0x0000000732a00000|100%| E|CS|TAMS 0x0000000732800000| PB 0x0000000732800000| Complete 

Card table byte_map: [0x0000024847020000,0x0000024847700000] _byte_map_base: 0x00000248436f9000

Marking Bits: (CMBitMap*) 0x000002482eff2d60
 Bits: [0x0000024847700000, 0x000002484adc8000)

Polling page: 0x000002482e770000

Metaspace:

Usage:
  Non-class:     15.06 MB used.
      Class:      2.44 MB used.
       Both:     17.49 MB used.

Virtual space:
  Non-class space:       64.00 MB reserved,      15.25 MB ( 24%) committed,  1 nodes.
      Class space:        1.00 GB reserved,       2.62 MB ( <1%) committed,  1 nodes.
             Both:        1.06 GB reserved,      17.88 MB (  2%) committed. 

Chunk freelists:
   Non-Class:  400.00 KB
       Class:  13.36 MB
        Both:  13.75 MB

MaxMetaspaceSize: unlimited
CompressedClassSpaceSize: 1.00 GB
Initial GC threshold: 21.00 MB
Current GC threshold: 21.00 MB
CDS: on
 - commit_granule_bytes: 65536.
 - commit_granule_words: 8192.
 - virtual_space_node_default_size: 8388608.
 - enlarge_chunks_in_place: 1.
 - use_allocation_guard: 0.


Internal statistics:

num_allocs_failed_limit: 0.
num_arena_births: 402.
num_arena_deaths: 0.
num_vsnodes_births: 2.
num_vsnodes_deaths: 0.
num_space_committed: 286.
num_space_uncommitted: 0.
num_chunks_returned_to_freelist: 0.
num_chunks_taken_from_freelist: 976.
num_chunk_merges: 0.
num_chunk_splits: 678.
num_chunks_enlarged: 514.
num_inconsistent_stats: 0.

CodeHeap 'non-profiled nmethods': size=120000Kb used=2274Kb max_used=2274Kb free=117725Kb
 bounds [0x000002483eec0000, 0x000002483f130000, 0x00000248463f0000]
CodeHeap 'profiled nmethods': size=120000Kb used=9271Kb max_used=9271Kb free=110728Kb
 bounds [0x00000248373f0000, 0x0000024837d00000, 0x000002483e920000]
CodeHeap 'non-nmethods': size=5760Kb used=1812Kb max_used=1844Kb free=3947Kb
 bounds [0x000002483e920000, 0x000002483eb90000, 0x000002483eec0000]
 total_blobs=5121 nmethods=4298 adapters=727
 compilation: enabled
              stopped_count=0, restarted_count=0
 full_count=0

Compilation events (20 events):
Event: 47.706 Thread 0x000002484da26240 4290       4       java.util.EnumSet::typeCheck (59 bytes)
Event: 47.706 Thread 0x000002484da26240 nmethod 4290 0x000002483f0f2490 code [0x000002483f0f2620, 0x000002483f0f2700]
Event: 48.820 Thread 0x000002484da26240 4291       4       com.sun.javafx.geom.transform.Affine3D::reset3Delements (31 bytes)
Event: 48.821 Thread 0x000002484da26240 nmethod 4291 0x000002483f0f2810 code [0x000002483f0f29c0, 0x000002483f0f2a68]
Event: 48.860 Thread 0x000002484da26240 4292       4       com.sun.javafx.collections.VetoableListDecorator::isEmpty (10 bytes)
Event: 48.861 Thread 0x000002484da26240 nmethod 4292 0x000002483f0f2b10 code [0x000002483f0f2ca0, 0x000002483f0f2db0]
Event: 48.895 Thread 0x000002484da26240 4293       4       java.util.concurrent.LinkedBlockingQueue::dequeue (32 bytes)
Event: 48.897 Thread 0x000002484da26240 nmethod 4293 0x000002483f0f2f10 code [0x000002483f0f30a0, 0x000002483f0f3310]
Event: 48.897 Thread 0x000002484da26240 4294       4       java.util.concurrent.atomic.AtomicInteger::getAndDecrement (12 bytes)
Event: 48.897 Thread 0x000002484da26240 nmethod 4294 0x000002483f0f3410 code [0x000002483f0f35a0, 0x000002483f0f3630]
Event: 50.015 Thread 0x000002484da3da80 4295       3       javafx.scene.Node::prefWidth (27 bytes)
Event: 50.016 Thread 0x000002484da3da80 nmethod 4295 0x0000024837cfd110 code [0x0000024837cfd300, 0x0000024837cfd960]
Event: 50.884 Thread 0x000002484da3da80 4296       3       javafx.scene.Node::minWidth (6 bytes)
Event: 50.884 Thread 0x000002484da3da80 nmethod 4296 0x0000024837cfdb10 code [0x0000024837cfdcc0, 0x0000024837cfde90]
Event: 50.904 Thread 0x000002484da26240 4297       4       javafx.scene.Node::syncPeer (43 bytes)
Event: 50.905 Thread 0x000002484da26240 nmethod 4297 0x000002483f0f3710 code [0x000002483f0f38c0, 0x000002483f0f3ab0]
Event: 51.233 Thread 0x000002484da26240 4298       4       javafx.scene.layout.VBox::growOrShrinkAreaHeights (397 bytes)
Event: 51.271 Thread 0x000002484da26240 nmethod 4298 0x000002483f0f3d10 code [0x000002483f0f42a0, 0x000002483f0f69a0]
Event: 51.272 Thread 0x000002484da26240 4299       4       java.lang.FdLibm::__HI (11 bytes)
Event: 51.272 Thread 0x000002484da26240 nmethod 4299 0x000002483f0f8710 code [0x000002483f0f8880, 0x000002483f0f88f8]

GC Heap History (4 events):
Event: 0.395 GC heap before
{Heap before GC invocations=0 (full 0):
 garbage-first heap   total 225280K, used 22528K [0x0000000724e00000, 0x0000000800000000)
  region size 2048K, 11 young (22528K), 0 survivors (0K)
 Metaspace       used 4767K, committed 4992K, reserved 1114112K
  class space    used 510K, committed 640K, reserved 1048576K
}
Event: 0.398 GC heap after
{Heap after GC invocations=1 (full 0):
 garbage-first heap   total 225280K, used 2634K [0x0000000724e00000, 0x0000000800000000)
  region size 2048K, 2 young (4096K), 2 survivors (4096K)
 Metaspace       used 4767K, committed 4992K, reserved 1114112K
  class space    used 510K, committed 640K, reserved 1048576K
}
Event: 0.760 GC heap before
{Heap before GC invocations=1 (full 0):
 garbage-first heap   total 225280K, used 39498K [0x0000000724e00000, 0x0000000800000000)
  region size 2048K, 21 young (43008K), 2 survivors (4096K)
 Metaspace       used 13304K, committed 13568K, reserved 1114112K
  class space    used 2056K, committed 2176K, reserved 1048576K
}
Event: 0.763 GC heap after
{Heap after GC invocations=2 (full 0):
 garbage-first heap   total 225280K, used 5923K [0x0000000724e00000, 0x0000000800000000)
  region size 2048K, 3 young (6144K), 3 survivors (6144K)
 Metaspace       used 13304K, committed 13568K, reserved 1114112K
  class space    used 2056K, committed 2176K, reserved 1048576K
}

Dll operation events (20 events):
Event: 0.225 Loaded shared library C:\Users\Nursultan\.openjfx\cache\21-ea+null\amd64\api-ms-win-crt-locale-l1-1-0.dll
Event: 0.226 Loaded shared library C:\Users\Nursultan\.openjfx\cache\21-ea+null\amd64\api-ms-win-crt-math-l1-1-0.dll
Event: 0.227 Loaded shared library C:\Users\Nursultan\.openjfx\cache\21-ea+null\amd64\api-ms-win-crt-multibyte-l1-1-0.dll
Event: 0.229 Loaded shared library C:\Users\Nursultan\.openjfx\cache\21-ea+null\amd64\api-ms-win-crt-private-l1-1-0.dll
Event: 0.231 Loaded shared library C:\Users\Nursultan\.openjfx\cache\21-ea+null\amd64\api-ms-win-crt-process-l1-1-0.dll
Event: 0.232 Loaded shared library C:\Users\Nursultan\.openjfx\cache\21-ea+null\amd64\api-ms-win-crt-runtime-l1-1-0.dll
Event: 0.233 Loaded shared library C:\Users\Nursultan\.openjfx\cache\21-ea+null\amd64\api-ms-win-crt-stdio-l1-1-0.dll
Event: 0.235 Loaded shared library C:\Users\Nursultan\.openjfx\cache\21-ea+null\amd64\api-ms-win-crt-string-l1-1-0.dll
Event: 0.236 Loaded shared library C:\Users\Nursultan\.openjfx\cache\21-ea+null\amd64\api-ms-win-crt-time-l1-1-0.dll
Event: 0.238 Loaded shared library C:\Users\Nursultan\.openjfx\cache\21-ea+null\amd64\api-ms-win-crt-utility-l1-1-0.dll
Event: 0.246 Loaded shared library C:\Users\Nursultan\.openjfx\cache\21-ea+null\amd64\ucrtbase.dll
Event: 0.249 Loaded shared library C:\Users\Nursultan\.openjfx\cache\21-ea+null\amd64\vcruntime140.dll
Event: 0.251 Loaded shared library C:\Users\Nursultan\.openjfx\cache\21-ea+null\amd64\vcruntime140_1.dll
Event: 0.256 Loaded shared library C:\Users\Nursultan\.openjfx\cache\21-ea+null\amd64\msvcp140.dll
Event: 0.258 Loaded shared library C:\Users\Nursultan\.openjfx\cache\21-ea+null\amd64\msvcp140_1.dll
Event: 0.261 Loaded shared library C:\Users\Nursultan\.openjfx\cache\21-ea+null\amd64\msvcp140_2.dll
Event: 0.284 Loaded shared library C:\Users\Nursultan\.openjfx\cache\21-ea+null\amd64\prism_d3d.dll
Event: 0.310 Loaded shared library C:\Users\Nursultan\.openjfx\cache\21-ea+null\amd64\glass.dll
Event: 0.410 Loaded shared library C:\Users\Nursultan\.jdks\openjdk-21.0.1\bin\jimage.dll
Event: 0.515 Loaded shared library C:\Users\Nursultan\.openjfx\cache\21-ea+null\amd64\javafx_font.dll

Deoptimization events (20 events):
Event: 30.313 Thread 0x0000024893928fe0 Uncommon trap: trap_request=0xffffffd6 fr.pc=0x000002483f0d81a8 relative=0x0000000000005188
Event: 30.313 Thread 0x0000024893928fe0 Uncommon trap: reason=array_check action=maybe_recompile pc=0x000002483f0d81a8 method=javafx.scene.layout.GridPane.computeGridMetrics()V @ 471 c2
Event: 30.313 Thread 0x0000024893928fe0 DEOPT PACKING pc=0x000002483f0d81a8 sp=0x0000005c95df8830
Event: 30.313 Thread 0x0000024893928fe0 DEOPT UNPACKING pc=0x000002483e9746a2 sp=0x0000005c95df87e8 mode 2
Event: 30.321 Thread 0x0000024893928fe0 Uncommon trap: trap_request=0xffffffd6 fr.pc=0x000002483f0d81a8 relative=0x0000000000005188
Event: 30.321 Thread 0x0000024893928fe0 Uncommon trap: reason=array_check action=maybe_recompile pc=0x000002483f0d81a8 method=javafx.scene.layout.GridPane.computeGridMetrics()V @ 471 c2
Event: 30.321 Thread 0x0000024893928fe0 DEOPT PACKING pc=0x000002483f0d81a8 sp=0x0000005c95df8830
Event: 30.321 Thread 0x0000024893928fe0 DEOPT UNPACKING pc=0x000002483e9746a2 sp=0x0000005c95df87e8 mode 2
Event: 30.334 Thread 0x0000024893928fe0 Uncommon trap: trap_request=0xffffffd6 fr.pc=0x000002483f0d81a8 relative=0x0000000000005188
Event: 30.334 Thread 0x0000024893928fe0 Uncommon trap: reason=array_check action=maybe_recompile pc=0x000002483f0d81a8 method=javafx.scene.layout.GridPane.computeGridMetrics()V @ 471 c2
Event: 30.334 Thread 0x0000024893928fe0 DEOPT PACKING pc=0x000002483f0d81a8 sp=0x0000005c95df8830
Event: 30.334 Thread 0x0000024893928fe0 DEOPT UNPACKING pc=0x000002483e9746a2 sp=0x0000005c95df87e8 mode 2
Event: 30.348 Thread 0x0000024893928fe0 Uncommon trap: trap_request=0xffffffd6 fr.pc=0x000002483f0d81a8 relative=0x0000000000005188
Event: 30.348 Thread 0x0000024893928fe0 Uncommon trap: reason=array_check action=maybe_recompile pc=0x000002483f0d81a8 method=javafx.scene.layout.GridPane.computeGridMetrics()V @ 471 c2
Event: 30.348 Thread 0x0000024893928fe0 DEOPT PACKING pc=0x000002483f0d81a8 sp=0x0000005c95df8830
Event: 30.348 Thread 0x0000024893928fe0 DEOPT UNPACKING pc=0x000002483e9746a2 sp=0x0000005c95df87e8 mode 2
Event: 41.408 Thread 0x0000024893928fe0 Uncommon trap: trap_request=0xffffff76 fr.pc=0x000002483f083d9c relative=0x00000000000005dc
Event: 41.408 Thread 0x0000024893928fe0 Uncommon trap: reason=predicate action=maybe_recompile pc=0x000002483f083d9c method=java.util.LinkedList.remove(Ljava/lang/Object;)Z @ 45 c2
Event: 41.408 Thread 0x0000024893928fe0 DEOPT PACKING pc=0x000002483f083d9c sp=0x0000005c95dfa770
Event: 41.408 Thread 0x0000024893928fe0 DEOPT UNPACKING pc=0x000002483e9746a2 sp=0x0000005c95dfa718 mode 2

Classes loaded (20 events):
Event: 4.091 Loading class java/util/BitSet
Event: 4.091 Loading class java/util/BitSet done
Event: 4.093 Loading class java/text/BreakIterator
Event: 4.093 Loading class java/text/BreakIterator done
Event: 4.093 Loading class sun/util/locale/provider/BreakIteratorProviderImpl
Event: 4.094 Loading class sun/util/locale/provider/BreakIteratorProviderImpl done
Event: 4.094 Loading class sun/util/locale/provider/BreakIteratorProviderImpl$GraphemeBreakIterator
Event: 4.094 Loading class sun/util/locale/provider/BreakIteratorProviderImpl$GraphemeBreakIterator done
Event: 4.094 Loading class java/text/StringCharacterIterator
Event: 4.094 Loading class java/text/StringCharacterIterator done
Event: 4.094 Loading class sun/util/locale/provider/BreakIteratorProviderImpl$CharacterIteratorCharSequence
Event: 4.095 Loading class sun/util/locale/provider/BreakIteratorProviderImpl$CharacterIteratorCharSequence done
Event: 4.095 Loading class java/text/BreakIterator$BreakIteratorCache
Event: 4.095 Loading class java/text/BreakIterator$BreakIteratorCache done
Event: 4.095 Loading class jdk/internal/util/regex/Grapheme
Event: 4.095 Loading class jdk/internal/util/regex/Grapheme done
Event: 4.136 Loading class java/lang/FdLibm$Atan2
Event: 4.136 Loading class java/lang/FdLibm$Atan2 done
Event: 57.627 Loading class jdk/internal/misc/Signal$1
Event: 57.627 Loading class jdk/internal/misc/Signal$1 done

Classes unloaded (0 events):
No events

Classes redefined (0 events):
No events

Internal exceptions (20 events):
Event: 0.805 Thread 0x0000024893928fe0 Exception <a 'java/lang/NoSuchMethodError'{0x0000000732731610}: 'java.lang.Object java.lang.invoke.DirectMethodHandle$Holder.newInvokeSpecial(java.lang.Object, java.lang.Object, int)'> (0x0000000732731610) 
thrown [s\open\src\hotspot\share\interpreter\linkResolver.cpp, line 773]
Event: 0.834 Thread 0x0000024893646c40 Exception <a 'java/lang/NoSuchMethodError'{0x0000000732420f50}: 'int java.lang.invoke.DirectMethodHandle$Holder.invokeStaticInit(java.lang.Object, java.lang.Object)'> (0x0000000732420f50) 
thrown [s\open\src\hotspot\share\interpreter\linkResolver.cpp, line 773]
Event: 0.844 Thread 0x0000024893928fe0 Exception <a 'java/lang/NoSuchMethodError'{0x00000007324ab670}: 'long java.lang.invoke.DirectMethodHandle$Holder.invokeStatic(java.lang.Object, java.lang.Object, java.lang.Object)'> (0x00000007324ab670) 
thrown [s\open\src\hotspot\share\interpreter\linkResolver.cpp, line 773]
Event: 0.844 Thread 0x0000024893928fe0 Exception <a 'java/lang/NoSuchMethodError'{0x00000007324aea40}: 'long java.lang.invoke.DirectMethodHandle$Holder.invokeStaticInit(java.lang.Object, java.lang.Object, java.lang.Object)'> (0x00000007324aea40) 
thrown [s\open\src\hotspot\share\interpreter\linkResolver.cpp, line 773]
Event: 0.845 Thread 0x0000024893928fe0 Exception <a 'java/lang/NoSuchMethodError'{0x00000007324c3038}: 'java.lang.Object java.lang.invoke.DirectMethodHandle$Holder.newInvokeSpecial(java.lang.Object, java.lang.Object, long)'> (0x00000007324c3038) 
thrown [s\open\src\hotspot\share\interpreter\linkResolver.cpp, line 773]
Event: 0.846 Thread 0x0000024893928fe0 Exception <a 'java/lang/NoSuchMethodError'{0x00000007324c6930}: 'java.lang.Object java.lang.invoke.Invokers$Holder.linkToTargetMethod(java.lang.Object, long, java.lang.Object)'> (0x00000007324c6930) 
thrown [s\open\src\hotspot\share\interpreter\linkResolver.cpp, line 773]
Event: 0.865 Thread 0x0000024893646c40 Exception <a 'java/lang/NoSuchMethodError'{0x00000007322e4560}: 'java.lang.Object java.lang.invoke.DirectMethodHandle$Holder.invokeStaticInit(java.lang.Object, int)'> (0x00000007322e4560) 
thrown [s\open\src\hotspot\share\interpreter\linkResolver.cpp, line 773]
Event: 1.029 Thread 0x000002484da257e0 Exception <a 'sun/nio/fs/WindowsException'{0x0000000731fa0650}> (0x0000000731fa0650) 
thrown [s\open\src\hotspot\share\prims\jni.cpp, line 520]
Event: 2.782 Thread 0x0000024893928fe0 Exception <a 'java/io/FileNotFoundException'{0x0000000731d24d38}> (0x0000000731d24d38) 
thrown [s\open\src\hotspot\share\prims\jni.cpp, line 520]
Event: 2.782 Thread 0x0000024893928fe0 Exception <a 'java/io/FileNotFoundException'{0x0000000731d25d68}> (0x0000000731d25d68) 
thrown [s\open\src\hotspot\share\prims\jni.cpp, line 520]
Event: 2.791 Thread 0x0000024893928fe0 Exception <a 'java/lang/NoSuchMethodError'{0x0000000731da0180}: 'java.lang.Object java.lang.invoke.DirectMethodHandle$Holder.newInvokeSpecial(java.lang.Object, double)'> (0x0000000731da0180) 
thrown [s\open\src\hotspot\share\interpreter\linkResolver.cpp, line 773]
Event: 4.029 Thread 0x0000024893928fe0 Exception <a 'java/io/FileNotFoundException'{0x0000000731beac50}> (0x0000000731beac50) 
thrown [s\open\src\hotspot\share\prims\jni.cpp, line 520]
Event: 4.030 Thread 0x0000024893928fe0 Exception <a 'java/io/FileNotFoundException'{0x0000000731bebf30}> (0x0000000731bebf30) 
thrown [s\open\src\hotspot\share\prims\jni.cpp, line 520]
Event: 4.033 Thread 0x0000024893928fe0 Exception <a 'java/lang/NoSuchMethodError'{0x0000000731bfdac0}: 'java.lang.Object java.lang.invoke.DelegatingMethodHandle$Holder.reinvoke_L(java.lang.Object, double, double, double, double)'> (0x0000000731bfdac0) 
thrown [s\open\src\hotspot\share\interpreter\linkResolver.cpp, line 773]
Event: 4.034 Thread 0x0000024893928fe0 Exception <a 'java/lang/NoSuchMethodError'{0x0000000731809038}: 'java.lang.Object java.lang.invoke.DirectMethodHandle$Holder.invokeStatic(java.lang.Object, java.lang.Object, int)'> (0x0000000731809038) 
thrown [s\open\src\hotspot\share\interpreter\linkResolver.cpp, line 773]
Event: 4.034 Thread 0x0000024893928fe0 Exception <a 'java/lang/NoSuchMethodError'{0x000000073180d170}: 'void java.lang.invoke.DirectMethodHandle$Holder.invokeStatic(java.lang.Object, java.lang.Object, int, java.lang.Object)'> (0x000000073180d170) 
thrown [s\open\src\hotspot\share\interpreter\linkResolver.cpp, line 773]
Event: 4.034 Thread 0x0000024893928fe0 Exception <a 'java/lang/NoSuchMethodError'{0x0000000731814140}: 'void java.lang.invoke.DelegatingMethodHandle$Holder.delegate(java.lang.Object, java.lang.Object, int, java.lang.Object)'> (0x0000000731814140) 
thrown [s\open\src\hotspot\share\interpreter\linkResolver.cpp, line 773]
Event: 4.046 Thread 0x0000024893928fe0 Exception <a 'java/io/FileNotFoundException'{0x00000007318b1ab8}> (0x00000007318b1ab8) 
thrown [s\open\src\hotspot\share\prims\jni.cpp, line 520]
Event: 4.046 Thread 0x0000024893928fe0 Exception <a 'java/io/FileNotFoundException'{0x00000007318b2e10}> (0x00000007318b2e10) 
thrown [s\open\src\hotspot\share\prims\jni.cpp, line 520]
Event: 4.099 Thread 0x0000024893928fe0 Exception <a 'java/lang/NoSuchMethodError'{0x00000007317a16d0}: 'java.lang.Object java.lang.invoke.DirectMethodHandle$Holder.invokeStatic(java.lang.Object, int, java.lang.Object)'> (0x00000007317a16d0) 
thrown [s\open\src\hotspot\share\interpreter\linkResolver.cpp, line 773]

ZGC Phase Switch (0 events):
No events

VM Operations (20 events):
Event: 27.541 Executing VM operation: Cleanup done
Event: 30.542 Executing VM operation: Cleanup
Event: 30.542 Executing VM operation: Cleanup done
Event: 31.542 Executing VM operation: Cleanup
Event: 31.542 Executing VM operation: Cleanup done
Event: 37.544 Executing VM operation: Cleanup
Event: 37.544 Executing VM operation: Cleanup done
Event: 41.547 Executing VM operation: Cleanup
Event: 41.547 Executing VM operation: Cleanup done
Event: 44.547 Executing VM operation: Cleanup
Event: 44.548 Executing VM operation: Cleanup done
Event: 46.549 Executing VM operation: Cleanup
Event: 46.549 Executing VM operation: Cleanup done
Event: 47.549 Executing VM operation: Cleanup
Event: 47.549 Executing VM operation: Cleanup done
Event: 49.550 Executing VM operation: Cleanup
Event: 49.550 Executing VM operation: Cleanup done
Event: 51.550 Executing VM operation: Cleanup
Event: 51.550 Executing VM operation: Cleanup done
Event: 57.628 Executing VM operation: Exit

Events (20 events):
Event: 0.390 Thread 0x000002489407ab80 Thread added: 0x000002489407ab80
Event: 0.395 Thread 0x0000024894099200 Thread added: 0x0000024894099200
Event: 0.698 Thread 0x00000248938c8a10 Thread added: 0x00000248938c8a10
Event: 0.884 Thread 0x0000024894404dd0 Thread added: 0x0000024894404dd0
Event: 1.147 Thread 0x000002484de95d10 Thread exited: 0x000002484de95d10
Event: 1.309 Thread 0x000002484dd78000 Thread exited: 0x000002484dd78000
Event: 2.800 Thread 0x0000024894445e80 Thread added: 0x0000024894445e80
Event: 2.803 Thread 0x00000248a5fdb760 Thread added: 0x00000248a5fdb760
Event: 2.946 Thread 0x00000248a5fdb760 Thread exited: 0x00000248a5fdb760
Event: 3.100 Thread 0x0000024894445e80 Thread exited: 0x0000024894445e80
Event: 4.086 Thread 0x00000248a5f31b40 Thread added: 0x00000248a5f31b40
Event: 4.255 Thread 0x00000248a5f31b40 Thread exited: 0x00000248a5f31b40
Event: 8.375 Thread 0x00000248a6208460 Thread added: 0x00000248a6208460
Event: 9.301 Thread 0x00000248a6208460 Thread exited: 0x00000248a6208460
Event: 57.627 Thread 0x00000248944040b0 Thread added: 0x00000248944040b0
Event: 57.628 Thread 0x0000024894402670 Thread added: 0x0000024894402670
Event: 57.628 Thread 0x0000024894402d00 Thread added: 0x0000024894402d00
Event: 57.628 Thread 0x0000024894402d00 Thread exited: 0x0000024894402d00
Event: 57.628 Thread 0x0000024894402670 Thread exited: 0x0000024894402670
Event: 57.628 Thread 0x000002484da24b00 Thread exited: 0x000002484da24b00


Dynamic libraries:
0x00007ff6226e0000 - 0x00007ff6226ee000 	C:\Users\Nursultan\.jdks\openjdk-21.0.1\bin\java.exe
0x00007fffa4cb0000 - 0x00007fffa4ea8000 	C:\Windows\SYSTEM32\ntdll.dll
0x00007fffa47f0000 - 0x00007fffa48ad000 	C:\Windows\System32\KERNEL32.DLL
0x00007fffa28c0000 - 0x00007fffa2bb6000 	C:\Windows\System32\KERNELBASE.dll
0x00007fffa2510000 - 0x00007fffa2610000 	C:\Windows\System32\ucrtbase.dll
0x00007fff942f0000 - 0x00007fff94308000 	C:\Users\Nursultan\.jdks\openjdk-21.0.1\bin\jli.dll
0x00007fff9e870000 - 0x00007fff9e88b000 	C:\Users\Nursultan\.jdks\openjdk-21.0.1\bin\VCRUNTIME140.dll
0x00007fffa3a30000 - 0x00007fffa3bce000 	C:\Windows\System32\USER32.dll
0x00007fff88810000 - 0x00007fff88aaa000 	C:\Windows\WinSxS\amd64_microsoft.windows.common-controls_6595b64144ccf1df_6.0.19041.3636_none_60b6a03d71f818d5\COMCTL32.dll
0x00007fffa2ce0000 - 0x00007fffa2d02000 	C:\Windows\System32\win32u.dll
0x00007fffa2d70000 - 0x00007fffa2d9c000 	C:\Windows\System32\GDI32.dll
0x00007fffa44b0000 - 0x00007fffa454e000 	C:\Windows\System32\msvcrt.dll
0x00007fffa2bc0000 - 0x00007fffa2cda000 	C:\Windows\System32\gdi32full.dll
0x00007fffa2610000 - 0x00007fffa26ad000 	C:\Windows\System32\msvcp_win.dll
0x00007fffa48b0000 - 0x00007fffa48e0000 	C:\Windows\System32\IMM32.DLL
0x00007fff9e860000 - 0x00007fff9e86c000 	C:\Users\Nursultan\.jdks\openjdk-21.0.1\bin\vcruntime140_1.dll
0x00007fff91b30000 - 0x00007fff91bbe000 	C:\Users\Nursultan\.jdks\openjdk-21.0.1\bin\msvcp140.dll
0x00007fff7c510000 - 0x00007fff7d225000 	C:\Users\Nursultan\.jdks\openjdk-21.0.1\bin\server\jvm.dll
0x00007fffa45b0000 - 0x00007fffa465f000 	C:\Windows\System32\ADVAPI32.dll
0x00007fffa4750000 - 0x00007fffa47ec000 	C:\Windows\System32\sechost.dll
0x00007fffa3c60000 - 0x00007fffa3d86000 	C:\Windows\System32\RPCRT4.dll
0x00007fffa46e0000 - 0x00007fffa474b000 	C:\Windows\System32\WS2_32.dll
0x00007fffa1940000 - 0x00007fffa198b000 	C:\Windows\SYSTEM32\POWRPROF.dll
0x00007fff970a0000 - 0x00007fff970c7000 	C:\Windows\SYSTEM32\WINMM.dll
0x00007fff970d0000 - 0x00007fff970da000 	C:\Windows\SYSTEM32\VERSION.dll
0x00007fffa17b0000 - 0x00007fffa17c2000 	C:\Windows\SYSTEM32\UMPDC.dll
0x00007fffa0be0000 - 0x00007fffa0bf2000 	C:\Windows\SYSTEM32\kernel.appcore.dll
0x00007fff9b0b0000 - 0x00007fff9b0ba000 	C:\Users\Nursultan\.jdks\openjdk-21.0.1\bin\jimage.dll
0x00007fffa0200000 - 0x00007fffa03e4000 	C:\Windows\SYSTEM32\DBGHELP.DLL
0x00007fff8f450000 - 0x00007fff8f484000 	C:\Windows\SYSTEM32\dbgcore.DLL
0x00007fffa2450000 - 0x00007fffa24d2000 	C:\Windows\System32\bcryptPrimitives.dll
0x00007fff94340000 - 0x00007fff9434f000 	C:\Users\Nursultan\.jdks\openjdk-21.0.1\bin\instrument.dll
0x00007fff942d0000 - 0x00007fff942ef000 	C:\Users\Nursultan\.jdks\openjdk-21.0.1\bin\java.dll
0x00007fffa32e0000 - 0x00007fffa3a24000 	C:\Windows\System32\SHELL32.dll
0x00007fffa0430000 - 0x00007fffa0bcb000 	C:\Windows\SYSTEM32\windows.storage.dll
0x00007fffa4050000 - 0x00007fffa43a4000 	C:\Windows\System32\combase.dll
0x00007fffa1dd0000 - 0x00007fffa1dfd000 	C:\Windows\SYSTEM32\Wldp.dll
0x00007fffa3230000 - 0x00007fffa32dd000 	C:\Windows\System32\SHCORE.dll
0x00007fffa2d10000 - 0x00007fffa2d65000 	C:\Windows\System32\shlwapi.dll
0x00007fffa22c0000 - 0x00007fffa22e5000 	C:\Windows\SYSTEM32\profapi.dll
0x00007fff7c430000 - 0x00007fff7c507000 	C:\Users\Nursultan\.jdks\openjdk-21.0.1\bin\jsvml.dll
0x00007fff94280000 - 0x00007fff94290000 	C:\Users\Nursultan\.jdks\openjdk-21.0.1\bin\net.dll
0x00007fff9e4a0000 - 0x00007fff9e5aa000 	C:\Windows\SYSTEM32\WINHTTP.dll
0x00007fffa1b30000 - 0x00007fffa1b9a000 	C:\Windows\system32\mswsock.dll
0x00007fff94260000 - 0x00007fff94276000 	C:\Users\Nursultan\.jdks\openjdk-21.0.1\bin\nio.dll
0x00007fff94240000 - 0x00007fff94258000 	C:\Users\Nursultan\.jdks\openjdk-21.0.1\bin\zip.dll
0x00007fff92210000 - 0x00007fff9222a000 	C:\Program Files\JetBrains\IntelliJ IDEA 2023.2.5\bin\breakgen64.dll
0x000002484df80000 - 0x000002484df83000 	C:\Users\Nursultan\.openjfx\cache\21-ea+null\amd64\api-ms-win-core-console-l1-1-0.dll
0x000002484df90000 - 0x000002484df93000 	C:\Users\Nursultan\.openjfx\cache\21-ea+null\amd64\api-ms-win-core-console-l1-2-0.dll
0x000002484dfa0000 - 0x000002484dfa3000 	C:\Users\Nursultan\.openjfx\cache\21-ea+null\amd64\api-ms-win-core-datetime-l1-1-0.dll
0x000002484dfb0000 - 0x000002484dfb3000 	C:\Users\Nursultan\.openjfx\cache\21-ea+null\amd64\api-ms-win-core-debug-l1-1-0.dll
0x000002484dfc0000 - 0x000002484dfc3000 	C:\Users\Nursultan\.openjfx\cache\21-ea+null\amd64\api-ms-win-core-errorhandling-l1-1-0.dll
0x000002484dfd0000 - 0x000002484dfd4000 	C:\Users\Nursultan\.openjfx\cache\21-ea+null\amd64\api-ms-win-core-file-l1-1-0.dll
0x000002484dfe0000 - 0x000002484dfe3000 	C:\Users\Nursultan\.openjfx\cache\21-ea+null\amd64\api-ms-win-core-file-l1-2-0.dll
0x000002484dff0000 - 0x000002484dff3000 	C:\Users\Nursultan\.openjfx\cache\21-ea+null\amd64\api-ms-win-core-file-l2-1-0.dll
0x00000248947d0000 - 0x00000248947d3000 	C:\Users\Nursultan\.openjfx\cache\21-ea+null\amd64\api-ms-win-core-handle-l1-1-0.dll
0x00000248947e0000 - 0x00000248947e3000 	C:\Users\Nursultan\.openjfx\cache\21-ea+null\amd64\api-ms-win-core-heap-l1-1-0.dll
0x00000248947f0000 - 0x00000248947f3000 	C:\Users\Nursultan\.openjfx\cache\21-ea+null\amd64\api-ms-win-core-interlocked-l1-1-0.dll
0x0000024894800000 - 0x0000024894803000 	C:\Users\Nursultan\.openjfx\cache\21-ea+null\amd64\api-ms-win-core-libraryloader-l1-1-0.dll
0x0000024894810000 - 0x0000024894813000 	C:\Users\Nursultan\.openjfx\cache\21-ea+null\amd64\api-ms-win-core-localization-l1-2-0.dll
0x0000024894820000 - 0x0000024894823000 	C:\Users\Nursultan\.openjfx\cache\21-ea+null\amd64\api-ms-win-core-memory-l1-1-0.dll
0x0000024894830000 - 0x0000024894833000 	C:\Users\Nursultan\.openjfx\cache\21-ea+null\amd64\api-ms-win-core-namedpipe-l1-1-0.dll
0x0000024894840000 - 0x0000024894843000 	C:\Users\Nursultan\.openjfx\cache\21-ea+null\amd64\api-ms-win-core-processenvironment-l1-1-0.dll
0x0000024894850000 - 0x0000024894853000 	C:\Users\Nursultan\.openjfx\cache\21-ea+null\amd64\api-ms-win-core-processthreads-l1-1-0.dll
0x0000024894860000 - 0x0000024894863000 	C:\Users\Nursultan\.openjfx\cache\21-ea+null\amd64\api-ms-win-core-processthreads-l1-1-1.dll
0x0000024894870000 - 0x0000024894873000 	C:\Users\Nursultan\.openjfx\cache\21-ea+null\amd64\api-ms-win-core-profile-l1-1-0.dll
0x0000024894880000 - 0x0000024894883000 	C:\Users\Nursultan\.openjfx\cache\21-ea+null\amd64\api-ms-win-core-rtlsupport-l1-1-0.dll
0x0000024894890000 - 0x0000024894893000 	C:\Users\Nursultan\.openjfx\cache\21-ea+null\amd64\api-ms-win-core-string-l1-1-0.dll
0x00000248948a0000 - 0x00000248948a3000 	C:\Users\Nursultan\.openjfx\cache\21-ea+null\amd64\api-ms-win-core-synch-l1-1-0.dll
0x00000248948b0000 - 0x00000248948b3000 	C:\Users\Nursultan\.openjfx\cache\21-ea+null\amd64\api-ms-win-core-synch-l1-2-0.dll
0x00000248948c0000 - 0x00000248948c3000 	C:\Users\Nursultan\.openjfx\cache\21-ea+null\amd64\api-ms-win-core-sysinfo-l1-1-0.dll
0x00000248948d0000 - 0x00000248948d3000 	C:\Users\Nursultan\.openjfx\cache\21-ea+null\amd64\api-ms-win-core-timezone-l1-1-0.dll
0x00000248948e0000 - 0x00000248948e3000 	C:\Users\Nursultan\.openjfx\cache\21-ea+null\amd64\api-ms-win-core-util-l1-1-0.dll
0x00000248948f0000 - 0x00000248948f3000 	C:\Users\Nursultan\.openjfx\cache\21-ea+null\amd64\api-ms-win-crt-conio-l1-1-0.dll
0x0000024894900000 - 0x0000024894904000 	C:\Users\Nursultan\.openjfx\cache\21-ea+null\amd64\api-ms-win-crt-convert-l1-1-0.dll
0x0000024894910000 - 0x0000024894913000 	C:\Users\Nursultan\.openjfx\cache\21-ea+null\amd64\api-ms-win-crt-environment-l1-1-0.dll
0x0000024894920000 - 0x0000024894923000 	C:\Users\Nursultan\.openjfx\cache\21-ea+null\amd64\api-ms-win-crt-filesystem-l1-1-0.dll
0x0000024894930000 - 0x0000024894933000 	C:\Users\Nursultan\.openjfx\cache\21-ea+null\amd64\api-ms-win-crt-heap-l1-1-0.dll
0x0000024894940000 - 0x0000024894943000 	C:\Users\Nursultan\.openjfx\cache\21-ea+null\amd64\api-ms-win-crt-locale-l1-1-0.dll
0x0000024894950000 - 0x0000024894955000 	C:\Users\Nursultan\.openjfx\cache\21-ea+null\amd64\api-ms-win-crt-math-l1-1-0.dll
0x0000024894960000 - 0x0000024894965000 	C:\Users\Nursultan\.openjfx\cache\21-ea+null\amd64\api-ms-win-crt-multibyte-l1-1-0.dll
0x0000024894970000 - 0x0000024894980000 	C:\Users\Nursultan\.openjfx\cache\21-ea+null\amd64\api-ms-win-crt-private-l1-1-0.dll
0x0000024894980000 - 0x0000024894983000 	C:\Users\Nursultan\.openjfx\cache\21-ea+null\amd64\api-ms-win-crt-process-l1-1-0.dll
0x0000024894990000 - 0x0000024894994000 	C:\Users\Nursultan\.openjfx\cache\21-ea+null\amd64\api-ms-win-crt-runtime-l1-1-0.dll
0x00000248949a0000 - 0x00000248949a4000 	C:\Users\Nursultan\.openjfx\cache\21-ea+null\amd64\api-ms-win-crt-stdio-l1-1-0.dll
0x00000248949b0000 - 0x00000248949b4000 	C:\Users\Nursultan\.openjfx\cache\21-ea+null\amd64\api-ms-win-crt-string-l1-1-0.dll
0x00000248949c0000 - 0x00000248949c3000 	C:\Users\Nursultan\.openjfx\cache\21-ea+null\amd64\api-ms-win-crt-time-l1-1-0.dll
0x00000248949d0000 - 0x00000248949d3000 	C:\Users\Nursultan\.openjfx\cache\21-ea+null\amd64\api-ms-win-crt-utility-l1-1-0.dll
0x00007fff7d320000 - 0x00007fff7d41c000 	C:\Users\Nursultan\.openjfx\cache\21-ea+null\amd64\ucrtbase.dll
0x00007fff84cb0000 - 0x00007fff84ccb000 	C:\Users\Nursultan\.openjfx\cache\21-ea+null\amd64\vcruntime140.dll
0x00007fff916d0000 - 0x00007fff916dc000 	C:\Users\Nursultan\.openjfx\cache\21-ea+null\amd64\vcruntime140_1.dll
0x00007fff7d290000 - 0x00007fff7d31e000 	C:\Users\Nursultan\.openjfx\cache\21-ea+null\amd64\msvcp140.dll
0x00007fffa3ec0000 - 0x00007fffa3feb000 	C:\Windows\System32\ole32.dll
0x00007fff8d150000 - 0x00007fff8d159000 	C:\Users\Nursultan\.openjfx\cache\21-ea+null\amd64\msvcp140_1.dll
0x00007fff81920000 - 0x00007fff8194f000 	C:\Users\Nursultan\.openjfx\cache\21-ea+null\amd64\msvcp140_2.dll
0x00007fff81810000 - 0x00007fff8183f000 	C:\Users\Nursultan\.openjfx\cache\21-ea+null\amd64\prism_d3d.dll
0x00007fff49500000 - 0x00007fff496cd000 	C:\Windows\system32\d3d9.dll
0x00007fff9fb70000 - 0x00007fff9fb9f000 	C:\Windows\SYSTEM32\dwmapi.dll
0x00007fff9f6a0000 - 0x00007fff9f73e000 	C:\Windows\system32\uxtheme.dll
0x00007fff970e0000 - 0x00007fff9729b000 	C:\Windows\System32\DriverStore\FileRepository\u0390451.inf_amd64_39377efdd62734d1\B390182\aticfx64.dll
0x00007fff47730000 - 0x00007fff494ff000 	C:\Windows\System32\DriverStore\FileRepository\u0390451.inf_amd64_39377efdd62734d1\B390182\amdxn64.dll
0x00007fffa2da0000 - 0x00007fffa320e000 	C:\Windows\System32\SETUPAPI.dll
0x00007fffa2390000 - 0x00007fffa23de000 	C:\Windows\System32\cfgmgr32.dll
0x00007fffa24e0000 - 0x00007fffa2507000 	C:\Windows\System32\bcrypt.dll
0x00007fffa0c50000 - 0x00007fffa0d43000 	C:\Windows\SYSTEM32\dxgi.dll
0x00007fff950f0000 - 0x00007fff95125000 	C:\Windows\SYSTEM32\amdihk64.dll
0x00007fff7d240000 - 0x00007fff7d282000 	C:\Users\Nursultan\.openjfx\cache\21-ea+null\amd64\glass.dll
0x00007fffa43c0000 - 0x00007fffa449a000 	C:\Windows\System32\COMDLG32.dll
0x00007fffa3df0000 - 0x00007fffa3ebd000 	C:\Windows\System32\OLEAUT32.dll
0x00007fffa48f0000 - 0x00007fffa4a04000 	C:\Windows\System32\MSCTF.dll
0x00007fff98480000 - 0x00007fff984bb000 	C:\Windows\SYSTEM32\dxcore.dll
0x00007fff81900000 - 0x00007fff81914000 	C:\Users\Nursultan\.openjfx\cache\21-ea+null\amd64\javafx_font.dll
0x00007fff7dfe0000 - 0x00007fff7e25f000 	C:\Windows\SYSTEM32\dwrite.dll
0x00007fffa4bc0000 - 0x00007fffa4c69000 	C:\Windows\System32\clbcatq.dll
0x00007fff9ae90000 - 0x00007fff9b044000 	C:\Windows\SYSTEM32\WindowsCodecs.dll
0x00007fff82b70000 - 0x00007fff82bae000 	C:\Windows\system32\dataexchange.dll
0x00007fff9d080000 - 0x00007fff9d2e3000 	C:\Windows\system32\d3d11.dll
0x00007fff9d8b0000 - 0x00007fff9da93000 	C:\Windows\system32\dcomp.dll
0x00007fff9aaa0000 - 0x00007fff9aca7000 	C:\Windows\system32\twinapi.appcore.dll
0x00007fff73450000 - 0x00007fff73484000 	C:\Program Files\Common Files\Microsoft Shared\Ink\rtscom.dll
0x00007fff92ca0000 - 0x00007fff92d9a000 	C:\Windows\SYSTEM32\textinputframework.dll
0x00007fff9e250000 - 0x00007fff9e342000 	C:\Windows\System32\CoreMessaging.dll
0x00007fff9db70000 - 0x00007fff9decb000 	C:\Windows\System32\CoreUIComponents.dll
0x00007fffa1530000 - 0x00007fffa1563000 	C:\Windows\SYSTEM32\ntmarta.dll
0x00007fff9ee30000 - 0x00007fff9ef85000 	C:\Windows\SYSTEM32\wintypes.dll

dbghelp: loaded successfully - version: 4.0.5 - missing functions: none
symbol engine: initialized successfully - sym options: 0x614 - pdb path: .;C:\Users\Nursultan\.jdks\openjdk-21.0.1\bin;C:\Windows\SYSTEM32;C:\Windows\WinSxS\amd64_microsoft.windows.common-controls_6595b64144ccf1df_6.0.19041.3636_none_60b6a03d71f818d5;C:\Users\Nursultan\.jdks\openjdk-21.0.1\bin\server;C:\Program Files\JetBrains\IntelliJ IDEA 2023.2.5\bin;C:\Users\Nursultan\.openjfx\cache\21-ea+null\amd64;C:\Windows\System32\DriverStore\FileRepository\u0390451.inf_amd64_39377efdd62734d1\B390182;C:\Program Files\Common Files\Microsoft Shared\Ink

VM Arguments:
jvm_args: -javaagent:C:\Program Files\JetBrains\IntelliJ IDEA 2023.2.5\lib\idea_rt.jar=61265:C:\Program Files\JetBrains\IntelliJ IDEA 2023.2.5\bin -Dfile.encoding=UTF-8 -Dsun.stdout.encoding=UTF-8 -Dsun.stderr.encoding=UTF-8 --module-path=C:\Users\Nursultan\.m2\repository\org\openjfx\javafx-controls\21-ea+24\javafx-controls-21-ea+24-win.jar;C:\Users\Nursultan\.m2\repository\org\openjfx\javafx-base\21-ea+24\javafx-base-21-ea+24-win.jar;C:\Users\Nursultan\IdeaProjects\SoftWareProject\target\classes;C:\Users\Nursultan\.m2\repository\org\openjfx\javafx-graphics\21-ea+24\javafx-graphics-21-ea+24-win.jar;C:\Users\Nursultan\.m2\repository\org\openjfx\javafx-fxml\21-ea+24\javafx-fxml-21-ea+24-win.jar -Djdk.module.main=com.example.softwareproject 
java_command: com.example.softwareproject/com.example.softwareproject.HelloApplication
java_class_path (initial): C:\Users\Nursultan\.m2\repository\org\openjfx\javafx-controls\21-ea+24\javafx-controls-21-ea+24.jar;C:\Users\Nursultan\.m2\repository\org\openjfx\javafx-graphics\21-ea+24\javafx-graphics-21-ea+24.jar;C:\Users\Nursultan\.m2\repository\org\openjfx\javafx-base\21-ea+24\javafx-base-21-ea+24.jar;C:\Users\Nursultan\.m2\repository\org\openjfx\javafx-fxml\21-ea+24\javafx-fxml-21-ea+24.jar
Launcher Type: SUN_STANDARD

[Global flags]
     intx CICompilerCount                          = 4                                         {product} {ergonomic}
     uint ConcGCThreads                            = 3                                         {product} {ergonomic}
     uint G1ConcRefinementThreads                  = 10                                        {product} {ergonomic}
   size_t G1HeapRegionSize                         = 2097152                                   {product} {ergonomic}
    uintx GCDrainStackTargetSize                   = 64                                        {product} {ergonomic}
   size_t InitialHeapSize                          = 230686720                                 {product} {ergonomic}
   size_t MarkStackSize                            = 4194304                                   {product} {ergonomic}
   size_t MaxHeapSize                              = 3676307456                                {product} {ergonomic}
   size_t MaxNewSize                               = 2204106752                                {product} {ergonomic}
   size_t MinHeapDeltaBytes                        = 2097152                                   {product} {ergonomic}
   size_t MinHeapSize                              = 8388608                                   {product} {ergonomic}
    uintx NonNMethodCodeHeapSize                   = 5839372                                {pd product} {ergonomic}
    uintx NonProfiledCodeHeapSize                  = 122909434                              {pd product} {ergonomic}
    uintx ProfiledCodeHeapSize                     = 122909434                              {pd product} {ergonomic}
    uintx ReservedCodeCacheSize                    = 251658240                              {pd product} {ergonomic}
     bool SegmentedCodeCache                       = true                                      {product} {ergonomic}
   size_t SoftMaxHeapSize                          = 3676307456                             {manageable} {ergonomic}
     bool UseCompressedOops                        = true                           {product lp64_product} {ergonomic}
     bool UseG1GC                                  = true                                      {product} {ergonomic}
     bool UseLargePagesIndividualAllocation        = false                                  {pd product} {ergonomic}

Logging:
Log output configuration:
 #0: stdout all=off uptime,level,tags foldmultilines=false
 #1: stderr all=off uptime,level,tags foldmultilines=false

Environment Variables:
PATH=C:\Windows\system32;C:\Windows;C:\Windows\System32\Wbem;C:\Windows\System32\WindowsPowerShell\v1.0\;C:\Windows\System32\OpenSSH\;C:\Program Files\Git\cmd;C:\Users\Nursultan\AppData\Local\Microsoft\WindowsApps;;C:\Program Files\JetBrains\IntelliJ IDEA 2023.2.5\bin;
USERNAME=Nursultan
OS=Windows_NT
PROCESSOR_IDENTIFIER=AMD64 Family 25 Model 68 Stepping 1, AuthenticAMD
TMP=C:\Users\NURSUL~1\AppData\Local\Temp
TEMP=C:\Users\NURSUL~1\AppData\Local\Temp




Periodic native trim disabled

---------------  S Y S T E M  ---------------

OS:
 Windows 10 , 64 bit Build 19041 (10.0.19041.3636)
OS uptime: 2 days 1:10 hours

CPU: total 12 (initial active 12) (12 cores per cpu, 2 threads per core) family 25 model 68 stepping 1 microcode 0x0, cx8, cmov, fxsr, ht, mmx, 3dnowpref, sse, sse2, sse3, ssse3, sse4a, sse4.1, sse4.2, popcnt, lzcnt, tsc, tscinvbit, avx, avx2, aes, clmul, bmi1, bmi2, adx, sha, fma, vzeroupper, clflush, clflushopt, rdtscp, rdpid, f16c, pku, cet_ss
Processor Information for processor 0
  Max Mhz: 3301, Current Mhz: 3301, Mhz Limit: 3301
Processor Information for processor 1
  Max Mhz: 3301, Current Mhz: 3301, Mhz Limit: 3301
Processor Information for processor 2
  Max Mhz: 3301, Current Mhz: 3135, Mhz Limit: 3301
Processor Information for processor 3
  Max Mhz: 3301, Current Mhz: 3135, Mhz Limit: 3301
Processor Information for processor 4
  Max Mhz: 3301, Current Mhz: 2970, Mhz Limit: 3301
Processor Information for processor 5
  Max Mhz: 3301, Current Mhz: 2970, Mhz Limit: 3301
Processor Information for processor 6
  Max Mhz: 3301, Current Mhz: 3301, Mhz Limit: 3301
Processor Information for processor 7
  Max Mhz: 3301, Current Mhz: 3301, Mhz Limit: 3301
Processor Information for processor 8
  Max Mhz: 3301, Current Mhz: 3135, Mhz Limit: 3301
Processor Information for processor 9
  Max Mhz: 3301, Current Mhz: 3135, Mhz Limit: 3301
Processor Information for processor 10
  Max Mhz: 3301, Current Mhz: 3135, Mhz Limit: 3301
Processor Information for processor 11
  Max Mhz: 3301, Current Mhz: 3135, Mhz Limit: 3301

Memory: 4k page, system-wide physical 14020M (4055M free)
TotalPageFile size 18269M (AvailPageFile size 2568M)
current process WorkingSet (physical memory assigned to process): 173M, peak: 184M
current process commit charge ("private bytes"): 442M, peak: 729M

vm_info: OpenJDK 64-Bit Server VM (21.0.1+12-29) for windows-amd64 JRE (21.0.1+12-29), built on 2023-10-05T13:27:09Z by "mach5one" with MS VC++ 17.1 (VS2022)

END.
