#
# A fatal error has been detected by the Java Runtime Environment:
#
#  EXCEPTION_ACCESS_VIOLATION (0xc0000005) at pc=0x00007fff6f0b6587, pid=19532, tid=16672
#
# JRE version: OpenJDK Runtime Environment (21.0.1+12) (build 21.0.1+12-29)
# Java VM: OpenJDK 64-Bit Server VM (21.0.1+12-29, mixed mode, sharing, tiered, compressed oops, compressed class ptrs, g1 gc, windows-amd64)
# Problematic frame:
# C  [glass.dll+0x26587]
#
# No core dump will be written. Minidumps are not enabled by default on client versions of Windows
#
# If you would like to submit a bug report, please visit:
#   https://bugreport.java.com/bugreport/crash.jsp
#

---------------  S U M M A R Y ------------

Command Line: -javaagent:C:\Program Files\JetBrains\IntelliJ IDEA 2023.2.5\lib\idea_rt.jar=52038:C:\Program Files\JetBrains\IntelliJ IDEA 2023.2.5\bin -Dfile.encoding=UTF-8 -Dsun.stdout.encoding=UTF-8 -Dsun.stderr.encoding=UTF-8 --module-path=C:\Users\Nursultan\IdeaProjects\SoftWareProject\target\classes;C:\Users\Nursultan\.m2\repository\org\openjfx\javafx-base\21-ea+24\javafx-base-21-ea+24-win.jar;C:\Users\Nursultan\.m2\repository\org\openjfx\javafx-fxml\21-ea+24\javafx-fxml-21-ea+24-win.jar;C:\Users\Nursultan\.m2\repository\org\openjfx\javafx-controls\21-ea+24\javafx-controls-21-ea+24-win.jar;C:\Users\Nursultan\.m2\repository\org\openjfx\javafx-graphics\21-ea+24\javafx-graphics-21-ea+24-win.jar -Djdk.module.main=com.example.softwareproject com.example.softwareproject/com.example.softwareproject.HelloApplication

Host: AMD Ryzen 5 6600HS Creator Edition             , 12 cores, 13G,  Windows 10 , 64 bit Build 19041 (10.0.19041.3636)
Time: Fri Dec 15 17:12:06 2023  Windows 10 , 64 bit Build 19041 (10.0.19041.3636) elapsed time: 157.223657 seconds (0d 0h 2m 37s)

---------------  T H R E A D  ---------------

Current thread (0x00000262f584a870):  VMThread "VM Thread"          [id=16672, stack(0x000000b4e0d00000,0x000000b4e0e00000) (1024K)]

Stack: [0x000000b4e0d00000,0x000000b4e0e00000],  sp=0x000000b4e0dff160,  free space=1020k
Native frames: (J=compiled Java code, j=interpreted, Vv=VM code, C=native code)
C  [glass.dll+0x26587]


siginfo: EXCEPTION_ACCESS_VIOLATION (0xc0000005), reading address 0x0000000000000000


Registers:
RAX=0x0000000000000000, RBX=0x00000262f58500aa, RCX=0x00000262f584a870, RDX=0x000000b4e0dff160
RSP=0x000000b4e0dff160, RBP=0x00000262fa6e21c8, RSI=0x00000262fa6e21a0, RDI=0x000089480c21f33f
R8 =0x0000000000010002, R9 =0x000089480c21f33f, R10=0x0000000000008000, R11=0x000000b4e0dff0f0
R12=0x00007fff6f0b3ed0, R13=0x00007fff68621fa0, R14=0x000000b4e0dff258, R15=0x00000262fa6e21a0
RIP=0x00007fff6f0b6587, EFLAGS=0x0000000000010202


Register to memory mapping:

RAX=0x0 is null
RBX=0x00000262f58500aa is a global jni handle
RCX=0x00000262f584a870 points into unknown readable memory: 0x00007fff68433f88 | 88 3f 43 68 ff 7f 00 00
RDX=0x000000b4e0dff160 points into unknown readable memory: 0x0000000000000000 | 00 00 00 00 00 00 00 00
RSP=0x000000b4e0dff160 points into unknown readable memory: 0x0000000000000000 | 00 00 00 00 00 00 00 00
RBP=0x00000262fa6e21c8 points into unknown readable memory: 0x000089480c21f33f | 3f f3 21 0c 48 89 00 00
RSI=0x00000262fa6e21a0 points into unknown readable memory: 0x0000b6b7bba46fcb | cb 6f a4 bb b7 b6 00 00
RDI=0x000089480c21f33f is an unknown value
R8 =0x0000000000010002 is an unknown value
R9 =0x000089480c21f33f is an unknown value
R10=0x0000000000008000 is an unknown value
R11=0x000000b4e0dff0f0 points into unknown readable memory: 0x00000262fa6e21a0 | a0 21 6e fa 62 02 00 00
R12=0x00007fff6f0b3ed0 glass.dll
R13=0x00007fff68621fa0 jvm.dll
R14=0x000000b4e0dff258 points into unknown readable memory: 0x000000b4e0dff240 | 40 f2 df e0 b4 00 00 00
R15=0x00000262fa6e21a0 points into unknown readable memory: 0x0000b6b7bba46fcb | cb 6f a4 bb b7 b6 00 00

Top of Stack: (sp=0x000000b4e0dff160)
0x000000b4e0dff160:   0000000000000000 00000262fa6e21a0
0x000000b4e0dff170:   00007fff68621fa0 00007fff6f0b3ed0
0x000000b4e0dff180:   00000262fa6e21a8 00007fffa25242d6
0x000000b4e0dff190:   000089480c21f33f 0000026200000000
0x000000b4e0dff1a0:   00000262fa6e21c8 00000262fa6e21a0
0x000000b4e0dff1b0:   fffffffffffffffe 0000000000000000
0x000000b4e0dff1c0:   0000000000000001 00007fff6f090000
0x000000b4e0dff1d0:   000000b4e0dff248 00007fffa25241fb
0x000000b4e0dff1e0:   0000000000000000 000000b4e0dff258
0x000000b4e0dff1f0:   000000b4e0dff530 00007fffa2600e40
0x000000b4e0dff200:   0000000000000001 00007fffa25241b4
0x000000b4e0dff210:   0000000000000000 0000000000000001
0x000000b4e0dff220:   00007fff984b2dd0 000000b4e0dff248
0x000000b4e0dff230:   000000000000000d 00007fff6f0b3d5d
0x000000b4e0dff240:   00007fff6f0ca008 00007fff00000002
0x000000b4e0dff250:   0000000000000002 000000b4e0dff240
0x000000b4e0dff260:   0000000000000000 00007fffa4cc9993
0x000000b4e0dff270:   0000000000000000 00007fff6f0b3e82
0x000000b4e0dff280:   0000000000000001 0000000000000000
0x000000b4e0dff290:   0000000000000000 00007fffa2600e40
0x000000b4e0dff2a0:   00000262d4b2c588 00007fffa251f05b
0x000000b4e0dff2b0:   0000026200000001 0000000000000016
0x000000b4e0dff2c0:   00007fff6f090000 000000007ffe0384
0x000000b4e0dff2d0:   0000000000000000 00007fffa4cc9a1d
0x000000b4e0dff2e0:   00007fff6f090000 0000000000000000
0x000000b4e0dff2f0:   0000000000000001 000000007ffe0385
0x000000b4e0dff300:   0000000000000000 00007fffa4d0de41
0x000000b4e0dff310:   0000a1a47b9aac00 0000000000000014
0x000000b4e0dff320:   00007fff6f0b3ed0 0000000000000000
0x000000b4e0dff330:   0000000000000000 000000b4e0190000
0x000000b4e0dff340:   00000262fa611c50 00007fffa4d0dcda
0x000000b4e0dff350:   00000262fa7153a0 00007fff6f090000 

Instructions: (pc=0x00007fff6f0b6587)
0x00007fff6f0b6487:   8b 4d 58 e8 8d cf ff ff 48 8b 4d 60 e8 84 cf ff
0x00007fff6f0b6497:   ff 48 8b 95 80 00 00 00 48 8b 8d 18 01 00 00 e8
0x00007fff6f0b64a7:   76 c4 ff ff 33 d2 33 c9 e8 cc e1 ff ff 90 48 89
0x00007fff6f0b64b7:   54 24 10 55 48 83 ec 20 48 8b ea 48 b8 00 00 00
0x00007fff6f0b64c7:   00 00 00 00 00 48 83 c4 20 5d c3 cc 40 55 48 8b
0x00007fff6f0b64d7:   ea 48 8b 01 33 c9 81 38 05 00 00 c0 0f 94 c1 8b
0x00007fff6f0b64e7:   c1 5d c3 cc 40 55 48 83 ec 20 48 8b ea 8a 4d 40
0x00007fff6f0b64f7:   48 83 c4 20 5d e9 73 d3 ff ff cc 40 55 48 83 ec
0x00007fff6f0b6507:   20 48 8b ea 8a 4d 20 e8 61 d3 ff ff 90 48 83 c4
0x00007fff6f0b6517:   20 5d c3 cc 40 55 48 83 ec 20 48 8b ea 48 83 c4
0x00007fff6f0b6527:   20 5d e9 c2 d1 ff ff cc 40 55 48 83 ec 30 48 8b
0x00007fff6f0b6537:   ea 48 8b 01 8b 10 48 89 4c 24 28 89 54 24 20 4c
0x00007fff6f0b6547:   8d 0d 63 d6 ff ff 4c 8b 45 70 8b 55 68 48 8b 4d
0x00007fff6f0b6557:   60 e8 03 d1 ff ff 90 48 83 c4 30 5d c3 cc cc cc
0x00007fff6f0b6567:   cc cc cc cc cc cc cc cc cc 40 53 48 83 ec 20 48
0x00007fff6f0b6577:   8b 1d 8b 34 01 00 48 85 db 74 16 e8 89 8f ff ff
0x00007fff6f0b6587:   4c 8b 00 48 8b d3 48 8b c8 41 ff 90 b0 00 00 00
0x00007fff6f0b6597:   90 48 83 c4 20 5b c3 cc cc 40 53 48 83 ec 20 48
0x00007fff6f0b65a7:   8b 1d fb 35 01 00 48 85 db 74 57 b8 ff ff ff ff
0x00007fff6f0b65b7:   f0 0f c1 43 10 83 f8 01 75 3d 48 85 db 74 38 48
0x00007fff6f0b65c7:   8b 0b 48 85 c9 74 0d ff 15 d4 0c 00 00 48 c7 03
0x00007fff6f0b65d7:   00 00 00 00 48 8b 4b 08 48 85 c9 74 0d e8 33 ce
0x00007fff6f0b65e7:   ff ff 48 c7 43 08 00 00 00 00 ba 18 00 00 00 48
0x00007fff6f0b65f7:   8b cb e8 1e ce ff ff 48 c7 05 9f 35 01 00 00 00
0x00007fff6f0b6607:   00 00 48 83 c4 20 5b c3 cc 40 53 48 83 ec 20 48
0x00007fff6f0b6617:   8b 1d 6b 35 01 00 48 85 db 74 57 b8 ff ff ff ff
0x00007fff6f0b6627:   f0 0f c1 43 10 83 f8 01 75 3d 48 85 db 74 38 48
0x00007fff6f0b6637:   8b 0b 48 85 c9 74 0d ff 15 64 0c 00 00 48 c7 03
0x00007fff6f0b6647:   00 00 00 00 48 8b 4b 08 48 85 c9 74 0d e8 c3 cd
0x00007fff6f0b6657:   ff ff 48 c7 43 08 00 00 00 00 ba 18 00 00 00 48
0x00007fff6f0b6667:   8b cb e8 ae cd ff ff 48 c7 05 0f 35 01 00 00 00
0x00007fff6f0b6677:   00 00 48 83 c4 20 5b c3 cc 40 53 48 83 ec 20 48 


Stack slot to memory mapping:

stack at sp + 0 slots: 0x0 is null
stack at sp + 1 slots: 0x00000262fa6e21a0 points into unknown readable memory: 0x0000b6b7bba46fcb | cb 6f a4 bb b7 b6 00 00
stack at sp + 2 slots: 0x00007fff68621fa0 jvm.dll
stack at sp + 3 slots: 0x00007fff6f0b3ed0 glass.dll
stack at sp + 4 slots: 0x00000262fa6e21a8 points into unknown readable memory: 0x000089480c21f33f | 3f f3 21 0c 48 89 00 00
stack at sp + 5 slots: 0x00007fffa25242d6 ucrtbase.dll
stack at sp + 6 slots: 0x000089480c21f33f is an unknown value
stack at sp + 7 slots: 0x0000026200000000 is an unknown value

VM_Operation (0x000000b4e03ff440): Exit, mode: safepoint, requested by thread 0x00000262fa28ee00


---------------  P R O C E S S  ---------------

Threads class SMR info:
_java_thread_list=0x00000262fb563cc0, length=20, elements={
0x00000262d4b4dbf0, 0x00000262f5868690, 0x00000262f58695b0, 0x00000262f5870940,
0x00000262f58713a0, 0x00000262f58745b0, 0x00000262f5878cb0, 0x00000262f587a1e0,
0x00000262f587b420, 0x00000262f5a58c10, 0x00000262fa35e7d0, 0x00000262fa2af390,
0x00000262fa388a50, 0x00000262fa6147d0, 0x00000262fa5f5df0, 0x00000262faefa850,
0x00000262fb01f9a0, 0x00000262fa0ec960, 0x00000262fb6666d0, 0x00000262fa28ee00
}

Java Threads: ( => current thread )
  0x00000262d4b4dbf0 JavaThread "main"                              [_thread_blocked, id=6672, stack(0x000000b4e0600000,0x000000b4e0700000) (1024K)]
  0x00000262f5868690 JavaThread "Reference Handler"          daemon [_thread_blocked, id=14288, stack(0x000000b4e0e00000,0x000000b4e0f00000) (1024K)]
  0x00000262f58695b0 JavaThread "Finalizer"                  daemon [_thread_blocked, id=8332, stack(0x000000b4e0f00000,0x000000b4e1000000) (1024K)]
  0x00000262f5870940 JavaThread "Signal Dispatcher"          daemon [_thread_blocked, id=19352, stack(0x000000b4e1000000,0x000000b4e1100000) (1024K)]
  0x00000262f58713a0 JavaThread "Attach Listener"            daemon [_thread_blocked, id=17540, stack(0x000000b4e1100000,0x000000b4e1200000) (1024K)]
  0x00000262f58745b0 JavaThread "Service Thread"             daemon [_thread_blocked, id=15560, stack(0x000000b4e1200000,0x000000b4e1300000) (1024K)]
  0x00000262f5878cb0 JavaThread "Monitor Deflation Thread"   daemon [_thread_blocked, id=10912, stack(0x000000b4e1300000,0x000000b4e1400000) (1024K)]
  0x00000262f587a1e0 JavaThread "C2 CompilerThread0"         daemon [_thread_blocked, id=15464, stack(0x000000b4e1400000,0x000000b4e1500000) (1024K)]
  0x00000262f587b420 JavaThread "C1 CompilerThread0"         daemon [_thread_blocked, id=2920, stack(0x000000b4e1500000,0x000000b4e1600000) (1024K)]
  0x00000262f5a58c10 JavaThread "Common-Cleaner"             daemon [_thread_blocked, id=14544, stack(0x000000b4e1600000,0x000000b4e1700000) (1024K)]
  0x00000262fa35e7d0 JavaThread "Monitor Ctrl-Break"         daemon [_thread_in_native, id=12464, stack(0x000000b4e1900000,0x000000b4e1a00000) (1024K)]
  0x00000262fa2af390 JavaThread "Notification Thread"        daemon [_thread_blocked, id=12148, stack(0x000000b4e1a00000,0x000000b4e1b00000) (1024K)]
  0x00000262fa388a50 JavaThread "QuantumRenderer-0"          daemon [_thread_blocked, id=18364, stack(0x000000b4e1b00000,0x000000b4e1c00000) (1024K)]
  0x00000262fa6147d0 JavaThread "InvokeLaterDispatcher"      daemon [_thread_blocked, id=14740, stack(0x000000b4e1c00000,0x000000b4e1d00000) (1024K)]
  0x00000262fa5f5df0 JavaThread "JavaFX Application Thread"         [_thread_in_native, id=12072, stack(0x000000b4e1d00000,0x000000b4e1e00000) (1024K)]
  0x00000262faefa850 JavaThread "JavaFX-Launcher"                   [_thread_blocked, id=3184, stack(0x000000b4e2b00000,0x000000b4e2c00000) (1024K)]
  0x00000262fb01f9a0 JavaThread "Thread-2"                   daemon [_thread_in_native, id=11616, stack(0x000000b4e2a00000,0x000000b4e2b00000) (1024K)]
  0x00000262fa0ec960 JavaThread "Prism Font Disposer"        daemon [_thread_blocked, id=11200, stack(0x000000b4e3400000,0x000000b4e3500000) (1024K)]
  0x00000262fb6666d0 JavaThread "Cleaner-0"                  daemon [_thread_blocked, id=13952, stack(0x000000b4e3900000,0x000000b4e3a00000) (1024K)]
  0x00000262fa28ee00 JavaThread "SIGINT handler"             daemon [_thread_blocked, id=8756, stack(0x000000b4e0300000,0x000000b4e0400000) (1024K)]
Total: 20

Other Threads:
=>0x00000262f584a870 VMThread "VM Thread"                           [id=16672, stack(0x000000b4e0d00000,0x000000b4e0e00000) (1024K)]
  0x00000262d4e70410 WorkerThread "GC Thread#0"                     [id=5508, stack(0x000000b4e0700000,0x000000b4e0800000) (1024K)]
  0x00000262fb020380 WorkerThread "GC Thread#1"                     [id=16632, stack(0x000000b4e2c00000,0x000000b4e2d00000) (1024K)]
  0x00000262fb020720 WorkerThread "GC Thread#2"                     [id=10632, stack(0x000000b4e2d00000,0x000000b4e2e00000) (1024K)]
  0x00000262fb020ac0 WorkerThread "GC Thread#3"                     [id=13812, stack(0x000000b4e2e00000,0x000000b4e2f00000) (1024K)]
  0x00000262faefced0 WorkerThread "GC Thread#4"                     [id=19480, stack(0x000000b4e2f00000,0x000000b4e3000000) (1024K)]
  0x00000262faefd270 WorkerThread "GC Thread#5"                     [id=11300, stack(0x000000b4e3000000,0x000000b4e3100000) (1024K)]
  0x00000262cd9b5ff0 WorkerThread "GC Thread#6"                     [id=19716, stack(0x000000b4e3500000,0x000000b4e3600000) (1024K)]
  0x00000262cd9b4dd0 WorkerThread "GC Thread#7"                     [id=8468, stack(0x000000b4e3600000,0x000000b4e3700000) (1024K)]
  0x00000262cd9b5c50 WorkerThread "GC Thread#8"                     [id=13688, stack(0x000000b4e3700000,0x000000b4e3800000) (1024K)]
  0x00000262cd9b5170 WorkerThread "GC Thread#9"                     [id=7772, stack(0x000000b4e3800000,0x000000b4e3900000) (1024K)]
  0x00000262d4e7f0b0 ConcurrentGCThread "G1 Main Marker"            terminated
  0x00000262d4e80350 WorkerThread "G1 Conc#0"                       [id=11392, stack(0x000000b4e0900000,0x000000b4e0a00000) (1024K)]
  0x00000262d4eee760 ConcurrentGCThread "G1 Refine#0"               terminated
  0x00000262f5707390 ConcurrentGCThread "G1 Service"                terminated
Total: 15

Threads with active compile tasks:
Total: 0

VM state: at safepoint (shutting down)

VM Mutex/Monitor currently owned by a thread:  ([mutex/lock_event])
[0x00007fff685fa5f8] Threads_lock - owner thread: 0x00000262f584a870
[0x00007fff685fa6f8] Heap_lock - owner thread: 0x00000262fa28ee00

Heap address: 0x0000000724e00000, size: 3506 MB, Compressed Oops mode: Zero based, Oop shift amount: 3

CDS archive(s) mapped at: [0x0000026280000000-0x0000026280c90000-0x0000026280c90000), size 13172736, SharedBaseAddress: 0x0000026280000000, ArchiveRelocationMode: 1.
Compressed class space mapped at: 0x0000026281000000-0x00000262c1000000, reserved size: 1073741824
Narrow klass base: 0x0000026280000000, Narrow klass shift: 0, Narrow klass range: 0x100000000

GC Precious Log:
 CardTable entry size: 512
 Card Set container configuration: InlinePtr #cards 4 size 8 Array Of Cards #cards 16 size 48 Howl #buckets 8 coarsen threshold 3686 Howl Bitmap #cards 512 size 80 coarsen threshold 460 Card regions per heap region 1 cards per card region 4096
 CPUs: 12 total, 12 available
 Memory: 14020M
 Large Page Support: Disabled
 NUMA Support: Disabled
 Compressed Oops: Enabled (Zero based)
 Heap Region Size: 2M
 Heap Min Capacity: 8M
 Heap Initial Capacity: 220M
 Heap Max Capacity: 3506M
 Pre-touch: Disabled
 Parallel Workers: 10
 Concurrent Workers: 3
 Concurrent Refinement Workers: 10
 Periodic GC: Disabled

Heap:
 garbage-first heap   total 225280K, used 40668K [0x0000000724e00000, 0x0000000800000000)
  region size 2048K, 20 young (40960K), 3 survivors (6144K)
 Metaspace       used 17460K, committed 17792K, reserved 1114112K
  class space    used 2487K, committed 2624K, reserved 1048576K

Heap Regions: E=young(eden), S=young(survivor), O=old, HS=humongous(starts), HC=humongous(continues), CS=collection set, F=free, TAMS=top-at-mark-start, PB=parsable bottom
|   0|0x0000000724e00000, 0x0000000725000000, 0x0000000725000000|100%|HS|  |TAMS 0x0000000724e00000| PB 0x0000000724e00000| Complete 
|   1|0x0000000725000000, 0x0000000725000000, 0x0000000725200000|  0%| F|  |TAMS 0x0000000725000000| PB 0x0000000725000000| Untracked 
|   2|0x0000000725200000, 0x0000000725200000, 0x0000000725400000|  0%| F|  |TAMS 0x0000000725200000| PB 0x0000000725200000| Untracked 
|   3|0x0000000725400000, 0x0000000725400000, 0x0000000725600000|  0%| F|  |TAMS 0x0000000725400000| PB 0x0000000725400000| Untracked 
|   4|0x0000000725600000, 0x0000000725600000, 0x0000000725800000|  0%| F|  |TAMS 0x0000000725600000| PB 0x0000000725600000| Untracked 
|   5|0x0000000725800000, 0x0000000725800000, 0x0000000725a00000|  0%| F|  |TAMS 0x0000000725800000| PB 0x0000000725800000| Untracked 
|   6|0x0000000725a00000, 0x0000000725a00000, 0x0000000725c00000|  0%| F|  |TAMS 0x0000000725a00000| PB 0x0000000725a00000| Untracked 
|   7|0x0000000725c00000, 0x0000000725c00000, 0x0000000725e00000|  0%| F|  |TAMS 0x0000000725c00000| PB 0x0000000725c00000| Untracked 
|   8|0x0000000725e00000, 0x0000000725e00000, 0x0000000726000000|  0%| F|  |TAMS 0x0000000725e00000| PB 0x0000000725e00000| Untracked 
|   9|0x0000000726000000, 0x0000000726000000, 0x0000000726200000|  0%| F|  |TAMS 0x0000000726000000| PB 0x0000000726000000| Untracked 
|  10|0x0000000726200000, 0x0000000726200000, 0x0000000726400000|  0%| F|  |TAMS 0x0000000726200000| PB 0x0000000726200000| Untracked 
|  11|0x0000000726400000, 0x0000000726400000, 0x0000000726600000|  0%| F|  |TAMS 0x0000000726400000| PB 0x0000000726400000| Untracked 
|  12|0x0000000726600000, 0x0000000726600000, 0x0000000726800000|  0%| F|  |TAMS 0x0000000726600000| PB 0x0000000726600000| Untracked 
|  13|0x0000000726800000, 0x0000000726800000, 0x0000000726a00000|  0%| F|  |TAMS 0x0000000726800000| PB 0x0000000726800000| Untracked 
|  14|0x0000000726a00000, 0x0000000726a00000, 0x0000000726c00000|  0%| F|  |TAMS 0x0000000726a00000| PB 0x0000000726a00000| Untracked 
|  15|0x0000000726c00000, 0x0000000726c00000, 0x0000000726e00000|  0%| F|  |TAMS 0x0000000726c00000| PB 0x0000000726c00000| Untracked 
|  16|0x0000000726e00000, 0x0000000726e00000, 0x0000000727000000|  0%| F|  |TAMS 0x0000000726e00000| PB 0x0000000726e00000| Untracked 
|  17|0x0000000727000000, 0x0000000727000000, 0x0000000727200000|  0%| F|  |TAMS 0x0000000727000000| PB 0x0000000727000000| Untracked 
|  18|0x0000000727200000, 0x0000000727200000, 0x0000000727400000|  0%| F|  |TAMS 0x0000000727200000| PB 0x0000000727200000| Untracked 
|  19|0x0000000727400000, 0x0000000727400000, 0x0000000727600000|  0%| F|  |TAMS 0x0000000727400000| PB 0x0000000727400000| Untracked 
|  20|0x0000000727600000, 0x0000000727600000, 0x0000000727800000|  0%| F|  |TAMS 0x0000000727600000| PB 0x0000000727600000| Untracked 
|  21|0x0000000727800000, 0x0000000727800000, 0x0000000727a00000|  0%| F|  |TAMS 0x0000000727800000| PB 0x0000000727800000| Untracked 
|  22|0x0000000727a00000, 0x0000000727a00000, 0x0000000727c00000|  0%| F|  |TAMS 0x0000000727a00000| PB 0x0000000727a00000| Untracked 
|  23|0x0000000727c00000, 0x0000000727c00000, 0x0000000727e00000|  0%| F|  |TAMS 0x0000000727c00000| PB 0x0000000727c00000| Untracked 
|  24|0x0000000727e00000, 0x0000000727e00000, 0x0000000728000000|  0%| F|  |TAMS 0x0000000727e00000| PB 0x0000000727e00000| Untracked 
|  25|0x0000000728000000, 0x0000000728000000, 0x0000000728200000|  0%| F|  |TAMS 0x0000000728000000| PB 0x0000000728000000| Untracked 
|  26|0x0000000728200000, 0x0000000728200000, 0x0000000728400000|  0%| F|  |TAMS 0x0000000728200000| PB 0x0000000728200000| Untracked 
|  27|0x0000000728400000, 0x0000000728400000, 0x0000000728600000|  0%| F|  |TAMS 0x0000000728400000| PB 0x0000000728400000| Untracked 
|  28|0x0000000728600000, 0x0000000728600000, 0x0000000728800000|  0%| F|  |TAMS 0x0000000728600000| PB 0x0000000728600000| Untracked 
|  29|0x0000000728800000, 0x0000000728800000, 0x0000000728a00000|  0%| F|  |TAMS 0x0000000728800000| PB 0x0000000728800000| Untracked 
|  30|0x0000000728a00000, 0x0000000728a00000, 0x0000000728c00000|  0%| F|  |TAMS 0x0000000728a00000| PB 0x0000000728a00000| Untracked 
|  31|0x0000000728c00000, 0x0000000728c00000, 0x0000000728e00000|  0%| F|  |TAMS 0x0000000728c00000| PB 0x0000000728c00000| Untracked 
|  32|0x0000000728e00000, 0x0000000728e00000, 0x0000000729000000|  0%| F|  |TAMS 0x0000000728e00000| PB 0x0000000728e00000| Untracked 
|  33|0x0000000729000000, 0x0000000729000000, 0x0000000729200000|  0%| F|  |TAMS 0x0000000729000000| PB 0x0000000729000000| Untracked 
|  34|0x0000000729200000, 0x0000000729200000, 0x0000000729400000|  0%| F|  |TAMS 0x0000000729200000| PB 0x0000000729200000| Untracked 
|  35|0x0000000729400000, 0x0000000729400000, 0x0000000729600000|  0%| F|  |TAMS 0x0000000729400000| PB 0x0000000729400000| Untracked 
|  36|0x0000000729600000, 0x0000000729600000, 0x0000000729800000|  0%| F|  |TAMS 0x0000000729600000| PB 0x0000000729600000| Untracked 
|  37|0x0000000729800000, 0x0000000729800000, 0x0000000729a00000|  0%| F|  |TAMS 0x0000000729800000| PB 0x0000000729800000| Untracked 
|  38|0x0000000729a00000, 0x0000000729a00000, 0x0000000729c00000|  0%| F|  |TAMS 0x0000000729a00000| PB 0x0000000729a00000| Untracked 
|  39|0x0000000729c00000, 0x0000000729c00000, 0x0000000729e00000|  0%| F|  |TAMS 0x0000000729c00000| PB 0x0000000729c00000| Untracked 
|  40|0x0000000729e00000, 0x0000000729e00000, 0x000000072a000000|  0%| F|  |TAMS 0x0000000729e00000| PB 0x0000000729e00000| Untracked 
|  41|0x000000072a000000, 0x000000072a000000, 0x000000072a200000|  0%| F|  |TAMS 0x000000072a000000| PB 0x000000072a000000| Untracked 
|  42|0x000000072a200000, 0x000000072a200000, 0x000000072a400000|  0%| F|  |TAMS 0x000000072a200000| PB 0x000000072a200000| Untracked 
|  43|0x000000072a400000, 0x000000072a400000, 0x000000072a600000|  0%| F|  |TAMS 0x000000072a400000| PB 0x000000072a400000| Untracked 
|  44|0x000000072a600000, 0x000000072a600000, 0x000000072a800000|  0%| F|  |TAMS 0x000000072a600000| PB 0x000000072a600000| Untracked 
|  45|0x000000072a800000, 0x000000072a800000, 0x000000072aa00000|  0%| F|  |TAMS 0x000000072a800000| PB 0x000000072a800000| Untracked 
|  46|0x000000072aa00000, 0x000000072aa00000, 0x000000072ac00000|  0%| F|  |TAMS 0x000000072aa00000| PB 0x000000072aa00000| Untracked 
|  47|0x000000072ac00000, 0x000000072ac00000, 0x000000072ae00000|  0%| F|  |TAMS 0x000000072ac00000| PB 0x000000072ac00000| Untracked 
|  48|0x000000072ae00000, 0x000000072ae00000, 0x000000072b000000|  0%| F|  |TAMS 0x000000072ae00000| PB 0x000000072ae00000| Untracked 
|  49|0x000000072b000000, 0x000000072b000000, 0x000000072b200000|  0%| F|  |TAMS 0x000000072b000000| PB 0x000000072b000000| Untracked 
|  50|0x000000072b200000, 0x000000072b200000, 0x000000072b400000|  0%| F|  |TAMS 0x000000072b200000| PB 0x000000072b200000| Untracked 
|  51|0x000000072b400000, 0x000000072b400000, 0x000000072b600000|  0%| F|  |TAMS 0x000000072b400000| PB 0x000000072b400000| Untracked 
|  52|0x000000072b600000, 0x000000072b600000, 0x000000072b800000|  0%| F|  |TAMS 0x000000072b600000| PB 0x000000072b600000| Untracked 
|  53|0x000000072b800000, 0x000000072b800000, 0x000000072ba00000|  0%| F|  |TAMS 0x000000072b800000| PB 0x000000072b800000| Untracked 
|  54|0x000000072ba00000, 0x000000072ba00000, 0x000000072bc00000|  0%| F|  |TAMS 0x000000072ba00000| PB 0x000000072ba00000| Untracked 
|  55|0x000000072bc00000, 0x000000072bc00000, 0x000000072be00000|  0%| F|  |TAMS 0x000000072bc00000| PB 0x000000072bc00000| Untracked 
|  56|0x000000072be00000, 0x000000072be00000, 0x000000072c000000|  0%| F|  |TAMS 0x000000072be00000| PB 0x000000072be00000| Untracked 
|  57|0x000000072c000000, 0x000000072c000000, 0x000000072c200000|  0%| F|  |TAMS 0x000000072c000000| PB 0x000000072c000000| Untracked 
|  58|0x000000072c200000, 0x000000072c200000, 0x000000072c400000|  0%| F|  |TAMS 0x000000072c200000| PB 0x000000072c200000| Untracked 
|  59|0x000000072c400000, 0x000000072c400000, 0x000000072c600000|  0%| F|  |TAMS 0x000000072c400000| PB 0x000000072c400000| Untracked 
|  60|0x000000072c600000, 0x000000072c600000, 0x000000072c800000|  0%| F|  |TAMS 0x000000072c600000| PB 0x000000072c600000| Untracked 
|  61|0x000000072c800000, 0x000000072c800000, 0x000000072ca00000|  0%| F|  |TAMS 0x000000072c800000| PB 0x000000072c800000| Untracked 
|  62|0x000000072ca00000, 0x000000072ca00000, 0x000000072cc00000|  0%| F|  |TAMS 0x000000072ca00000| PB 0x000000072ca00000| Untracked 
|  63|0x000000072cc00000, 0x000000072cc00000, 0x000000072ce00000|  0%| F|  |TAMS 0x000000072cc00000| PB 0x000000072cc00000| Untracked 
|  64|0x000000072ce00000, 0x000000072ce00000, 0x000000072d000000|  0%| F|  |TAMS 0x000000072ce00000| PB 0x000000072ce00000| Untracked 
|  65|0x000000072d000000, 0x000000072d000000, 0x000000072d200000|  0%| F|  |TAMS 0x000000072d000000| PB 0x000000072d000000| Untracked 
|  66|0x000000072d200000, 0x000000072d200000, 0x000000072d400000|  0%| F|  |TAMS 0x000000072d200000| PB 0x000000072d200000| Untracked 
|  67|0x000000072d400000, 0x000000072d400000, 0x000000072d600000|  0%| F|  |TAMS 0x000000072d400000| PB 0x000000072d400000| Untracked 
|  68|0x000000072d600000, 0x000000072d600000, 0x000000072d800000|  0%| F|  |TAMS 0x000000072d600000| PB 0x000000072d600000| Untracked 
|  69|0x000000072d800000, 0x000000072d800000, 0x000000072da00000|  0%| F|  |TAMS 0x000000072d800000| PB 0x000000072d800000| Untracked 
|  70|0x000000072da00000, 0x000000072da00000, 0x000000072dc00000|  0%| F|  |TAMS 0x000000072da00000| PB 0x000000072da00000| Untracked 
|  71|0x000000072dc00000, 0x000000072dc00000, 0x000000072de00000|  0%| F|  |TAMS 0x000000072dc00000| PB 0x000000072dc00000| Untracked 
|  72|0x000000072de00000, 0x000000072de00000, 0x000000072e000000|  0%| F|  |TAMS 0x000000072de00000| PB 0x000000072de00000| Untracked 
|  73|0x000000072e000000, 0x000000072e000000, 0x000000072e200000|  0%| F|  |TAMS 0x000000072e000000| PB 0x000000072e000000| Untracked 
|  74|0x000000072e200000, 0x000000072e200000, 0x000000072e400000|  0%| F|  |TAMS 0x000000072e200000| PB 0x000000072e200000| Untracked 
|  75|0x000000072e400000, 0x000000072e400000, 0x000000072e600000|  0%| F|  |TAMS 0x000000072e400000| PB 0x000000072e400000| Untracked 
|  76|0x000000072e600000, 0x000000072e600000, 0x000000072e800000|  0%| F|  |TAMS 0x000000072e600000| PB 0x000000072e600000| Untracked 
|  77|0x000000072e800000, 0x000000072e800000, 0x000000072ea00000|  0%| F|  |TAMS 0x000000072e800000| PB 0x000000072e800000| Untracked 
|  78|0x000000072ea00000, 0x000000072ea00000, 0x000000072ec00000|  0%| F|  |TAMS 0x000000072ea00000| PB 0x000000072ea00000| Untracked 
|  79|0x000000072ec00000, 0x000000072ec00000, 0x000000072ee00000|  0%| F|  |TAMS 0x000000072ec00000| PB 0x000000072ec00000| Untracked 
|  80|0x000000072ee00000, 0x000000072ee00000, 0x000000072f000000|  0%| F|  |TAMS 0x000000072ee00000| PB 0x000000072ee00000| Untracked 
|  81|0x000000072f000000, 0x000000072f000000, 0x000000072f200000|  0%| F|  |TAMS 0x000000072f000000| PB 0x000000072f000000| Untracked 
|  82|0x000000072f200000, 0x000000072f200000, 0x000000072f400000|  0%| F|  |TAMS 0x000000072f200000| PB 0x000000072f200000| Untracked 
|  83|0x000000072f400000, 0x000000072f400000, 0x000000072f600000|  0%| F|  |TAMS 0x000000072f400000| PB 0x000000072f400000| Untracked 
|  84|0x000000072f600000, 0x000000072f600000, 0x000000072f800000|  0%| F|  |TAMS 0x000000072f600000| PB 0x000000072f600000| Untracked 
|  85|0x000000072f800000, 0x000000072f800000, 0x000000072fa00000|  0%| F|  |TAMS 0x000000072f800000| PB 0x000000072f800000| Untracked 
|  86|0x000000072fa00000, 0x000000072fbb70e0, 0x000000072fc00000| 85%| S|CS|TAMS 0x000000072fa00000| PB 0x000000072fa00000| Complete 
|  87|0x000000072fc00000, 0x000000072fe00000, 0x000000072fe00000|100%| S|CS|TAMS 0x000000072fc00000| PB 0x000000072fc00000| Complete 
|  88|0x000000072fe00000, 0x0000000730000000, 0x0000000730000000|100%| S|CS|TAMS 0x000000072fe00000| PB 0x000000072fe00000| Complete 
|  89|0x0000000730000000, 0x0000000730000000, 0x0000000730200000|  0%| F|  |TAMS 0x0000000730000000| PB 0x0000000730000000| Untracked 
|  90|0x0000000730200000, 0x0000000730200000, 0x0000000730400000|  0%| F|  |TAMS 0x0000000730200000| PB 0x0000000730200000| Untracked 
|  91|0x0000000730400000, 0x0000000730400000, 0x0000000730600000|  0%| F|  |TAMS 0x0000000730400000| PB 0x0000000730400000| Untracked 
|  92|0x0000000730600000, 0x0000000730600000, 0x0000000730800000|  0%| F|  |TAMS 0x0000000730600000| PB 0x0000000730600000| Untracked 
|  93|0x0000000730800000, 0x000000073086c068, 0x0000000730a00000| 21%| E|  |TAMS 0x0000000730800000| PB 0x0000000730800000| Complete 
|  94|0x0000000730a00000, 0x0000000730c00000, 0x0000000730c00000|100%| E|CS|TAMS 0x0000000730a00000| PB 0x0000000730a00000| Complete 
|  95|0x0000000730c00000, 0x0000000730e00000, 0x0000000730e00000|100%| E|CS|TAMS 0x0000000730c00000| PB 0x0000000730c00000| Complete 
|  96|0x0000000730e00000, 0x0000000731000000, 0x0000000731000000|100%| E|CS|TAMS 0x0000000730e00000| PB 0x0000000730e00000| Complete 
|  97|0x0000000731000000, 0x0000000731200000, 0x0000000731200000|100%| E|CS|TAMS 0x0000000731000000| PB 0x0000000731000000| Complete 
|  98|0x0000000731200000, 0x0000000731400000, 0x0000000731400000|100%| E|CS|TAMS 0x0000000731200000| PB 0x0000000731200000| Complete 
|  99|0x0000000731400000, 0x0000000731600000, 0x0000000731600000|100%| E|CS|TAMS 0x0000000731400000| PB 0x0000000731400000| Complete 
| 100|0x0000000731600000, 0x0000000731800000, 0x0000000731800000|100%| E|CS|TAMS 0x0000000731600000| PB 0x0000000731600000| Complete 
| 101|0x0000000731800000, 0x0000000731a00000, 0x0000000731a00000|100%| E|CS|TAMS 0x0000000731800000| PB 0x0000000731800000| Complete 
| 102|0x0000000731a00000, 0x0000000731c00000, 0x0000000731c00000|100%| E|CS|TAMS 0x0000000731a00000| PB 0x0000000731a00000| Complete 
| 103|0x0000000731c00000, 0x0000000731e00000, 0x0000000731e00000|100%| E|CS|TAMS 0x0000000731c00000| PB 0x0000000731c00000| Complete 
| 104|0x0000000731e00000, 0x0000000732000000, 0x0000000732000000|100%| E|CS|TAMS 0x0000000731e00000| PB 0x0000000731e00000| Complete 
| 105|0x0000000732000000, 0x0000000732200000, 0x0000000732200000|100%| E|CS|TAMS 0x0000000732000000| PB 0x0000000732000000| Complete 
| 106|0x0000000732200000, 0x0000000732400000, 0x0000000732400000|100%| E|CS|TAMS 0x0000000732200000| PB 0x0000000732200000| Complete 
| 107|0x0000000732400000, 0x0000000732600000, 0x0000000732600000|100%| E|CS|TAMS 0x0000000732400000| PB 0x0000000732400000| Complete 
| 108|0x0000000732600000, 0x0000000732800000, 0x0000000732800000|100%| E|CS|TAMS 0x0000000732600000| PB 0x0000000732600000| Complete 
| 109|0x0000000732800000, 0x0000000732a00000, 0x0000000732a00000|100%| E|CS|TAMS 0x0000000732800000| PB 0x0000000732800000| Complete 

Card table byte_map: [0x00000262eedf0000,0x00000262ef4d0000] _byte_map_base: 0x00000262eb4c9000

Marking Bits: (CMBitMap*) 0x00000262d4e70b10
 Bits: [0x00000262ef4d0000, 0x00000262f2b98000)

Polling page: 0x00000262d4ef0000

Metaspace:

Usage:
  Non-class:     14.62 MB used.
      Class:      2.43 MB used.
       Both:     17.05 MB used.

Virtual space:
  Non-class space:       64.00 MB reserved,      14.81 MB ( 23%) committed,  1 nodes.
      Class space:        1.00 GB reserved,       2.56 MB ( <1%) committed,  1 nodes.
             Both:        1.06 GB reserved,      17.38 MB (  2%) committed. 

Chunk freelists:
   Non-Class:  865.00 KB
       Class:  13.38 MB
        Both:  14.22 MB

MaxMetaspaceSize: unlimited
CompressedClassSpaceSize: 1.00 GB
Initial GC threshold: 21.00 MB
Current GC threshold: 21.00 MB
CDS: on
 - commit_granule_bytes: 65536.
 - commit_granule_words: 8192.
 - virtual_space_node_default_size: 8388608.
 - enlarge_chunks_in_place: 1.
 - use_allocation_guard: 0.


Internal statistics:

num_allocs_failed_limit: 0.
num_arena_births: 390.
num_arena_deaths: 0.
num_vsnodes_births: 2.
num_vsnodes_deaths: 0.
num_space_committed: 278.
num_space_uncommitted: 0.
num_chunks_returned_to_freelist: 0.
num_chunks_taken_from_freelist: 955.
num_chunk_merges: 0.
num_chunk_splits: 655.
num_chunks_enlarged: 484.
num_inconsistent_stats: 0.

CodeHeap 'non-profiled nmethods': size=120000Kb used=1665Kb max_used=1665Kb free=118334Kb
 bounds [0x00000262e6550000, 0x00000262e67c0000, 0x00000262eda80000]
CodeHeap 'profiled nmethods': size=120000Kb used=7299Kb max_used=7299Kb free=112701Kb
 bounds [0x00000262dea80000, 0x00000262df1b0000, 0x00000262e5fb0000]
CodeHeap 'non-nmethods': size=5760Kb used=1814Kb max_used=1851Kb free=3945Kb
 bounds [0x00000262e5fb0000, 0x00000262e6220000, 0x00000262e6550000]
 total_blobs=4425 nmethods=3601 adapters=727
 compilation: enabled
              stopped_count=0, restarted_count=0
 full_count=0

Compilation events (20 events):
Event: 54.155 Thread 0x00000262f587b420 3595       3       javafx.scene.Scene$TargetWrapper::fillHierarchy (63 bytes)
Event: 54.156 Thread 0x00000262f587b420 nmethod 3595 0x00000262df19dc90 code [0x00000262df19dec0, 0x00000262df19e798]
Event: 54.197 Thread 0x00000262f587b420 3596       3       javafx.event.Event::consume (6 bytes)
Event: 54.198 Thread 0x00000262f587b420 nmethod 3596 0x00000262df19ea10 code [0x00000262df19eba0, 0x00000262df19ecb0]
Event: 54.413 Thread 0x00000262f587a1e0 3597       4       com.sun.javafx.geom.Vec3d::length (33 bytes)
Event: 54.414 Thread 0x00000262f587a1e0 nmethod 3597 0x00000262e66eef10 code [0x00000262e66ef0a0, 0x00000262e66ef150]
Event: 85.889 Thread 0x00000262f587a1e0 3598       4       com.sun.javafx.tk.quantum.QuantumToolkit::postPulse (133 bytes)
Event: 85.898 Thread 0x00000262f587a1e0 nmethod 3598 0x00000262e66ef210 code [0x00000262e66ef3e0, 0x00000262e66ef670]
Event: 86.513 Thread 0x00000262f587a1e0 3599       4       com.sun.javafx.tk.quantum.QuantumToolkit$$Lambda/0x000002628103dd28::run (8 bytes)
Event: 86.523 Thread 0x00000262f587a1e0 nmethod 3599 0x00000262e66ef910 code [0x00000262e66efb00, 0x00000262e66efe08]
Event: 154.025 Thread 0x00000262f587b420 3600       3       com.sun.javafx.css.PseudoClassState::remove (6 bytes)
Event: 154.025 Thread 0x00000262f587b420 nmethod 3600 0x00000262df19ed90 code [0x00000262df19ef40, 0x00000262df19f088]
Event: 154.025 Thread 0x00000262f587b420 3601       3       com.sun.javafx.css.BitSet::remove (171 bytes)
Event: 154.027 Thread 0x00000262f587b420 nmethod 3601 0x00000262df19f110 code [0x00000262df19f340, 0x00000262df19fc50]
Event: 154.289 Thread 0x00000262f587b420 3602       3       javafx.scene.shape.Rectangle::getArcWidth (19 bytes)
Event: 154.290 Thread 0x00000262f587b420 nmethod 3602 0x00000262df19ff10 code [0x00000262df1a00e0, 0x00000262df1a04a0]
Event: 154.290 Thread 0x00000262f587b420 3603       3       javafx.scene.shape.Rectangle::getX (19 bytes)
Event: 154.290 Thread 0x00000262f587b420 nmethod 3603 0x00000262df1a0590 code [0x00000262df1a0760, 0x00000262df1a0b20]
Event: 154.658 Thread 0x00000262f587a1e0 3604       4       com.sun.javafx.event.CompositeEventDispatcher::dispatchBubblingEvent (35 bytes)
Event: 154.661 Thread 0x00000262f587a1e0 nmethod 3604 0x00000262e66f0110 code [0x00000262e66f02a0, 0x00000262e66f03c0]

GC Heap History (4 events):
Event: 0.512 GC heap before
{Heap before GC invocations=0 (full 0):
 garbage-first heap   total 225280K, used 22528K [0x0000000724e00000, 0x0000000800000000)
  region size 2048K, 11 young (22528K), 0 survivors (0K)
 Metaspace       used 4733K, committed 4928K, reserved 1114112K
  class space    used 508K, committed 640K, reserved 1048576K
}
Event: 0.514 GC heap after
{Heap after GC invocations=1 (full 0):
 garbage-first heap   total 225280K, used 2687K [0x0000000724e00000, 0x0000000800000000)
  region size 2048K, 2 young (4096K), 2 survivors (4096K)
 Metaspace       used 4733K, committed 4928K, reserved 1114112K
  class space    used 508K, committed 640K, reserved 1048576K
}
Event: 0.879 GC heap before
{Heap before GC invocations=1 (full 0):
 garbage-first heap   total 225280K, used 39551K [0x0000000724e00000, 0x0000000800000000)
  region size 2048K, 21 young (43008K), 2 survivors (4096K)
 Metaspace       used 13236K, committed 13504K, reserved 1114112K
  class space    used 2039K, committed 2176K, reserved 1048576K
}
Event: 0.883 GC heap after
{Heap after GC invocations=2 (full 0):
 garbage-first heap   total 225280K, used 5852K [0x0000000724e00000, 0x0000000800000000)
  region size 2048K, 3 young (6144K), 3 survivors (6144K)
 Metaspace       used 13236K, committed 13504K, reserved 1114112K
  class space    used 2039K, committed 2176K, reserved 1048576K
}

Dll operation events (20 events):
Event: 0.314 Loaded shared library C:\Users\Nursultan\.openjfx\cache\21-ea+null\amd64\api-ms-win-crt-locale-l1-1-0.dll
Event: 0.316 Loaded shared library C:\Users\Nursultan\.openjfx\cache\21-ea+null\amd64\api-ms-win-crt-math-l1-1-0.dll
Event: 0.317 Loaded shared library C:\Users\Nursultan\.openjfx\cache\21-ea+null\amd64\api-ms-win-crt-multibyte-l1-1-0.dll
Event: 0.320 Loaded shared library C:\Users\Nursultan\.openjfx\cache\21-ea+null\amd64\api-ms-win-crt-private-l1-1-0.dll
Event: 0.322 Loaded shared library C:\Users\Nursultan\.openjfx\cache\21-ea+null\amd64\api-ms-win-crt-process-l1-1-0.dll
Event: 0.323 Loaded shared library C:\Users\Nursultan\.openjfx\cache\21-ea+null\amd64\api-ms-win-crt-runtime-l1-1-0.dll
Event: 0.326 Loaded shared library C:\Users\Nursultan\.openjfx\cache\21-ea+null\amd64\api-ms-win-crt-stdio-l1-1-0.dll
Event: 0.327 Loaded shared library C:\Users\Nursultan\.openjfx\cache\21-ea+null\amd64\api-ms-win-crt-string-l1-1-0.dll
Event: 0.329 Loaded shared library C:\Users\Nursultan\.openjfx\cache\21-ea+null\amd64\api-ms-win-crt-time-l1-1-0.dll
Event: 0.331 Loaded shared library C:\Users\Nursultan\.openjfx\cache\21-ea+null\amd64\api-ms-win-crt-utility-l1-1-0.dll
Event: 0.342 Loaded shared library C:\Users\Nursultan\.openjfx\cache\21-ea+null\amd64\ucrtbase.dll
Event: 0.345 Loaded shared library C:\Users\Nursultan\.openjfx\cache\21-ea+null\amd64\vcruntime140.dll
Event: 0.348 Loaded shared library C:\Users\Nursultan\.openjfx\cache\21-ea+null\amd64\vcruntime140_1.dll
Event: 0.356 Loaded shared library C:\Users\Nursultan\.openjfx\cache\21-ea+null\amd64\msvcp140.dll
Event: 0.358 Loaded shared library C:\Users\Nursultan\.openjfx\cache\21-ea+null\amd64\msvcp140_1.dll
Event: 0.362 Loaded shared library C:\Users\Nursultan\.openjfx\cache\21-ea+null\amd64\msvcp140_2.dll
Event: 0.391 Loaded shared library C:\Users\Nursultan\.openjfx\cache\21-ea+null\amd64\prism_d3d.dll
Event: 0.423 Loaded shared library C:\Users\Nursultan\.openjfx\cache\21-ea+null\amd64\glass.dll
Event: 0.526 Loaded shared library C:\Users\Nursultan\.jdks\openjdk-21.0.1\bin\jimage.dll
Event: 0.630 Loaded shared library C:\Users\Nursultan\.openjfx\cache\21-ea+null\amd64\javafx_font.dll

Deoptimization events (20 events):
Event: 28.987 Thread 0x00000262fa388a50 Uncommon trap: trap_request=0xffffff45 fr.pc=0x00000262e668e5c4 relative=0x00000000000024a4
Event: 28.987 Thread 0x00000262fa388a50 Uncommon trap: reason=unstable_if action=reinterpret pc=0x00000262e668e5c4 method=com.sun.marlin.Renderer._endRendering(IILcom/sun/marlin/MarlinAlphaConsumer;)V @ 2434 c2
Event: 28.987 Thread 0x00000262fa388a50 DEOPT PACKING pc=0x00000262e668e5c4 sp=0x000000b4e1bfcd60
Event: 28.987 Thread 0x00000262fa388a50 DEOPT UNPACKING pc=0x00000262e60046a2 sp=0x000000b4e1bfcc58 mode 2
Event: 29.001 Thread 0x00000262fa5f5df0 Uncommon trap: trap_request=0xffffffde fr.pc=0x00000262e6676dcc relative=0x000000000000048c
Event: 29.001 Thread 0x00000262fa5f5df0 Uncommon trap: reason=class_check action=maybe_recompile pc=0x00000262e6676dcc method=javafx.scene.Node.updateLocalToParentTransform()V @ 11 c2
Event: 29.001 Thread 0x00000262fa5f5df0 DEOPT PACKING pc=0x00000262e6676dcc sp=0x000000b4e1df6d90
Event: 29.001 Thread 0x00000262fa5f5df0 DEOPT UNPACKING pc=0x00000262e60046a2 sp=0x000000b4e1df6d20 mode 2
Event: 29.001 Thread 0x00000262fa5f5df0 Uncommon trap: trap_request=0xffffffde fr.pc=0x00000262e6676dcc relative=0x000000000000048c
Event: 29.001 Thread 0x00000262fa5f5df0 Uncommon trap: reason=class_check action=maybe_recompile pc=0x00000262e6676dcc method=javafx.scene.Node.updateLocalToParentTransform()V @ 11 c2
Event: 29.001 Thread 0x00000262fa5f5df0 DEOPT PACKING pc=0x00000262e6676dcc sp=0x000000b4e1df6d10
Event: 29.001 Thread 0x00000262fa5f5df0 DEOPT UNPACKING pc=0x00000262e60046a2 sp=0x000000b4e1df6ca0 mode 2
Event: 29.001 Thread 0x00000262fa5f5df0 Uncommon trap: trap_request=0xffffffde fr.pc=0x00000262e6676dcc relative=0x000000000000048c
Event: 29.001 Thread 0x00000262fa5f5df0 Uncommon trap: reason=class_check action=maybe_recompile pc=0x00000262e6676dcc method=javafx.scene.Node.updateLocalToParentTransform()V @ 11 c2
Event: 29.001 Thread 0x00000262fa5f5df0 DEOPT PACKING pc=0x00000262e6676dcc sp=0x000000b4e1df6d10
Event: 29.001 Thread 0x00000262fa5f5df0 DEOPT UNPACKING pc=0x00000262e60046a2 sp=0x000000b4e1df6ca0 mode 2
Event: 29.001 Thread 0x00000262fa5f5df0 Uncommon trap: trap_request=0xffffffde fr.pc=0x00000262e6676dcc relative=0x000000000000048c
Event: 29.001 Thread 0x00000262fa5f5df0 Uncommon trap: reason=class_check action=maybe_recompile pc=0x00000262e6676dcc method=javafx.scene.Node.updateLocalToParentTransform()V @ 11 c2
Event: 29.001 Thread 0x00000262fa5f5df0 DEOPT PACKING pc=0x00000262e6676dcc sp=0x000000b4e1df6d10
Event: 29.001 Thread 0x00000262fa5f5df0 DEOPT UNPACKING pc=0x00000262e60046a2 sp=0x000000b4e1df6ca0 mode 2

Classes loaded (20 events):
Event: 7.286 Loading class java/util/BitSet
Event: 7.286 Loading class java/util/BitSet done
Event: 7.362 Loading class java/lang/FdLibm$Atan2
Event: 7.362 Loading class java/lang/FdLibm$Atan2 done
Event: 28.962 Loading class java/text/BreakIterator
Event: 28.963 Loading class java/text/BreakIterator done
Event: 28.963 Loading class sun/util/locale/provider/BreakIteratorProviderImpl
Event: 28.964 Loading class sun/util/locale/provider/BreakIteratorProviderImpl done
Event: 28.965 Loading class sun/util/locale/provider/BreakIteratorProviderImpl$GraphemeBreakIterator
Event: 28.965 Loading class sun/util/locale/provider/BreakIteratorProviderImpl$GraphemeBreakIterator done
Event: 28.965 Loading class java/text/StringCharacterIterator
Event: 28.965 Loading class java/text/StringCharacterIterator done
Event: 28.965 Loading class sun/util/locale/provider/BreakIteratorProviderImpl$CharacterIteratorCharSequence
Event: 28.965 Loading class sun/util/locale/provider/BreakIteratorProviderImpl$CharacterIteratorCharSequence done
Event: 28.965 Loading class java/text/BreakIterator$BreakIteratorCache
Event: 28.965 Loading class java/text/BreakIterator$BreakIteratorCache done
Event: 28.965 Loading class jdk/internal/util/regex/Grapheme
Event: 28.965 Loading class jdk/internal/util/regex/Grapheme done
Event: 156.854 Loading class jdk/internal/misc/Signal$1
Event: 156.854 Loading class jdk/internal/misc/Signal$1 done

Classes unloaded (0 events):
No events

Classes redefined (0 events):
No events

Internal exceptions (20 events):
Event: 0.990 Thread 0x00000262fa388a50 Exception <a 'java/lang/NoSuchMethodError'{0x0000000732391d50}: 'java.lang.Object java.lang.invoke.DirectMethodHandle$Holder.invokeStaticInit(java.lang.Object, int)'> (0x0000000732391d50) 
thrown [s\open\src\hotspot\share\interpreter\linkResolver.cpp, line 773]
Event: 1.012 Thread 0x00000262f58713a0 Exception <a 'sun/nio/fs/WindowsException'{0x000000073212d8e8}> (0x000000073212d8e8) 
thrown [s\open\src\hotspot\share\prims\jni.cpp, line 520]
Event: 4.953 Thread 0x00000262fa5f5df0 Exception <a 'java/io/FileNotFoundException'{0x0000000731a22718}> (0x0000000731a22718) 
thrown [s\open\src\hotspot\share\prims\jni.cpp, line 520]
Event: 4.954 Thread 0x00000262fa5f5df0 Exception <a 'java/io/FileNotFoundException'{0x0000000731a23748}> (0x0000000731a23748) 
thrown [s\open\src\hotspot\share\prims\jni.cpp, line 520]
Event: 4.989 Thread 0x00000262fa5f5df0 Exception <a 'java/lang/NoSuchMethodError'{0x0000000731a9dc90}: 'java.lang.Object java.lang.invoke.DirectMethodHandle$Holder.newInvokeSpecial(java.lang.Object, double)'> (0x0000000731a9dc90) 
thrown [s\open\src\hotspot\share\interpreter\linkResolver.cpp, line 773]
Event: 7.134 Thread 0x00000262fa5f5df0 Exception <a 'java/io/FileNotFoundException'{0x0000000731923cc8}> (0x0000000731923cc8) 
thrown [s\open\src\hotspot\share\prims\jni.cpp, line 520]
Event: 7.134 Thread 0x00000262fa5f5df0 Exception <a 'java/io/FileNotFoundException'{0x0000000731924cf8}> (0x0000000731924cf8) 
thrown [s\open\src\hotspot\share\prims\jni.cpp, line 520]
Event: 7.139 Thread 0x00000262fa5f5df0 Exception <a 'java/lang/NoSuchMethodError'{0x0000000731936328}: 'java.lang.Object java.lang.invoke.DelegatingMethodHandle$Holder.reinvoke_L(java.lang.Object, double, double, double, double)'> (0x0000000731936328) 
thrown [s\open\src\hotspot\share\interpreter\linkResolver.cpp, line 773]
Event: 7.142 Thread 0x00000262fa5f5df0 Exception <a 'java/lang/NoSuchMethodError'{0x0000000731940fb0}: 'java.lang.Object java.lang.invoke.DirectMethodHandle$Holder.invokeStatic(java.lang.Object, java.lang.Object, int)'> (0x0000000731940fb0) 
thrown [s\open\src\hotspot\share\interpreter\linkResolver.cpp, line 773]
Event: 7.143 Thread 0x00000262fa5f5df0 Exception <a 'java/lang/NoSuchMethodError'{0x0000000731944e38}: 'void java.lang.invoke.DirectMethodHandle$Holder.invokeStatic(java.lang.Object, java.lang.Object, int, java.lang.Object)'> (0x0000000731944e38) 
thrown [s\open\src\hotspot\share\interpreter\linkResolver.cpp, line 773]
Event: 7.144 Thread 0x00000262fa5f5df0 Exception <a 'java/lang/NoSuchMethodError'{0x000000073194bb58}: 'void java.lang.invoke.DelegatingMethodHandle$Holder.delegate(java.lang.Object, java.lang.Object, int, java.lang.Object)'> (0x000000073194bb58) 
thrown [s\open\src\hotspot\share\interpreter\linkResolver.cpp, line 773]
Event: 7.190 Thread 0x00000262fa5f5df0 Exception <a 'java/io/FileNotFoundException'{0x00000007319dbe10}> (0x00000007319dbe10) 
thrown [s\open\src\hotspot\share\prims\jni.cpp, line 520]
Event: 7.191 Thread 0x00000262fa5f5df0 Exception <a 'java/io/FileNotFoundException'{0x00000007319dceb8}> (0x00000007319dceb8) 
thrown [s\open\src\hotspot\share\prims\jni.cpp, line 520]
Event: 7.299 Thread 0x00000262fa5f5df0 Exception <a 'java/lang/NoSuchMethodError'{0x00000007314be7e8}: 'java.lang.Object java.lang.invoke.DirectMethodHandle$Holder.invokeStatic(java.lang.Object, int, java.lang.Object)'> (0x00000007314be7e8) 
thrown [s\open\src\hotspot\share\interpreter\linkResolver.cpp, line 773]
Event: 27.168 Thread 0x00000262fa5f5df0 Exception <a 'java/io/FileNotFoundException'{0x00000007313d1ab0}> (0x00000007313d1ab0) 
thrown [s\open\src\hotspot\share\prims\jni.cpp, line 520]
Event: 27.169 Thread 0x00000262fa5f5df0 Exception <a 'java/io/FileNotFoundException'{0x00000007313d2d90}> (0x00000007313d2d90) 
thrown [s\open\src\hotspot\share\prims\jni.cpp, line 520]
Event: 28.840 Thread 0x00000262fa5f5df0 Exception <a 'java/io/FileNotFoundException'{0x0000000731173640}> (0x0000000731173640) 
thrown [s\open\src\hotspot\share\prims\jni.cpp, line 520]
Event: 28.841 Thread 0x00000262fa5f5df0 Exception <a 'java/io/FileNotFoundException'{0x0000000731174bd0}> (0x0000000731174bd0) 
thrown [s\open\src\hotspot\share\prims\jni.cpp, line 520]
Event: 28.880 Thread 0x00000262fa5f5df0 Exception <a 'java/io/FileNotFoundException'{0x00000007311f4b40}> (0x00000007311f4b40) 
thrown [s\open\src\hotspot\share\prims\jni.cpp, line 520]
Event: 28.880 Thread 0x00000262fa5f5df0 Exception <a 'java/io/FileNotFoundException'{0x00000007311f6148}> (0x00000007311f6148) 
thrown [s\open\src\hotspot\share\prims\jni.cpp, line 520]

ZGC Phase Switch (0 events):
No events

VM Operations (20 events):
Event: 29.354 Executing VM operation: Cleanup done
Event: 30.355 Executing VM operation: Cleanup
Event: 30.355 Executing VM operation: Cleanup done
Event: 32.356 Executing VM operation: Cleanup
Event: 32.356 Executing VM operation: Cleanup done
Event: 34.356 Executing VM operation: Cleanup
Event: 34.356 Executing VM operation: Cleanup done
Event: 36.357 Executing VM operation: Cleanup
Event: 36.357 Executing VM operation: Cleanup done
Event: 48.362 Executing VM operation: Cleanup
Event: 48.362 Executing VM operation: Cleanup done
Event: 60.160 Executing VM operation: HandshakeAllThreads (HandshakeForDeflation)
Event: 60.160 Executing VM operation: HandshakeAllThreads (HandshakeForDeflation) done
Event: 60.160 Executing VM operation: RendezvousGCThreads
Event: 60.160 Executing VM operation: RendezvousGCThreads done
Event: 155.207 Executing VM operation: Cleanup
Event: 155.207 Executing VM operation: Cleanup done
Event: 156.208 Executing VM operation: Cleanup
Event: 156.208 Executing VM operation: Cleanup done
Event: 156.859 Executing VM operation: Exit

Events (20 events):
Event: 1.017 Thread 0x00000262fb6666d0 Thread added: 0x00000262fb6666d0
Event: 1.153 Thread 0x00000262f5beecc0 Thread exited: 0x00000262f5beecc0
Event: 1.249 Thread 0x00000262f5b272f0 Thread exited: 0x00000262f5b272f0
Event: 5.012 Thread 0x00000262cdf525e0 Thread added: 0x00000262cdf525e0
Event: 5.029 Thread 0x00000262cdf50f70 Thread added: 0x00000262cdf50f70
Event: 5.217 Thread 0x00000262cdf50f70 Thread exited: 0x00000262cdf50f70
Event: 5.217 Thread 0x00000262cdf525e0 Thread exited: 0x00000262cdf525e0
Event: 7.231 Thread 0x00000262fb259a20 Thread added: 0x00000262fb259a20
Event: 8.149 Thread 0x00000262fb259a20 Thread exited: 0x00000262fb259a20
Event: 27.209 Thread 0x00000262f5af2160 Thread added: 0x00000262f5af2160
Event: 27.234 Thread 0x00000262cdaf88f0 Thread added: 0x00000262cdaf88f0
Event: 27.527 Thread 0x00000262cdaf88f0 Thread exited: 0x00000262cdaf88f0
Event: 27.527 Thread 0x00000262f5af2160 Thread exited: 0x00000262f5af2160
Event: 28.903 Thread 0x00000262cdc8fab0 Thread added: 0x00000262cdc8fab0
Event: 29.819 Thread 0x00000262cdc8fab0 Thread exited: 0x00000262cdc8fab0
Event: 156.854 Thread 0x00000262fa28ee00 Thread added: 0x00000262fa28ee00
Event: 156.856 Thread 0x00000262fa28d3c0 Thread added: 0x00000262fa28d3c0
Event: 156.856 Thread 0x00000262fa28f490 Thread added: 0x00000262fa28f490
Event: 156.857 Thread 0x00000262fa28d3c0 Thread exited: 0x00000262fa28d3c0
Event: 156.859 Thread 0x00000262fa28f490 Thread exited: 0x00000262fa28f490


Dynamic libraries:
0x00007ff7f07f0000 - 0x00007ff7f07fe000 	C:\Users\Nursultan\.jdks\openjdk-21.0.1\bin\java.exe
0x00007fffa4cb0000 - 0x00007fffa4ea8000 	C:\Windows\SYSTEM32\ntdll.dll
0x00007fffa47f0000 - 0x00007fffa48ad000 	C:\Windows\System32\KERNEL32.DLL
0x00007fffa28c0000 - 0x00007fffa2bb6000 	C:\Windows\System32\KERNELBASE.dll
0x00007fffa2510000 - 0x00007fffa2610000 	C:\Windows\System32\ucrtbase.dll
0x00007fff91be0000 - 0x00007fff91bf8000 	C:\Users\Nursultan\.jdks\openjdk-21.0.1\bin\jli.dll
0x00007fff91bc0000 - 0x00007fff91bdb000 	C:\Users\Nursultan\.jdks\openjdk-21.0.1\bin\VCRUNTIME140.dll
0x00007fffa3a30000 - 0x00007fffa3bce000 	C:\Windows\System32\USER32.dll
0x00007fff88810000 - 0x00007fff88aaa000 	C:\Windows\WinSxS\amd64_microsoft.windows.common-controls_6595b64144ccf1df_6.0.19041.3636_none_60b6a03d71f818d5\COMCTL32.dll
0x00007fffa2ce0000 - 0x00007fffa2d02000 	C:\Windows\System32\win32u.dll
0x00007fffa44b0000 - 0x00007fffa454e000 	C:\Windows\System32\msvcrt.dll
0x00007fffa2d70000 - 0x00007fffa2d9c000 	C:\Windows\System32\GDI32.dll
0x00007fffa2bc0000 - 0x00007fffa2cda000 	C:\Windows\System32\gdi32full.dll
0x00007fffa2610000 - 0x00007fffa26ad000 	C:\Windows\System32\msvcp_win.dll
0x00007fffa48b0000 - 0x00007fffa48e0000 	C:\Windows\System32\IMM32.DLL
0x00007fff94df0000 - 0x00007fff94dfc000 	C:\Users\Nursultan\.jdks\openjdk-21.0.1\bin\vcruntime140_1.dll
0x00007fff72de0000 - 0x00007fff72e6e000 	C:\Users\Nursultan\.jdks\openjdk-21.0.1\bin\msvcp140.dll
0x00007fff679c0000 - 0x00007fff686d5000 	C:\Users\Nursultan\.jdks\openjdk-21.0.1\bin\server\jvm.dll
0x00007fffa45b0000 - 0x00007fffa465f000 	C:\Windows\System32\ADVAPI32.dll
0x00007fffa4750000 - 0x00007fffa47ec000 	C:\Windows\System32\sechost.dll
0x00007fffa3c60000 - 0x00007fffa3d86000 	C:\Windows\System32\RPCRT4.dll
0x00007fffa46e0000 - 0x00007fffa474b000 	C:\Windows\System32\WS2_32.dll
0x00007fffa1940000 - 0x00007fffa198b000 	C:\Windows\SYSTEM32\POWRPROF.dll
0x00007fff970a0000 - 0x00007fff970c7000 	C:\Windows\SYSTEM32\WINMM.dll
0x00007fff970d0000 - 0x00007fff970da000 	C:\Windows\SYSTEM32\VERSION.dll
0x00007fffa17b0000 - 0x00007fffa17c2000 	C:\Windows\SYSTEM32\UMPDC.dll
0x00007fffa0be0000 - 0x00007fffa0bf2000 	C:\Windows\SYSTEM32\kernel.appcore.dll
0x00007fff943a0000 - 0x00007fff943aa000 	C:\Users\Nursultan\.jdks\openjdk-21.0.1\bin\jimage.dll
0x00007fffa0200000 - 0x00007fffa03e4000 	C:\Windows\SYSTEM32\DBGHELP.DLL
0x00007fff8f450000 - 0x00007fff8f484000 	C:\Windows\SYSTEM32\dbgcore.DLL
0x00007fffa2450000 - 0x00007fffa24d2000 	C:\Windows\System32\bcryptPrimitives.dll
0x00007fff942e0000 - 0x00007fff942ef000 	C:\Users\Nursultan\.jdks\openjdk-21.0.1\bin\instrument.dll
0x00007fff91720000 - 0x00007fff9173f000 	C:\Users\Nursultan\.jdks\openjdk-21.0.1\bin\java.dll
0x00007fffa32e0000 - 0x00007fffa3a24000 	C:\Windows\System32\SHELL32.dll
0x00007fffa0430000 - 0x00007fffa0bcb000 	C:\Windows\SYSTEM32\windows.storage.dll
0x00007fffa4050000 - 0x00007fffa43a4000 	C:\Windows\System32\combase.dll
0x00007fffa1dd0000 - 0x00007fffa1dfd000 	C:\Windows\SYSTEM32\Wldp.dll
0x00007fffa3230000 - 0x00007fffa32dd000 	C:\Windows\System32\SHCORE.dll
0x00007fffa2d10000 - 0x00007fffa2d65000 	C:\Windows\System32\shlwapi.dll
0x00007fffa22c0000 - 0x00007fffa22e5000 	C:\Windows\SYSTEM32\profapi.dll
0x00007fff6acf0000 - 0x00007fff6adc7000 	C:\Users\Nursultan\.jdks\openjdk-21.0.1\bin\jsvml.dll
0x00007fff94180000 - 0x00007fff94190000 	C:\Users\Nursultan\.jdks\openjdk-21.0.1\bin\net.dll
0x00007fff9e4a0000 - 0x00007fff9e5aa000 	C:\Windows\SYSTEM32\WINHTTP.dll
0x00007fffa1b30000 - 0x00007fffa1b9a000 	C:\Windows\system32\mswsock.dll
0x00007fff914e0000 - 0x00007fff914f6000 	C:\Users\Nursultan\.jdks\openjdk-21.0.1\bin\nio.dll
0x00007fff914c0000 - 0x00007fff914d8000 	C:\Users\Nursultan\.jdks\openjdk-21.0.1\bin\zip.dll
0x00007fff91490000 - 0x00007fff914aa000 	C:\Program Files\JetBrains\IntelliJ IDEA 2023.2.5\bin\breakgen64.dll
0x00000262d4f40000 - 0x00000262d4f43000 	C:\Users\Nursultan\.openjfx\cache\21-ea+null\amd64\api-ms-win-core-console-l1-1-0.dll
0x00000262f5dd0000 - 0x00000262f5dd3000 	C:\Users\Nursultan\.openjfx\cache\21-ea+null\amd64\api-ms-win-core-console-l1-2-0.dll
0x00000262f5de0000 - 0x00000262f5de3000 	C:\Users\Nursultan\.openjfx\cache\21-ea+null\amd64\api-ms-win-core-datetime-l1-1-0.dll
0x00000262f5df0000 - 0x00000262f5df3000 	C:\Users\Nursultan\.openjfx\cache\21-ea+null\amd64\api-ms-win-core-debug-l1-1-0.dll
0x00000262f5e00000 - 0x00000262f5e03000 	C:\Users\Nursultan\.openjfx\cache\21-ea+null\amd64\api-ms-win-core-errorhandling-l1-1-0.dll
0x00000262f5e10000 - 0x00000262f5e14000 	C:\Users\Nursultan\.openjfx\cache\21-ea+null\amd64\api-ms-win-core-file-l1-1-0.dll
0x00000262f5e20000 - 0x00000262f5e23000 	C:\Users\Nursultan\.openjfx\cache\21-ea+null\amd64\api-ms-win-core-file-l1-2-0.dll
0x00000262f5e30000 - 0x00000262f5e33000 	C:\Users\Nursultan\.openjfx\cache\21-ea+null\amd64\api-ms-win-core-file-l2-1-0.dll
0x00000262f5e40000 - 0x00000262f5e43000 	C:\Users\Nursultan\.openjfx\cache\21-ea+null\amd64\api-ms-win-core-handle-l1-1-0.dll
0x00000262f5e50000 - 0x00000262f5e53000 	C:\Users\Nursultan\.openjfx\cache\21-ea+null\amd64\api-ms-win-core-heap-l1-1-0.dll
0x00000262f5e60000 - 0x00000262f5e63000 	C:\Users\Nursultan\.openjfx\cache\21-ea+null\amd64\api-ms-win-core-interlocked-l1-1-0.dll
0x00000262f5e70000 - 0x00000262f5e73000 	C:\Users\Nursultan\.openjfx\cache\21-ea+null\amd64\api-ms-win-core-libraryloader-l1-1-0.dll
0x00000262f5e80000 - 0x00000262f5e83000 	C:\Users\Nursultan\.openjfx\cache\21-ea+null\amd64\api-ms-win-core-localization-l1-2-0.dll
0x00000262f5e90000 - 0x00000262f5e93000 	C:\Users\Nursultan\.openjfx\cache\21-ea+null\amd64\api-ms-win-core-memory-l1-1-0.dll
0x00000262f5ea0000 - 0x00000262f5ea3000 	C:\Users\Nursultan\.openjfx\cache\21-ea+null\amd64\api-ms-win-core-namedpipe-l1-1-0.dll
0x00000262f5eb0000 - 0x00000262f5eb3000 	C:\Users\Nursultan\.openjfx\cache\21-ea+null\amd64\api-ms-win-core-processenvironment-l1-1-0.dll
0x00000262f5ec0000 - 0x00000262f5ec3000 	C:\Users\Nursultan\.openjfx\cache\21-ea+null\amd64\api-ms-win-core-processthreads-l1-1-0.dll
0x00000262f5ed0000 - 0x00000262f5ed3000 	C:\Users\Nursultan\.openjfx\cache\21-ea+null\amd64\api-ms-win-core-processthreads-l1-1-1.dll
0x00000262f5ee0000 - 0x00000262f5ee3000 	C:\Users\Nursultan\.openjfx\cache\21-ea+null\amd64\api-ms-win-core-profile-l1-1-0.dll
0x00000262f5ef0000 - 0x00000262f5ef3000 	C:\Users\Nursultan\.openjfx\cache\21-ea+null\amd64\api-ms-win-core-rtlsupport-l1-1-0.dll
0x00000262f5f00000 - 0x00000262f5f03000 	C:\Users\Nursultan\.openjfx\cache\21-ea+null\amd64\api-ms-win-core-string-l1-1-0.dll
0x00000262f5f10000 - 0x00000262f5f13000 	C:\Users\Nursultan\.openjfx\cache\21-ea+null\amd64\api-ms-win-core-synch-l1-1-0.dll
0x00000262f5f20000 - 0x00000262f5f23000 	C:\Users\Nursultan\.openjfx\cache\21-ea+null\amd64\api-ms-win-core-synch-l1-2-0.dll
0x00000262f5f30000 - 0x00000262f5f33000 	C:\Users\Nursultan\.openjfx\cache\21-ea+null\amd64\api-ms-win-core-sysinfo-l1-1-0.dll
0x00000262f5f40000 - 0x00000262f5f43000 	C:\Users\Nursultan\.openjfx\cache\21-ea+null\amd64\api-ms-win-core-timezone-l1-1-0.dll
0x00000262f5f50000 - 0x00000262f5f53000 	C:\Users\Nursultan\.openjfx\cache\21-ea+null\amd64\api-ms-win-core-util-l1-1-0.dll
0x00000262f5f60000 - 0x00000262f5f63000 	C:\Users\Nursultan\.openjfx\cache\21-ea+null\amd64\api-ms-win-crt-conio-l1-1-0.dll
0x00000262f5f70000 - 0x00000262f5f74000 	C:\Users\Nursultan\.openjfx\cache\21-ea+null\amd64\api-ms-win-crt-convert-l1-1-0.dll
0x00000262f5f80000 - 0x00000262f5f83000 	C:\Users\Nursultan\.openjfx\cache\21-ea+null\amd64\api-ms-win-crt-environment-l1-1-0.dll
0x00000262f5f90000 - 0x00000262f5f93000 	C:\Users\Nursultan\.openjfx\cache\21-ea+null\amd64\api-ms-win-crt-filesystem-l1-1-0.dll
0x00000262f5fa0000 - 0x00000262f5fa3000 	C:\Users\Nursultan\.openjfx\cache\21-ea+null\amd64\api-ms-win-crt-heap-l1-1-0.dll
0x00000262f5fb0000 - 0x00000262f5fb3000 	C:\Users\Nursultan\.openjfx\cache\21-ea+null\amd64\api-ms-win-crt-locale-l1-1-0.dll
0x00000262f5fc0000 - 0x00000262f5fc5000 	C:\Users\Nursultan\.openjfx\cache\21-ea+null\amd64\api-ms-win-crt-math-l1-1-0.dll
0x00000262f5fd0000 - 0x00000262f5fd5000 	C:\Users\Nursultan\.openjfx\cache\21-ea+null\amd64\api-ms-win-crt-multibyte-l1-1-0.dll
0x00000262f5fe0000 - 0x00000262f5ff0000 	C:\Users\Nursultan\.openjfx\cache\21-ea+null\amd64\api-ms-win-crt-private-l1-1-0.dll
0x00000262f5ff0000 - 0x00000262f5ff3000 	C:\Users\Nursultan\.openjfx\cache\21-ea+null\amd64\api-ms-win-crt-process-l1-1-0.dll
0x00000262fa800000 - 0x00000262fa804000 	C:\Users\Nursultan\.openjfx\cache\21-ea+null\amd64\api-ms-win-crt-runtime-l1-1-0.dll
0x00000262fa810000 - 0x00000262fa814000 	C:\Users\Nursultan\.openjfx\cache\21-ea+null\amd64\api-ms-win-crt-stdio-l1-1-0.dll
0x00000262fa820000 - 0x00000262fa824000 	C:\Users\Nursultan\.openjfx\cache\21-ea+null\amd64\api-ms-win-crt-string-l1-1-0.dll
0x00000262fa830000 - 0x00000262fa833000 	C:\Users\Nursultan\.openjfx\cache\21-ea+null\amd64\api-ms-win-crt-time-l1-1-0.dll
0x00000262fa840000 - 0x00000262fa843000 	C:\Users\Nursultan\.openjfx\cache\21-ea+null\amd64\api-ms-win-crt-utility-l1-1-0.dll
0x00007fff730c0000 - 0x00007fff731bc000 	C:\Users\Nursultan\.openjfx\cache\21-ea+null\amd64\ucrtbase.dll
0x00007fff81710000 - 0x00007fff8172b000 	C:\Users\Nursultan\.openjfx\cache\21-ea+null\amd64\vcruntime140.dll
0x00007fff844c0000 - 0x00007fff844cc000 	C:\Users\Nursultan\.openjfx\cache\21-ea+null\amd64\vcruntime140_1.dll
0x00007fff6f4f0000 - 0x00007fff6f57e000 	C:\Users\Nursultan\.openjfx\cache\21-ea+null\amd64\msvcp140.dll
0x00007fffa3ec0000 - 0x00007fffa3feb000 	C:\Windows\System32\ole32.dll
0x00007fff84400000 - 0x00007fff84409000 	C:\Users\Nursultan\.openjfx\cache\21-ea+null\amd64\msvcp140_1.dll
0x00007fff816e0000 - 0x00007fff8170f000 	C:\Users\Nursultan\.openjfx\cache\21-ea+null\amd64\msvcp140_2.dll
0x00007fff73090000 - 0x00007fff730bf000 	C:\Users\Nursultan\.openjfx\cache\21-ea+null\amd64\prism_d3d.dll
0x00007fff4cea0000 - 0x00007fff4d06d000 	C:\Windows\system32\d3d9.dll
0x00007fff9fb70000 - 0x00007fff9fb9f000 	C:\Windows\SYSTEM32\dwmapi.dll
0x00007fff9f6a0000 - 0x00007fff9f73e000 	C:\Windows\system32\uxtheme.dll
0x00007fff970e0000 - 0x00007fff9729b000 	C:\Windows\System32\DriverStore\FileRepository\u0390451.inf_amd64_39377efdd62734d1\B390182\aticfx64.dll
0x00007fff43f40000 - 0x00007fff45d0f000 	C:\Windows\System32\DriverStore\FileRepository\u0390451.inf_amd64_39377efdd62734d1\B390182\amdxn64.dll
0x00007fffa2da0000 - 0x00007fffa320e000 	C:\Windows\System32\SETUPAPI.dll
0x00007fffa2390000 - 0x00007fffa23de000 	C:\Windows\System32\cfgmgr32.dll
0x00007fffa24e0000 - 0x00007fffa2507000 	C:\Windows\System32\bcrypt.dll
0x00007fffa0c50000 - 0x00007fffa0d43000 	C:\Windows\SYSTEM32\dxgi.dll
0x00007fff950f0000 - 0x00007fff95125000 	C:\Windows\SYSTEM32\amdihk64.dll
0x00007fff6f090000 - 0x00007fff6f0d2000 	C:\Users\Nursultan\.openjfx\cache\21-ea+null\amd64\glass.dll
0x00007fffa43c0000 - 0x00007fffa449a000 	C:\Windows\System32\COMDLG32.dll
0x00007fffa3df0000 - 0x00007fffa3ebd000 	C:\Windows\System32\OLEAUT32.dll
0x00007fffa48f0000 - 0x00007fffa4a04000 	C:\Windows\System32\MSCTF.dll
0x00007fff98480000 - 0x00007fff984bb000 	C:\Windows\SYSTEM32\dxcore.dll
0x00007fff73070000 - 0x00007fff73084000 	C:\Users\Nursultan\.openjfx\cache\21-ea+null\amd64\javafx_font.dll
0x00007fff811a0000 - 0x00007fff8141f000 	C:\Windows\SYSTEM32\dwrite.dll
0x00007fffa4bc0000 - 0x00007fffa4c69000 	C:\Windows\System32\clbcatq.dll
0x00007fff9ae90000 - 0x00007fff9b044000 	C:\Windows\SYSTEM32\WindowsCodecs.dll
0x00007fff84cb0000 - 0x00007fff84cee000 	C:\Windows\system32\dataexchange.dll
0x00007fff9d8b0000 - 0x00007fff9da93000 	C:\Windows\system32\dcomp.dll
0x00007fff9d080000 - 0x00007fff9d2e3000 	C:\Windows\system32\d3d11.dll
0x00007fff9aaa0000 - 0x00007fff9aca7000 	C:\Windows\system32\twinapi.appcore.dll
0x00007fff844e0000 - 0x00007fff84514000 	C:\Program Files\Common Files\Microsoft Shared\Ink\rtscom.dll
0x00007fff92ca0000 - 0x00007fff92d9a000 	C:\Windows\SYSTEM32\textinputframework.dll
0x00007fff9db70000 - 0x00007fff9decb000 	C:\Windows\System32\CoreUIComponents.dll
0x00007fff9e250000 - 0x00007fff9e342000 	C:\Windows\System32\CoreMessaging.dll
0x00007fffa1530000 - 0x00007fffa1563000 	C:\Windows\SYSTEM32\ntmarta.dll
0x00007fff9ee30000 - 0x00007fff9ef85000 	C:\Windows\SYSTEM32\wintypes.dll

dbghelp: loaded successfully - version: 4.0.5 - missing functions: none
symbol engine: initialized successfully - sym options: 0x614 - pdb path: .;C:\Users\Nursultan\.jdks\openjdk-21.0.1\bin;C:\Windows\SYSTEM32;C:\Windows\WinSxS\amd64_microsoft.windows.common-controls_6595b64144ccf1df_6.0.19041.3636_none_60b6a03d71f818d5;C:\Users\Nursultan\.jdks\openjdk-21.0.1\bin\server;C:\Program Files\JetBrains\IntelliJ IDEA 2023.2.5\bin;C:\Users\Nursultan\.openjfx\cache\21-ea+null\amd64;C:\Windows\System32\DriverStore\FileRepository\u0390451.inf_amd64_39377efdd62734d1\B390182;C:\Program Files\Common Files\Microsoft Shared\Ink

VM Arguments:
jvm_args: -javaagent:C:\Program Files\JetBrains\IntelliJ IDEA 2023.2.5\lib\idea_rt.jar=52038:C:\Program Files\JetBrains\IntelliJ IDEA 2023.2.5\bin -Dfile.encoding=UTF-8 -Dsun.stdout.encoding=UTF-8 -Dsun.stderr.encoding=UTF-8 --module-path=C:\Users\Nursultan\IdeaProjects\SoftWareProject\target\classes;C:\Users\Nursultan\.m2\repository\org\openjfx\javafx-base\21-ea+24\javafx-base-21-ea+24-win.jar;C:\Users\Nursultan\.m2\repository\org\openjfx\javafx-fxml\21-ea+24\javafx-fxml-21-ea+24-win.jar;C:\Users\Nursultan\.m2\repository\org\openjfx\javafx-controls\21-ea+24\javafx-controls-21-ea+24-win.jar;C:\Users\Nursultan\.m2\repository\org\openjfx\javafx-graphics\21-ea+24\javafx-graphics-21-ea+24-win.jar -Djdk.module.main=com.example.softwareproject 
java_command: com.example.softwareproject/com.example.softwareproject.HelloApplication
java_class_path (initial): C:\Users\Nursultan\.m2\repository\org\openjfx\javafx-controls\21-ea+24\javafx-controls-21-ea+24.jar;C:\Users\Nursultan\.m2\repository\org\openjfx\javafx-graphics\21-ea+24\javafx-graphics-21-ea+24.jar;C:\Users\Nursultan\.m2\repository\org\openjfx\javafx-base\21-ea+24\javafx-base-21-ea+24.jar;C:\Users\Nursultan\.m2\repository\org\openjfx\javafx-fxml\21-ea+24\javafx-fxml-21-ea+24.jar;C:\Users\Nursultan\Downloads\postgresql-42.6.0.jar
Launcher Type: SUN_STANDARD

[Global flags]
     intx CICompilerCount                          = 4                                         {product} {ergonomic}
     uint ConcGCThreads                            = 3                                         {product} {ergonomic}
     uint G1ConcRefinementThreads                  = 10                                        {product} {ergonomic}
   size_t G1HeapRegionSize                         = 2097152                                   {product} {ergonomic}
    uintx GCDrainStackTargetSize                   = 64                                        {product} {ergonomic}
   size_t InitialHeapSize                          = 230686720                                 {product} {ergonomic}
   size_t MarkStackSize                            = 4194304                                   {product} {ergonomic}
   size_t MaxHeapSize                              = 3676307456                                {product} {ergonomic}
   size_t MaxNewSize                               = 2204106752                                {product} {ergonomic}
   size_t MinHeapDeltaBytes                        = 2097152                                   {product} {ergonomic}
   size_t MinHeapSize                              = 8388608                                   {product} {ergonomic}
    uintx NonNMethodCodeHeapSize                   = 5839372                                {pd product} {ergonomic}
    uintx NonProfiledCodeHeapSize                  = 122909434                              {pd product} {ergonomic}
    uintx ProfiledCodeHeapSize                     = 122909434                              {pd product} {ergonomic}
    uintx ReservedCodeCacheSize                    = 251658240                              {pd product} {ergonomic}
     bool SegmentedCodeCache                       = true                                      {product} {ergonomic}
   size_t SoftMaxHeapSize                          = 3676307456                             {manageable} {ergonomic}
     bool UseCompressedOops                        = true                           {product lp64_product} {ergonomic}
     bool UseG1GC                                  = true                                      {product} {ergonomic}
     bool UseLargePagesIndividualAllocation        = false                                  {pd product} {ergonomic}

Logging:
Log output configuration:
 #0: stdout all=off uptime,level,tags foldmultilines=false
 #1: stderr all=off uptime,level,tags foldmultilines=false

Environment Variables:
PATH=C:\Windows\system32;C:\Windows;C:\Windows\System32\Wbem;C:\Windows\System32\WindowsPowerShell\v1.0\;C:\Windows\System32\OpenSSH\;C:\Program Files\Git\cmd;C:\Users\Nursultan\AppData\Local\Microsoft\WindowsApps;;C:\Program Files\JetBrains\IntelliJ IDEA 2023.2.5\bin;
USERNAME=Nursultan
OS=Windows_NT
PROCESSOR_IDENTIFIER=AMD64 Family 25 Model 68 Stepping 1, AuthenticAMD
TMP=C:\Users\NURSUL~1\AppData\Local\Temp
TEMP=C:\Users\NURSUL~1\AppData\Local\Temp




Periodic native trim disabled

---------------  S Y S T E M  ---------------

OS:
 Windows 10 , 64 bit Build 19041 (10.0.19041.3636)
OS uptime: 2 days 19:17 hours

CPU: total 12 (initial active 12) (12 cores per cpu, 2 threads per core) family 25 model 68 stepping 1 microcode 0x0, cx8, cmov, fxsr, ht, mmx, 3dnowpref, sse, sse2, sse3, ssse3, sse4a, sse4.1, sse4.2, popcnt, lzcnt, tsc, tscinvbit, avx, avx2, aes, clmul, bmi1, bmi2, adx, sha, fma, vzeroupper, clflush, clflushopt, rdtscp, rdpid, f16c, pku, cet_ss
Processor Information for processor 0
  Max Mhz: 3301, Current Mhz: 1678, Mhz Limit: 3301
Processor Information for processor 1
  Max Mhz: 3301, Current Mhz: 1678, Mhz Limit: 3301
Processor Information for processor 2
  Max Mhz: 3301, Current Mhz: 1678, Mhz Limit: 3301
Processor Information for processor 3
  Max Mhz: 3301, Current Mhz: 1678, Mhz Limit: 3301
Processor Information for processor 4
  Max Mhz: 3301, Current Mhz: 1100, Mhz Limit: 3301
Processor Information for processor 5
  Max Mhz: 3301, Current Mhz: 1100, Mhz Limit: 3301
Processor Information for processor 6
  Max Mhz: 3301, Current Mhz: 1100, Mhz Limit: 3301
Processor Information for processor 7
  Max Mhz: 3301, Current Mhz: 1100, Mhz Limit: 3301
Processor Information for processor 8
  Max Mhz: 3301, Current Mhz: 1100, Mhz Limit: 3301
Processor Information for processor 9
  Max Mhz: 3301, Current Mhz: 1100, Mhz Limit: 3301
Processor Information for processor 10
  Max Mhz: 3301, Current Mhz: 1100, Mhz Limit: 3301
Processor Information for processor 11
  Max Mhz: 3301, Current Mhz: 1100, Mhz Limit: 3301

Memory: 4k page, system-wide physical 14020M (5122M free)
TotalPageFile size 16196M (AvailPageFile size 2444M)
current process WorkingSet (physical memory assigned to process): 166M, peak: 180M
current process commit charge ("private bytes"): 452M, peak: 499M

vm_info: OpenJDK 64-Bit Server VM (21.0.1+12-29) for windows-amd64 JRE (21.0.1+12-29), built on 2023-10-05T13:27:09Z by "mach5one" with MS VC++ 17.1 (VS2022)

END.
