#
# A fatal error has been detected by the Java Runtime Environment:
#
#  EXCEPTION_ACCESS_VIOLATION (0xc0000005) at pc=0x00007fff6f0b6587, pid=18980, tid=14656
#
# JRE version: OpenJDK Runtime Environment (21.0.1+12) (build 21.0.1+12-29)
# Java VM: OpenJDK 64-Bit Server VM (21.0.1+12-29, mixed mode, sharing, tiered, compressed oops, compressed class ptrs, g1 gc, windows-amd64)
# Problematic frame:
# C  [glass.dll+0x26587]
#
# No core dump will be written. Minidumps are not enabled by default on client versions of Windows
#
# If you would like to submit a bug report, please visit:
#   https://bugreport.java.com/bugreport/crash.jsp
#

---------------  S U M M A R Y ------------

Command Line: -javaagent:C:\Program Files\JetBrains\IntelliJ IDEA 2023.2.5\lib\idea_rt.jar=51909:C:\Program Files\JetBrains\IntelliJ IDEA 2023.2.5\bin -Dfile.encoding=UTF-8 -Dsun.stdout.encoding=UTF-8 -Dsun.stderr.encoding=UTF-8 --module-path=C:\Users\Nursultan\IdeaProjects\SoftWareProject\target\classes;C:\Users\Nursultan\.m2\repository\org\openjfx\javafx-base\21-ea+24\javafx-base-21-ea+24-win.jar;C:\Users\Nursultan\.m2\repository\org\openjfx\javafx-fxml\21-ea+24\javafx-fxml-21-ea+24-win.jar;C:\Users\Nursultan\.m2\repository\org\openjfx\javafx-controls\21-ea+24\javafx-controls-21-ea+24-win.jar;C:\Users\Nursultan\.m2\repository\org\openjfx\javafx-graphics\21-ea+24\javafx-graphics-21-ea+24-win.jar -Djdk.module.main=com.example.softwareproject com.example.softwareproject/com.example.softwareproject.HelloApplication

Host: AMD Ryzen 5 6600HS Creator Edition             , 12 cores, 13G,  Windows 10 , 64 bit Build 19041 (10.0.19041.3636)
Time: Fri Dec 15 17:09:28 2023  Windows 10 , 64 bit Build 19041 (10.0.19041.3636) elapsed time: 441.721021 seconds (0d 0h 7m 21s)

---------------  T H R E A D  ---------------

Current thread (0x0000017ff4e90ec0):  VMThread "VM Thread"          [id=14656, stack(0x00000021faf00000,0x00000021fb000000) (1024K)]

Stack: [0x00000021faf00000,0x00000021fb000000],  sp=0x00000021fafff360,  free space=1020k
Native frames: (J=compiled Java code, j=interpreted, Vv=VM code, C=native code)
C  [glass.dll+0x26587]


siginfo: EXCEPTION_ACCESS_VIOLATION (0xc0000005), reading address 0x0000000000000000


Registers:
RAX=0x0000000000000000, RBX=0x0000017ff4e967ea, RCX=0x0000017ff4e90ec0, RDX=0x00000021fafff360
RSP=0x00000021fafff360, RBP=0x0000017ff9bc37a8, RSI=0x0000017ff9bc3780, RDI=0x00009f837b1a9247
R8 =0x0000000000010002, R9 =0x00009f837b1a9247, R10=0x0000000000008000, R11=0x00000021fafff2f0
R12=0x00007fff6f0b3ed0, R13=0x00007fff68621fa0, R14=0x00000021fafff458, R15=0x0000017ff9bc3780
RIP=0x00007fff6f0b6587, EFLAGS=0x0000000000010202


Register to memory mapping:

RAX=0x0 is null
RBX=0x0000017ff4e967ea is a global jni handle
RCX=0x0000017ff4e90ec0 points into unknown readable memory: 0x00007fff68433f88 | 88 3f 43 68 ff 7f 00 00
RDX=0x00000021fafff360 points into unknown readable memory: 0x0000000000000000 | 00 00 00 00 00 00 00 00
RSP=0x00000021fafff360 points into unknown readable memory: 0x0000000000000000 | 00 00 00 00 00 00 00 00
RBP=0x0000017ff9bc37a8 points into unknown readable memory: 0x00009f837b1a9247 | 47 92 1a 7b 83 9f 00 00
RSI=0x0000017ff9bc3780 points into unknown readable memory: 0x003f6034fe866647 | 47 66 86 fe 34 60 3f 00
RDI=0x00009f837b1a9247 is an unknown value
R8 =0x0000000000010002 is an unknown value
R9 =0x00009f837b1a9247 is an unknown value
R10=0x0000000000008000 is an unknown value
R11=0x00000021fafff2f0 points into unknown readable memory: 0x0000017ff9bc3780 | 80 37 bc f9 7f 01 00 00
R12=0x00007fff6f0b3ed0 glass.dll
R13=0x00007fff68621fa0 jvm.dll
R14=0x00000021fafff458 points into unknown readable memory: 0x00000021fafff440 | 40 f4 ff fa 21 00 00 00
R15=0x0000017ff9bc3780 points into unknown readable memory: 0x003f6034fe866647 | 47 66 86 fe 34 60 3f 00

Top of Stack: (sp=0x00000021fafff360)
0x00000021fafff360:   0000000000000000 0000017ff9bc3780
0x00000021fafff370:   00007fff68621fa0 00007fff6f0b3ed0
0x00000021fafff380:   0000017ff9bc3788 00007fffa25242d6
0x00000021fafff390:   00009f837b1a9247 0000017f00000000
0x00000021fafff3a0:   0000017ff9bc37a8 0000017ff9bc3780
0x00000021fafff3b0:   fffffffffffffffe 0000000000000000
0x00000021fafff3c0:   0000000000000001 00007fff6f090000
0x00000021fafff3d0:   00000021fafff448 00007fffa25241fb
0x00000021fafff3e0:   0000000000000000 00000021fafff458
0x00000021fafff3f0:   00000021fafff730 00007fffa2600e40
0x00000021fafff400:   0000000000000001 00007fffa25241b4
0x00000021fafff410:   0000000000000000 0000000000000001
0x00000021fafff420:   00007fff984b2dd0 00000021fafff448
0x00000021fafff430:   000000000000000d 00007fff6f0b3d5d
0x00000021fafff440:   00007fff6f0ca008 00007fff00000002
0x00000021fafff450:   0000000000000002 00000021fafff440
0x00000021fafff460:   0000000000000000 00007fffa4cc9993
0x00000021fafff470:   0000000000000000 00007fff6f0b3e82
0x00000021fafff480:   0000000000000001 0000000000000000
0x00000021fafff490:   0000000000000000 00007fffa2600e40
0x00000021fafff4a0:   0000017fd429c808 00007fffa251f05b
0x00000021fafff4b0:   0000017f00000001 0000000000000016
0x00000021fafff4c0:   00007fff6f090000 000000007ffe0384
0x00000021fafff4d0:   0000000000000000 00007fffa4cc9a1d
0x00000021fafff4e0:   00007fff6f090000 0000000000000000
0x00000021fafff4f0:   0000000000000001 000000007ffe0385
0x00000021fafff500:   0000000000000000 00007fffa4d0de41
0x00000021fafff510:   000018ed01798100 0000000000000014
0x00000021fafff520:   00007fff6f0b3ed0 0000000000000000
0x00000021fafff530:   0000000000000000 00000021fa214000
0x00000021fafff540:   0000017ff9e23ae0 00007fffa4d0dcda
0x00000021fafff550:   0000017ff9ace270 00007fff6f090000 

Instructions: (pc=0x00007fff6f0b6587)
0x00007fff6f0b6487:   8b 4d 58 e8 8d cf ff ff 48 8b 4d 60 e8 84 cf ff
0x00007fff6f0b6497:   ff 48 8b 95 80 00 00 00 48 8b 8d 18 01 00 00 e8
0x00007fff6f0b64a7:   76 c4 ff ff 33 d2 33 c9 e8 cc e1 ff ff 90 48 89
0x00007fff6f0b64b7:   54 24 10 55 48 83 ec 20 48 8b ea 48 b8 00 00 00
0x00007fff6f0b64c7:   00 00 00 00 00 48 83 c4 20 5d c3 cc 40 55 48 8b
0x00007fff6f0b64d7:   ea 48 8b 01 33 c9 81 38 05 00 00 c0 0f 94 c1 8b
0x00007fff6f0b64e7:   c1 5d c3 cc 40 55 48 83 ec 20 48 8b ea 8a 4d 40
0x00007fff6f0b64f7:   48 83 c4 20 5d e9 73 d3 ff ff cc 40 55 48 83 ec
0x00007fff6f0b6507:   20 48 8b ea 8a 4d 20 e8 61 d3 ff ff 90 48 83 c4
0x00007fff6f0b6517:   20 5d c3 cc 40 55 48 83 ec 20 48 8b ea 48 83 c4
0x00007fff6f0b6527:   20 5d e9 c2 d1 ff ff cc 40 55 48 83 ec 30 48 8b
0x00007fff6f0b6537:   ea 48 8b 01 8b 10 48 89 4c 24 28 89 54 24 20 4c
0x00007fff6f0b6547:   8d 0d 63 d6 ff ff 4c 8b 45 70 8b 55 68 48 8b 4d
0x00007fff6f0b6557:   60 e8 03 d1 ff ff 90 48 83 c4 30 5d c3 cc cc cc
0x00007fff6f0b6567:   cc cc cc cc cc cc cc cc cc 40 53 48 83 ec 20 48
0x00007fff6f0b6577:   8b 1d 8b 34 01 00 48 85 db 74 16 e8 89 8f ff ff
0x00007fff6f0b6587:   4c 8b 00 48 8b d3 48 8b c8 41 ff 90 b0 00 00 00
0x00007fff6f0b6597:   90 48 83 c4 20 5b c3 cc cc 40 53 48 83 ec 20 48
0x00007fff6f0b65a7:   8b 1d fb 35 01 00 48 85 db 74 57 b8 ff ff ff ff
0x00007fff6f0b65b7:   f0 0f c1 43 10 83 f8 01 75 3d 48 85 db 74 38 48
0x00007fff6f0b65c7:   8b 0b 48 85 c9 74 0d ff 15 d4 0c 00 00 48 c7 03
0x00007fff6f0b65d7:   00 00 00 00 48 8b 4b 08 48 85 c9 74 0d e8 33 ce
0x00007fff6f0b65e7:   ff ff 48 c7 43 08 00 00 00 00 ba 18 00 00 00 48
0x00007fff6f0b65f7:   8b cb e8 1e ce ff ff 48 c7 05 9f 35 01 00 00 00
0x00007fff6f0b6607:   00 00 48 83 c4 20 5b c3 cc 40 53 48 83 ec 20 48
0x00007fff6f0b6617:   8b 1d 6b 35 01 00 48 85 db 74 57 b8 ff ff ff ff
0x00007fff6f0b6627:   f0 0f c1 43 10 83 f8 01 75 3d 48 85 db 74 38 48
0x00007fff6f0b6637:   8b 0b 48 85 c9 74 0d ff 15 64 0c 00 00 48 c7 03
0x00007fff6f0b6647:   00 00 00 00 48 8b 4b 08 48 85 c9 74 0d e8 c3 cd
0x00007fff6f0b6657:   ff ff 48 c7 43 08 00 00 00 00 ba 18 00 00 00 48
0x00007fff6f0b6667:   8b cb e8 ae cd ff ff 48 c7 05 0f 35 01 00 00 00
0x00007fff6f0b6677:   00 00 48 83 c4 20 5b c3 cc 40 53 48 83 ec 20 48 


Stack slot to memory mapping:

stack at sp + 0 slots: 0x0 is null
stack at sp + 1 slots: 0x0000017ff9bc3780 points into unknown readable memory: 0x003f6034fe866647 | 47 66 86 fe 34 60 3f 00
stack at sp + 2 slots: 0x00007fff68621fa0 jvm.dll
stack at sp + 3 slots: 0x00007fff6f0b3ed0 glass.dll
stack at sp + 4 slots: 0x0000017ff9bc3788 points into unknown readable memory: 0x00009f837b1a9247 | 47 92 1a 7b 83 9f 00 00
stack at sp + 5 slots: 0x00007fffa25242d6 ucrtbase.dll
stack at sp + 6 slots: 0x00009f837b1a9247 is an unknown value
stack at sp + 7 slots: 0x0000017f00000000 is an unknown value

VM_Operation (0x00000021fa7ff0a0): Exit, mode: safepoint, requested by thread 0x0000017fcd4ef600


---------------  P R O C E S S  ---------------

Threads class SMR info:
_java_thread_list=0x0000017ff9233970, length=19, elements={
0x0000017fd42bd5c0, 0x0000017ff4eac1e0, 0x0000017ff4ead2b0, 0x0000017ff4eb6410,
0x0000017ff4eb8030, 0x0000017ff4ebdbb0, 0x0000017ff4ec6560, 0x0000017ff4ec6c10,
0x0000017ff919ed70, 0x0000017ff95080a0, 0x0000017ff9a1a960, 0x0000017ff99adb60,
0x0000017ff9812850, 0x0000017ff9dd50e0, 0x0000017ffa4b91d0, 0x0000017ffa481be0,
0x0000017fcd0bcb20, 0x0000017fcd4eef70, 0x0000017fcd4ef600
}

Java Threads: ( => current thread )
  0x0000017fd42bd5c0 JavaThread "main"                              [_thread_blocked, id=10324, stack(0x00000021fa800000,0x00000021fa900000) (1024K)]
  0x0000017ff4eac1e0 JavaThread "Reference Handler"          daemon [_thread_blocked, id=18628, stack(0x00000021fb000000,0x00000021fb100000) (1024K)]
  0x0000017ff4ead2b0 JavaThread "Finalizer"                  daemon [_thread_blocked, id=18192, stack(0x00000021fb100000,0x00000021fb200000) (1024K)]
  0x0000017ff4eb6410 JavaThread "Attach Listener"            daemon [_thread_blocked, id=13872, stack(0x00000021fb300000,0x00000021fb400000) (1024K)]
  0x0000017ff4eb8030 JavaThread "Service Thread"             daemon [_thread_blocked, id=9432, stack(0x00000021fb400000,0x00000021fb500000) (1024K)]
  0x0000017ff4ebdbb0 JavaThread "Monitor Deflation Thread"   daemon [_thread_blocked, id=5432, stack(0x00000021fb500000,0x00000021fb600000) (1024K)]
  0x0000017ff4ec6560 JavaThread "C2 CompilerThread0"         daemon [_thread_blocked, id=19056, stack(0x00000021fb600000,0x00000021fb700000) (1024K)]
  0x0000017ff4ec6c10 JavaThread "C1 CompilerThread0"         daemon [_thread_blocked, id=5152, stack(0x00000021fb700000,0x00000021fb800000) (1024K)]
  0x0000017ff919ed70 JavaThread "Common-Cleaner"             daemon [_thread_blocked, id=19228, stack(0x00000021fb800000,0x00000021fb900000) (1024K)]
  0x0000017ff95080a0 JavaThread "Monitor Ctrl-Break"         daemon [_thread_in_native, id=1396, stack(0x00000021fbb00000,0x00000021fbc00000) (1024K)]
  0x0000017ff9a1a960 JavaThread "Notification Thread"        daemon [_thread_blocked, id=11096, stack(0x00000021fbc00000,0x00000021fbd00000) (1024K)]
  0x0000017ff99adb60 JavaThread "QuantumRenderer-0"          daemon [_thread_blocked, id=1988, stack(0x00000021fbd00000,0x00000021fbe00000) (1024K)]
  0x0000017ff9812850 JavaThread "InvokeLaterDispatcher"      daemon [_thread_blocked, id=13112, stack(0x00000021fbe00000,0x00000021fbf00000) (1024K)]
  0x0000017ff9dd50e0 JavaThread "JavaFX Application Thread"         [_thread_in_native, id=9304, stack(0x00000021fbf00000,0x00000021fc000000) (1024K)]
  0x0000017ffa4b91d0 JavaThread "Thread-1"                   daemon [_thread_in_native, id=19760, stack(0x00000021fb900000,0x00000021fba00000) (1024K)]
  0x0000017ffa481be0 JavaThread "JavaFX-Launcher"                   [_thread_blocked, id=1176, stack(0x00000021fba00000,0x00000021fbb00000) (1024K)]
  0x0000017fcd0bcb20 JavaThread "Prism Font Disposer"        daemon [_thread_blocked, id=11184, stack(0x00000021fd500000,0x00000021fd600000) (1024K)]
  0x0000017fcd4eef70 JavaThread "Cleaner-0"                  daemon [_thread_blocked, id=8568, stack(0x00000021fda00000,0x00000021fdb00000) (1024K)]
  0x0000017fcd4ef600 JavaThread "SIGINT handler"             daemon [_thread_blocked, id=13684, stack(0x00000021fa700000,0x00000021fa800000) (1024K)]
Total: 19

Other Threads:
=>0x0000017ff4e90ec0 VMThread "VM Thread"                           [id=14656, stack(0x00000021faf00000,0x00000021fb000000) (1024K)]
  0x0000017fd648ee70 WorkerThread "GC Thread#0"                     [id=4188, stack(0x00000021fa900000,0x00000021faa00000) (1024K)]
  0x0000017ffa4de710 WorkerThread "GC Thread#1"                     [id=8968, stack(0x00000021fcc00000,0x00000021fcd00000) (1024K)]
  0x0000017ffa4deab0 WorkerThread "GC Thread#2"                     [id=6756, stack(0x00000021fcd00000,0x00000021fce00000) (1024K)]
  0x0000017ffa4dee50 WorkerThread "GC Thread#3"                     [id=7592, stack(0x00000021fce00000,0x00000021fcf00000) (1024K)]
  0x0000017ffa482650 WorkerThread "GC Thread#4"                     [id=12572, stack(0x00000021fcf00000,0x00000021fd000000) (1024K)]
  0x0000017ffa4829f0 WorkerThread "GC Thread#5"                     [id=20264, stack(0x00000021fd000000,0x00000021fd100000) (1024K)]
  0x0000017fccdd7d30 WorkerThread "GC Thread#6"                     [id=14808, stack(0x00000021fd600000,0x00000021fd700000) (1024K)]
  0x0000017fccde1110 WorkerThread "GC Thread#7"                     [id=15764, stack(0x00000021fd700000,0x00000021fd800000) (1024K)]
  0x0000017ffa860b40 WorkerThread "GC Thread#8"                     [id=16376, stack(0x00000021fd800000,0x00000021fd900000) (1024K)]
  0x0000017ffa860ee0 WorkerThread "GC Thread#9"                     [id=18324, stack(0x00000021fd900000,0x00000021fda00000) (1024K)]
  0x0000017fd649eb20 ConcurrentGCThread "G1 Main Marker"            terminated
  0x0000017fd649fdc0 WorkerThread "G1 Conc#0"                       [id=18780, stack(0x00000021fab00000,0x00000021fac00000) (1024K)]
  0x0000017fd650e550 ConcurrentGCThread "G1 Refine#0"               terminated
  0x0000017ff4d47250 ConcurrentGCThread "G1 Service"                terminated
Total: 15

Threads with active compile tasks:
Total: 0

VM state: at safepoint (shutting down)

VM Mutex/Monitor currently owned by a thread:  ([mutex/lock_event])
[0x00007fff685fa5f8] Threads_lock - owner thread: 0x0000017ff4e90ec0
[0x00007fff685fa6f8] Heap_lock - owner thread: 0x0000017fcd4ef600

Heap address: 0x0000000724e00000, size: 3506 MB, Compressed Oops mode: Zero based, Oop shift amount: 3

CDS archive(s) mapped at: [0x0000017f80000000-0x0000017f80c90000-0x0000017f80c90000), size 13172736, SharedBaseAddress: 0x0000017f80000000, ArchiveRelocationMode: 1.
Compressed class space mapped at: 0x0000017f81000000-0x0000017fc1000000, reserved size: 1073741824
Narrow klass base: 0x0000017f80000000, Narrow klass shift: 0, Narrow klass range: 0x100000000

GC Precious Log:
 CardTable entry size: 512
 Card Set container configuration: InlinePtr #cards 4 size 8 Array Of Cards #cards 16 size 48 Howl #buckets 8 coarsen threshold 3686 Howl Bitmap #cards 512 size 80 coarsen threshold 460 Card regions per heap region 1 cards per card region 4096
 CPUs: 12 total, 12 available
 Memory: 14020M
 Large Page Support: Disabled
 NUMA Support: Disabled
 Compressed Oops: Enabled (Zero based)
 Heap Region Size: 2M
 Heap Min Capacity: 8M
 Heap Initial Capacity: 220M
 Heap Max Capacity: 3506M
 Pre-touch: Disabled
 Parallel Workers: 10
 Concurrent Workers: 3
 Concurrent Refinement Workers: 10
 Periodic GC: Disabled

Heap:
 garbage-first heap   total 225280K, used 41172K [0x0000000724e00000, 0x0000000800000000)
  region size 2048K, 20 young (40960K), 3 survivors (6144K)
 Metaspace       used 17652K, committed 17984K, reserved 1114112K
  class space    used 2491K, committed 2624K, reserved 1048576K

Heap Regions: E=young(eden), S=young(survivor), O=old, HS=humongous(starts), HC=humongous(continues), CS=collection set, F=free, TAMS=top-at-mark-start, PB=parsable bottom
|   0|0x0000000724e00000, 0x0000000724e35110, 0x0000000725000000| 10%| O|  |TAMS 0x0000000724e00000| PB 0x0000000724e00000| Untracked 
|   1|0x0000000725000000, 0x0000000725200000, 0x0000000725200000|100%|HS|  |TAMS 0x0000000725000000| PB 0x0000000725000000| Complete 
|   2|0x0000000725200000, 0x0000000725200000, 0x0000000725400000|  0%| F|  |TAMS 0x0000000725200000| PB 0x0000000725200000| Untracked 
|   3|0x0000000725400000, 0x0000000725400000, 0x0000000725600000|  0%| F|  |TAMS 0x0000000725400000| PB 0x0000000725400000| Untracked 
|   4|0x0000000725600000, 0x0000000725600000, 0x0000000725800000|  0%| F|  |TAMS 0x0000000725600000| PB 0x0000000725600000| Untracked 
|   5|0x0000000725800000, 0x0000000725800000, 0x0000000725a00000|  0%| F|  |TAMS 0x0000000725800000| PB 0x0000000725800000| Untracked 
|   6|0x0000000725a00000, 0x0000000725a00000, 0x0000000725c00000|  0%| F|  |TAMS 0x0000000725a00000| PB 0x0000000725a00000| Untracked 
|   7|0x0000000725c00000, 0x0000000725c00000, 0x0000000725e00000|  0%| F|  |TAMS 0x0000000725c00000| PB 0x0000000725c00000| Untracked 
|   8|0x0000000725e00000, 0x0000000725e00000, 0x0000000726000000|  0%| F|  |TAMS 0x0000000725e00000| PB 0x0000000725e00000| Untracked 
|   9|0x0000000726000000, 0x0000000726000000, 0x0000000726200000|  0%| F|  |TAMS 0x0000000726000000| PB 0x0000000726000000| Untracked 
|  10|0x0000000726200000, 0x0000000726200000, 0x0000000726400000|  0%| F|  |TAMS 0x0000000726200000| PB 0x0000000726200000| Untracked 
|  11|0x0000000726400000, 0x0000000726400000, 0x0000000726600000|  0%| F|  |TAMS 0x0000000726400000| PB 0x0000000726400000| Untracked 
|  12|0x0000000726600000, 0x0000000726600000, 0x0000000726800000|  0%| F|  |TAMS 0x0000000726600000| PB 0x0000000726600000| Untracked 
|  13|0x0000000726800000, 0x0000000726800000, 0x0000000726a00000|  0%| F|  |TAMS 0x0000000726800000| PB 0x0000000726800000| Untracked 
|  14|0x0000000726a00000, 0x0000000726a00000, 0x0000000726c00000|  0%| F|  |TAMS 0x0000000726a00000| PB 0x0000000726a00000| Untracked 
|  15|0x0000000726c00000, 0x0000000726c00000, 0x0000000726e00000|  0%| F|  |TAMS 0x0000000726c00000| PB 0x0000000726c00000| Untracked 
|  16|0x0000000726e00000, 0x0000000726e00000, 0x0000000727000000|  0%| F|  |TAMS 0x0000000726e00000| PB 0x0000000726e00000| Untracked 
|  17|0x0000000727000000, 0x0000000727000000, 0x0000000727200000|  0%| F|  |TAMS 0x0000000727000000| PB 0x0000000727000000| Untracked 
|  18|0x0000000727200000, 0x0000000727200000, 0x0000000727400000|  0%| F|  |TAMS 0x0000000727200000| PB 0x0000000727200000| Untracked 
|  19|0x0000000727400000, 0x0000000727400000, 0x0000000727600000|  0%| F|  |TAMS 0x0000000727400000| PB 0x0000000727400000| Untracked 
|  20|0x0000000727600000, 0x0000000727600000, 0x0000000727800000|  0%| F|  |TAMS 0x0000000727600000| PB 0x0000000727600000| Untracked 
|  21|0x0000000727800000, 0x0000000727800000, 0x0000000727a00000|  0%| F|  |TAMS 0x0000000727800000| PB 0x0000000727800000| Untracked 
|  22|0x0000000727a00000, 0x0000000727a00000, 0x0000000727c00000|  0%| F|  |TAMS 0x0000000727a00000| PB 0x0000000727a00000| Untracked 
|  23|0x0000000727c00000, 0x0000000727c00000, 0x0000000727e00000|  0%| F|  |TAMS 0x0000000727c00000| PB 0x0000000727c00000| Untracked 
|  24|0x0000000727e00000, 0x0000000727e00000, 0x0000000728000000|  0%| F|  |TAMS 0x0000000727e00000| PB 0x0000000727e00000| Untracked 
|  25|0x0000000728000000, 0x0000000728000000, 0x0000000728200000|  0%| F|  |TAMS 0x0000000728000000| PB 0x0000000728000000| Untracked 
|  26|0x0000000728200000, 0x0000000728200000, 0x0000000728400000|  0%| F|  |TAMS 0x0000000728200000| PB 0x0000000728200000| Untracked 
|  27|0x0000000728400000, 0x0000000728400000, 0x0000000728600000|  0%| F|  |TAMS 0x0000000728400000| PB 0x0000000728400000| Untracked 
|  28|0x0000000728600000, 0x0000000728600000, 0x0000000728800000|  0%| F|  |TAMS 0x0000000728600000| PB 0x0000000728600000| Untracked 
|  29|0x0000000728800000, 0x0000000728800000, 0x0000000728a00000|  0%| F|  |TAMS 0x0000000728800000| PB 0x0000000728800000| Untracked 
|  30|0x0000000728a00000, 0x0000000728a00000, 0x0000000728c00000|  0%| F|  |TAMS 0x0000000728a00000| PB 0x0000000728a00000| Untracked 
|  31|0x0000000728c00000, 0x0000000728c00000, 0x0000000728e00000|  0%| F|  |TAMS 0x0000000728c00000| PB 0x0000000728c00000| Untracked 
|  32|0x0000000728e00000, 0x0000000728e00000, 0x0000000729000000|  0%| F|  |TAMS 0x0000000728e00000| PB 0x0000000728e00000| Untracked 
|  33|0x0000000729000000, 0x0000000729000000, 0x0000000729200000|  0%| F|  |TAMS 0x0000000729000000| PB 0x0000000729000000| Untracked 
|  34|0x0000000729200000, 0x0000000729200000, 0x0000000729400000|  0%| F|  |TAMS 0x0000000729200000| PB 0x0000000729200000| Untracked 
|  35|0x0000000729400000, 0x0000000729400000, 0x0000000729600000|  0%| F|  |TAMS 0x0000000729400000| PB 0x0000000729400000| Untracked 
|  36|0x0000000729600000, 0x0000000729600000, 0x0000000729800000|  0%| F|  |TAMS 0x0000000729600000| PB 0x0000000729600000| Untracked 
|  37|0x0000000729800000, 0x0000000729800000, 0x0000000729a00000|  0%| F|  |TAMS 0x0000000729800000| PB 0x0000000729800000| Untracked 
|  38|0x0000000729a00000, 0x0000000729a00000, 0x0000000729c00000|  0%| F|  |TAMS 0x0000000729a00000| PB 0x0000000729a00000| Untracked 
|  39|0x0000000729c00000, 0x0000000729c00000, 0x0000000729e00000|  0%| F|  |TAMS 0x0000000729c00000| PB 0x0000000729c00000| Untracked 
|  40|0x0000000729e00000, 0x0000000729e00000, 0x000000072a000000|  0%| F|  |TAMS 0x0000000729e00000| PB 0x0000000729e00000| Untracked 
|  41|0x000000072a000000, 0x000000072a000000, 0x000000072a200000|  0%| F|  |TAMS 0x000000072a000000| PB 0x000000072a000000| Untracked 
|  42|0x000000072a200000, 0x000000072a200000, 0x000000072a400000|  0%| F|  |TAMS 0x000000072a200000| PB 0x000000072a200000| Untracked 
|  43|0x000000072a400000, 0x000000072a400000, 0x000000072a600000|  0%| F|  |TAMS 0x000000072a400000| PB 0x000000072a400000| Untracked 
|  44|0x000000072a600000, 0x000000072a600000, 0x000000072a800000|  0%| F|  |TAMS 0x000000072a600000| PB 0x000000072a600000| Untracked 
|  45|0x000000072a800000, 0x000000072a800000, 0x000000072aa00000|  0%| F|  |TAMS 0x000000072a800000| PB 0x000000072a800000| Untracked 
|  46|0x000000072aa00000, 0x000000072aa00000, 0x000000072ac00000|  0%| F|  |TAMS 0x000000072aa00000| PB 0x000000072aa00000| Untracked 
|  47|0x000000072ac00000, 0x000000072ac00000, 0x000000072ae00000|  0%| F|  |TAMS 0x000000072ac00000| PB 0x000000072ac00000| Untracked 
|  48|0x000000072ae00000, 0x000000072ae00000, 0x000000072b000000|  0%| F|  |TAMS 0x000000072ae00000| PB 0x000000072ae00000| Untracked 
|  49|0x000000072b000000, 0x000000072b000000, 0x000000072b200000|  0%| F|  |TAMS 0x000000072b000000| PB 0x000000072b000000| Untracked 
|  50|0x000000072b200000, 0x000000072b200000, 0x000000072b400000|  0%| F|  |TAMS 0x000000072b200000| PB 0x000000072b200000| Untracked 
|  51|0x000000072b400000, 0x000000072b400000, 0x000000072b600000|  0%| F|  |TAMS 0x000000072b400000| PB 0x000000072b400000| Untracked 
|  52|0x000000072b600000, 0x000000072b600000, 0x000000072b800000|  0%| F|  |TAMS 0x000000072b600000| PB 0x000000072b600000| Untracked 
|  53|0x000000072b800000, 0x000000072b800000, 0x000000072ba00000|  0%| F|  |TAMS 0x000000072b800000| PB 0x000000072b800000| Untracked 
|  54|0x000000072ba00000, 0x000000072ba00000, 0x000000072bc00000|  0%| F|  |TAMS 0x000000072ba00000| PB 0x000000072ba00000| Untracked 
|  55|0x000000072bc00000, 0x000000072bc00000, 0x000000072be00000|  0%| F|  |TAMS 0x000000072bc00000| PB 0x000000072bc00000| Untracked 
|  56|0x000000072be00000, 0x000000072be00000, 0x000000072c000000|  0%| F|  |TAMS 0x000000072be00000| PB 0x000000072be00000| Untracked 
|  57|0x000000072c000000, 0x000000072c000000, 0x000000072c200000|  0%| F|  |TAMS 0x000000072c000000| PB 0x000000072c000000| Untracked 
|  58|0x000000072c200000, 0x000000072c200000, 0x000000072c400000|  0%| F|  |TAMS 0x000000072c200000| PB 0x000000072c200000| Untracked 
|  59|0x000000072c400000, 0x000000072c400000, 0x000000072c600000|  0%| F|  |TAMS 0x000000072c400000| PB 0x000000072c400000| Untracked 
|  60|0x000000072c600000, 0x000000072c600000, 0x000000072c800000|  0%| F|  |TAMS 0x000000072c600000| PB 0x000000072c600000| Untracked 
|  61|0x000000072c800000, 0x000000072c800000, 0x000000072ca00000|  0%| F|  |TAMS 0x000000072c800000| PB 0x000000072c800000| Untracked 
|  62|0x000000072ca00000, 0x000000072ca00000, 0x000000072cc00000|  0%| F|  |TAMS 0x000000072ca00000| PB 0x000000072ca00000| Untracked 
|  63|0x000000072cc00000, 0x000000072cc00000, 0x000000072ce00000|  0%| F|  |TAMS 0x000000072cc00000| PB 0x000000072cc00000| Untracked 
|  64|0x000000072ce00000, 0x000000072ce00000, 0x000000072d000000|  0%| F|  |TAMS 0x000000072ce00000| PB 0x000000072ce00000| Untracked 
|  65|0x000000072d000000, 0x000000072d000000, 0x000000072d200000|  0%| F|  |TAMS 0x000000072d000000| PB 0x000000072d000000| Untracked 
|  66|0x000000072d200000, 0x000000072d200000, 0x000000072d400000|  0%| F|  |TAMS 0x000000072d200000| PB 0x000000072d200000| Untracked 
|  67|0x000000072d400000, 0x000000072d400000, 0x000000072d600000|  0%| F|  |TAMS 0x000000072d400000| PB 0x000000072d400000| Untracked 
|  68|0x000000072d600000, 0x000000072d600000, 0x000000072d800000|  0%| F|  |TAMS 0x000000072d600000| PB 0x000000072d600000| Untracked 
|  69|0x000000072d800000, 0x000000072d800000, 0x000000072da00000|  0%| F|  |TAMS 0x000000072d800000| PB 0x000000072d800000| Untracked 
|  70|0x000000072da00000, 0x000000072da00000, 0x000000072dc00000|  0%| F|  |TAMS 0x000000072da00000| PB 0x000000072da00000| Untracked 
|  71|0x000000072dc00000, 0x000000072dc00000, 0x000000072de00000|  0%| F|  |TAMS 0x000000072dc00000| PB 0x000000072dc00000| Untracked 
|  72|0x000000072de00000, 0x000000072de00000, 0x000000072e000000|  0%| F|  |TAMS 0x000000072de00000| PB 0x000000072de00000| Untracked 
|  73|0x000000072e000000, 0x000000072e000000, 0x000000072e200000|  0%| F|  |TAMS 0x000000072e000000| PB 0x000000072e000000| Untracked 
|  74|0x000000072e200000, 0x000000072e200000, 0x000000072e400000|  0%| F|  |TAMS 0x000000072e200000| PB 0x000000072e200000| Untracked 
|  75|0x000000072e400000, 0x000000072e400000, 0x000000072e600000|  0%| F|  |TAMS 0x000000072e400000| PB 0x000000072e400000| Untracked 
|  76|0x000000072e600000, 0x000000072e600000, 0x000000072e800000|  0%| F|  |TAMS 0x000000072e600000| PB 0x000000072e600000| Untracked 
|  77|0x000000072e800000, 0x000000072e800000, 0x000000072ea00000|  0%| F|  |TAMS 0x000000072e800000| PB 0x000000072e800000| Untracked 
|  78|0x000000072ea00000, 0x000000072ea00000, 0x000000072ec00000|  0%| F|  |TAMS 0x000000072ea00000| PB 0x000000072ea00000| Untracked 
|  79|0x000000072ec00000, 0x000000072ec00000, 0x000000072ee00000|  0%| F|  |TAMS 0x000000072ec00000| PB 0x000000072ec00000| Untracked 
|  80|0x000000072ee00000, 0x000000072ee00000, 0x000000072f000000|  0%| F|  |TAMS 0x000000072ee00000| PB 0x000000072ee00000| Untracked 
|  81|0x000000072f000000, 0x000000072f000000, 0x000000072f200000|  0%| F|  |TAMS 0x000000072f000000| PB 0x000000072f000000| Untracked 
|  82|0x000000072f200000, 0x000000072f200000, 0x000000072f400000|  0%| F|  |TAMS 0x000000072f200000| PB 0x000000072f200000| Untracked 
|  83|0x000000072f400000, 0x000000072f400000, 0x000000072f600000|  0%| F|  |TAMS 0x000000072f400000| PB 0x000000072f400000| Untracked 
|  84|0x000000072f600000, 0x000000072f600000, 0x000000072f800000|  0%| F|  |TAMS 0x000000072f600000| PB 0x000000072f600000| Untracked 
|  85|0x000000072f800000, 0x000000072f800000, 0x000000072fa00000|  0%| F|  |TAMS 0x000000072f800000| PB 0x000000072f800000| Untracked 
|  86|0x000000072fa00000, 0x000000072fc00000, 0x000000072fc00000|100%| S|CS|TAMS 0x000000072fa00000| PB 0x000000072fa00000| Complete 
|  87|0x000000072fc00000, 0x000000072fe00000, 0x000000072fe00000|100%| S|CS|TAMS 0x000000072fc00000| PB 0x000000072fc00000| Complete 
|  88|0x000000072fe00000, 0x0000000730000000, 0x0000000730000000|100%| S|CS|TAMS 0x000000072fe00000| PB 0x000000072fe00000| Complete 
|  89|0x0000000730000000, 0x0000000730000000, 0x0000000730200000|  0%| F|  |TAMS 0x0000000730000000| PB 0x0000000730000000| Untracked 
|  90|0x0000000730200000, 0x0000000730200000, 0x0000000730400000|  0%| F|  |TAMS 0x0000000730200000| PB 0x0000000730200000| Untracked 
|  91|0x0000000730400000, 0x0000000730400000, 0x0000000730600000|  0%| F|  |TAMS 0x0000000730400000| PB 0x0000000730400000| Untracked 
|  92|0x0000000730600000, 0x0000000730600000, 0x0000000730800000|  0%| F|  |TAMS 0x0000000730600000| PB 0x0000000730600000| Untracked 
|  93|0x0000000730800000, 0x0000000730943160, 0x0000000730a00000| 63%| E|  |TAMS 0x0000000730800000| PB 0x0000000730800000| Complete 
|  94|0x0000000730a00000, 0x0000000730c00000, 0x0000000730c00000|100%| E|CS|TAMS 0x0000000730a00000| PB 0x0000000730a00000| Complete 
|  95|0x0000000730c00000, 0x0000000730e00000, 0x0000000730e00000|100%| E|CS|TAMS 0x0000000730c00000| PB 0x0000000730c00000| Complete 
|  96|0x0000000730e00000, 0x0000000731000000, 0x0000000731000000|100%| E|CS|TAMS 0x0000000730e00000| PB 0x0000000730e00000| Complete 
|  97|0x0000000731000000, 0x0000000731200000, 0x0000000731200000|100%| E|CS|TAMS 0x0000000731000000| PB 0x0000000731000000| Complete 
|  98|0x0000000731200000, 0x0000000731400000, 0x0000000731400000|100%| E|CS|TAMS 0x0000000731200000| PB 0x0000000731200000| Complete 
|  99|0x0000000731400000, 0x0000000731600000, 0x0000000731600000|100%| E|CS|TAMS 0x0000000731400000| PB 0x0000000731400000| Complete 
| 100|0x0000000731600000, 0x0000000731800000, 0x0000000731800000|100%| E|CS|TAMS 0x0000000731600000| PB 0x0000000731600000| Complete 
| 101|0x0000000731800000, 0x0000000731a00000, 0x0000000731a00000|100%| E|CS|TAMS 0x0000000731800000| PB 0x0000000731800000| Complete 
| 102|0x0000000731a00000, 0x0000000731c00000, 0x0000000731c00000|100%| E|CS|TAMS 0x0000000731a00000| PB 0x0000000731a00000| Complete 
| 103|0x0000000731c00000, 0x0000000731e00000, 0x0000000731e00000|100%| E|CS|TAMS 0x0000000731c00000| PB 0x0000000731c00000| Complete 
| 104|0x0000000731e00000, 0x0000000732000000, 0x0000000732000000|100%| E|CS|TAMS 0x0000000731e00000| PB 0x0000000731e00000| Complete 
| 105|0x0000000732000000, 0x0000000732200000, 0x0000000732200000|100%| E|CS|TAMS 0x0000000732000000| PB 0x0000000732000000| Complete 
| 106|0x0000000732200000, 0x0000000732400000, 0x0000000732400000|100%| E|CS|TAMS 0x0000000732200000| PB 0x0000000732200000| Complete 
| 107|0x0000000732400000, 0x0000000732600000, 0x0000000732600000|100%| E|CS|TAMS 0x0000000732400000| PB 0x0000000732400000| Complete 
| 108|0x0000000732600000, 0x0000000732800000, 0x0000000732800000|100%| E|CS|TAMS 0x0000000732600000| PB 0x0000000732600000| Complete 
| 109|0x0000000732800000, 0x0000000732a00000, 0x0000000732a00000|100%| E|CS|TAMS 0x0000000732800000| PB 0x0000000732800000| Complete 

Card table byte_map: [0x0000017fee4c0000,0x0000017feeba0000] _byte_map_base: 0x0000017feab99000

Marking Bits: (CMBitMap*) 0x0000017fd648f570
 Bits: [0x0000017feeba0000, 0x0000017ff2268000)

Polling page: 0x0000017fd4280000

Metaspace:

Usage:
  Non-class:     14.81 MB used.
      Class:      2.43 MB used.
       Both:     17.24 MB used.

Virtual space:
  Non-class space:       64.00 MB reserved,      15.00 MB ( 23%) committed,  1 nodes.
      Class space:        1.00 GB reserved,       2.56 MB ( <1%) committed,  1 nodes.
             Both:        1.06 GB reserved,      17.56 MB (  2%) committed. 

Chunk freelists:
   Non-Class:  592.00 KB
       Class:  13.38 MB
        Both:  13.96 MB

MaxMetaspaceSize: unlimited
CompressedClassSpaceSize: 1.00 GB
Initial GC threshold: 21.00 MB
Current GC threshold: 21.00 MB
CDS: on
 - commit_granule_bytes: 65536.
 - commit_granule_words: 8192.
 - virtual_space_node_default_size: 8388608.
 - enlarge_chunks_in_place: 1.
 - use_allocation_guard: 0.


Internal statistics:

num_allocs_failed_limit: 0.
num_arena_births: 388.
num_arena_deaths: 0.
num_vsnodes_births: 2.
num_vsnodes_deaths: 0.
num_space_committed: 281.
num_space_uncommitted: 0.
num_chunks_returned_to_freelist: 0.
num_chunks_taken_from_freelist: 941.
num_chunk_merges: 0.
num_chunk_splits: 659.
num_chunks_enlarged: 499.
num_inconsistent_stats: 0.

CodeHeap 'non-profiled nmethods': size=120000Kb used=1544Kb max_used=1544Kb free=118455Kb
 bounds [0x0000017fe6360000, 0x0000017fe65d0000, 0x0000017fed890000]
CodeHeap 'profiled nmethods': size=120000Kb used=7940Kb max_used=7940Kb free=112059Kb
 bounds [0x0000017fde890000, 0x0000017fdf060000, 0x0000017fe5dc0000]
CodeHeap 'non-nmethods': size=5760Kb used=1814Kb max_used=1833Kb free=3945Kb
 bounds [0x0000017fe5dc0000, 0x0000017fe6030000, 0x0000017fe6360000]
 total_blobs=4731 nmethods=3907 adapters=727
 compilation: enabled
              stopped_count=0, restarted_count=0
 full_count=0

Compilation events (20 events):
Event: 107.735 Thread 0x0000017ff4ec6c10 3901       1       com.sun.prism.impl.BaseTexture::getMaxContentWidth (5 bytes)
Event: 107.735 Thread 0x0000017ff4ec6c10 nmethod 3901 0x0000017fe64df790 code [0x0000017fe64df920, 0x0000017fe64df9e8]
Event: 107.735 Thread 0x0000017ff4ec6c10 3902       1       com.sun.prism.impl.BaseTexture::getMaxContentHeight (5 bytes)
Event: 107.735 Thread 0x0000017ff4ec6c10 nmethod 3902 0x0000017fe64dfa90 code [0x0000017fe64dfc20, 0x0000017fe64dfce8]
Event: 107.735 Thread 0x0000017ff4ec6c10 3894       1       javafx.scene.layout.Region::paddingProperty (5 bytes)
Event: 107.735 Thread 0x0000017ff4ec6c10 nmethod 3894 0x0000017fe64dfd90 code [0x0000017fe64dff20, 0x0000017fe64dfff0]
Event: 107.735 Thread 0x0000017ff4ec6c10 3900       1       com.sun.javafx.geom.transform.Identity::getType (2 bytes)
Event: 107.735 Thread 0x0000017ff4ec6c10 nmethod 3900 0x0000017fe64e0090 code [0x0000017fe64e0220, 0x0000017fe64e02e8]
Event: 107.735 Thread 0x0000017ff4ec6c10 3903       3       com.sun.prism.paint.Paint::<init> (20 bytes)
Event: 107.735 Thread 0x0000017ff4ec6c10 nmethod 3903 0x0000017fdf04a110 code [0x0000017fdf04a2c0, 0x0000017fdf04a4a0]
Event: 107.736 Thread 0x0000017ff4ec6c10 3904   !   3       com.sun.scenario.effect.impl.prism.ps.PPSRenderer::validate (156 bytes)
Event: 107.737 Thread 0x0000017ff4ec6c10 nmethod 3904 0x0000017fdf04a590 code [0x0000017fdf04a820, 0x0000017fdf04b6b0]
Event: 107.984 Thread 0x0000017ff4ec6560 3905       4       com.sun.javafx.event.BasicEventDispatcher::dispatchEvent (44 bytes)
Event: 107.990 Thread 0x0000017ff4ec6560 nmethod 3905 0x0000017fe64e0390 code [0x0000017fe64e0540, 0x0000017fe64e0828]
Event: 107.990 Thread 0x0000017ff4ec6560 3906       4       com.sun.javafx.event.EventHandlerManager::dispatchCapturingEvent (23 bytes)
Event: 108.015 Thread 0x0000017ff4ec6560 nmethod 3906 0x0000017fe64e0b10 code [0x0000017fe64e0d60, 0x0000017fe64e1598]
Event: 108.025 Thread 0x0000017ff4ec6c10 3907   !   3       javafx.scene.Node::intersectsBounds (1005 bytes)
Event: 108.031 Thread 0x0000017ff4ec6c10 nmethod 3907 0x0000017fdf04bb10 code [0x0000017fdf04c200, 0x0000017fdf04ff48]
Event: 108.729 Thread 0x0000017ff4ec6560 3908       4       javafx.event.Event::<init> (36 bytes)
Event: 108.735 Thread 0x0000017ff4ec6560 nmethod 3908 0x0000017fe64e1c90 code [0x0000017fe64e1e20, 0x0000017fe64e2198]

GC Heap History (4 events):
Event: 0.627 GC heap before
{Heap before GC invocations=0 (full 0):
 garbage-first heap   total 225280K, used 22528K [0x0000000724e00000, 0x0000000800000000)
  region size 2048K, 11 young (22528K), 0 survivors (0K)
 Metaspace       used 4597K, committed 4800K, reserved 1114112K
  class space    used 506K, committed 640K, reserved 1048576K
}
Event: 0.631 GC heap after
{Heap after GC invocations=1 (full 0):
 garbage-first heap   total 225280K, used 2805K [0x0000000724e00000, 0x0000000800000000)
  region size 2048K, 2 young (4096K), 2 survivors (4096K)
 Metaspace       used 4597K, committed 4800K, reserved 1114112K
  class space    used 506K, committed 640K, reserved 1048576K
}
Event: 1.109 GC heap before
{Heap before GC invocations=1 (full 0):
 garbage-first heap   total 225280K, used 39669K [0x0000000724e00000, 0x0000000800000000)
  region size 2048K, 21 young (43008K), 2 survivors (4096K)
 Metaspace       used 13346K, committed 13696K, reserved 1114112K
  class space    used 1979K, committed 2112K, reserved 1048576K
}
Event: 1.113 GC heap after
{Heap after GC invocations=2 (full 0):
 garbage-first heap   total 225280K, used 6356K [0x0000000724e00000, 0x0000000800000000)
  region size 2048K, 3 young (6144K), 3 survivors (6144K)
 Metaspace       used 13346K, committed 13696K, reserved 1114112K
  class space    used 1979K, committed 2112K, reserved 1048576K
}

Dll operation events (20 events):
Event: 0.378 Loaded shared library C:\Users\Nursultan\.openjfx\cache\21-ea+null\amd64\api-ms-win-crt-locale-l1-1-0.dll
Event: 0.380 Loaded shared library C:\Users\Nursultan\.openjfx\cache\21-ea+null\amd64\api-ms-win-crt-math-l1-1-0.dll
Event: 0.382 Loaded shared library C:\Users\Nursultan\.openjfx\cache\21-ea+null\amd64\api-ms-win-crt-multibyte-l1-1-0.dll
Event: 0.384 Loaded shared library C:\Users\Nursultan\.openjfx\cache\21-ea+null\amd64\api-ms-win-crt-private-l1-1-0.dll
Event: 0.386 Loaded shared library C:\Users\Nursultan\.openjfx\cache\21-ea+null\amd64\api-ms-win-crt-process-l1-1-0.dll
Event: 0.388 Loaded shared library C:\Users\Nursultan\.openjfx\cache\21-ea+null\amd64\api-ms-win-crt-runtime-l1-1-0.dll
Event: 0.390 Loaded shared library C:\Users\Nursultan\.openjfx\cache\21-ea+null\amd64\api-ms-win-crt-stdio-l1-1-0.dll
Event: 0.392 Loaded shared library C:\Users\Nursultan\.openjfx\cache\21-ea+null\amd64\api-ms-win-crt-string-l1-1-0.dll
Event: 0.394 Loaded shared library C:\Users\Nursultan\.openjfx\cache\21-ea+null\amd64\api-ms-win-crt-time-l1-1-0.dll
Event: 0.396 Loaded shared library C:\Users\Nursultan\.openjfx\cache\21-ea+null\amd64\api-ms-win-crt-utility-l1-1-0.dll
Event: 0.409 Loaded shared library C:\Users\Nursultan\.openjfx\cache\21-ea+null\amd64\ucrtbase.dll
Event: 0.412 Loaded shared library C:\Users\Nursultan\.openjfx\cache\21-ea+null\amd64\vcruntime140.dll
Event: 0.415 Loaded shared library C:\Users\Nursultan\.openjfx\cache\21-ea+null\amd64\vcruntime140_1.dll
Event: 0.423 Loaded shared library C:\Users\Nursultan\.openjfx\cache\21-ea+null\amd64\msvcp140.dll
Event: 0.426 Loaded shared library C:\Users\Nursultan\.openjfx\cache\21-ea+null\amd64\msvcp140_1.dll
Event: 0.430 Loaded shared library C:\Users\Nursultan\.openjfx\cache\21-ea+null\amd64\msvcp140_2.dll
Event: 0.462 Loaded shared library C:\Users\Nursultan\.openjfx\cache\21-ea+null\amd64\prism_d3d.dll
Event: 0.500 Loaded shared library C:\Users\Nursultan\.openjfx\cache\21-ea+null\amd64\glass.dll
Event: 0.653 Loaded shared library C:\Users\Nursultan\.jdks\openjdk-21.0.1\bin\jimage.dll
Event: 0.798 Loaded shared library C:\Users\Nursultan\.openjfx\cache\21-ea+null\amd64\javafx_font.dll

Deoptimization events (20 events):
Event: 106.783 Thread 0x0000017ff99adb60 DEOPT PACKING pc=0x0000017fdefd6f8f sp=0x00000021fbdfcbe0
Event: 106.783 Thread 0x0000017ff99adb60 DEOPT UNPACKING pc=0x0000017fe5e14e42 sp=0x00000021fbdfc048 mode 0
Event: 106.786 Thread 0x0000017ff99adb60 DEOPT PACKING pc=0x0000017fdefd6f8f sp=0x00000021fbdfcbe0
Event: 106.786 Thread 0x0000017ff99adb60 DEOPT UNPACKING pc=0x0000017fe5e14e42 sp=0x00000021fbdfc048 mode 0
Event: 107.144 Thread 0x0000017ff99adb60 DEOPT PACKING pc=0x0000017fdefd6f8f sp=0x00000021fbdfd480
Event: 107.144 Thread 0x0000017ff99adb60 DEOPT UNPACKING pc=0x0000017fe5e14e42 sp=0x00000021fbdfc8e8 mode 0
Event: 107.146 Thread 0x0000017ff99adb60 DEOPT PACKING pc=0x0000017fdefd6f8f sp=0x00000021fbdfd0c0
Event: 107.146 Thread 0x0000017ff99adb60 DEOPT UNPACKING pc=0x0000017fe5e14e42 sp=0x00000021fbdfc528 mode 0
Event: 107.147 Thread 0x0000017ff99adb60 DEOPT PACKING pc=0x0000017fdecf275a sp=0x00000021fbdfd780
Event: 107.147 Thread 0x0000017ff99adb60 DEOPT UNPACKING pc=0x0000017fe5e14e42 sp=0x00000021fbdfcc10 mode 0
Event: 107.149 Thread 0x0000017ff99adb60 DEOPT PACKING pc=0x0000017fdefd6f8f sp=0x00000021fbdfd0c0
Event: 107.149 Thread 0x0000017ff99adb60 DEOPT UNPACKING pc=0x0000017fe5e14e42 sp=0x00000021fbdfc528 mode 0
Event: 107.544 Thread 0x0000017ff99adb60 Uncommon trap: trap_request=0xffffff45 fr.pc=0x0000017fe64cfb20 relative=0x00000000000001e0
Event: 107.544 Thread 0x0000017ff99adb60 Uncommon trap: reason=unstable_if action=reinterpret pc=0x0000017fe64cfb20 method=java.util.WeakHashMap.matchesKey(Ljava/util/WeakHashMap$Entry;Ljava/lang/Object;)Z @ 5 c2
Event: 107.544 Thread 0x0000017ff99adb60 DEOPT PACKING pc=0x0000017fe64cfb20 sp=0x00000021fbdfda80
Event: 107.544 Thread 0x0000017ff99adb60 DEOPT UNPACKING pc=0x0000017fe5e146a2 sp=0x00000021fbdfd9a0 mode 2
Event: 107.984 Thread 0x0000017ff9dd50e0 Uncommon trap: trap_request=0xffffff45 fr.pc=0x0000017fe6456520 relative=0x0000000000000ee0
Event: 107.984 Thread 0x0000017ff9dd50e0 Uncommon trap: reason=unstable_if action=reinterpret pc=0x0000017fe6456520 method=javafx.scene.Node.intersectsBounds(Lcom/sun/javafx/geom/PickRay;)D @ 902 c2
Event: 107.984 Thread 0x0000017ff9dd50e0 DEOPT PACKING pc=0x0000017fe6456520 sp=0x00000021fbff9f70
Event: 107.984 Thread 0x0000017ff9dd50e0 DEOPT UNPACKING pc=0x0000017fe5e146a2 sp=0x00000021fbff9e48 mode 2

Classes loaded (20 events):
Event: 47.256 Loading class java/text/BreakIterator
Event: 47.256 Loading class java/text/BreakIterator done
Event: 47.258 Loading class sun/util/locale/provider/BreakIteratorProviderImpl
Event: 47.258 Loading class sun/util/locale/provider/BreakIteratorProviderImpl done
Event: 47.260 Loading class sun/util/locale/provider/BreakIteratorProviderImpl$GraphemeBreakIterator
Event: 47.261 Loading class sun/util/locale/provider/BreakIteratorProviderImpl$GraphemeBreakIterator done
Event: 47.261 Loading class java/text/StringCharacterIterator
Event: 47.261 Loading class java/text/StringCharacterIterator done
Event: 47.261 Loading class sun/util/locale/provider/BreakIteratorProviderImpl$CharacterIteratorCharSequence
Event: 47.261 Loading class sun/util/locale/provider/BreakIteratorProviderImpl$CharacterIteratorCharSequence done
Event: 47.261 Loading class java/text/BreakIterator$BreakIteratorCache
Event: 47.261 Loading class java/text/BreakIterator$BreakIteratorCache done
Event: 47.262 Loading class jdk/internal/util/regex/Grapheme
Event: 47.262 Loading class jdk/internal/util/regex/Grapheme done
Event: 54.087 Loading class java/util/BitSet
Event: 54.087 Loading class java/util/BitSet done
Event: 54.143 Loading class java/lang/FdLibm$Atan2
Event: 54.144 Loading class java/lang/FdLibm$Atan2 done
Event: 441.346 Loading class jdk/internal/misc/Signal$1
Event: 441.347 Loading class jdk/internal/misc/Signal$1 done

Classes unloaded (0 events):
No events

Classes redefined (0 events):
No events

Internal exceptions (20 events):
Event: 6.076 Thread 0x0000017ff9dd50e0 Exception <a 'java/io/FileNotFoundException'{0x0000000731d4b5e0}> (0x0000000731d4b5e0) 
thrown [s\open\src\hotspot\share\prims\jni.cpp, line 520]
Event: 6.114 Thread 0x0000017ff9dd50e0 Exception <a 'java/lang/NoSuchMethodError'{0x0000000731dc6140}: 'java.lang.Object java.lang.invoke.DirectMethodHandle$Holder.newInvokeSpecial(java.lang.Object, double)'> (0x0000000731dc6140) 
thrown [s\open\src\hotspot\share\interpreter\linkResolver.cpp, line 773]
Event: 6.120 Thread 0x0000017ff9dd50e0 Implicit null exception at 0x0000017fe637d63d to 0x0000017fe637d6c1
Event: 21.624 Thread 0x0000017ff9dd50e0 Exception <a 'java/io/FileNotFoundException'{0x00000007318fb4d8}> (0x00000007318fb4d8) 
thrown [s\open\src\hotspot\share\prims\jni.cpp, line 520]
Event: 21.624 Thread 0x0000017ff9dd50e0 Exception <a 'java/io/FileNotFoundException'{0x00000007318fc508}> (0x00000007318fc508) 
thrown [s\open\src\hotspot\share\prims\jni.cpp, line 520]
Event: 23.171 Thread 0x0000017ff9dd50e0 Exception <a 'java/io/FileNotFoundException'{0x0000000731636ed8}> (0x0000000731636ed8) 
thrown [s\open\src\hotspot\share\prims\jni.cpp, line 520]
Event: 23.172 Thread 0x0000017ff9dd50e0 Exception <a 'java/io/FileNotFoundException'{0x00000007316381b8}> (0x00000007316381b8) 
thrown [s\open\src\hotspot\share\prims\jni.cpp, line 520]
Event: 34.474 Thread 0x0000017ff9dd50e0 Exception <a 'java/io/FileNotFoundException'{0x0000000731525150}> (0x0000000731525150) 
thrown [s\open\src\hotspot\share\prims\jni.cpp, line 520]
Event: 34.474 Thread 0x0000017ff9dd50e0 Exception <a 'java/io/FileNotFoundException'{0x0000000731526430}> (0x0000000731526430) 
thrown [s\open\src\hotspot\share\prims\jni.cpp, line 520]
Event: 53.957 Thread 0x0000017ff9dd50e0 Exception <a 'java/io/FileNotFoundException'{0x000000073116b5e0}> (0x000000073116b5e0) 
thrown [s\open\src\hotspot\share\prims\jni.cpp, line 520]
Event: 53.958 Thread 0x0000017ff9dd50e0 Exception <a 'java/io/FileNotFoundException'{0x000000073116c610}> (0x000000073116c610) 
thrown [s\open\src\hotspot\share\prims\jni.cpp, line 520]
Event: 53.962 Thread 0x0000017ff9dd50e0 Exception <a 'java/lang/NoSuchMethodError'{0x000000073117deb0}: 'java.lang.Object java.lang.invoke.DelegatingMethodHandle$Holder.reinvoke_L(java.lang.Object, double, double, double, double)'> (0x000000073117deb0) 
thrown [s\open\src\hotspot\share\interpreter\linkResolver.cpp, line 773]
Event: 53.965 Thread 0x0000017ff9dd50e0 Exception <a 'java/lang/NoSuchMethodError'{0x0000000731188b38}: 'java.lang.Object java.lang.invoke.DirectMethodHandle$Holder.invokeStatic(java.lang.Object, java.lang.Object, int)'> (0x0000000731188b38) 
thrown [s\open\src\hotspot\share\interpreter\linkResolver.cpp, line 773]
Event: 53.965 Thread 0x0000017ff9dd50e0 Exception <a 'java/lang/NoSuchMethodError'{0x000000073118c9c0}: 'void java.lang.invoke.DirectMethodHandle$Holder.invokeStatic(java.lang.Object, java.lang.Object, int, java.lang.Object)'> (0x000000073118c9c0) 
thrown [s\open\src\hotspot\share\interpreter\linkResolver.cpp, line 773]
Event: 53.966 Thread 0x0000017ff9dd50e0 Exception <a 'java/lang/NoSuchMethodError'{0x00000007311936e0}: 'void java.lang.invoke.DelegatingMethodHandle$Holder.delegate(java.lang.Object, java.lang.Object, int, java.lang.Object)'> (0x00000007311936e0) 
thrown [s\open\src\hotspot\share\interpreter\linkResolver.cpp, line 773]
Event: 54.000 Thread 0x0000017ff9dd50e0 Exception <a 'java/io/FileNotFoundException'{0x0000000730e23dd8}> (0x0000000730e23dd8) 
thrown [s\open\src\hotspot\share\prims\jni.cpp, line 520]
Event: 54.001 Thread 0x0000017ff9dd50e0 Exception <a 'java/io/FileNotFoundException'{0x0000000730e24e80}> (0x0000000730e24e80) 
thrown [s\open\src\hotspot\share\prims\jni.cpp, line 520]
Event: 54.094 Thread 0x0000017ff9dd50e0 Exception <a 'java/lang/NoSuchMethodError'{0x0000000730ce88c0}: 'java.lang.Object java.lang.invoke.DirectMethodHandle$Holder.invokeStatic(java.lang.Object, int, java.lang.Object)'> (0x0000000730ce88c0) 
thrown [s\open\src\hotspot\share\interpreter\linkResolver.cpp, line 773]
Event: 107.646 Thread 0x0000017ff9dd50e0 Exception <a 'java/io/FileNotFoundException'{0x0000000730a07af0}> (0x0000000730a07af0) 
thrown [s\open\src\hotspot\share\prims\jni.cpp, line 520]
Event: 107.647 Thread 0x0000017ff9dd50e0 Exception <a 'java/io/FileNotFoundException'{0x0000000730a08dd0}> (0x0000000730a08dd0) 
thrown [s\open\src\hotspot\share\prims\jni.cpp, line 520]

ZGC Phase Switch (0 events):
No events

VM Operations (20 events):
Event: 49.517 Executing VM operation: Cleanup done
Event: 50.518 Executing VM operation: Cleanup
Event: 50.518 Executing VM operation: Cleanup done
Event: 53.518 Executing VM operation: Cleanup
Event: 53.518 Executing VM operation: Cleanup done
Event: 53.961 Executing VM operation: HandshakeAllThreads (Deoptimize)
Event: 53.961 Executing VM operation: HandshakeAllThreads (Deoptimize) done
Event: 53.964 Executing VM operation: HandshakeAllThreads (Deoptimize)
Event: 53.964 Executing VM operation: HandshakeAllThreads (Deoptimize) done
Event: 54.964 Executing VM operation: Cleanup
Event: 54.964 Executing VM operation: Cleanup done
Event: 60.193 Executing VM operation: HandshakeAllThreads (HandshakeForDeflation)
Event: 60.193 Executing VM operation: HandshakeAllThreads (HandshakeForDeflation) done
Event: 60.193 Executing VM operation: RendezvousGCThreads
Event: 60.193 Executing VM operation: RendezvousGCThreads done
Event: 107.220 Executing VM operation: Cleanup
Event: 107.220 Executing VM operation: Cleanup done
Event: 109.220 Executing VM operation: Cleanup
Event: 109.220 Executing VM operation: Cleanup done
Event: 441.352 Executing VM operation: Exit

Events (20 events):
Event: 0.814 Thread 0x0000017ffa662160 Thread added: 0x0000017ffa662160
Event: 1.038 Thread 0x0000017fcd0bcb20 Thread added: 0x0000017fcd0bcb20
Event: 1.251 Thread 0x0000017fcd4eef70 Thread added: 0x0000017fcd4eef70
Event: 1.436 Thread 0x0000017ffa662160 Thread exited: 0x0000017ffa662160
Event: 6.126 Thread 0x0000017ff93970a0 Thread added: 0x0000017ff93970a0
Event: 6.160 Thread 0x0000017ff9246390 Thread added: 0x0000017ff9246390
Event: 6.670 Thread 0x0000017ff9246390 Thread exited: 0x0000017ff9246390
Event: 6.670 Thread 0x0000017ff93970a0 Thread exited: 0x0000017ff93970a0
Event: 23.212 Thread 0x0000017ffa71a510 Thread added: 0x0000017ffa71a510
Event: 23.725 Thread 0x0000017ffa71a510 Thread exited: 0x0000017ffa71a510
Event: 34.523 Thread 0x0000017ff912d0f0 Thread added: 0x0000017ff912d0f0
Event: 35.664 Thread 0x0000017ff912d0f0 Thread exited: 0x0000017ff912d0f0
Event: 53.987 Thread 0x0000017fccfb7c10 Thread added: 0x0000017fccfb7c10
Event: 54.539 Thread 0x0000017fccfb7c10 Thread exited: 0x0000017fccfb7c10
Event: 441.347 Thread 0x0000017fcd4ef600 Thread added: 0x0000017fcd4ef600
Event: 441.348 Thread 0x0000017fcd4edbc0 Thread added: 0x0000017fcd4edbc0
Event: 441.348 Thread 0x0000017fcd4efc90 Thread added: 0x0000017fcd4efc90
Event: 441.350 Thread 0x0000017fcd4edbc0 Thread exited: 0x0000017fcd4edbc0
Event: 441.351 Thread 0x0000017fcd4efc90 Thread exited: 0x0000017fcd4efc90
Event: 441.352 Thread 0x0000017ff4eb39a0 Thread exited: 0x0000017ff4eb39a0


Dynamic libraries:
0x00007ff7f07f0000 - 0x00007ff7f07fe000 	C:\Users\Nursultan\.jdks\openjdk-21.0.1\bin\java.exe
0x00007fffa4cb0000 - 0x00007fffa4ea8000 	C:\Windows\SYSTEM32\ntdll.dll
0x00007fffa47f0000 - 0x00007fffa48ad000 	C:\Windows\System32\KERNEL32.DLL
0x00007fffa28c0000 - 0x00007fffa2bb6000 	C:\Windows\System32\KERNELBASE.dll
0x00007fffa2510000 - 0x00007fffa2610000 	C:\Windows\System32\ucrtbase.dll
0x00007fff91be0000 - 0x00007fff91bf8000 	C:\Users\Nursultan\.jdks\openjdk-21.0.1\bin\jli.dll
0x00007fff91bc0000 - 0x00007fff91bdb000 	C:\Users\Nursultan\.jdks\openjdk-21.0.1\bin\VCRUNTIME140.dll
0x00007fffa3a30000 - 0x00007fffa3bce000 	C:\Windows\System32\USER32.dll
0x00007fffa2ce0000 - 0x00007fffa2d02000 	C:\Windows\System32\win32u.dll
0x00007fffa2d70000 - 0x00007fffa2d9c000 	C:\Windows\System32\GDI32.dll
0x00007fffa2bc0000 - 0x00007fffa2cda000 	C:\Windows\System32\gdi32full.dll
0x00007fff88810000 - 0x00007fff88aaa000 	C:\Windows\WinSxS\amd64_microsoft.windows.common-controls_6595b64144ccf1df_6.0.19041.3636_none_60b6a03d71f818d5\COMCTL32.dll
0x00007fffa2610000 - 0x00007fffa26ad000 	C:\Windows\System32\msvcp_win.dll
0x00007fffa44b0000 - 0x00007fffa454e000 	C:\Windows\System32\msvcrt.dll
0x00007fffa48b0000 - 0x00007fffa48e0000 	C:\Windows\System32\IMM32.DLL
0x00007fff94df0000 - 0x00007fff94dfc000 	C:\Users\Nursultan\.jdks\openjdk-21.0.1\bin\vcruntime140_1.dll
0x00007fff72de0000 - 0x00007fff72e6e000 	C:\Users\Nursultan\.jdks\openjdk-21.0.1\bin\msvcp140.dll
0x00007fff679c0000 - 0x00007fff686d5000 	C:\Users\Nursultan\.jdks\openjdk-21.0.1\bin\server\jvm.dll
0x00007fffa45b0000 - 0x00007fffa465f000 	C:\Windows\System32\ADVAPI32.dll
0x00007fffa4750000 - 0x00007fffa47ec000 	C:\Windows\System32\sechost.dll
0x00007fffa3c60000 - 0x00007fffa3d86000 	C:\Windows\System32\RPCRT4.dll
0x00007fffa46e0000 - 0x00007fffa474b000 	C:\Windows\System32\WS2_32.dll
0x00007fffa1940000 - 0x00007fffa198b000 	C:\Windows\SYSTEM32\POWRPROF.dll
0x00007fff970a0000 - 0x00007fff970c7000 	C:\Windows\SYSTEM32\WINMM.dll
0x00007fff970d0000 - 0x00007fff970da000 	C:\Windows\SYSTEM32\VERSION.dll
0x00007fffa17b0000 - 0x00007fffa17c2000 	C:\Windows\SYSTEM32\UMPDC.dll
0x00007fffa0be0000 - 0x00007fffa0bf2000 	C:\Windows\SYSTEM32\kernel.appcore.dll
0x00007fff943a0000 - 0x00007fff943aa000 	C:\Users\Nursultan\.jdks\openjdk-21.0.1\bin\jimage.dll
0x00007fffa0200000 - 0x00007fffa03e4000 	C:\Windows\SYSTEM32\DBGHELP.DLL
0x00007fff8f450000 - 0x00007fff8f484000 	C:\Windows\SYSTEM32\dbgcore.DLL
0x00007fffa2450000 - 0x00007fffa24d2000 	C:\Windows\System32\bcryptPrimitives.dll
0x00007fff92360000 - 0x00007fff9236f000 	C:\Users\Nursultan\.jdks\openjdk-21.0.1\bin\instrument.dll
0x00007fff91720000 - 0x00007fff9173f000 	C:\Users\Nursultan\.jdks\openjdk-21.0.1\bin\java.dll
0x00007fffa32e0000 - 0x00007fffa3a24000 	C:\Windows\System32\SHELL32.dll
0x00007fffa0430000 - 0x00007fffa0bcb000 	C:\Windows\SYSTEM32\windows.storage.dll
0x00007fffa4050000 - 0x00007fffa43a4000 	C:\Windows\System32\combase.dll
0x00007fffa1dd0000 - 0x00007fffa1dfd000 	C:\Windows\SYSTEM32\Wldp.dll
0x00007fffa3230000 - 0x00007fffa32dd000 	C:\Windows\System32\SHCORE.dll
0x00007fffa2d10000 - 0x00007fffa2d65000 	C:\Windows\System32\shlwapi.dll
0x00007fffa22c0000 - 0x00007fffa22e5000 	C:\Windows\SYSTEM32\profapi.dll
0x00007fff6acf0000 - 0x00007fff6adc7000 	C:\Users\Nursultan\.jdks\openjdk-21.0.1\bin\jsvml.dll
0x00007fff94180000 - 0x00007fff94190000 	C:\Users\Nursultan\.jdks\openjdk-21.0.1\bin\net.dll
0x00007fff9e4a0000 - 0x00007fff9e5aa000 	C:\Windows\SYSTEM32\WINHTTP.dll
0x00007fffa1b30000 - 0x00007fffa1b9a000 	C:\Windows\system32\mswsock.dll
0x00007fff914e0000 - 0x00007fff914f6000 	C:\Users\Nursultan\.jdks\openjdk-21.0.1\bin\nio.dll
0x00007fff914c0000 - 0x00007fff914d8000 	C:\Users\Nursultan\.jdks\openjdk-21.0.1\bin\zip.dll
0x00007fff91490000 - 0x00007fff914aa000 	C:\Program Files\JetBrains\IntelliJ IDEA 2023.2.5\bin\breakgen64.dll
0x0000017fd4440000 - 0x0000017fd4443000 	C:\Users\Nursultan\.openjfx\cache\21-ea+null\amd64\api-ms-win-core-console-l1-1-0.dll
0x0000017fd4450000 - 0x0000017fd4453000 	C:\Users\Nursultan\.openjfx\cache\21-ea+null\amd64\api-ms-win-core-console-l1-2-0.dll
0x0000017fd63c0000 - 0x0000017fd63c3000 	C:\Users\Nursultan\.openjfx\cache\21-ea+null\amd64\api-ms-win-core-datetime-l1-1-0.dll
0x0000017fd63d0000 - 0x0000017fd63d3000 	C:\Users\Nursultan\.openjfx\cache\21-ea+null\amd64\api-ms-win-core-debug-l1-1-0.dll
0x0000017fd63e0000 - 0x0000017fd63e3000 	C:\Users\Nursultan\.openjfx\cache\21-ea+null\amd64\api-ms-win-core-errorhandling-l1-1-0.dll
0x0000017fd63f0000 - 0x0000017fd63f4000 	C:\Users\Nursultan\.openjfx\cache\21-ea+null\amd64\api-ms-win-core-file-l1-1-0.dll
0x0000017fd6400000 - 0x0000017fd6403000 	C:\Users\Nursultan\.openjfx\cache\21-ea+null\amd64\api-ms-win-core-file-l1-2-0.dll
0x0000017ff4f20000 - 0x0000017ff4f23000 	C:\Users\Nursultan\.openjfx\cache\21-ea+null\amd64\api-ms-win-core-file-l2-1-0.dll
0x0000017ff4f30000 - 0x0000017ff4f33000 	C:\Users\Nursultan\.openjfx\cache\21-ea+null\amd64\api-ms-win-core-handle-l1-1-0.dll
0x0000017ff4f40000 - 0x0000017ff4f43000 	C:\Users\Nursultan\.openjfx\cache\21-ea+null\amd64\api-ms-win-core-heap-l1-1-0.dll
0x0000017ff4f50000 - 0x0000017ff4f53000 	C:\Users\Nursultan\.openjfx\cache\21-ea+null\amd64\api-ms-win-core-interlocked-l1-1-0.dll
0x0000017ff4f60000 - 0x0000017ff4f63000 	C:\Users\Nursultan\.openjfx\cache\21-ea+null\amd64\api-ms-win-core-libraryloader-l1-1-0.dll
0x0000017ff4f70000 - 0x0000017ff4f73000 	C:\Users\Nursultan\.openjfx\cache\21-ea+null\amd64\api-ms-win-core-localization-l1-2-0.dll
0x0000017ff4f80000 - 0x0000017ff4f83000 	C:\Users\Nursultan\.openjfx\cache\21-ea+null\amd64\api-ms-win-core-memory-l1-1-0.dll
0x0000017ff4f90000 - 0x0000017ff4f93000 	C:\Users\Nursultan\.openjfx\cache\21-ea+null\amd64\api-ms-win-core-namedpipe-l1-1-0.dll
0x0000017ff4fa0000 - 0x0000017ff4fa3000 	C:\Users\Nursultan\.openjfx\cache\21-ea+null\amd64\api-ms-win-core-processenvironment-l1-1-0.dll
0x0000017ff4fb0000 - 0x0000017ff4fb3000 	C:\Users\Nursultan\.openjfx\cache\21-ea+null\amd64\api-ms-win-core-processthreads-l1-1-0.dll
0x0000017ff4fc0000 - 0x0000017ff4fc3000 	C:\Users\Nursultan\.openjfx\cache\21-ea+null\amd64\api-ms-win-core-processthreads-l1-1-1.dll
0x0000017ff4fd0000 - 0x0000017ff4fd3000 	C:\Users\Nursultan\.openjfx\cache\21-ea+null\amd64\api-ms-win-core-profile-l1-1-0.dll
0x0000017ff4fe0000 - 0x0000017ff4fe3000 	C:\Users\Nursultan\.openjfx\cache\21-ea+null\amd64\api-ms-win-core-rtlsupport-l1-1-0.dll
0x0000017ff4ff0000 - 0x0000017ff4ff3000 	C:\Users\Nursultan\.openjfx\cache\21-ea+null\amd64\api-ms-win-core-string-l1-1-0.dll
0x0000017fface0000 - 0x0000017fface3000 	C:\Users\Nursultan\.openjfx\cache\21-ea+null\amd64\api-ms-win-core-synch-l1-1-0.dll
0x0000017ffacf0000 - 0x0000017ffacf3000 	C:\Users\Nursultan\.openjfx\cache\21-ea+null\amd64\api-ms-win-core-synch-l1-2-0.dll
0x0000017ffad00000 - 0x0000017ffad03000 	C:\Users\Nursultan\.openjfx\cache\21-ea+null\amd64\api-ms-win-core-sysinfo-l1-1-0.dll
0x0000017ffad10000 - 0x0000017ffad13000 	C:\Users\Nursultan\.openjfx\cache\21-ea+null\amd64\api-ms-win-core-timezone-l1-1-0.dll
0x0000017ffad20000 - 0x0000017ffad23000 	C:\Users\Nursultan\.openjfx\cache\21-ea+null\amd64\api-ms-win-core-util-l1-1-0.dll
0x0000017ffad30000 - 0x0000017ffad33000 	C:\Users\Nursultan\.openjfx\cache\21-ea+null\amd64\api-ms-win-crt-conio-l1-1-0.dll
0x0000017ffad40000 - 0x0000017ffad44000 	C:\Users\Nursultan\.openjfx\cache\21-ea+null\amd64\api-ms-win-crt-convert-l1-1-0.dll
0x0000017ffad50000 - 0x0000017ffad53000 	C:\Users\Nursultan\.openjfx\cache\21-ea+null\amd64\api-ms-win-crt-environment-l1-1-0.dll
0x0000017ffad60000 - 0x0000017ffad63000 	C:\Users\Nursultan\.openjfx\cache\21-ea+null\amd64\api-ms-win-crt-filesystem-l1-1-0.dll
0x0000017ffad70000 - 0x0000017ffad73000 	C:\Users\Nursultan\.openjfx\cache\21-ea+null\amd64\api-ms-win-crt-heap-l1-1-0.dll
0x0000017ffad80000 - 0x0000017ffad83000 	C:\Users\Nursultan\.openjfx\cache\21-ea+null\amd64\api-ms-win-crt-locale-l1-1-0.dll
0x0000017ffad90000 - 0x0000017ffad95000 	C:\Users\Nursultan\.openjfx\cache\21-ea+null\amd64\api-ms-win-crt-math-l1-1-0.dll
0x0000017ffada0000 - 0x0000017ffada5000 	C:\Users\Nursultan\.openjfx\cache\21-ea+null\amd64\api-ms-win-crt-multibyte-l1-1-0.dll
0x0000017ffadb0000 - 0x0000017ffadc0000 	C:\Users\Nursultan\.openjfx\cache\21-ea+null\amd64\api-ms-win-crt-private-l1-1-0.dll
0x0000017ffadc0000 - 0x0000017ffadc3000 	C:\Users\Nursultan\.openjfx\cache\21-ea+null\amd64\api-ms-win-crt-process-l1-1-0.dll
0x0000017ffadd0000 - 0x0000017ffadd4000 	C:\Users\Nursultan\.openjfx\cache\21-ea+null\amd64\api-ms-win-crt-runtime-l1-1-0.dll
0x0000017ffade0000 - 0x0000017ffade4000 	C:\Users\Nursultan\.openjfx\cache\21-ea+null\amd64\api-ms-win-crt-stdio-l1-1-0.dll
0x0000017ffadf0000 - 0x0000017ffadf4000 	C:\Users\Nursultan\.openjfx\cache\21-ea+null\amd64\api-ms-win-crt-string-l1-1-0.dll
0x0000017ffae00000 - 0x0000017ffae03000 	C:\Users\Nursultan\.openjfx\cache\21-ea+null\amd64\api-ms-win-crt-time-l1-1-0.dll
0x0000017ffae10000 - 0x0000017ffae13000 	C:\Users\Nursultan\.openjfx\cache\21-ea+null\amd64\api-ms-win-crt-utility-l1-1-0.dll
0x00007fff6d110000 - 0x00007fff6d20c000 	C:\Users\Nursultan\.openjfx\cache\21-ea+null\amd64\ucrtbase.dll
0x00007fff73080000 - 0x00007fff7309b000 	C:\Users\Nursultan\.openjfx\cache\21-ea+null\amd64\vcruntime140.dll
0x00007fff84400000 - 0x00007fff8440c000 	C:\Users\Nursultan\.openjfx\cache\21-ea+null\amd64\vcruntime140_1.dll
0x00007fff6f4f0000 - 0x00007fff6f57e000 	C:\Users\Nursultan\.openjfx\cache\21-ea+null\amd64\msvcp140.dll
0x00007fffa3ec0000 - 0x00007fffa3feb000 	C:\Windows\System32\ole32.dll
0x00007fff83e00000 - 0x00007fff83e09000 	C:\Users\Nursultan\.openjfx\cache\21-ea+null\amd64\msvcp140_1.dll
0x00007fff72ce0000 - 0x00007fff72d0f000 	C:\Users\Nursultan\.openjfx\cache\21-ea+null\amd64\msvcp140_2.dll
0x00007fff72730000 - 0x00007fff7275f000 	C:\Users\Nursultan\.openjfx\cache\21-ea+null\amd64\prism_d3d.dll
0x00007fff4cea0000 - 0x00007fff4d06d000 	C:\Windows\system32\d3d9.dll
0x00007fff9fb70000 - 0x00007fff9fb9f000 	C:\Windows\SYSTEM32\dwmapi.dll
0x00007fff9f6a0000 - 0x00007fff9f73e000 	C:\Windows\system32\uxtheme.dll
0x00007fff970e0000 - 0x00007fff9729b000 	C:\Windows\System32\DriverStore\FileRepository\u0390451.inf_amd64_39377efdd62734d1\B390182\aticfx64.dll
0x00007fff43f40000 - 0x00007fff45d0f000 	C:\Windows\System32\DriverStore\FileRepository\u0390451.inf_amd64_39377efdd62734d1\B390182\amdxn64.dll
0x00007fffa2da0000 - 0x00007fffa320e000 	C:\Windows\System32\SETUPAPI.dll
0x00007fffa2390000 - 0x00007fffa23de000 	C:\Windows\System32\cfgmgr32.dll
0x00007fffa24e0000 - 0x00007fffa2507000 	C:\Windows\System32\bcrypt.dll
0x00007fffa0c50000 - 0x00007fffa0d43000 	C:\Windows\SYSTEM32\dxgi.dll
0x00007fff950f0000 - 0x00007fff95125000 	C:\Windows\SYSTEM32\amdihk64.dll
0x00007fff6f090000 - 0x00007fff6f0d2000 	C:\Users\Nursultan\.openjfx\cache\21-ea+null\amd64\glass.dll
0x00007fffa43c0000 - 0x00007fffa449a000 	C:\Windows\System32\COMDLG32.dll
0x00007fffa3df0000 - 0x00007fffa3ebd000 	C:\Windows\System32\OLEAUT32.dll
0x00007fffa48f0000 - 0x00007fffa4a04000 	C:\Windows\System32\MSCTF.dll
0x00007fff98480000 - 0x00007fff984bb000 	C:\Windows\SYSTEM32\dxcore.dll
0x00007fff72ba0000 - 0x00007fff72bb4000 	C:\Users\Nursultan\.openjfx\cache\21-ea+null\amd64\javafx_font.dll
0x00007fff811a0000 - 0x00007fff8141f000 	C:\Windows\SYSTEM32\dwrite.dll
0x00007fffa4bc0000 - 0x00007fffa4c69000 	C:\Windows\System32\clbcatq.dll
0x00007fff9ae90000 - 0x00007fff9b044000 	C:\Windows\SYSTEM32\WindowsCodecs.dll
0x00007fff84cb0000 - 0x00007fff84cee000 	C:\Windows\system32\dataexchange.dll
0x00007fff9d080000 - 0x00007fff9d2e3000 	C:\Windows\system32\d3d11.dll
0x00007fff9d8b0000 - 0x00007fff9da93000 	C:\Windows\system32\dcomp.dll
0x00007fff9aaa0000 - 0x00007fff9aca7000 	C:\Windows\system32\twinapi.appcore.dll
0x00007fff844e0000 - 0x00007fff84514000 	C:\Program Files\Common Files\Microsoft Shared\Ink\rtscom.dll
0x00007fff92ca0000 - 0x00007fff92d9a000 	C:\Windows\SYSTEM32\textinputframework.dll
0x00007fff9e250000 - 0x00007fff9e342000 	C:\Windows\System32\CoreMessaging.dll
0x00007fff9db70000 - 0x00007fff9decb000 	C:\Windows\System32\CoreUIComponents.dll
0x00007fffa1530000 - 0x00007fffa1563000 	C:\Windows\SYSTEM32\ntmarta.dll
0x00007fff9ee30000 - 0x00007fff9ef85000 	C:\Windows\SYSTEM32\wintypes.dll

dbghelp: loaded successfully - version: 4.0.5 - missing functions: none
symbol engine: initialized successfully - sym options: 0x614 - pdb path: .;C:\Users\Nursultan\.jdks\openjdk-21.0.1\bin;C:\Windows\SYSTEM32;C:\Windows\WinSxS\amd64_microsoft.windows.common-controls_6595b64144ccf1df_6.0.19041.3636_none_60b6a03d71f818d5;C:\Users\Nursultan\.jdks\openjdk-21.0.1\bin\server;C:\Program Files\JetBrains\IntelliJ IDEA 2023.2.5\bin;C:\Users\Nursultan\.openjfx\cache\21-ea+null\amd64;C:\Windows\System32\DriverStore\FileRepository\u0390451.inf_amd64_39377efdd62734d1\B390182;C:\Program Files\Common Files\Microsoft Shared\Ink

VM Arguments:
jvm_args: -javaagent:C:\Program Files\JetBrains\IntelliJ IDEA 2023.2.5\lib\idea_rt.jar=51909:C:\Program Files\JetBrains\IntelliJ IDEA 2023.2.5\bin -Dfile.encoding=UTF-8 -Dsun.stdout.encoding=UTF-8 -Dsun.stderr.encoding=UTF-8 --module-path=C:\Users\Nursultan\IdeaProjects\SoftWareProject\target\classes;C:\Users\Nursultan\.m2\repository\org\openjfx\javafx-base\21-ea+24\javafx-base-21-ea+24-win.jar;C:\Users\Nursultan\.m2\repository\org\openjfx\javafx-fxml\21-ea+24\javafx-fxml-21-ea+24-win.jar;C:\Users\Nursultan\.m2\repository\org\openjfx\javafx-controls\21-ea+24\javafx-controls-21-ea+24-win.jar;C:\Users\Nursultan\.m2\repository\org\openjfx\javafx-graphics\21-ea+24\javafx-graphics-21-ea+24-win.jar -Djdk.module.main=com.example.softwareproject 
java_command: com.example.softwareproject/com.example.softwareproject.HelloApplication
java_class_path (initial): C:\Users\Nursultan\.m2\repository\org\openjfx\javafx-controls\21-ea+24\javafx-controls-21-ea+24.jar;C:\Users\Nursultan\.m2\repository\org\openjfx\javafx-graphics\21-ea+24\javafx-graphics-21-ea+24.jar;C:\Users\Nursultan\.m2\repository\org\openjfx\javafx-base\21-ea+24\javafx-base-21-ea+24.jar;C:\Users\Nursultan\.m2\repository\org\openjfx\javafx-fxml\21-ea+24\javafx-fxml-21-ea+24.jar;C:\Users\Nursultan\Downloads\postgresql-42.6.0.jar
Launcher Type: SUN_STANDARD

[Global flags]
     intx CICompilerCount                          = 4                                         {product} {ergonomic}
     uint ConcGCThreads                            = 3                                         {product} {ergonomic}
     uint G1ConcRefinementThreads                  = 10                                        {product} {ergonomic}
   size_t G1HeapRegionSize                         = 2097152                                   {product} {ergonomic}
    uintx GCDrainStackTargetSize                   = 64                                        {product} {ergonomic}
   size_t InitialHeapSize                          = 230686720                                 {product} {ergonomic}
   size_t MarkStackSize                            = 4194304                                   {product} {ergonomic}
   size_t MaxHeapSize                              = 3676307456                                {product} {ergonomic}
   size_t MaxNewSize                               = 2204106752                                {product} {ergonomic}
   size_t MinHeapDeltaBytes                        = 2097152                                   {product} {ergonomic}
   size_t MinHeapSize                              = 8388608                                   {product} {ergonomic}
    uintx NonNMethodCodeHeapSize                   = 5839372                                {pd product} {ergonomic}
    uintx NonProfiledCodeHeapSize                  = 122909434                              {pd product} {ergonomic}
    uintx ProfiledCodeHeapSize                     = 122909434                              {pd product} {ergonomic}
    uintx ReservedCodeCacheSize                    = 251658240                              {pd product} {ergonomic}
     bool SegmentedCodeCache                       = true                                      {product} {ergonomic}
   size_t SoftMaxHeapSize                          = 3676307456                             {manageable} {ergonomic}
     bool UseCompressedOops                        = true                           {product lp64_product} {ergonomic}
     bool UseG1GC                                  = true                                      {product} {ergonomic}
     bool UseLargePagesIndividualAllocation        = false                                  {pd product} {ergonomic}

Logging:
Log output configuration:
 #0: stdout all=off uptime,level,tags foldmultilines=false
 #1: stderr all=off uptime,level,tags foldmultilines=false

Environment Variables:
PATH=C:\Windows\system32;C:\Windows;C:\Windows\System32\Wbem;C:\Windows\System32\WindowsPowerShell\v1.0\;C:\Windows\System32\OpenSSH\;C:\Program Files\Git\cmd;C:\Users\Nursultan\AppData\Local\Microsoft\WindowsApps;;C:\Program Files\JetBrains\IntelliJ IDEA 2023.2.5\bin;
USERNAME=Nursultan
OS=Windows_NT
PROCESSOR_IDENTIFIER=AMD64 Family 25 Model 68 Stepping 1, AuthenticAMD
TMP=C:\Users\NURSUL~1\AppData\Local\Temp
TEMP=C:\Users\NURSUL~1\AppData\Local\Temp




Periodic native trim disabled

---------------  S Y S T E M  ---------------

OS:
 Windows 10 , 64 bit Build 19041 (10.0.19041.3636)
OS uptime: 2 days 19:15 hours

CPU: total 12 (initial active 12) (12 cores per cpu, 2 threads per core) family 25 model 68 stepping 1 microcode 0x0, cx8, cmov, fxsr, ht, mmx, 3dnowpref, sse, sse2, sse3, ssse3, sse4a, sse4.1, sse4.2, popcnt, lzcnt, tsc, tscinvbit, avx, avx2, aes, clmul, bmi1, bmi2, adx, sha, fma, vzeroupper, clflush, clflushopt, rdtscp, rdpid, f16c, pku, cet_ss
Processor Information for all 12 processors :
  Max Mhz: 3301, Current Mhz: 1100, Mhz Limit: 3301

Memory: 4k page, system-wide physical 14020M (5034M free)
TotalPageFile size 16196M (AvailPageFile size 2424M)
current process WorkingSet (physical memory assigned to process): 166M, peak: 173M
current process commit charge ("private bytes"): 452M, peak: 478M

vm_info: OpenJDK 64-Bit Server VM (21.0.1+12-29) for windows-amd64 JRE (21.0.1+12-29), built on 2023-10-05T13:27:09Z by "mach5one" with MS VC++ 17.1 (VS2022)

END.
