#
# A fatal error has been detected by the Java Runtime Environment:
#
#  EXCEPTION_ACCESS_VIOLATION (0xc0000005) at pc=0x00007fff7d2f6587, pid=13364, tid=19436
#
# JRE version: OpenJDK Runtime Environment (21.0.1+12) (build 21.0.1+12-29)
# Java VM: OpenJDK 64-Bit Server VM (21.0.1+12-29, mixed mode, sharing, tiered, compressed oops, compressed class ptrs, g1 gc, windows-amd64)
# Problematic frame:
# C  [glass.dll+0x26587]
#
# No core dump will be written. Minidumps are not enabled by default on client versions of Windows
#
# If you would like to submit a bug report, please visit:
#   https://bugreport.java.com/bugreport/crash.jsp
#

---------------  S U M M A R Y ------------

Command Line: -javaagent:C:\Program Files\JetBrains\IntelliJ IDEA 2023.2.5\lib\idea_rt.jar=61181:C:\Program Files\JetBrains\IntelliJ IDEA 2023.2.5\bin -Dfile.encoding=UTF-8 -Dsun.stdout.encoding=UTF-8 -Dsun.stderr.encoding=UTF-8 --module-path=C:\Users\Nursultan\.m2\repository\org\openjfx\javafx-controls\21-ea+24\javafx-controls-21-ea+24-win.jar;C:\Users\Nursultan\.m2\repository\org\openjfx\javafx-base\21-ea+24\javafx-base-21-ea+24-win.jar;C:\Users\Nursultan\IdeaProjects\SoftWareProject\target\classes;C:\Users\Nursultan\.m2\repository\org\openjfx\javafx-graphics\21-ea+24\javafx-graphics-21-ea+24-win.jar;C:\Users\Nursultan\.m2\repository\org\openjfx\javafx-fxml\21-ea+24\javafx-fxml-21-ea+24-win.jar -Djdk.module.main=com.example.softwareproject com.example.softwareproject/com.example.softwareproject.HelloApplication

Host: AMD Ryzen 5 6600HS Creator Edition             , 12 cores, 13G,  Windows 10 , 64 bit Build 19041 (10.0.19041.3636)
Time: Thu Dec 14 22:56:02 2023  Windows 10 , 64 bit Build 19041 (10.0.19041.3636) elapsed time: 171.605877 seconds (0d 0h 2m 51s)

---------------  T H R E A D  ---------------

Current thread (0x0000022fa9991220):  VMThread "VM Thread"          [id=19436, stack(0x000000a79a800000,0x000000a79a900000) (1024K)]

Stack: [0x000000a79a800000,0x000000a79a900000],  sp=0x000000a79a8fedf0,  free space=1019k
Native frames: (J=compiled Java code, j=interpreted, Vv=VM code, C=native code)
C  [glass.dll+0x26587]


siginfo: EXCEPTION_ACCESS_VIOLATION (0xc0000005), reading address 0x0000000000000000


Registers:
RAX=0x0000000000000000, RBX=0x0000022fa99971e2, RCX=0x0000022fa9991220, RDX=0x000000a79a8fedf0
RSP=0x000000a79a8fedf0, RBP=0x0000022fef7e1d68, RSI=0x0000022fef7e1d40, RDI=0x000067781a3bfe15
R8 =0x0000000000010002, R9 =0x000067781a3bfe15, R10=0x0000000000008000, R11=0x000000a79a8fed80
R12=0x00007fff7d2f3ed0, R13=0x00007fff7d171fa0, R14=0x000000a79a8feee8, R15=0x0000022fef7e1d40
RIP=0x00007fff7d2f6587, EFLAGS=0x0000000000010206


Register to memory mapping:

RAX=0x0 is null
RBX=0x0000022fa99971e2 is a global jni handle
RCX=0x0000022fa9991220 points into unknown readable memory: 0x00007fff7cf83f88 | 88 3f f8 7c ff 7f 00 00
RDX=0x000000a79a8fedf0 points into unknown readable memory: 0x0000000000000000 | 00 00 00 00 00 00 00 00
RSP=0x000000a79a8fedf0 points into unknown readable memory: 0x0000000000000000 | 00 00 00 00 00 00 00 00
RBP=0x0000022fef7e1d68 points into unknown readable memory: 0x000067781a3bfe15 | 15 fe 3b 1a 78 67 00 00
RSI=0x0000022fef7e1d40 points into unknown readable memory: 0xffefc29f273bfe1a | 1a fe 3b 27 9f c2 ef ff
RDI=0x000067781a3bfe15 is an unknown value
R8 =0x0000000000010002 is an unknown value
R9 =0x000067781a3bfe15 is an unknown value
R10=0x0000000000008000 is an unknown value
R11=0x000000a79a8fed80 points into unknown readable memory: 0x0000022fef7e1d40 | 40 1d 7e ef 2f 02 00 00
R12=0x00007fff7d2f3ed0 glass.dll
R13=0x00007fff7d171fa0 jvm.dll
R14=0x000000a79a8feee8 points into unknown readable memory: 0x000000a79a8feed0 | d0 ee 8f 9a a7 00 00 00
R15=0x0000022fef7e1d40 points into unknown readable memory: 0xffefc29f273bfe1a | 1a fe 3b 27 9f c2 ef ff

Top of Stack: (sp=0x000000a79a8fedf0)
0x000000a79a8fedf0:   0000000000000000 0000022fef7e1d40
0x000000a79a8fee00:   00007fff7d171fa0 00007fff7d2f3ed0
0x000000a79a8fee10:   0000022fef7e1d48 00007fffa25242d6
0x000000a79a8fee20:   000067781a3bfe15 0000022f00000000
0x000000a79a8fee30:   0000022fef7e1d68 0000022fef7e1d40
0x000000a79a8fee40:   fffffffffffffffe 0000000000000000
0x000000a79a8fee50:   0000000000000001 00007fff7d2d0000
0x000000a79a8fee60:   000000a79a8feed8 00007fffa25241fb
0x000000a79a8fee70:   0000000000000000 000000a79a8feee8
0x000000a79a8fee80:   000000a79a8ff1c0 00007fffa2600e40
0x000000a79a8fee90:   0000000000000001 00007fffa25241b4
0x000000a79a8feea0:   0000000000000000 0000000000000001
0x000000a79a8feeb0:   00007fff984b2dd0 000000a79a8feed8
0x000000a79a8feec0:   000000000000000d 00007fff7d2f3d5d
0x000000a79a8feed0:   00007fff7d30a008 00007fff00000002
0x000000a79a8feee0:   0000000000000002 000000a79a8feed0
0x000000a79a8feef0:   0000000000000000 00007fffa4cc9993
0x000000a79a8fef00:   0000000000000000 00007fff7d2f3e82
0x000000a79a8fef10:   0000000000000001 0000000000000000
0x000000a79a8fef20:   0000000000000000 00007fffa2600e40
0x000000a79a8fef30:   0000022f88d0c0c8 00007fffa251f05b
0x000000a79a8fef40:   0000022f00000001 0000000000000016
0x000000a79a8fef50:   00007fff7d2d0000 000000007ffe0384
0x000000a79a8fef60:   0000000000000000 00007fffa4cc9a1d
0x000000a79a8fef70:   00007fff7d2d0000 0000000000000000
0x000000a79a8fef80:   0000000000000001 000000007ffe0385
0x000000a79a8fef90:   0000000000000000 00007fffa4d0de41
0x000000a79a8fefa0:   0000b70dad740e00 0000000000000014
0x000000a79a8fefb0:   00007fff7d2f3ed0 0000000000000000
0x000000a79a8fefc0:   0000000000000000 000000a799d1f000
0x000000a79a8fefd0:   0000022fef8fa130 00007fffa4d0dcda
0x000000a79a8fefe0:   0000022fef5dc980 00007fff7d2d0000 

Instructions: (pc=0x00007fff7d2f6587)
0x00007fff7d2f6487:   8b 4d 58 e8 8d cf ff ff 48 8b 4d 60 e8 84 cf ff
0x00007fff7d2f6497:   ff 48 8b 95 80 00 00 00 48 8b 8d 18 01 00 00 e8
0x00007fff7d2f64a7:   76 c4 ff ff 33 d2 33 c9 e8 cc e1 ff ff 90 48 89
0x00007fff7d2f64b7:   54 24 10 55 48 83 ec 20 48 8b ea 48 b8 00 00 00
0x00007fff7d2f64c7:   00 00 00 00 00 48 83 c4 20 5d c3 cc 40 55 48 8b
0x00007fff7d2f64d7:   ea 48 8b 01 33 c9 81 38 05 00 00 c0 0f 94 c1 8b
0x00007fff7d2f64e7:   c1 5d c3 cc 40 55 48 83 ec 20 48 8b ea 8a 4d 40
0x00007fff7d2f64f7:   48 83 c4 20 5d e9 73 d3 ff ff cc 40 55 48 83 ec
0x00007fff7d2f6507:   20 48 8b ea 8a 4d 20 e8 61 d3 ff ff 90 48 83 c4
0x00007fff7d2f6517:   20 5d c3 cc 40 55 48 83 ec 20 48 8b ea 48 83 c4
0x00007fff7d2f6527:   20 5d e9 c2 d1 ff ff cc 40 55 48 83 ec 30 48 8b
0x00007fff7d2f6537:   ea 48 8b 01 8b 10 48 89 4c 24 28 89 54 24 20 4c
0x00007fff7d2f6547:   8d 0d 63 d6 ff ff 4c 8b 45 70 8b 55 68 48 8b 4d
0x00007fff7d2f6557:   60 e8 03 d1 ff ff 90 48 83 c4 30 5d c3 cc cc cc
0x00007fff7d2f6567:   cc cc cc cc cc cc cc cc cc 40 53 48 83 ec 20 48
0x00007fff7d2f6577:   8b 1d 8b 34 01 00 48 85 db 74 16 e8 89 8f ff ff
0x00007fff7d2f6587:   4c 8b 00 48 8b d3 48 8b c8 41 ff 90 b0 00 00 00
0x00007fff7d2f6597:   90 48 83 c4 20 5b c3 cc cc 40 53 48 83 ec 20 48
0x00007fff7d2f65a7:   8b 1d fb 35 01 00 48 85 db 74 57 b8 ff ff ff ff
0x00007fff7d2f65b7:   f0 0f c1 43 10 83 f8 01 75 3d 48 85 db 74 38 48
0x00007fff7d2f65c7:   8b 0b 48 85 c9 74 0d ff 15 d4 0c 00 00 48 c7 03
0x00007fff7d2f65d7:   00 00 00 00 48 8b 4b 08 48 85 c9 74 0d e8 33 ce
0x00007fff7d2f65e7:   ff ff 48 c7 43 08 00 00 00 00 ba 18 00 00 00 48
0x00007fff7d2f65f7:   8b cb e8 1e ce ff ff 48 c7 05 9f 35 01 00 00 00
0x00007fff7d2f6607:   00 00 48 83 c4 20 5b c3 cc 40 53 48 83 ec 20 48
0x00007fff7d2f6617:   8b 1d 6b 35 01 00 48 85 db 74 57 b8 ff ff ff ff
0x00007fff7d2f6627:   f0 0f c1 43 10 83 f8 01 75 3d 48 85 db 74 38 48
0x00007fff7d2f6637:   8b 0b 48 85 c9 74 0d ff 15 64 0c 00 00 48 c7 03
0x00007fff7d2f6647:   00 00 00 00 48 8b 4b 08 48 85 c9 74 0d e8 c3 cd
0x00007fff7d2f6657:   ff ff 48 c7 43 08 00 00 00 00 ba 18 00 00 00 48
0x00007fff7d2f6667:   8b cb e8 ae cd ff ff 48 c7 05 0f 35 01 00 00 00
0x00007fff7d2f6677:   00 00 48 83 c4 20 5b c3 cc 40 53 48 83 ec 20 48 


Stack slot to memory mapping:

stack at sp + 0 slots: 0x0 is null
stack at sp + 1 slots: 0x0000022fef7e1d40 points into unknown readable memory: 0xffefc29f273bfe1a | 1a fe 3b 27 9f c2 ef ff
stack at sp + 2 slots: 0x00007fff7d171fa0 jvm.dll
stack at sp + 3 slots: 0x00007fff7d2f3ed0 glass.dll
stack at sp + 4 slots: 0x0000022fef7e1d48 points into unknown readable memory: 0x000067781a3bfe15 | 15 fe 3b 1a 78 67 00 00
stack at sp + 5 slots: 0x00007fffa25242d6 ucrtbase.dll
stack at sp + 6 slots: 0x000067781a3bfe15 is an unknown value
stack at sp + 7 slots: 0x0000022f00000000 is an unknown value

VM_Operation (0x000000a799eff1d0): Exit, mode: safepoint, requested by thread 0x0000022ff010b000


---------------  P R O C E S S  ---------------

Threads class SMR info:
_java_thread_list=0x0000022fef8d3420, length=19, elements={
0x0000022f88d2dfe0, 0x0000022fa99ad000, 0x0000022fa99ae420, 0x0000022fa99b6a40,
0x0000022fa99b9660, 0x0000022fa99ba270, 0x0000022fa99c40b0, 0x0000022fa99edc40,
0x0000022fa9bf8f20, 0x0000022fef5ee1d0, 0x0000022fef5ee840, 0x0000022fef7af660,
0x0000022fef8f3be0, 0x0000022fef8f5e60, 0x0000022ff0007a70, 0x0000022fefff6db0,
0x0000022f802b4650, 0x0000022ff010d0d0, 0x0000022ff010b000
}

Java Threads: ( => current thread )
  0x0000022f88d2dfe0 JavaThread "main"                              [_thread_blocked, id=6040, stack(0x000000a79a100000,0x000000a79a200000) (1024K)]
  0x0000022fa99ad000 JavaThread "Reference Handler"          daemon [_thread_blocked, id=14248, stack(0x000000a79a900000,0x000000a79aa00000) (1024K)]
  0x0000022fa99ae420 JavaThread "Finalizer"                  daemon [_thread_blocked, id=7304, stack(0x000000a79aa00000,0x000000a79ab00000) (1024K)]
  0x0000022fa99b6a40 JavaThread "Attach Listener"            daemon [_thread_blocked, id=17052, stack(0x000000a79ac00000,0x000000a79ad00000) (1024K)]
  0x0000022fa99b9660 JavaThread "Service Thread"             daemon [_thread_blocked, id=16644, stack(0x000000a79ad00000,0x000000a79ae00000) (1024K)]
  0x0000022fa99ba270 JavaThread "Monitor Deflation Thread"   daemon [_thread_blocked, id=18596, stack(0x000000a79ae00000,0x000000a79af00000) (1024K)]
  0x0000022fa99c40b0 JavaThread "C2 CompilerThread0"         daemon [_thread_blocked, id=13760, stack(0x000000a79af00000,0x000000a79b000000) (1024K)]
  0x0000022fa99edc40 JavaThread "C1 CompilerThread0"         daemon [_thread_blocked, id=3156, stack(0x000000a79b000000,0x000000a79b100000) (1024K)]
  0x0000022fa9bf8f20 JavaThread "Common-Cleaner"             daemon [_thread_blocked, id=4972, stack(0x000000a79b100000,0x000000a79b200000) (1024K)]
  0x0000022fef5ee1d0 JavaThread "Monitor Ctrl-Break"         daemon [_thread_in_native, id=11952, stack(0x000000a79b400000,0x000000a79b500000) (1024K)]
  0x0000022fef5ee840 JavaThread "Notification Thread"        daemon [_thread_blocked, id=9304, stack(0x000000a79b500000,0x000000a79b600000) (1024K)]
  0x0000022fef7af660 JavaThread "QuantumRenderer-0"          daemon [_thread_blocked, id=18660, stack(0x000000a79b600000,0x000000a79b700000) (1024K)]
  0x0000022fef8f3be0 JavaThread "InvokeLaterDispatcher"      daemon [_thread_blocked, id=4056, stack(0x000000a79b700000,0x000000a79b800000) (1024K)]
  0x0000022fef8f5e60 JavaThread "JavaFX Application Thread"         [_thread_in_native, id=19980, stack(0x000000a79b800000,0x000000a79b900000) (1024K)]
  0x0000022ff0007a70 JavaThread "JavaFX-Launcher"                   [_thread_blocked, id=19004, stack(0x000000a79c600000,0x000000a79c700000) (1024K)]
  0x0000022fefff6db0 JavaThread "Thread-2"                   daemon [_thread_in_native, id=12024, stack(0x000000a79c500000,0x000000a79c600000) (1024K)]
  0x0000022f802b4650 JavaThread "Prism Font Disposer"        daemon [_thread_blocked, id=10528, stack(0x000000a79cf00000,0x000000a79d000000) (1024K)]
  0x0000022ff010d0d0 JavaThread "Cleaner-0"                  daemon [_thread_blocked, id=17600, stack(0x000000a79d400000,0x000000a79d500000) (1024K)]
  0x0000022ff010b000 JavaThread "SIGINT handler"             daemon [_thread_blocked, id=14172, stack(0x000000a799e00000,0x000000a799f00000) (1024K)]
Total: 19

Other Threads:
=>0x0000022fa9991220 VMThread "VM Thread"                           [id=19436, stack(0x000000a79a800000,0x000000a79a900000) (1024K)]
  0x0000022f8af9ef50 WorkerThread "GC Thread#0"                     [id=4780, stack(0x000000a79a200000,0x000000a79a300000) (1024K)]
  0x0000022fefffc870 WorkerThread "GC Thread#1"                     [id=13516, stack(0x000000a79c700000,0x000000a79c800000) (1024K)]
  0x0000022ff008c9e0 WorkerThread "GC Thread#2"                     [id=10316, stack(0x000000a79c800000,0x000000a79c900000) (1024K)]
  0x0000022ff008cd80 WorkerThread "GC Thread#3"                     [id=15548, stack(0x000000a79c900000,0x000000a79ca00000) (1024K)]
  0x0000022ff008d120 WorkerThread "GC Thread#4"                     [id=676, stack(0x000000a79ca00000,0x000000a79cb00000) (1024K)]
  0x0000022ff008f4d0 WorkerThread "GC Thread#5"                     [id=14036, stack(0x000000a79cb00000,0x000000a79cc00000) (1024K)]
  0x0000022ff00b1260 WorkerThread "GC Thread#6"                     [id=704, stack(0x000000a79d000000,0x000000a79d100000) (1024K)]
  0x0000022f805c2420 WorkerThread "GC Thread#7"                     [id=276, stack(0x000000a79d100000,0x000000a79d200000) (1024K)]
  0x0000022f805c27c0 WorkerThread "GC Thread#8"                     [id=17784, stack(0x000000a79d200000,0x000000a79d300000) (1024K)]
  0x0000022f805c2b60 WorkerThread "GC Thread#9"                     [id=14524, stack(0x000000a79d300000,0x000000a79d400000) (1024K)]
  0x0000022f8afae250 ConcurrentGCThread "G1 Main Marker"            terminated
  0x0000022f8afaef00 WorkerThread "G1 Conc#0"                       [id=2056, stack(0x000000a79a400000,0x000000a79a500000) (1024K)]
  0x0000022f8b01e5a0 ConcurrentGCThread "G1 Refine#0"               terminated
  0x0000022fa9848100 ConcurrentGCThread "G1 Service"                terminated
Total: 15

Threads with active compile tasks:
Total: 0

VM state: at safepoint (shutting down)

VM Mutex/Monitor currently owned by a thread:  ([mutex/lock_event])
[0x00007fff7d14a5f8] Threads_lock - owner thread: 0x0000022fa9991220
[0x00007fff7d14a6f8] Heap_lock - owner thread: 0x0000022ff010b000

Heap address: 0x0000000724e00000, size: 3506 MB, Compressed Oops mode: Zero based, Oop shift amount: 3

CDS archive(s) mapped at: [0x0000022faa000000-0x0000022faac90000-0x0000022faac90000), size 13172736, SharedBaseAddress: 0x0000022faa000000, ArchiveRelocationMode: 1.
Compressed class space mapped at: 0x0000022fab000000-0x0000022feb000000, reserved size: 1073741824
Narrow klass base: 0x0000022faa000000, Narrow klass shift: 0, Narrow klass range: 0x100000000

GC Precious Log:
 CardTable entry size: 512
 Card Set container configuration: InlinePtr #cards 4 size 8 Array Of Cards #cards 16 size 48 Howl #buckets 8 coarsen threshold 3686 Howl Bitmap #cards 512 size 80 coarsen threshold 460 Card regions per heap region 1 cards per card region 4096
 CPUs: 12 total, 12 available
 Memory: 14020M
 Large Page Support: Disabled
 NUMA Support: Disabled
 Compressed Oops: Enabled (Zero based)
 Heap Region Size: 2M
 Heap Min Capacity: 8M
 Heap Initial Capacity: 220M
 Heap Max Capacity: 3506M
 Pre-touch: Disabled
 Parallel Workers: 10
 Concurrent Workers: 3
 Concurrent Refinement Workers: 10
 Periodic GC: Disabled

Heap:
 garbage-first heap   total 225280K, used 30392K [0x0000000724e00000, 0x0000000800000000)
  region size 2048K, 15 young (30720K), 3 survivors (6144K)
 Metaspace       used 16758K, committed 17088K, reserved 1114112K
  class space    used 2476K, committed 2624K, reserved 1048576K

Heap Regions: E=young(eden), S=young(survivor), O=old, HS=humongous(starts), HC=humongous(continues), CS=collection set, F=free, TAMS=top-at-mark-start, PB=parsable bottom
|   0|0x0000000724e00000, 0x0000000725000000, 0x0000000725000000|100%|HS|  |TAMS 0x0000000724e00000| PB 0x0000000724e00000| Complete 
|   1|0x0000000725000000, 0x0000000725000000, 0x0000000725200000|  0%| F|  |TAMS 0x0000000725000000| PB 0x0000000725000000| Untracked 
|   2|0x0000000725200000, 0x0000000725200000, 0x0000000725400000|  0%| F|  |TAMS 0x0000000725200000| PB 0x0000000725200000| Untracked 
|   3|0x0000000725400000, 0x0000000725400000, 0x0000000725600000|  0%| F|  |TAMS 0x0000000725400000| PB 0x0000000725400000| Untracked 
|   4|0x0000000725600000, 0x0000000725600000, 0x0000000725800000|  0%| F|  |TAMS 0x0000000725600000| PB 0x0000000725600000| Untracked 
|   5|0x0000000725800000, 0x0000000725800000, 0x0000000725a00000|  0%| F|  |TAMS 0x0000000725800000| PB 0x0000000725800000| Untracked 
|   6|0x0000000725a00000, 0x0000000725a00000, 0x0000000725c00000|  0%| F|  |TAMS 0x0000000725a00000| PB 0x0000000725a00000| Untracked 
|   7|0x0000000725c00000, 0x0000000725c00000, 0x0000000725e00000|  0%| F|  |TAMS 0x0000000725c00000| PB 0x0000000725c00000| Untracked 
|   8|0x0000000725e00000, 0x0000000725e00000, 0x0000000726000000|  0%| F|  |TAMS 0x0000000725e00000| PB 0x0000000725e00000| Untracked 
|   9|0x0000000726000000, 0x0000000726000000, 0x0000000726200000|  0%| F|  |TAMS 0x0000000726000000| PB 0x0000000726000000| Untracked 
|  10|0x0000000726200000, 0x0000000726200000, 0x0000000726400000|  0%| F|  |TAMS 0x0000000726200000| PB 0x0000000726200000| Untracked 
|  11|0x0000000726400000, 0x0000000726400000, 0x0000000726600000|  0%| F|  |TAMS 0x0000000726400000| PB 0x0000000726400000| Untracked 
|  12|0x0000000726600000, 0x0000000726600000, 0x0000000726800000|  0%| F|  |TAMS 0x0000000726600000| PB 0x0000000726600000| Untracked 
|  13|0x0000000726800000, 0x0000000726800000, 0x0000000726a00000|  0%| F|  |TAMS 0x0000000726800000| PB 0x0000000726800000| Untracked 
|  14|0x0000000726a00000, 0x0000000726a00000, 0x0000000726c00000|  0%| F|  |TAMS 0x0000000726a00000| PB 0x0000000726a00000| Untracked 
|  15|0x0000000726c00000, 0x0000000726c00000, 0x0000000726e00000|  0%| F|  |TAMS 0x0000000726c00000| PB 0x0000000726c00000| Untracked 
|  16|0x0000000726e00000, 0x0000000726e00000, 0x0000000727000000|  0%| F|  |TAMS 0x0000000726e00000| PB 0x0000000726e00000| Untracked 
|  17|0x0000000727000000, 0x0000000727000000, 0x0000000727200000|  0%| F|  |TAMS 0x0000000727000000| PB 0x0000000727000000| Untracked 
|  18|0x0000000727200000, 0x0000000727200000, 0x0000000727400000|  0%| F|  |TAMS 0x0000000727200000| PB 0x0000000727200000| Untracked 
|  19|0x0000000727400000, 0x0000000727400000, 0x0000000727600000|  0%| F|  |TAMS 0x0000000727400000| PB 0x0000000727400000| Untracked 
|  20|0x0000000727600000, 0x0000000727600000, 0x0000000727800000|  0%| F|  |TAMS 0x0000000727600000| PB 0x0000000727600000| Untracked 
|  21|0x0000000727800000, 0x0000000727800000, 0x0000000727a00000|  0%| F|  |TAMS 0x0000000727800000| PB 0x0000000727800000| Untracked 
|  22|0x0000000727a00000, 0x0000000727a00000, 0x0000000727c00000|  0%| F|  |TAMS 0x0000000727a00000| PB 0x0000000727a00000| Untracked 
|  23|0x0000000727c00000, 0x0000000727c00000, 0x0000000727e00000|  0%| F|  |TAMS 0x0000000727c00000| PB 0x0000000727c00000| Untracked 
|  24|0x0000000727e00000, 0x0000000727e00000, 0x0000000728000000|  0%| F|  |TAMS 0x0000000727e00000| PB 0x0000000727e00000| Untracked 
|  25|0x0000000728000000, 0x0000000728000000, 0x0000000728200000|  0%| F|  |TAMS 0x0000000728000000| PB 0x0000000728000000| Untracked 
|  26|0x0000000728200000, 0x0000000728200000, 0x0000000728400000|  0%| F|  |TAMS 0x0000000728200000| PB 0x0000000728200000| Untracked 
|  27|0x0000000728400000, 0x0000000728400000, 0x0000000728600000|  0%| F|  |TAMS 0x0000000728400000| PB 0x0000000728400000| Untracked 
|  28|0x0000000728600000, 0x0000000728600000, 0x0000000728800000|  0%| F|  |TAMS 0x0000000728600000| PB 0x0000000728600000| Untracked 
|  29|0x0000000728800000, 0x0000000728800000, 0x0000000728a00000|  0%| F|  |TAMS 0x0000000728800000| PB 0x0000000728800000| Untracked 
|  30|0x0000000728a00000, 0x0000000728a00000, 0x0000000728c00000|  0%| F|  |TAMS 0x0000000728a00000| PB 0x0000000728a00000| Untracked 
|  31|0x0000000728c00000, 0x0000000728c00000, 0x0000000728e00000|  0%| F|  |TAMS 0x0000000728c00000| PB 0x0000000728c00000| Untracked 
|  32|0x0000000728e00000, 0x0000000728e00000, 0x0000000729000000|  0%| F|  |TAMS 0x0000000728e00000| PB 0x0000000728e00000| Untracked 
|  33|0x0000000729000000, 0x0000000729000000, 0x0000000729200000|  0%| F|  |TAMS 0x0000000729000000| PB 0x0000000729000000| Untracked 
|  34|0x0000000729200000, 0x0000000729200000, 0x0000000729400000|  0%| F|  |TAMS 0x0000000729200000| PB 0x0000000729200000| Untracked 
|  35|0x0000000729400000, 0x0000000729400000, 0x0000000729600000|  0%| F|  |TAMS 0x0000000729400000| PB 0x0000000729400000| Untracked 
|  36|0x0000000729600000, 0x0000000729600000, 0x0000000729800000|  0%| F|  |TAMS 0x0000000729600000| PB 0x0000000729600000| Untracked 
|  37|0x0000000729800000, 0x0000000729800000, 0x0000000729a00000|  0%| F|  |TAMS 0x0000000729800000| PB 0x0000000729800000| Untracked 
|  38|0x0000000729a00000, 0x0000000729a00000, 0x0000000729c00000|  0%| F|  |TAMS 0x0000000729a00000| PB 0x0000000729a00000| Untracked 
|  39|0x0000000729c00000, 0x0000000729c00000, 0x0000000729e00000|  0%| F|  |TAMS 0x0000000729c00000| PB 0x0000000729c00000| Untracked 
|  40|0x0000000729e00000, 0x0000000729e00000, 0x000000072a000000|  0%| F|  |TAMS 0x0000000729e00000| PB 0x0000000729e00000| Untracked 
|  41|0x000000072a000000, 0x000000072a000000, 0x000000072a200000|  0%| F|  |TAMS 0x000000072a000000| PB 0x000000072a000000| Untracked 
|  42|0x000000072a200000, 0x000000072a200000, 0x000000072a400000|  0%| F|  |TAMS 0x000000072a200000| PB 0x000000072a200000| Untracked 
|  43|0x000000072a400000, 0x000000072a400000, 0x000000072a600000|  0%| F|  |TAMS 0x000000072a400000| PB 0x000000072a400000| Untracked 
|  44|0x000000072a600000, 0x000000072a600000, 0x000000072a800000|  0%| F|  |TAMS 0x000000072a600000| PB 0x000000072a600000| Untracked 
|  45|0x000000072a800000, 0x000000072a800000, 0x000000072aa00000|  0%| F|  |TAMS 0x000000072a800000| PB 0x000000072a800000| Untracked 
|  46|0x000000072aa00000, 0x000000072aa00000, 0x000000072ac00000|  0%| F|  |TAMS 0x000000072aa00000| PB 0x000000072aa00000| Untracked 
|  47|0x000000072ac00000, 0x000000072ac00000, 0x000000072ae00000|  0%| F|  |TAMS 0x000000072ac00000| PB 0x000000072ac00000| Untracked 
|  48|0x000000072ae00000, 0x000000072ae00000, 0x000000072b000000|  0%| F|  |TAMS 0x000000072ae00000| PB 0x000000072ae00000| Untracked 
|  49|0x000000072b000000, 0x000000072b000000, 0x000000072b200000|  0%| F|  |TAMS 0x000000072b000000| PB 0x000000072b000000| Untracked 
|  50|0x000000072b200000, 0x000000072b200000, 0x000000072b400000|  0%| F|  |TAMS 0x000000072b200000| PB 0x000000072b200000| Untracked 
|  51|0x000000072b400000, 0x000000072b400000, 0x000000072b600000|  0%| F|  |TAMS 0x000000072b400000| PB 0x000000072b400000| Untracked 
|  52|0x000000072b600000, 0x000000072b600000, 0x000000072b800000|  0%| F|  |TAMS 0x000000072b600000| PB 0x000000072b600000| Untracked 
|  53|0x000000072b800000, 0x000000072b800000, 0x000000072ba00000|  0%| F|  |TAMS 0x000000072b800000| PB 0x000000072b800000| Untracked 
|  54|0x000000072ba00000, 0x000000072ba00000, 0x000000072bc00000|  0%| F|  |TAMS 0x000000072ba00000| PB 0x000000072ba00000| Untracked 
|  55|0x000000072bc00000, 0x000000072bc00000, 0x000000072be00000|  0%| F|  |TAMS 0x000000072bc00000| PB 0x000000072bc00000| Untracked 
|  56|0x000000072be00000, 0x000000072be00000, 0x000000072c000000|  0%| F|  |TAMS 0x000000072be00000| PB 0x000000072be00000| Untracked 
|  57|0x000000072c000000, 0x000000072c000000, 0x000000072c200000|  0%| F|  |TAMS 0x000000072c000000| PB 0x000000072c000000| Untracked 
|  58|0x000000072c200000, 0x000000072c200000, 0x000000072c400000|  0%| F|  |TAMS 0x000000072c200000| PB 0x000000072c200000| Untracked 
|  59|0x000000072c400000, 0x000000072c400000, 0x000000072c600000|  0%| F|  |TAMS 0x000000072c400000| PB 0x000000072c400000| Untracked 
|  60|0x000000072c600000, 0x000000072c600000, 0x000000072c800000|  0%| F|  |TAMS 0x000000072c600000| PB 0x000000072c600000| Untracked 
|  61|0x000000072c800000, 0x000000072c800000, 0x000000072ca00000|  0%| F|  |TAMS 0x000000072c800000| PB 0x000000072c800000| Untracked 
|  62|0x000000072ca00000, 0x000000072ca00000, 0x000000072cc00000|  0%| F|  |TAMS 0x000000072ca00000| PB 0x000000072ca00000| Untracked 
|  63|0x000000072cc00000, 0x000000072cc00000, 0x000000072ce00000|  0%| F|  |TAMS 0x000000072cc00000| PB 0x000000072cc00000| Untracked 
|  64|0x000000072ce00000, 0x000000072ce00000, 0x000000072d000000|  0%| F|  |TAMS 0x000000072ce00000| PB 0x000000072ce00000| Untracked 
|  65|0x000000072d000000, 0x000000072d000000, 0x000000072d200000|  0%| F|  |TAMS 0x000000072d000000| PB 0x000000072d000000| Untracked 
|  66|0x000000072d200000, 0x000000072d200000, 0x000000072d400000|  0%| F|  |TAMS 0x000000072d200000| PB 0x000000072d200000| Untracked 
|  67|0x000000072d400000, 0x000000072d400000, 0x000000072d600000|  0%| F|  |TAMS 0x000000072d400000| PB 0x000000072d400000| Untracked 
|  68|0x000000072d600000, 0x000000072d600000, 0x000000072d800000|  0%| F|  |TAMS 0x000000072d600000| PB 0x000000072d600000| Untracked 
|  69|0x000000072d800000, 0x000000072d800000, 0x000000072da00000|  0%| F|  |TAMS 0x000000072d800000| PB 0x000000072d800000| Untracked 
|  70|0x000000072da00000, 0x000000072da00000, 0x000000072dc00000|  0%| F|  |TAMS 0x000000072da00000| PB 0x000000072da00000| Untracked 
|  71|0x000000072dc00000, 0x000000072dc00000, 0x000000072de00000|  0%| F|  |TAMS 0x000000072dc00000| PB 0x000000072dc00000| Untracked 
|  72|0x000000072de00000, 0x000000072de00000, 0x000000072e000000|  0%| F|  |TAMS 0x000000072de00000| PB 0x000000072de00000| Untracked 
|  73|0x000000072e000000, 0x000000072e000000, 0x000000072e200000|  0%| F|  |TAMS 0x000000072e000000| PB 0x000000072e000000| Untracked 
|  74|0x000000072e200000, 0x000000072e200000, 0x000000072e400000|  0%| F|  |TAMS 0x000000072e200000| PB 0x000000072e200000| Untracked 
|  75|0x000000072e400000, 0x000000072e400000, 0x000000072e600000|  0%| F|  |TAMS 0x000000072e400000| PB 0x000000072e400000| Untracked 
|  76|0x000000072e600000, 0x000000072e600000, 0x000000072e800000|  0%| F|  |TAMS 0x000000072e600000| PB 0x000000072e600000| Untracked 
|  77|0x000000072e800000, 0x000000072e800000, 0x000000072ea00000|  0%| F|  |TAMS 0x000000072e800000| PB 0x000000072e800000| Untracked 
|  78|0x000000072ea00000, 0x000000072ea00000, 0x000000072ec00000|  0%| F|  |TAMS 0x000000072ea00000| PB 0x000000072ea00000| Untracked 
|  79|0x000000072ec00000, 0x000000072ec00000, 0x000000072ee00000|  0%| F|  |TAMS 0x000000072ec00000| PB 0x000000072ec00000| Untracked 
|  80|0x000000072ee00000, 0x000000072ee00000, 0x000000072f000000|  0%| F|  |TAMS 0x000000072ee00000| PB 0x000000072ee00000| Untracked 
|  81|0x000000072f000000, 0x000000072f000000, 0x000000072f200000|  0%| F|  |TAMS 0x000000072f000000| PB 0x000000072f000000| Untracked 
|  82|0x000000072f200000, 0x000000072f200000, 0x000000072f400000|  0%| F|  |TAMS 0x000000072f200000| PB 0x000000072f200000| Untracked 
|  83|0x000000072f400000, 0x000000072f400000, 0x000000072f600000|  0%| F|  |TAMS 0x000000072f400000| PB 0x000000072f400000| Untracked 
|  84|0x000000072f600000, 0x000000072f600000, 0x000000072f800000|  0%| F|  |TAMS 0x000000072f600000| PB 0x000000072f600000| Untracked 
|  85|0x000000072f800000, 0x000000072f800000, 0x000000072fa00000|  0%| F|  |TAMS 0x000000072f800000| PB 0x000000072f800000| Untracked 
|  86|0x000000072fa00000, 0x000000072fbae080, 0x000000072fc00000| 83%| S|CS|TAMS 0x000000072fa00000| PB 0x000000072fa00000| Complete 
|  87|0x000000072fc00000, 0x000000072fe00000, 0x000000072fe00000|100%| S|CS|TAMS 0x000000072fc00000| PB 0x000000072fc00000| Complete 
|  88|0x000000072fe00000, 0x0000000730000000, 0x0000000730000000|100%| S|CS|TAMS 0x000000072fe00000| PB 0x000000072fe00000| Complete 
|  89|0x0000000730000000, 0x0000000730000000, 0x0000000730200000|  0%| F|  |TAMS 0x0000000730000000| PB 0x0000000730000000| Untracked 
|  90|0x0000000730200000, 0x0000000730200000, 0x0000000730400000|  0%| F|  |TAMS 0x0000000730200000| PB 0x0000000730200000| Untracked 
|  91|0x0000000730400000, 0x0000000730400000, 0x0000000730600000|  0%| F|  |TAMS 0x0000000730400000| PB 0x0000000730400000| Untracked 
|  92|0x0000000730600000, 0x0000000730600000, 0x0000000730800000|  0%| F|  |TAMS 0x0000000730600000| PB 0x0000000730600000| Untracked 
|  93|0x0000000730800000, 0x0000000730800000, 0x0000000730a00000|  0%| F|  |TAMS 0x0000000730800000| PB 0x0000000730800000| Untracked 
|  94|0x0000000730a00000, 0x0000000730a00000, 0x0000000730c00000|  0%| F|  |TAMS 0x0000000730a00000| PB 0x0000000730a00000| Untracked 
|  95|0x0000000730c00000, 0x0000000730c00000, 0x0000000730e00000|  0%| F|  |TAMS 0x0000000730c00000| PB 0x0000000730c00000| Untracked 
|  96|0x0000000730e00000, 0x0000000730e00000, 0x0000000731000000|  0%| F|  |TAMS 0x0000000730e00000| PB 0x0000000730e00000| Untracked 
|  97|0x0000000731000000, 0x0000000731000000, 0x0000000731200000|  0%| F|  |TAMS 0x0000000731000000| PB 0x0000000731000000| Untracked 
|  98|0x0000000731200000, 0x0000000731200800, 0x0000000731400000|  0%| E|  |TAMS 0x0000000731200000| PB 0x0000000731200000| Complete 
|  99|0x0000000731400000, 0x0000000731600000, 0x0000000731600000|100%| E|CS|TAMS 0x0000000731400000| PB 0x0000000731400000| Complete 
| 100|0x0000000731600000, 0x0000000731800000, 0x0000000731800000|100%| E|CS|TAMS 0x0000000731600000| PB 0x0000000731600000| Complete 
| 101|0x0000000731800000, 0x0000000731a00000, 0x0000000731a00000|100%| E|CS|TAMS 0x0000000731800000| PB 0x0000000731800000| Complete 
| 102|0x0000000731a00000, 0x0000000731c00000, 0x0000000731c00000|100%| E|CS|TAMS 0x0000000731a00000| PB 0x0000000731a00000| Complete 
| 103|0x0000000731c00000, 0x0000000731e00000, 0x0000000731e00000|100%| E|CS|TAMS 0x0000000731c00000| PB 0x0000000731c00000| Complete 
| 104|0x0000000731e00000, 0x0000000732000000, 0x0000000732000000|100%| E|CS|TAMS 0x0000000731e00000| PB 0x0000000731e00000| Complete 
| 105|0x0000000732000000, 0x0000000732200000, 0x0000000732200000|100%| E|CS|TAMS 0x0000000732000000| PB 0x0000000732000000| Complete 
| 106|0x0000000732200000, 0x0000000732400000, 0x0000000732400000|100%| E|CS|TAMS 0x0000000732200000| PB 0x0000000732200000| Complete 
| 107|0x0000000732400000, 0x0000000732600000, 0x0000000732600000|100%| E|CS|TAMS 0x0000000732400000| PB 0x0000000732400000| Complete 
| 108|0x0000000732600000, 0x0000000732800000, 0x0000000732800000|100%| E|CS|TAMS 0x0000000732600000| PB 0x0000000732600000| Complete 
| 109|0x0000000732800000, 0x0000000732a00000, 0x0000000732a00000|100%| E|CS|TAMS 0x0000000732800000| PB 0x0000000732800000| Complete 

Card table byte_map: [0x0000022fa2fd0000,0x0000022fa36b0000] _byte_map_base: 0x0000022f9f6a9000

Marking Bits: (CMBitMap*) 0x0000022f8af9f650
 Bits: [0x0000022fa36b0000, 0x0000022fa6d78000)

Polling page: 0x0000022f88ef0000

Metaspace:

Usage:
  Non-class:     13.95 MB used.
      Class:      2.42 MB used.
       Both:     16.37 MB used.

Virtual space:
  Non-class space:       64.00 MB reserved,      14.12 MB ( 22%) committed,  1 nodes.
      Class space:        1.00 GB reserved,       2.56 MB ( <1%) committed,  1 nodes.
             Both:        1.06 GB reserved,      16.69 MB (  2%) committed. 

Chunk freelists:
   Non-Class:  1.41 MB
       Class:  13.38 MB
        Both:  14.78 MB

MaxMetaspaceSize: unlimited
CompressedClassSpaceSize: 1.00 GB
Initial GC threshold: 21.00 MB
Current GC threshold: 21.00 MB
CDS: on
 - commit_granule_bytes: 65536.
 - commit_granule_words: 8192.
 - virtual_space_node_default_size: 8388608.
 - enlarge_chunks_in_place: 1.
 - use_allocation_guard: 0.


Internal statistics:

num_allocs_failed_limit: 0.
num_arena_births: 402.
num_arena_deaths: 0.
num_vsnodes_births: 2.
num_vsnodes_deaths: 0.
num_space_committed: 267.
num_space_uncommitted: 0.
num_chunks_returned_to_freelist: 0.
num_chunks_taken_from_freelist: 928.
num_chunk_merges: 0.
num_chunk_splits: 642.
num_chunks_enlarged: 484.
num_inconsistent_stats: 0.

CodeHeap 'non-profiled nmethods': size=120000Kb used=1192Kb max_used=1192Kb free=118808Kb
 bounds [0x0000022f9ae70000, 0x0000022f9b0e0000, 0x0000022fa23a0000]
CodeHeap 'profiled nmethods': size=120000Kb used=5396Kb max_used=5396Kb free=114603Kb
 bounds [0x0000022f933a0000, 0x0000022f938f0000, 0x0000022f9a8d0000]
CodeHeap 'non-nmethods': size=5760Kb used=1801Kb max_used=1832Kb free=3958Kb
 bounds [0x0000022f9a8d0000, 0x0000022f9ab40000, 0x0000022f9ae70000]
 total_blobs=3711 nmethods=2896 adapters=719
 compilation: enabled
              stopped_count=0, restarted_count=0
 full_count=0

Compilation events (20 events):
Event: 4.422 Thread 0x0000022fa99edc40 2888       3       com.sun.javafx.collections.VetoableListDecorator$VetoableIteratorDecorator::<init> (36 bytes)
Event: 4.422 Thread 0x0000022fa99edc40 nmethod 2888 0x0000022f938e0610 code [0x0000022f938e07c0, 0x0000022f938e0b10]
Event: 4.443 Thread 0x0000022fa99c40b0 2889       4       com.sun.javafx.geom.RectBounds::isEmpty (30 bytes)
Event: 4.443 Thread 0x0000022fa99c40b0 nmethod 2889 0x0000022f9af99210 code [0x0000022f9af993a0, 0x0000022f9af99480]
Event: 4.457 Thread 0x0000022fa99edc40 2890       3       javafx.scene.Node::buildEventDispatchChain (100 bytes)
Event: 4.458 Thread 0x0000022fa99edc40 nmethod 2890 0x0000022f938e0c90 code [0x0000022f938e0fc0, 0x0000022f938e2888]
Event: 4.458 Thread 0x0000022fa99edc40 2891       3       javafx.scene.Node$$Lambda/0x0000022fab25b7b0::dispatchEvent (10 bytes)
Event: 4.458 Thread 0x0000022fa99edc40 nmethod 2891 0x0000022f938e2f10 code [0x0000022f938e3100, 0x0000022f938e3588]
Event: 4.458 Thread 0x0000022fa99edc40 2892       3       javafx.scene.Node::lambda$buildEventDispatchChain$1 (25 bytes)
Event: 4.458 Thread 0x0000022fa99edc40 nmethod 2892 0x0000022f938e3710 code [0x0000022f938e38e0, 0x0000022f938e3cf0]
Event: 4.492 Thread 0x0000022fa99edc40 2893       3       com.sun.javafx.tk.quantum.QuantumToolkit$$Lambda/0x0000022fab03db30::run (8 bytes)
Event: 4.492 Thread 0x0000022fa99edc40 nmethod 2893 0x0000022f938e3e10 code [0x0000022f938e4000, 0x0000022f938e43a8]
Event: 4.492 Thread 0x0000022fa99edc40 2894   !   3       com.sun.javafx.tk.quantum.QuantumToolkit::lambda$runToolkit$12 (16 bytes)
Event: 4.492 Thread 0x0000022fa99edc40 nmethod 2894 0x0000022f938e4590 code [0x0000022f938e4780, 0x0000022f938e4ac8]
Event: 4.527 Thread 0x0000022fa99edc40 2895       3       com.sun.glass.ui.View::getWindow (8 bytes)
Event: 4.527 Thread 0x0000022fa99edc40 nmethod 2895 0x0000022f938e4c10 code [0x0000022f938e4de0, 0x0000022f938e5150]
Event: 86.188 Thread 0x0000022fa99c40b0 2896       4       com.sun.javafx.tk.quantum.QuantumToolkit::postPulse (133 bytes)
Event: 86.191 Thread 0x0000022fa99c40b0 nmethod 2896 0x0000022f9af99510 code [0x0000022f9af996c0, 0x0000022f9af99898]
Event: 86.413 Thread 0x0000022fa99c40b0 2897       4       com.sun.javafx.tk.quantum.QuantumToolkit$$Lambda/0x0000022fab03db30::run (8 bytes)
Event: 86.415 Thread 0x0000022fa99c40b0 nmethod 2897 0x0000022f9af99a90 code [0x0000022f9af99c40, 0x0000022f9af99e30]

GC Heap History (4 events):
Event: 0.415 GC heap before
{Heap before GC invocations=0 (full 0):
 garbage-first heap   total 225280K, used 22528K [0x0000000724e00000, 0x0000000800000000)
  region size 2048K, 11 young (22528K), 0 survivors (0K)
 Metaspace       used 4753K, committed 4992K, reserved 1114112K
  class space    used 508K, committed 640K, reserved 1048576K
}
Event: 0.417 GC heap after
{Heap after GC invocations=1 (full 0):
 garbage-first heap   total 225280K, used 2687K [0x0000000724e00000, 0x0000000800000000)
  region size 2048K, 2 young (4096K), 2 survivors (4096K)
 Metaspace       used 4753K, committed 4992K, reserved 1114112K
  class space    used 508K, committed 640K, reserved 1048576K
}
Event: 0.782 GC heap before
{Heap before GC invocations=1 (full 0):
 garbage-first heap   total 225280K, used 41599K [0x0000000724e00000, 0x0000000800000000)
  region size 2048K, 21 young (43008K), 2 survivors (4096K)
 Metaspace       used 13324K, committed 13632K, reserved 1114112K
  class space    used 2055K, committed 2176K, reserved 1048576K
}
Event: 0.785 GC heap after
{Heap after GC invocations=2 (full 0):
 garbage-first heap   total 225280K, used 5816K [0x0000000724e00000, 0x0000000800000000)
  region size 2048K, 3 young (6144K), 3 survivors (6144K)
 Metaspace       used 13324K, committed 13632K, reserved 1114112K
  class space    used 2055K, committed 2176K, reserved 1048576K
}

Dll operation events (20 events):
Event: 0.238 Loaded shared library C:\Users\Nursultan\.openjfx\cache\21-ea+null\amd64\api-ms-win-crt-locale-l1-1-0.dll
Event: 0.240 Loaded shared library C:\Users\Nursultan\.openjfx\cache\21-ea+null\amd64\api-ms-win-crt-math-l1-1-0.dll
Event: 0.242 Loaded shared library C:\Users\Nursultan\.openjfx\cache\21-ea+null\amd64\api-ms-win-crt-multibyte-l1-1-0.dll
Event: 0.244 Loaded shared library C:\Users\Nursultan\.openjfx\cache\21-ea+null\amd64\api-ms-win-crt-private-l1-1-0.dll
Event: 0.245 Loaded shared library C:\Users\Nursultan\.openjfx\cache\21-ea+null\amd64\api-ms-win-crt-process-l1-1-0.dll
Event: 0.247 Loaded shared library C:\Users\Nursultan\.openjfx\cache\21-ea+null\amd64\api-ms-win-crt-runtime-l1-1-0.dll
Event: 0.248 Loaded shared library C:\Users\Nursultan\.openjfx\cache\21-ea+null\amd64\api-ms-win-crt-stdio-l1-1-0.dll
Event: 0.250 Loaded shared library C:\Users\Nursultan\.openjfx\cache\21-ea+null\amd64\api-ms-win-crt-string-l1-1-0.dll
Event: 0.251 Loaded shared library C:\Users\Nursultan\.openjfx\cache\21-ea+null\amd64\api-ms-win-crt-time-l1-1-0.dll
Event: 0.253 Loaded shared library C:\Users\Nursultan\.openjfx\cache\21-ea+null\amd64\api-ms-win-crt-utility-l1-1-0.dll
Event: 0.262 Loaded shared library C:\Users\Nursultan\.openjfx\cache\21-ea+null\amd64\ucrtbase.dll
Event: 0.265 Loaded shared library C:\Users\Nursultan\.openjfx\cache\21-ea+null\amd64\vcruntime140.dll
Event: 0.268 Loaded shared library C:\Users\Nursultan\.openjfx\cache\21-ea+null\amd64\vcruntime140_1.dll
Event: 0.274 Loaded shared library C:\Users\Nursultan\.openjfx\cache\21-ea+null\amd64\msvcp140.dll
Event: 0.277 Loaded shared library C:\Users\Nursultan\.openjfx\cache\21-ea+null\amd64\msvcp140_1.dll
Event: 0.279 Loaded shared library C:\Users\Nursultan\.openjfx\cache\21-ea+null\amd64\msvcp140_2.dll
Event: 0.302 Loaded shared library C:\Users\Nursultan\.openjfx\cache\21-ea+null\amd64\prism_d3d.dll
Event: 0.329 Loaded shared library C:\Users\Nursultan\.openjfx\cache\21-ea+null\amd64\glass.dll
Event: 0.430 Loaded shared library C:\Users\Nursultan\.jdks\openjdk-21.0.1\bin\jimage.dll
Event: 0.533 Loaded shared library C:\Users\Nursultan\.openjfx\cache\21-ea+null\amd64\javafx_font.dll

Deoptimization events (20 events):
Event: 3.430 Thread 0x0000022fef8f5e60 Uncommon trap: trap_request=0xffffff45 fr.pc=0x0000022f9af39ab4 relative=0x00000000000006f4
Event: 3.430 Thread 0x0000022fef8f5e60 Uncommon trap: reason=unstable_if action=reinterpret pc=0x0000022f9af39ab4 method=java.util.regex.Matcher.search(I)Z @ 30 c2
Event: 3.430 Thread 0x0000022fef8f5e60 DEOPT PACKING pc=0x0000022f9af39ab4 sp=0x000000a79b8fa450
Event: 3.430 Thread 0x0000022fef8f5e60 DEOPT UNPACKING pc=0x0000022f9a9246a2 sp=0x000000a79b8fa430 mode 2
Event: 3.431 Thread 0x0000022fef8f5e60 Uncommon trap: trap_request=0xffffffde fr.pc=0x0000022f9ae7aae8 relative=0x00000000000000c8
Event: 3.431 Thread 0x0000022fef8f5e60 Uncommon trap: reason=class_check action=maybe_recompile pc=0x0000022f9ae7aae8 method=java.lang.Character.codePointAt(Ljava/lang/CharSequence;I)I @ 2 c2
Event: 3.431 Thread 0x0000022fef8f5e60 DEOPT PACKING pc=0x0000022f9ae7aae8 sp=0x000000a79b8fab50
Event: 3.431 Thread 0x0000022fef8f5e60 DEOPT UNPACKING pc=0x0000022f9a9246a2 sp=0x000000a79b8faae8 mode 2
Event: 3.431 Thread 0x0000022fef8f5e60 Uncommon trap: trap_request=0xffffffde fr.pc=0x0000022f9ae7aae8 relative=0x00000000000000c8
Event: 3.431 Thread 0x0000022fef8f5e60 Uncommon trap: reason=class_check action=maybe_recompile pc=0x0000022f9ae7aae8 method=java.lang.Character.codePointAt(Ljava/lang/CharSequence;I)I @ 2 c2
Event: 3.431 Thread 0x0000022fef8f5e60 DEOPT PACKING pc=0x0000022f9ae7aae8 sp=0x000000a79b8fab50
Event: 3.431 Thread 0x0000022fef8f5e60 DEOPT UNPACKING pc=0x0000022f9a9246a2 sp=0x000000a79b8faae8 mode 2
Event: 3.431 Thread 0x0000022fef8f5e60 Uncommon trap: trap_request=0xffffffde fr.pc=0x0000022f9ae7aae8 relative=0x00000000000000c8
Event: 3.431 Thread 0x0000022fef8f5e60 Uncommon trap: reason=class_check action=maybe_recompile pc=0x0000022f9ae7aae8 method=java.lang.Character.codePointAt(Ljava/lang/CharSequence;I)I @ 2 c2
Event: 3.431 Thread 0x0000022fef8f5e60 DEOPT PACKING pc=0x0000022f9ae7aae8 sp=0x000000a79b8fab50
Event: 3.431 Thread 0x0000022fef8f5e60 DEOPT UNPACKING pc=0x0000022f9a9246a2 sp=0x000000a79b8faae8 mode 2
Event: 3.431 Thread 0x0000022fef8f5e60 Uncommon trap: trap_request=0xffffffde fr.pc=0x0000022f9ae7aae8 relative=0x00000000000000c8
Event: 3.431 Thread 0x0000022fef8f5e60 Uncommon trap: reason=class_check action=maybe_recompile pc=0x0000022f9ae7aae8 method=java.lang.Character.codePointAt(Ljava/lang/CharSequence;I)I @ 2 c2
Event: 3.431 Thread 0x0000022fef8f5e60 DEOPT PACKING pc=0x0000022f9ae7aae8 sp=0x000000a79b8fab50
Event: 3.431 Thread 0x0000022fef8f5e60 DEOPT UNPACKING pc=0x0000022f9a9246a2 sp=0x000000a79b8faae8 mode 2

Classes loaded (20 events):
Event: 2.532 Loading class java/lang/Short$ShortCache
Event: 2.532 Loading class java/lang/Short$ShortCache done
Event: 3.426 Loading class java/util/BitSet
Event: 3.427 Loading class java/util/BitSet done
Event: 3.429 Loading class java/text/BreakIterator
Event: 3.429 Loading class java/text/BreakIterator done
Event: 3.429 Loading class sun/util/locale/provider/BreakIteratorProviderImpl
Event: 3.430 Loading class sun/util/locale/provider/BreakIteratorProviderImpl done
Event: 3.430 Loading class sun/util/locale/provider/BreakIteratorProviderImpl$GraphemeBreakIterator
Event: 3.430 Loading class sun/util/locale/provider/BreakIteratorProviderImpl$GraphemeBreakIterator done
Event: 3.430 Loading class java/text/StringCharacterIterator
Event: 3.430 Loading class java/text/StringCharacterIterator done
Event: 3.430 Loading class sun/util/locale/provider/BreakIteratorProviderImpl$CharacterIteratorCharSequence
Event: 3.430 Loading class sun/util/locale/provider/BreakIteratorProviderImpl$CharacterIteratorCharSequence done
Event: 3.430 Loading class java/text/BreakIterator$BreakIteratorCache
Event: 3.430 Loading class java/text/BreakIterator$BreakIteratorCache done
Event: 3.430 Loading class jdk/internal/util/regex/Grapheme
Event: 3.430 Loading class jdk/internal/util/regex/Grapheme done
Event: 171.259 Loading class jdk/internal/misc/Signal$1
Event: 171.259 Loading class jdk/internal/misc/Signal$1 done

Classes unloaded (0 events):
No events

Classes redefined (0 events):
No events

Internal exceptions (20 events):
Event: 0.825 Thread 0x0000022fef8f5e60 Exception <a 'java/lang/NoSuchMethodError'{0x0000000732737fe0}: 'java.lang.Object java.lang.invoke.DirectMethodHandle$Holder.newInvokeSpecial(java.lang.Object, java.lang.Object, int)'> (0x0000000732737fe0) 
thrown [s\open\src\hotspot\share\interpreter\linkResolver.cpp, line 773]
Event: 0.853 Thread 0x0000022fef7af660 Exception <a 'java/lang/NoSuchMethodError'{0x0000000732424f60}: 'int java.lang.invoke.DirectMethodHandle$Holder.invokeStaticInit(java.lang.Object, java.lang.Object)'> (0x0000000732424f60) 
thrown [s\open\src\hotspot\share\interpreter\linkResolver.cpp, line 773]
Event: 0.862 Thread 0x0000022fef8f5e60 Exception <a 'java/lang/NoSuchMethodError'{0x00000007324b8650}: 'long java.lang.invoke.DirectMethodHandle$Holder.invokeStatic(java.lang.Object, java.lang.Object, java.lang.Object)'> (0x00000007324b8650) 
thrown [s\open\src\hotspot\share\interpreter\linkResolver.cpp, line 773]
Event: 0.862 Thread 0x0000022fef8f5e60 Exception <a 'java/lang/NoSuchMethodError'{0x00000007324bba20}: 'long java.lang.invoke.DirectMethodHandle$Holder.invokeStaticInit(java.lang.Object, java.lang.Object, java.lang.Object)'> (0x00000007324bba20) 
thrown [s\open\src\hotspot\share\interpreter\linkResolver.cpp, line 773]
Event: 0.863 Thread 0x0000022fef8f5e60 Exception <a 'java/lang/NoSuchMethodError'{0x00000007324d0018}: 'java.lang.Object java.lang.invoke.DirectMethodHandle$Holder.newInvokeSpecial(java.lang.Object, java.lang.Object, long)'> (0x00000007324d0018) 
thrown [s\open\src\hotspot\share\interpreter\linkResolver.cpp, line 773]
Event: 0.863 Thread 0x0000022fef8f5e60 Exception <a 'java/lang/NoSuchMethodError'{0x00000007324d3910}: 'java.lang.Object java.lang.invoke.Invokers$Holder.linkToTargetMethod(java.lang.Object, long, java.lang.Object)'> (0x00000007324d3910) 
thrown [s\open\src\hotspot\share\interpreter\linkResolver.cpp, line 773]
Event: 0.882 Thread 0x0000022fef7af660 Exception <a 'java/lang/NoSuchMethodError'{0x00000007322eaab0}: 'java.lang.Object java.lang.invoke.DirectMethodHandle$Holder.invokeStaticInit(java.lang.Object, int)'> (0x00000007322eaab0) 
thrown [s\open\src\hotspot\share\interpreter\linkResolver.cpp, line 773]
Event: 1.022 Thread 0x0000022fa99b6a40 Exception <a 'sun/nio/fs/WindowsException'{0x0000000731fa0bf0}> (0x0000000731fa0bf0) 
thrown [s\open\src\hotspot\share\prims\jni.cpp, line 520]
Event: 2.524 Thread 0x0000022fef8f5e60 Exception <a 'java/io/FileNotFoundException'{0x0000000731d25ec0}> (0x0000000731d25ec0) 
thrown [s\open\src\hotspot\share\prims\jni.cpp, line 520]
Event: 2.525 Thread 0x0000022fef8f5e60 Exception <a 'java/io/FileNotFoundException'{0x0000000731d26ef0}> (0x0000000731d26ef0) 
thrown [s\open\src\hotspot\share\prims\jni.cpp, line 520]
Event: 2.535 Thread 0x0000022fef8f5e60 Exception <a 'java/lang/NoSuchMethodError'{0x0000000731da15e8}: 'java.lang.Object java.lang.invoke.DirectMethodHandle$Holder.newInvokeSpecial(java.lang.Object, double)'> (0x0000000731da15e8) 
thrown [s\open\src\hotspot\share\interpreter\linkResolver.cpp, line 773]
Event: 3.368 Thread 0x0000022fef8f5e60 Exception <a 'java/io/FileNotFoundException'{0x0000000731bd8920}> (0x0000000731bd8920) 
thrown [s\open\src\hotspot\share\prims\jni.cpp, line 520]
Event: 3.368 Thread 0x0000022fef8f5e60 Exception <a 'java/io/FileNotFoundException'{0x0000000731bd9c00}> (0x0000000731bd9c00) 
thrown [s\open\src\hotspot\share\prims\jni.cpp, line 520]
Event: 3.370 Thread 0x0000022fef8f5e60 Exception <a 'java/lang/NoSuchMethodError'{0x0000000731beb790}: 'java.lang.Object java.lang.invoke.DelegatingMethodHandle$Holder.reinvoke_L(java.lang.Object, double, double, double, double)'> (0x0000000731beb790) 
thrown [s\open\src\hotspot\share\interpreter\linkResolver.cpp, line 773]
Event: 3.370 Thread 0x0000022fef8f5e60 Exception <a 'java/lang/NoSuchMethodError'{0x0000000731bf66c8}: 'java.lang.Object java.lang.invoke.DirectMethodHandle$Holder.invokeStatic(java.lang.Object, java.lang.Object, int)'> (0x0000000731bf66c8) 
thrown [s\open\src\hotspot\share\interpreter\linkResolver.cpp, line 773]
Event: 3.371 Thread 0x0000022fef8f5e60 Exception <a 'java/lang/NoSuchMethodError'{0x0000000731bfa800}: 'void java.lang.invoke.DirectMethodHandle$Holder.invokeStatic(java.lang.Object, java.lang.Object, int, java.lang.Object)'> (0x0000000731bfa800) 
thrown [s\open\src\hotspot\share\interpreter\linkResolver.cpp, line 773]
Event: 3.371 Thread 0x0000022fef8f5e60 Exception <a 'java/lang/NoSuchMethodError'{0x0000000731801c70}: 'void java.lang.invoke.DelegatingMethodHandle$Holder.delegate(java.lang.Object, java.lang.Object, int, java.lang.Object)'> (0x0000000731801c70) 
thrown [s\open\src\hotspot\share\interpreter\linkResolver.cpp, line 773]
Event: 3.381 Thread 0x0000022fef8f5e60 Exception <a 'java/io/FileNotFoundException'{0x0000000731895080}> (0x0000000731895080) 
thrown [s\open\src\hotspot\share\prims\jni.cpp, line 520]
Event: 3.381 Thread 0x0000022fef8f5e60 Exception <a 'java/io/FileNotFoundException'{0x00000007318963d8}> (0x00000007318963d8) 
thrown [s\open\src\hotspot\share\prims\jni.cpp, line 520]
Event: 3.435 Thread 0x0000022fef8f5e60 Exception <a 'java/lang/NoSuchMethodError'{0x00000007317ec6d8}: 'java.lang.Object java.lang.invoke.DirectMethodHandle$Holder.invokeStatic(java.lang.Object, int, java.lang.Object)'> (0x00000007317ec6d8) 
thrown [s\open\src\hotspot\share\interpreter\linkResolver.cpp, line 773]

ZGC Phase Switch (0 events):
No events

VM Operations (20 events):
Event: 0.785 Executing VM operation: G1CollectForAllocation (G1 Evacuation Pause) done
Event: 0.795 Executing VM operation: HandshakeAllThreads (Deoptimize)
Event: 0.795 Executing VM operation: HandshakeAllThreads (Deoptimize) done
Event: 1.796 Executing VM operation: Cleanup
Event: 1.796 Executing VM operation: Cleanup done
Event: 2.737 Executing VM operation: ICBufferFull
Event: 2.737 Executing VM operation: ICBufferFull done
Event: 3.369 Executing VM operation: HandshakeAllThreads (Deoptimize)
Event: 3.369 Executing VM operation: HandshakeAllThreads (Deoptimize) done
Event: 3.370 Executing VM operation: HandshakeAllThreads (Deoptimize)
Event: 3.370 Executing VM operation: HandshakeAllThreads (Deoptimize) done
Event: 3.427 Executing VM operation: ICBufferFull
Event: 3.427 Executing VM operation: ICBufferFull done
Event: 5.427 Executing VM operation: Cleanup
Event: 5.427 Executing VM operation: Cleanup done
Event: 60.156 Executing VM operation: HandshakeAllThreads (HandshakeForDeflation)
Event: 60.156 Executing VM operation: HandshakeAllThreads (HandshakeForDeflation) done
Event: 60.156 Executing VM operation: RendezvousGCThreads
Event: 60.156 Executing VM operation: RendezvousGCThreads done
Event: 171.261 Executing VM operation: Exit

Events (20 events):
Event: 0.408 Thread 0x0000022ff0007a70 Thread added: 0x0000022ff0007a70
Event: 0.412 Thread 0x0000022fefff6db0 Thread added: 0x0000022fefff6db0
Event: 0.721 Thread 0x0000022f802b4650 Thread added: 0x0000022f802b4650
Event: 0.901 Thread 0x0000022ff010d0d0 Thread added: 0x0000022ff010d0d0
Event: 1.149 Thread 0x0000022fa9ddb4a0 Thread exited: 0x0000022fa9ddb4a0
Event: 1.149 Thread 0x0000022fa9c64db0 Thread exited: 0x0000022fa9c64db0
Event: 2.545 Thread 0x0000022ff0586f30 Thread added: 0x0000022ff0586f30
Event: 2.550 Thread 0x0000022ff06e4cc0 Thread added: 0x0000022ff06e4cc0
Event: 2.667 Thread 0x0000022ff06e4cc0 Thread exited: 0x0000022ff06e4cc0
Event: 2.812 Thread 0x0000022ff0586f30 Thread exited: 0x0000022ff0586f30
Event: 3.382 Thread 0x0000022ff0673bb0 Thread added: 0x0000022ff0673bb0
Event: 3.432 Thread 0x0000022f8070a520 Thread added: 0x0000022f8070a520
Event: 3.688 Thread 0x0000022f8070a520 Thread exited: 0x0000022f8070a520
Event: 3.688 Thread 0x0000022ff0673bb0 Thread exited: 0x0000022ff0673bb0
Event: 171.260 Thread 0x0000022ff010b000 Thread added: 0x0000022ff010b000
Event: 171.260 Thread 0x0000022ff010b690 Thread added: 0x0000022ff010b690
Event: 171.260 Thread 0x0000022ff010bd20 Thread added: 0x0000022ff010bd20
Event: 171.260 Thread 0x0000022ff010bd20 Thread exited: 0x0000022ff010bd20
Event: 171.261 Thread 0x0000022ff010b690 Thread exited: 0x0000022ff010b690
Event: 171.261 Thread 0x0000022fa99b3fd0 Thread exited: 0x0000022fa99b3fd0


Dynamic libraries:
0x00007ff6226e0000 - 0x00007ff6226ee000 	C:\Users\Nursultan\.jdks\openjdk-21.0.1\bin\java.exe
0x00007fffa4cb0000 - 0x00007fffa4ea8000 	C:\Windows\SYSTEM32\ntdll.dll
0x00007fffa47f0000 - 0x00007fffa48ad000 	C:\Windows\System32\KERNEL32.DLL
0x00007fffa28c0000 - 0x00007fffa2bb6000 	C:\Windows\System32\KERNELBASE.dll
0x00007fffa2510000 - 0x00007fffa2610000 	C:\Windows\System32\ucrtbase.dll
0x00007fff942f0000 - 0x00007fff94308000 	C:\Users\Nursultan\.jdks\openjdk-21.0.1\bin\jli.dll
0x00007fff9e870000 - 0x00007fff9e88b000 	C:\Users\Nursultan\.jdks\openjdk-21.0.1\bin\VCRUNTIME140.dll
0x00007fffa3a30000 - 0x00007fffa3bce000 	C:\Windows\System32\USER32.dll
0x00007fff88810000 - 0x00007fff88aaa000 	C:\Windows\WinSxS\amd64_microsoft.windows.common-controls_6595b64144ccf1df_6.0.19041.3636_none_60b6a03d71f818d5\COMCTL32.dll
0x00007fffa2ce0000 - 0x00007fffa2d02000 	C:\Windows\System32\win32u.dll
0x00007fffa44b0000 - 0x00007fffa454e000 	C:\Windows\System32\msvcrt.dll
0x00007fffa2d70000 - 0x00007fffa2d9c000 	C:\Windows\System32\GDI32.dll
0x00007fffa2bc0000 - 0x00007fffa2cda000 	C:\Windows\System32\gdi32full.dll
0x00007fffa2610000 - 0x00007fffa26ad000 	C:\Windows\System32\msvcp_win.dll
0x00007fffa48b0000 - 0x00007fffa48e0000 	C:\Windows\System32\IMM32.DLL
0x00007fff9e860000 - 0x00007fff9e86c000 	C:\Users\Nursultan\.jdks\openjdk-21.0.1\bin\vcruntime140_1.dll
0x00007fff91b30000 - 0x00007fff91bbe000 	C:\Users\Nursultan\.jdks\openjdk-21.0.1\bin\msvcp140.dll
0x00007fff7c510000 - 0x00007fff7d225000 	C:\Users\Nursultan\.jdks\openjdk-21.0.1\bin\server\jvm.dll
0x00007fffa45b0000 - 0x00007fffa465f000 	C:\Windows\System32\ADVAPI32.dll
0x00007fffa4750000 - 0x00007fffa47ec000 	C:\Windows\System32\sechost.dll
0x00007fffa3c60000 - 0x00007fffa3d86000 	C:\Windows\System32\RPCRT4.dll
0x00007fffa46e0000 - 0x00007fffa474b000 	C:\Windows\System32\WS2_32.dll
0x00007fffa1940000 - 0x00007fffa198b000 	C:\Windows\SYSTEM32\POWRPROF.dll
0x00007fff970a0000 - 0x00007fff970c7000 	C:\Windows\SYSTEM32\WINMM.dll
0x00007fff970d0000 - 0x00007fff970da000 	C:\Windows\SYSTEM32\VERSION.dll
0x00007fffa17b0000 - 0x00007fffa17c2000 	C:\Windows\SYSTEM32\UMPDC.dll
0x00007fffa0be0000 - 0x00007fffa0bf2000 	C:\Windows\SYSTEM32\kernel.appcore.dll
0x00007fff9b0b0000 - 0x00007fff9b0ba000 	C:\Users\Nursultan\.jdks\openjdk-21.0.1\bin\jimage.dll
0x00007fffa0200000 - 0x00007fffa03e4000 	C:\Windows\SYSTEM32\DBGHELP.DLL
0x00007fff8f450000 - 0x00007fff8f484000 	C:\Windows\SYSTEM32\dbgcore.DLL
0x00007fffa2450000 - 0x00007fffa24d2000 	C:\Windows\System32\bcryptPrimitives.dll
0x00007fff94340000 - 0x00007fff9434f000 	C:\Users\Nursultan\.jdks\openjdk-21.0.1\bin\instrument.dll
0x00007fff942d0000 - 0x00007fff942ef000 	C:\Users\Nursultan\.jdks\openjdk-21.0.1\bin\java.dll
0x00007fffa32e0000 - 0x00007fffa3a24000 	C:\Windows\System32\SHELL32.dll
0x00007fffa0430000 - 0x00007fffa0bcb000 	C:\Windows\SYSTEM32\windows.storage.dll
0x00007fffa4050000 - 0x00007fffa43a4000 	C:\Windows\System32\combase.dll
0x00007fffa1dd0000 - 0x00007fffa1dfd000 	C:\Windows\SYSTEM32\Wldp.dll
0x00007fffa3230000 - 0x00007fffa32dd000 	C:\Windows\System32\SHCORE.dll
0x00007fffa2d10000 - 0x00007fffa2d65000 	C:\Windows\System32\shlwapi.dll
0x00007fffa22c0000 - 0x00007fffa22e5000 	C:\Windows\SYSTEM32\profapi.dll
0x00007fff7c430000 - 0x00007fff7c507000 	C:\Users\Nursultan\.jdks\openjdk-21.0.1\bin\jsvml.dll
0x00007fff94280000 - 0x00007fff94290000 	C:\Users\Nursultan\.jdks\openjdk-21.0.1\bin\net.dll
0x00007fff9e4a0000 - 0x00007fff9e5aa000 	C:\Windows\SYSTEM32\WINHTTP.dll
0x00007fffa1b30000 - 0x00007fffa1b9a000 	C:\Windows\system32\mswsock.dll
0x00007fff94260000 - 0x00007fff94276000 	C:\Users\Nursultan\.jdks\openjdk-21.0.1\bin\nio.dll
0x00007fff94240000 - 0x00007fff94258000 	C:\Users\Nursultan\.jdks\openjdk-21.0.1\bin\zip.dll
0x00007fff94310000 - 0x00007fff9432a000 	C:\Program Files\JetBrains\IntelliJ IDEA 2023.2.5\bin\breakgen64.dll
0x0000022fa9f30000 - 0x0000022fa9f33000 	C:\Users\Nursultan\.openjfx\cache\21-ea+null\amd64\api-ms-win-core-console-l1-1-0.dll
0x0000022fa9f40000 - 0x0000022fa9f43000 	C:\Users\Nursultan\.openjfx\cache\21-ea+null\amd64\api-ms-win-core-console-l1-2-0.dll
0x0000022fa9f50000 - 0x0000022fa9f53000 	C:\Users\Nursultan\.openjfx\cache\21-ea+null\amd64\api-ms-win-core-datetime-l1-1-0.dll
0x0000022fa9f60000 - 0x0000022fa9f63000 	C:\Users\Nursultan\.openjfx\cache\21-ea+null\amd64\api-ms-win-core-debug-l1-1-0.dll
0x0000022fa9f70000 - 0x0000022fa9f73000 	C:\Users\Nursultan\.openjfx\cache\21-ea+null\amd64\api-ms-win-core-errorhandling-l1-1-0.dll
0x0000022fa9f80000 - 0x0000022fa9f84000 	C:\Users\Nursultan\.openjfx\cache\21-ea+null\amd64\api-ms-win-core-file-l1-1-0.dll
0x0000022fa9f90000 - 0x0000022fa9f93000 	C:\Users\Nursultan\.openjfx\cache\21-ea+null\amd64\api-ms-win-core-file-l1-2-0.dll
0x0000022fa9fa0000 - 0x0000022fa9fa3000 	C:\Users\Nursultan\.openjfx\cache\21-ea+null\amd64\api-ms-win-core-file-l2-1-0.dll
0x0000022fa9fb0000 - 0x0000022fa9fb3000 	C:\Users\Nursultan\.openjfx\cache\21-ea+null\amd64\api-ms-win-core-handle-l1-1-0.dll
0x0000022fa9fc0000 - 0x0000022fa9fc3000 	C:\Users\Nursultan\.openjfx\cache\21-ea+null\amd64\api-ms-win-core-heap-l1-1-0.dll
0x0000022fa9fd0000 - 0x0000022fa9fd3000 	C:\Users\Nursultan\.openjfx\cache\21-ea+null\amd64\api-ms-win-core-interlocked-l1-1-0.dll
0x0000022fa9fe0000 - 0x0000022fa9fe3000 	C:\Users\Nursultan\.openjfx\cache\21-ea+null\amd64\api-ms-win-core-libraryloader-l1-1-0.dll
0x0000022fa9ff0000 - 0x0000022fa9ff3000 	C:\Users\Nursultan\.openjfx\cache\21-ea+null\amd64\api-ms-win-core-localization-l1-2-0.dll
0x0000022ff07d0000 - 0x0000022ff07d3000 	C:\Users\Nursultan\.openjfx\cache\21-ea+null\amd64\api-ms-win-core-memory-l1-1-0.dll
0x0000022ff07e0000 - 0x0000022ff07e3000 	C:\Users\Nursultan\.openjfx\cache\21-ea+null\amd64\api-ms-win-core-namedpipe-l1-1-0.dll
0x0000022ff07f0000 - 0x0000022ff07f3000 	C:\Users\Nursultan\.openjfx\cache\21-ea+null\amd64\api-ms-win-core-processenvironment-l1-1-0.dll
0x0000022ff0800000 - 0x0000022ff0803000 	C:\Users\Nursultan\.openjfx\cache\21-ea+null\amd64\api-ms-win-core-processthreads-l1-1-0.dll
0x0000022ff0810000 - 0x0000022ff0813000 	C:\Users\Nursultan\.openjfx\cache\21-ea+null\amd64\api-ms-win-core-processthreads-l1-1-1.dll
0x0000022ff0820000 - 0x0000022ff0823000 	C:\Users\Nursultan\.openjfx\cache\21-ea+null\amd64\api-ms-win-core-profile-l1-1-0.dll
0x0000022ff0830000 - 0x0000022ff0833000 	C:\Users\Nursultan\.openjfx\cache\21-ea+null\amd64\api-ms-win-core-rtlsupport-l1-1-0.dll
0x0000022ff0840000 - 0x0000022ff0843000 	C:\Users\Nursultan\.openjfx\cache\21-ea+null\amd64\api-ms-win-core-string-l1-1-0.dll
0x0000022ff0850000 - 0x0000022ff0853000 	C:\Users\Nursultan\.openjfx\cache\21-ea+null\amd64\api-ms-win-core-synch-l1-1-0.dll
0x0000022ff0860000 - 0x0000022ff0863000 	C:\Users\Nursultan\.openjfx\cache\21-ea+null\amd64\api-ms-win-core-synch-l1-2-0.dll
0x0000022ff0870000 - 0x0000022ff0873000 	C:\Users\Nursultan\.openjfx\cache\21-ea+null\amd64\api-ms-win-core-sysinfo-l1-1-0.dll
0x0000022ff0880000 - 0x0000022ff0883000 	C:\Users\Nursultan\.openjfx\cache\21-ea+null\amd64\api-ms-win-core-timezone-l1-1-0.dll
0x0000022ff0890000 - 0x0000022ff0893000 	C:\Users\Nursultan\.openjfx\cache\21-ea+null\amd64\api-ms-win-core-util-l1-1-0.dll
0x0000022ff08a0000 - 0x0000022ff08a3000 	C:\Users\Nursultan\.openjfx\cache\21-ea+null\amd64\api-ms-win-crt-conio-l1-1-0.dll
0x0000022ff08b0000 - 0x0000022ff08b4000 	C:\Users\Nursultan\.openjfx\cache\21-ea+null\amd64\api-ms-win-crt-convert-l1-1-0.dll
0x0000022ff08c0000 - 0x0000022ff08c3000 	C:\Users\Nursultan\.openjfx\cache\21-ea+null\amd64\api-ms-win-crt-environment-l1-1-0.dll
0x0000022ff08d0000 - 0x0000022ff08d3000 	C:\Users\Nursultan\.openjfx\cache\21-ea+null\amd64\api-ms-win-crt-filesystem-l1-1-0.dll
0x0000022ff08e0000 - 0x0000022ff08e3000 	C:\Users\Nursultan\.openjfx\cache\21-ea+null\amd64\api-ms-win-crt-heap-l1-1-0.dll
0x0000022ff08f0000 - 0x0000022ff08f3000 	C:\Users\Nursultan\.openjfx\cache\21-ea+null\amd64\api-ms-win-crt-locale-l1-1-0.dll
0x0000022ff0900000 - 0x0000022ff0905000 	C:\Users\Nursultan\.openjfx\cache\21-ea+null\amd64\api-ms-win-crt-math-l1-1-0.dll
0x0000022ff0910000 - 0x0000022ff0915000 	C:\Users\Nursultan\.openjfx\cache\21-ea+null\amd64\api-ms-win-crt-multibyte-l1-1-0.dll
0x0000022ff0920000 - 0x0000022ff0930000 	C:\Users\Nursultan\.openjfx\cache\21-ea+null\amd64\api-ms-win-crt-private-l1-1-0.dll
0x0000022ff0930000 - 0x0000022ff0933000 	C:\Users\Nursultan\.openjfx\cache\21-ea+null\amd64\api-ms-win-crt-process-l1-1-0.dll
0x0000022ff0940000 - 0x0000022ff0944000 	C:\Users\Nursultan\.openjfx\cache\21-ea+null\amd64\api-ms-win-crt-runtime-l1-1-0.dll
0x0000022ff0950000 - 0x0000022ff0954000 	C:\Users\Nursultan\.openjfx\cache\21-ea+null\amd64\api-ms-win-crt-stdio-l1-1-0.dll
0x0000022ff0960000 - 0x0000022ff0964000 	C:\Users\Nursultan\.openjfx\cache\21-ea+null\amd64\api-ms-win-crt-string-l1-1-0.dll
0x0000022ff0970000 - 0x0000022ff0973000 	C:\Users\Nursultan\.openjfx\cache\21-ea+null\amd64\api-ms-win-crt-time-l1-1-0.dll
0x0000022ff0980000 - 0x0000022ff0983000 	C:\Users\Nursultan\.openjfx\cache\21-ea+null\amd64\api-ms-win-crt-utility-l1-1-0.dll
0x00007fff7d320000 - 0x00007fff7d41c000 	C:\Users\Nursultan\.openjfx\cache\21-ea+null\amd64\ucrtbase.dll
0x00007fff92200000 - 0x00007fff9221b000 	C:\Users\Nursultan\.openjfx\cache\21-ea+null\amd64\vcruntime140.dll
0x00007fff916d0000 - 0x00007fff916dc000 	C:\Users\Nursultan\.openjfx\cache\21-ea+null\amd64\vcruntime140_1.dll
0x00007fff81900000 - 0x00007fff8198e000 	C:\Users\Nursultan\.openjfx\cache\21-ea+null\amd64\msvcp140.dll
0x00007fffa3ec0000 - 0x00007fffa3feb000 	C:\Windows\System32\ole32.dll
0x00007fff8d150000 - 0x00007fff8d159000 	C:\Users\Nursultan\.openjfx\cache\21-ea+null\amd64\msvcp140_1.dll
0x00007fff81730000 - 0x00007fff8175f000 	C:\Users\Nursultan\.openjfx\cache\21-ea+null\amd64\msvcp140_2.dll
0x00007fff816b0000 - 0x00007fff816df000 	C:\Users\Nursultan\.openjfx\cache\21-ea+null\amd64\prism_d3d.dll
0x00007fff49500000 - 0x00007fff496cd000 	C:\Windows\system32\d3d9.dll
0x00007fff9fb70000 - 0x00007fff9fb9f000 	C:\Windows\SYSTEM32\dwmapi.dll
0x00007fff9f6a0000 - 0x00007fff9f73e000 	C:\Windows\system32\uxtheme.dll
0x00007fff970e0000 - 0x00007fff9729b000 	C:\Windows\System32\DriverStore\FileRepository\u0390451.inf_amd64_39377efdd62734d1\B390182\aticfx64.dll
0x00007fff47730000 - 0x00007fff494ff000 	C:\Windows\System32\DriverStore\FileRepository\u0390451.inf_amd64_39377efdd62734d1\B390182\amdxn64.dll
0x00007fffa2da0000 - 0x00007fffa320e000 	C:\Windows\System32\SETUPAPI.dll
0x00007fffa2390000 - 0x00007fffa23de000 	C:\Windows\System32\cfgmgr32.dll
0x00007fffa24e0000 - 0x00007fffa2507000 	C:\Windows\System32\bcrypt.dll
0x00007fffa0c50000 - 0x00007fffa0d43000 	C:\Windows\SYSTEM32\dxgi.dll
0x00007fff950f0000 - 0x00007fff95125000 	C:\Windows\SYSTEM32\amdihk64.dll
0x00007fff7d2d0000 - 0x00007fff7d312000 	C:\Users\Nursultan\.openjfx\cache\21-ea+null\amd64\glass.dll
0x00007fffa43c0000 - 0x00007fffa449a000 	C:\Windows\System32\COMDLG32.dll
0x00007fffa3df0000 - 0x00007fffa3ebd000 	C:\Windows\System32\OLEAUT32.dll
0x00007fffa48f0000 - 0x00007fffa4a04000 	C:\Windows\System32\MSCTF.dll
0x00007fff98480000 - 0x00007fff984bb000 	C:\Windows\SYSTEM32\dxcore.dll
0x00007fff84cb0000 - 0x00007fff84cc4000 	C:\Users\Nursultan\.openjfx\cache\21-ea+null\amd64\javafx_font.dll
0x00007fff7dfe0000 - 0x00007fff7e25f000 	C:\Windows\SYSTEM32\dwrite.dll
0x00007fffa4bc0000 - 0x00007fffa4c69000 	C:\Windows\System32\clbcatq.dll
0x00007fff9ae90000 - 0x00007fff9b044000 	C:\Windows\SYSTEM32\WindowsCodecs.dll
0x00007fff82b70000 - 0x00007fff82bae000 	C:\Windows\system32\dataexchange.dll
0x00007fff9d080000 - 0x00007fff9d2e3000 	C:\Windows\system32\d3d11.dll
0x00007fff9d8b0000 - 0x00007fff9da93000 	C:\Windows\system32\dcomp.dll
0x00007fff9aaa0000 - 0x00007fff9aca7000 	C:\Windows\system32\twinapi.appcore.dll
0x00007fff73450000 - 0x00007fff73484000 	C:\Program Files\Common Files\Microsoft Shared\Ink\rtscom.dll
0x00007fff92ca0000 - 0x00007fff92d9a000 	C:\Windows\SYSTEM32\textinputframework.dll
0x00007fff9db70000 - 0x00007fff9decb000 	C:\Windows\System32\CoreUIComponents.dll
0x00007fff9e250000 - 0x00007fff9e342000 	C:\Windows\System32\CoreMessaging.dll
0x00007fffa1530000 - 0x00007fffa1563000 	C:\Windows\SYSTEM32\ntmarta.dll
0x00007fff9ee30000 - 0x00007fff9ef85000 	C:\Windows\SYSTEM32\wintypes.dll

dbghelp: loaded successfully - version: 4.0.5 - missing functions: none
symbol engine: initialized successfully - sym options: 0x614 - pdb path: .;C:\Users\Nursultan\.jdks\openjdk-21.0.1\bin;C:\Windows\SYSTEM32;C:\Windows\WinSxS\amd64_microsoft.windows.common-controls_6595b64144ccf1df_6.0.19041.3636_none_60b6a03d71f818d5;C:\Users\Nursultan\.jdks\openjdk-21.0.1\bin\server;C:\Program Files\JetBrains\IntelliJ IDEA 2023.2.5\bin;C:\Users\Nursultan\.openjfx\cache\21-ea+null\amd64;C:\Windows\System32\DriverStore\FileRepository\u0390451.inf_amd64_39377efdd62734d1\B390182;C:\Program Files\Common Files\Microsoft Shared\Ink

VM Arguments:
jvm_args: -javaagent:C:\Program Files\JetBrains\IntelliJ IDEA 2023.2.5\lib\idea_rt.jar=61181:C:\Program Files\JetBrains\IntelliJ IDEA 2023.2.5\bin -Dfile.encoding=UTF-8 -Dsun.stdout.encoding=UTF-8 -Dsun.stderr.encoding=UTF-8 --module-path=C:\Users\Nursultan\.m2\repository\org\openjfx\javafx-controls\21-ea+24\javafx-controls-21-ea+24-win.jar;C:\Users\Nursultan\.m2\repository\org\openjfx\javafx-base\21-ea+24\javafx-base-21-ea+24-win.jar;C:\Users\Nursultan\IdeaProjects\SoftWareProject\target\classes;C:\Users\Nursultan\.m2\repository\org\openjfx\javafx-graphics\21-ea+24\javafx-graphics-21-ea+24-win.jar;C:\Users\Nursultan\.m2\repository\org\openjfx\javafx-fxml\21-ea+24\javafx-fxml-21-ea+24-win.jar -Djdk.module.main=com.example.softwareproject 
java_command: com.example.softwareproject/com.example.softwareproject.HelloApplication
java_class_path (initial): C:\Users\Nursultan\.m2\repository\org\openjfx\javafx-controls\21-ea+24\javafx-controls-21-ea+24.jar;C:\Users\Nursultan\.m2\repository\org\openjfx\javafx-graphics\21-ea+24\javafx-graphics-21-ea+24.jar;C:\Users\Nursultan\.m2\repository\org\openjfx\javafx-base\21-ea+24\javafx-base-21-ea+24.jar;C:\Users\Nursultan\.m2\repository\org\openjfx\javafx-fxml\21-ea+24\javafx-fxml-21-ea+24.jar
Launcher Type: SUN_STANDARD

[Global flags]
     intx CICompilerCount                          = 4                                         {product} {ergonomic}
     uint ConcGCThreads                            = 3                                         {product} {ergonomic}
     uint G1ConcRefinementThreads                  = 10                                        {product} {ergonomic}
   size_t G1HeapRegionSize                         = 2097152                                   {product} {ergonomic}
    uintx GCDrainStackTargetSize                   = 64                                        {product} {ergonomic}
   size_t InitialHeapSize                          = 230686720                                 {product} {ergonomic}
   size_t MarkStackSize                            = 4194304                                   {product} {ergonomic}
   size_t MaxHeapSize                              = 3676307456                                {product} {ergonomic}
   size_t MaxNewSize                               = 2204106752                                {product} {ergonomic}
   size_t MinHeapDeltaBytes                        = 2097152                                   {product} {ergonomic}
   size_t MinHeapSize                              = 8388608                                   {product} {ergonomic}
    uintx NonNMethodCodeHeapSize                   = 5839372                                {pd product} {ergonomic}
    uintx NonProfiledCodeHeapSize                  = 122909434                              {pd product} {ergonomic}
    uintx ProfiledCodeHeapSize                     = 122909434                              {pd product} {ergonomic}
    uintx ReservedCodeCacheSize                    = 251658240                              {pd product} {ergonomic}
     bool SegmentedCodeCache                       = true                                      {product} {ergonomic}
   size_t SoftMaxHeapSize                          = 3676307456                             {manageable} {ergonomic}
     bool UseCompressedOops                        = true                           {product lp64_product} {ergonomic}
     bool UseG1GC                                  = true                                      {product} {ergonomic}
     bool UseLargePagesIndividualAllocation        = false                                  {pd product} {ergonomic}

Logging:
Log output configuration:
 #0: stdout all=off uptime,level,tags foldmultilines=false
 #1: stderr all=off uptime,level,tags foldmultilines=false

Environment Variables:
PATH=C:\Windows\system32;C:\Windows;C:\Windows\System32\Wbem;C:\Windows\System32\WindowsPowerShell\v1.0\;C:\Windows\System32\OpenSSH\;C:\Program Files\Git\cmd;C:\Users\Nursultan\AppData\Local\Microsoft\WindowsApps;;C:\Program Files\JetBrains\IntelliJ IDEA 2023.2.5\bin;
USERNAME=Nursultan
OS=Windows_NT
PROCESSOR_IDENTIFIER=AMD64 Family 25 Model 68 Stepping 1, AuthenticAMD
TMP=C:\Users\NURSUL~1\AppData\Local\Temp
TEMP=C:\Users\NURSUL~1\AppData\Local\Temp




Periodic native trim disabled

---------------  S Y S T E M  ---------------

OS:
 Windows 10 , 64 bit Build 19041 (10.0.19041.3636)
OS uptime: 2 days 1:01 hours

CPU: total 12 (initial active 12) (12 cores per cpu, 2 threads per core) family 25 model 68 stepping 1 microcode 0x0, cx8, cmov, fxsr, ht, mmx, 3dnowpref, sse, sse2, sse3, ssse3, sse4a, sse4.1, sse4.2, popcnt, lzcnt, tsc, tscinvbit, avx, avx2, aes, clmul, bmi1, bmi2, adx, sha, fma, vzeroupper, clflush, clflushopt, rdtscp, rdpid, f16c, pku, cet_ss
Processor Information for processor 0
  Max Mhz: 3301, Current Mhz: 3301, Mhz Limit: 3301
Processor Information for processor 1
  Max Mhz: 3301, Current Mhz: 3301, Mhz Limit: 3301
Processor Information for processor 2
  Max Mhz: 3301, Current Mhz: 3301, Mhz Limit: 3301
Processor Information for processor 3
  Max Mhz: 3301, Current Mhz: 3301, Mhz Limit: 3301
Processor Information for processor 4
  Max Mhz: 3301, Current Mhz: 3301, Mhz Limit: 3301
Processor Information for processor 5
  Max Mhz: 3301, Current Mhz: 3301, Mhz Limit: 3301
Processor Information for processor 6
  Max Mhz: 3301, Current Mhz: 3301, Mhz Limit: 3301
Processor Information for processor 7
  Max Mhz: 3301, Current Mhz: 3301, Mhz Limit: 3301
Processor Information for processor 8
  Max Mhz: 3301, Current Mhz: 3301, Mhz Limit: 3301
Processor Information for processor 9
  Max Mhz: 3301, Current Mhz: 3301, Mhz Limit: 3301
Processor Information for processor 10
  Max Mhz: 3301, Current Mhz: 1100, Mhz Limit: 3301
Processor Information for processor 11
  Max Mhz: 3301, Current Mhz: 1100, Mhz Limit: 3301

Memory: 4k page, system-wide physical 14020M (4105M free)
TotalPageFile size 18269M (AvailPageFile size 2622M)
current process WorkingSet (physical memory assigned to process): 159M, peak: 177M
current process commit charge ("private bytes"): 435M, peak: 466M

vm_info: OpenJDK 64-Bit Server VM (21.0.1+12-29) for windows-amd64 JRE (21.0.1+12-29), built on 2023-10-05T13:27:09Z by "mach5one" with MS VC++ 17.1 (VS2022)

END.
