#
# A fatal error has been detected by the Java Runtime Environment:
#
#  EXCEPTION_ACCESS_VIOLATION (0xc0000005) at pc=0x00007fff7d266587, pid=20308, tid=12224
#
# JRE version: OpenJDK Runtime Environment (21.0.1+12) (build 21.0.1+12-29)
# Java VM: OpenJDK 64-Bit Server VM (21.0.1+12-29, mixed mode, sharing, tiered, compressed oops, compressed class ptrs, g1 gc, windows-amd64)
# Problematic frame:
# C  [glass.dll+0x26587]
#
# No core dump will be written. Minidumps are not enabled by default on client versions of Windows
#
# If you would like to submit a bug report, please visit:
#   https://bugreport.java.com/bugreport/crash.jsp
#

---------------  S U M M A R Y ------------

Command Line: -javaagent:C:\Program Files\JetBrains\IntelliJ IDEA 2023.2.5\lib\idea_rt.jar=61253:C:\Program Files\JetBrains\IntelliJ IDEA 2023.2.5\bin -Dfile.encoding=UTF-8 -Dsun.stdout.encoding=UTF-8 -Dsun.stderr.encoding=UTF-8 --module-path=C:\Users\Nursultan\.m2\repository\org\openjfx\javafx-controls\21-ea+24\javafx-controls-21-ea+24-win.jar;C:\Users\Nursultan\.m2\repository\org\openjfx\javafx-base\21-ea+24\javafx-base-21-ea+24-win.jar;C:\Users\Nursultan\IdeaProjects\SoftWareProject\target\classes;C:\Users\Nursultan\.m2\repository\org\openjfx\javafx-graphics\21-ea+24\javafx-graphics-21-ea+24-win.jar;C:\Users\Nursultan\.m2\repository\org\openjfx\javafx-fxml\21-ea+24\javafx-fxml-21-ea+24-win.jar -Djdk.module.main=com.example.softwareproject com.example.softwareproject/com.example.softwareproject.HelloApplication

Host: AMD Ryzen 5 6600HS Creator Edition             , 12 cores, 13G,  Windows 10 , 64 bit Build 19041 (10.0.19041.3636)
Time: Thu Dec 14 23:03:08 2023  Windows 10 , 64 bit Build 19041 (10.0.19041.3636) elapsed time: 33.950994 seconds (0d 0h 0m 33s)

---------------  T H R E A D  ---------------

Current thread (0x00000226aa35fd70):  VMThread "VM Thread"          [id=12224, stack(0x0000007ceb300000,0x0000007ceb400000) (1024K)]

Stack: [0x0000007ceb300000,0x0000007ceb400000],  sp=0x0000007ceb3ff2c0,  free space=1020k
Native frames: (J=compiled Java code, j=interpreted, Vv=VM code, C=native code)
C  [glass.dll+0x26587]


siginfo: EXCEPTION_ACCESS_VIOLATION (0xc0000005), reading address 0x0000000000000000


Registers:
RAX=0x0000000000000000, RBX=0x00000226aa3674da, RCX=0x00000226aa35fd70, RDX=0x0000007ceb3ff2c0
RSP=0x0000007ceb3ff2c0, RBP=0x00000226f08851b8, RSI=0x00000226f0885190, RDI=0x0000a98d35420de5
R8 =0x0000000000010002, R9 =0x0000a98d35420de5, R10=0x0000000000008000, R11=0x0000007ceb3ff250
R12=0x00007fff7d263ed0, R13=0x00007fff7d171fa0, R14=0x0000007ceb3ff3b8, R15=0x00000226f0885190
RIP=0x00007fff7d266587, EFLAGS=0x0000000000010206


Register to memory mapping:

RAX=0x0 is null
RBX=0x00000226aa3674da is a global jni handle
RCX=0x00000226aa35fd70 points into unknown readable memory: 0x00007fff7cf83f88 | 88 3f f8 7c ff 7f 00 00
RDX=0x0000007ceb3ff2c0 points into unknown readable memory: 0x0000000000000000 | 00 00 00 00 00 00 00 00
RSP=0x0000007ceb3ff2c0 points into unknown readable memory: 0x0000000000000000 | 00 00 00 00 00 00 00 00
RBP=0x00000226f08851b8 points into unknown readable memory: 0x0000a98d35420de5 | e5 0d 42 35 8d a9 00 00
RSI=0x00000226f0885190 points into unknown readable memory: 0xa4c7948d354df20a | 0a f2 4d 35 8d 94 c7 a4
RDI=0x0000a98d35420de5 is an unknown value
R8 =0x0000000000010002 is an unknown value
R9 =0x0000a98d35420de5 is an unknown value
R10=0x0000000000008000 is an unknown value
R11=0x0000007ceb3ff250 points into unknown readable memory: 0x00000226f0885190 | 90 51 88 f0 26 02 00 00
R12=0x00007fff7d263ed0 glass.dll
R13=0x00007fff7d171fa0 jvm.dll
R14=0x0000007ceb3ff3b8 points into unknown readable memory: 0x0000007ceb3ff3a0 | a0 f3 3f eb 7c 00 00 00
R15=0x00000226f0885190 points into unknown readable memory: 0xa4c7948d354df20a | 0a f2 4d 35 8d 94 c7 a4

Top of Stack: (sp=0x0000007ceb3ff2c0)
0x0000007ceb3ff2c0:   0000000000000000 00000226f0885190
0x0000007ceb3ff2d0:   00007fff7d171fa0 00007fff7d263ed0
0x0000007ceb3ff2e0:   00000226f0885198 00007fffa25242d6
0x0000007ceb3ff2f0:   0000a98d35420de5 0000022600000000
0x0000007ceb3ff300:   00000226f08851b8 00000226f0885190
0x0000007ceb3ff310:   fffffffffffffffe 0000000000000000
0x0000007ceb3ff320:   0000000000000001 00007fff7d240000
0x0000007ceb3ff330:   0000007ceb3ff3a8 00007fffa25241fb
0x0000007ceb3ff340:   0000000000000000 0000007ceb3ff3b8
0x0000007ceb3ff350:   0000007ceb3ff690 00007fffa2600e40
0x0000007ceb3ff360:   0000000000000001 00007fffa25241b4
0x0000007ceb3ff370:   0000000000000000 0000000000000001
0x0000007ceb3ff380:   00007fff984b2dd0 0000007ceb3ff3a8
0x0000007ceb3ff390:   000000000000000d 00007fff7d263d5d
0x0000007ceb3ff3a0:   00007fff7d27a008 00007fff00000002
0x0000007ceb3ff3b0:   0000000000000002 0000007ceb3ff3a0
0x0000007ceb3ff3c0:   0000000000000000 00007fffa4cc9993
0x0000007ceb3ff3d0:   0000000000000000 00007fff7d263e82
0x0000007ceb3ff3e0:   0000000000000001 0000000000000000
0x0000007ceb3ff3f0:   0000000000000000 00007fffa2600e40
0x0000007ceb3ff400:   00000226896ec0c8 00007fffa251f05b
0x0000007ceb3ff410:   0000022600000001 0000000000000016
0x0000007ceb3ff420:   00007fff7d240000 000000007ffe0384
0x0000007ceb3ff430:   0000000000000000 00007fffa4cc9a1d
0x0000007ceb3ff440:   00007fff7d240000 0000000000000000
0x0000007ceb3ff450:   0000000000000001 000000007ffe0385
0x0000007ceb3ff460:   0000000000000000 00007fffa4d0de41
0x0000007ceb3ff470:   00004ad0be3b0000 0000000000000014
0x0000007ceb3ff480:   00007fff7d263ed0 0000000000000000
0x0000007ceb3ff490:   0000000000000000 0000007cea63a000
0x0000007ceb3ff4a0:   00000226f091b120 00007fffa4d0dcda
0x0000007ceb3ff4b0:   00000226f0698420 00007fff7d240000 

Instructions: (pc=0x00007fff7d266587)
0x00007fff7d266487:   8b 4d 58 e8 8d cf ff ff 48 8b 4d 60 e8 84 cf ff
0x00007fff7d266497:   ff 48 8b 95 80 00 00 00 48 8b 8d 18 01 00 00 e8
0x00007fff7d2664a7:   76 c4 ff ff 33 d2 33 c9 e8 cc e1 ff ff 90 48 89
0x00007fff7d2664b7:   54 24 10 55 48 83 ec 20 48 8b ea 48 b8 00 00 00
0x00007fff7d2664c7:   00 00 00 00 00 48 83 c4 20 5d c3 cc 40 55 48 8b
0x00007fff7d2664d7:   ea 48 8b 01 33 c9 81 38 05 00 00 c0 0f 94 c1 8b
0x00007fff7d2664e7:   c1 5d c3 cc 40 55 48 83 ec 20 48 8b ea 8a 4d 40
0x00007fff7d2664f7:   48 83 c4 20 5d e9 73 d3 ff ff cc 40 55 48 83 ec
0x00007fff7d266507:   20 48 8b ea 8a 4d 20 e8 61 d3 ff ff 90 48 83 c4
0x00007fff7d266517:   20 5d c3 cc 40 55 48 83 ec 20 48 8b ea 48 83 c4
0x00007fff7d266527:   20 5d e9 c2 d1 ff ff cc 40 55 48 83 ec 30 48 8b
0x00007fff7d266537:   ea 48 8b 01 8b 10 48 89 4c 24 28 89 54 24 20 4c
0x00007fff7d266547:   8d 0d 63 d6 ff ff 4c 8b 45 70 8b 55 68 48 8b 4d
0x00007fff7d266557:   60 e8 03 d1 ff ff 90 48 83 c4 30 5d c3 cc cc cc
0x00007fff7d266567:   cc cc cc cc cc cc cc cc cc 40 53 48 83 ec 20 48
0x00007fff7d266577:   8b 1d 8b 34 01 00 48 85 db 74 16 e8 89 8f ff ff
0x00007fff7d266587:   4c 8b 00 48 8b d3 48 8b c8 41 ff 90 b0 00 00 00
0x00007fff7d266597:   90 48 83 c4 20 5b c3 cc cc 40 53 48 83 ec 20 48
0x00007fff7d2665a7:   8b 1d fb 35 01 00 48 85 db 74 57 b8 ff ff ff ff
0x00007fff7d2665b7:   f0 0f c1 43 10 83 f8 01 75 3d 48 85 db 74 38 48
0x00007fff7d2665c7:   8b 0b 48 85 c9 74 0d ff 15 d4 0c 00 00 48 c7 03
0x00007fff7d2665d7:   00 00 00 00 48 8b 4b 08 48 85 c9 74 0d e8 33 ce
0x00007fff7d2665e7:   ff ff 48 c7 43 08 00 00 00 00 ba 18 00 00 00 48
0x00007fff7d2665f7:   8b cb e8 1e ce ff ff 48 c7 05 9f 35 01 00 00 00
0x00007fff7d266607:   00 00 48 83 c4 20 5b c3 cc 40 53 48 83 ec 20 48
0x00007fff7d266617:   8b 1d 6b 35 01 00 48 85 db 74 57 b8 ff ff ff ff
0x00007fff7d266627:   f0 0f c1 43 10 83 f8 01 75 3d 48 85 db 74 38 48
0x00007fff7d266637:   8b 0b 48 85 c9 74 0d ff 15 64 0c 00 00 48 c7 03
0x00007fff7d266647:   00 00 00 00 48 8b 4b 08 48 85 c9 74 0d e8 c3 cd
0x00007fff7d266657:   ff ff 48 c7 43 08 00 00 00 00 ba 18 00 00 00 48
0x00007fff7d266667:   8b cb e8 ae cd ff ff 48 c7 05 0f 35 01 00 00 00
0x00007fff7d266677:   00 00 48 83 c4 20 5b c3 cc 40 53 48 83 ec 20 48 


Stack slot to memory mapping:

stack at sp + 0 slots: 0x0 is null
stack at sp + 1 slots: 0x00000226f0885190 points into unknown readable memory: 0xa4c7948d354df20a | 0a f2 4d 35 8d 94 c7 a4
stack at sp + 2 slots: 0x00007fff7d171fa0 jvm.dll
stack at sp + 3 slots: 0x00007fff7d263ed0 glass.dll
stack at sp + 4 slots: 0x00000226f0885198 points into unknown readable memory: 0x0000a98d35420de5 | e5 0d 42 35 8d a9 00 00
stack at sp + 5 slots: 0x00007fffa25242d6 ucrtbase.dll
stack at sp + 6 slots: 0x0000a98d35420de5 is an unknown value
stack at sp + 7 slots: 0x0000022600000000 is an unknown value

VM_Operation (0x0000007cee0fedd0): Exit, mode: safepoint, requested by thread 0x00000226f14c73e0


---------------  P R O C E S S  ---------------

Threads class SMR info:
_java_thread_list=0x00000226f1608010, length=20, elements={
0x000002268b9121f0, 0x00000226aa37d300, 0x00000226aa37e230, 0x00000226aa388380,
0x00000226aa38adf0, 0x00000226aa38b850, 0x00000226aa38c2b0, 0x00000226aa390540,
0x00000226aa390fe0, 0x00000226aa3de220, 0x00000226aa7cb700, 0x00000226f0733fd0,
0x00000226f03b0560, 0x00000226f091ef40, 0x00000226f0922b50, 0x00000226f1063a20,
0x00000226f10761c0, 0x0000022682491de0, 0x00000226f14c59a0, 0x00000226f14c73e0
}

Java Threads: ( => current thread )
  0x000002268b9121f0 JavaThread "main"                              [_thread_blocked, id=19656, stack(0x0000007ceac00000,0x0000007cead00000) (1024K)]
  0x00000226aa37d300 JavaThread "Reference Handler"          daemon [_thread_blocked, id=12860, stack(0x0000007ceb400000,0x0000007ceb500000) (1024K)]
  0x00000226aa37e230 JavaThread "Finalizer"                  daemon [_thread_blocked, id=16676, stack(0x0000007ceb500000,0x0000007ceb600000) (1024K)]
  0x00000226aa388380 JavaThread "Signal Dispatcher"          daemon [_thread_blocked, id=2744, stack(0x0000007ceb600000,0x0000007ceb700000) (1024K)]
  0x00000226aa38adf0 JavaThread "Attach Listener"            daemon [_thread_blocked, id=19840, stack(0x0000007ceb700000,0x0000007ceb800000) (1024K)]
  0x00000226aa38b850 JavaThread "Service Thread"             daemon [_thread_blocked, id=8524, stack(0x0000007ceb800000,0x0000007ceb900000) (1024K)]
  0x00000226aa38c2b0 JavaThread "Monitor Deflation Thread"   daemon [_thread_blocked, id=18584, stack(0x0000007ceb900000,0x0000007ceba00000) (1024K)]
  0x00000226aa390540 JavaThread "C2 CompilerThread0"         daemon [_thread_blocked, id=12416, stack(0x0000007ceba00000,0x0000007cebb00000) (1024K)]
  0x00000226aa390fe0 JavaThread "C1 CompilerThread0"         daemon [_thread_blocked, id=5860, stack(0x0000007cebb00000,0x0000007cebc00000) (1024K)]
  0x00000226aa3de220 JavaThread "Common-Cleaner"             daemon [_thread_blocked, id=20144, stack(0x0000007cebc00000,0x0000007cebd00000) (1024K)]
  0x00000226aa7cb700 JavaThread "Monitor Ctrl-Break"         daemon [_thread_in_native, id=18468, stack(0x0000007cebf00000,0x0000007cec000000) (1024K)]
  0x00000226f0733fd0 JavaThread "Notification Thread"        daemon [_thread_blocked, id=1432, stack(0x0000007cec000000,0x0000007cec100000) (1024K)]
  0x00000226f03b0560 JavaThread "QuantumRenderer-0"          daemon [_thread_blocked, id=11992, stack(0x0000007cec100000,0x0000007cec200000) (1024K)]
  0x00000226f091ef40 JavaThread "InvokeLaterDispatcher"      daemon [_thread_blocked, id=5468, stack(0x0000007cec200000,0x0000007cec300000) (1024K)]
  0x00000226f0922b50 JavaThread "JavaFX Application Thread"         [_thread_in_native, id=17584, stack(0x0000007cec300000,0x0000007cec400000) (1024K)]
  0x00000226f1063a20 JavaThread "JavaFX-Launcher"                   [_thread_blocked, id=4220, stack(0x0000007ced100000,0x0000007ced200000) (1024K)]
  0x00000226f10761c0 JavaThread "Thread-2"                   daemon [_thread_in_native, id=15108, stack(0x0000007ced000000,0x0000007ced100000) (1024K)]
  0x0000022682491de0 JavaThread "Prism Font Disposer"        daemon [_thread_blocked, id=4780, stack(0x0000007ceda00000,0x0000007cedb00000) (1024K)]
  0x00000226f14c59a0 JavaThread "Cleaner-0"                  daemon [_thread_blocked, id=6448, stack(0x0000007cedf00000,0x0000007cee000000) (1024K)]
  0x00000226f14c73e0 JavaThread "SIGINT handler"             daemon [_thread_blocked, id=18048, stack(0x0000007cee000000,0x0000007cee100000) (1024K)]
Total: 20

Other Threads:
=>0x00000226aa35fd70 VMThread "VM Thread"                           [id=12224, stack(0x0000007ceb300000,0x0000007ceb400000) (1024K)]
  0x000002268b96ee60 WorkerThread "GC Thread#0"                     [id=7004, stack(0x0000007cead00000,0x0000007ceae00000) (1024K)]
  0x00000226f103c480 WorkerThread "GC Thread#1"                     [id=12300, stack(0x0000007ced200000,0x0000007ced300000) (1024K)]
  0x00000226f1063050 WorkerThread "GC Thread#2"                     [id=16800, stack(0x0000007ced300000,0x0000007ced400000) (1024K)]
  0x00000226f10633f0 WorkerThread "GC Thread#3"                     [id=10852, stack(0x0000007ced400000,0x0000007ced500000) (1024K)]
  0x00000226f102aa40 WorkerThread "GC Thread#4"                     [id=18836, stack(0x0000007ced500000,0x0000007ced600000) (1024K)]
  0x00000226f102b1f0 WorkerThread "GC Thread#5"                     [id=19224, stack(0x0000007ced600000,0x0000007ced700000) (1024K)]
  0x00000226f12916a0 WorkerThread "GC Thread#6"                     [id=14572, stack(0x0000007cedb00000,0x0000007cedc00000) (1024K)]
  0x00000226f1290480 WorkerThread "GC Thread#7"                     [id=2056, stack(0x0000007cedc00000,0x0000007cedd00000) (1024K)]
  0x00000226f128fd40 WorkerThread "GC Thread#8"                     [id=12492, stack(0x0000007cedd00000,0x0000007cede00000) (1024K)]
  0x00000226f1290820 WorkerThread "GC Thread#9"                     [id=3228, stack(0x0000007cede00000,0x0000007cedf00000) (1024K)]
  0x000002268b97eb10 ConcurrentGCThread "G1 Main Marker"            terminated
  0x000002268b97fdb0 WorkerThread "G1 Conc#0"                       [id=7768, stack(0x0000007ceaf00000,0x0000007ceb000000) (1024K)]
  0x000002268b9ee0b0 ConcurrentGCThread "G1 Refine#0"               terminated
  0x00000226aa2174f0 ConcurrentGCThread "G1 Service"                terminated
Total: 15

Threads with active compile tasks:
Total: 0

VM state: at safepoint (shutting down)

VM Mutex/Monitor currently owned by a thread:  ([mutex/lock_event])
[0x00007fff7d14a5f8] Threads_lock - owner thread: 0x00000226aa35fd70
[0x00007fff7d14a6f8] Heap_lock - owner thread: 0x00000226f14c73e0

Heap address: 0x0000000724e00000, size: 3506 MB, Compressed Oops mode: Zero based, Oop shift amount: 3

CDS archive(s) mapped at: [0x00000226ab000000-0x00000226abc90000-0x00000226abc90000), size 13172736, SharedBaseAddress: 0x00000226ab000000, ArchiveRelocationMode: 1.
Compressed class space mapped at: 0x00000226ac000000-0x00000226ec000000, reserved size: 1073741824
Narrow klass base: 0x00000226ab000000, Narrow klass shift: 0, Narrow klass range: 0x100000000

GC Precious Log:
 CardTable entry size: 512
 Card Set container configuration: InlinePtr #cards 4 size 8 Array Of Cards #cards 16 size 48 Howl #buckets 8 coarsen threshold 3686 Howl Bitmap #cards 512 size 80 coarsen threshold 460 Card regions per heap region 1 cards per card region 4096
 CPUs: 12 total, 12 available
 Memory: 14020M
 Large Page Support: Disabled
 NUMA Support: Disabled
 Compressed Oops: Enabled (Zero based)
 Heap Region Size: 2M
 Heap Min Capacity: 8M
 Heap Initial Capacity: 220M
 Heap Max Capacity: 3506M
 Pre-touch: Disabled
 Parallel Workers: 10
 Concurrent Workers: 3
 Concurrent Refinement Workers: 10
 Periodic GC: Disabled

Heap:
 garbage-first heap   total 225280K, used 28394K [0x0000000724e00000, 0x0000000800000000)
  region size 2048K, 14 young (28672K), 3 survivors (6144K)
 Metaspace       used 16709K, committed 17088K, reserved 1114112K
  class space    used 2477K, committed 2624K, reserved 1048576K

Heap Regions: E=young(eden), S=young(survivor), O=old, HS=humongous(starts), HC=humongous(continues), CS=collection set, F=free, TAMS=top-at-mark-start, PB=parsable bottom
|   0|0x0000000724e00000, 0x0000000725000000, 0x0000000725000000|100%|HS|  |TAMS 0x0000000724e00000| PB 0x0000000724e00000| Complete 
|   1|0x0000000725000000, 0x0000000725000000, 0x0000000725200000|  0%| F|  |TAMS 0x0000000725000000| PB 0x0000000725000000| Untracked 
|   2|0x0000000725200000, 0x0000000725200000, 0x0000000725400000|  0%| F|  |TAMS 0x0000000725200000| PB 0x0000000725200000| Untracked 
|   3|0x0000000725400000, 0x0000000725400000, 0x0000000725600000|  0%| F|  |TAMS 0x0000000725400000| PB 0x0000000725400000| Untracked 
|   4|0x0000000725600000, 0x0000000725600000, 0x0000000725800000|  0%| F|  |TAMS 0x0000000725600000| PB 0x0000000725600000| Untracked 
|   5|0x0000000725800000, 0x0000000725800000, 0x0000000725a00000|  0%| F|  |TAMS 0x0000000725800000| PB 0x0000000725800000| Untracked 
|   6|0x0000000725a00000, 0x0000000725a00000, 0x0000000725c00000|  0%| F|  |TAMS 0x0000000725a00000| PB 0x0000000725a00000| Untracked 
|   7|0x0000000725c00000, 0x0000000725c00000, 0x0000000725e00000|  0%| F|  |TAMS 0x0000000725c00000| PB 0x0000000725c00000| Untracked 
|   8|0x0000000725e00000, 0x0000000725e00000, 0x0000000726000000|  0%| F|  |TAMS 0x0000000725e00000| PB 0x0000000725e00000| Untracked 
|   9|0x0000000726000000, 0x0000000726000000, 0x0000000726200000|  0%| F|  |TAMS 0x0000000726000000| PB 0x0000000726000000| Untracked 
|  10|0x0000000726200000, 0x0000000726200000, 0x0000000726400000|  0%| F|  |TAMS 0x0000000726200000| PB 0x0000000726200000| Untracked 
|  11|0x0000000726400000, 0x0000000726400000, 0x0000000726600000|  0%| F|  |TAMS 0x0000000726400000| PB 0x0000000726400000| Untracked 
|  12|0x0000000726600000, 0x0000000726600000, 0x0000000726800000|  0%| F|  |TAMS 0x0000000726600000| PB 0x0000000726600000| Untracked 
|  13|0x0000000726800000, 0x0000000726800000, 0x0000000726a00000|  0%| F|  |TAMS 0x0000000726800000| PB 0x0000000726800000| Untracked 
|  14|0x0000000726a00000, 0x0000000726a00000, 0x0000000726c00000|  0%| F|  |TAMS 0x0000000726a00000| PB 0x0000000726a00000| Untracked 
|  15|0x0000000726c00000, 0x0000000726c00000, 0x0000000726e00000|  0%| F|  |TAMS 0x0000000726c00000| PB 0x0000000726c00000| Untracked 
|  16|0x0000000726e00000, 0x0000000726e00000, 0x0000000727000000|  0%| F|  |TAMS 0x0000000726e00000| PB 0x0000000726e00000| Untracked 
|  17|0x0000000727000000, 0x0000000727000000, 0x0000000727200000|  0%| F|  |TAMS 0x0000000727000000| PB 0x0000000727000000| Untracked 
|  18|0x0000000727200000, 0x0000000727200000, 0x0000000727400000|  0%| F|  |TAMS 0x0000000727200000| PB 0x0000000727200000| Untracked 
|  19|0x0000000727400000, 0x0000000727400000, 0x0000000727600000|  0%| F|  |TAMS 0x0000000727400000| PB 0x0000000727400000| Untracked 
|  20|0x0000000727600000, 0x0000000727600000, 0x0000000727800000|  0%| F|  |TAMS 0x0000000727600000| PB 0x0000000727600000| Untracked 
|  21|0x0000000727800000, 0x0000000727800000, 0x0000000727a00000|  0%| F|  |TAMS 0x0000000727800000| PB 0x0000000727800000| Untracked 
|  22|0x0000000727a00000, 0x0000000727a00000, 0x0000000727c00000|  0%| F|  |TAMS 0x0000000727a00000| PB 0x0000000727a00000| Untracked 
|  23|0x0000000727c00000, 0x0000000727c00000, 0x0000000727e00000|  0%| F|  |TAMS 0x0000000727c00000| PB 0x0000000727c00000| Untracked 
|  24|0x0000000727e00000, 0x0000000727e00000, 0x0000000728000000|  0%| F|  |TAMS 0x0000000727e00000| PB 0x0000000727e00000| Untracked 
|  25|0x0000000728000000, 0x0000000728000000, 0x0000000728200000|  0%| F|  |TAMS 0x0000000728000000| PB 0x0000000728000000| Untracked 
|  26|0x0000000728200000, 0x0000000728200000, 0x0000000728400000|  0%| F|  |TAMS 0x0000000728200000| PB 0x0000000728200000| Untracked 
|  27|0x0000000728400000, 0x0000000728400000, 0x0000000728600000|  0%| F|  |TAMS 0x0000000728400000| PB 0x0000000728400000| Untracked 
|  28|0x0000000728600000, 0x0000000728600000, 0x0000000728800000|  0%| F|  |TAMS 0x0000000728600000| PB 0x0000000728600000| Untracked 
|  29|0x0000000728800000, 0x0000000728800000, 0x0000000728a00000|  0%| F|  |TAMS 0x0000000728800000| PB 0x0000000728800000| Untracked 
|  30|0x0000000728a00000, 0x0000000728a00000, 0x0000000728c00000|  0%| F|  |TAMS 0x0000000728a00000| PB 0x0000000728a00000| Untracked 
|  31|0x0000000728c00000, 0x0000000728c00000, 0x0000000728e00000|  0%| F|  |TAMS 0x0000000728c00000| PB 0x0000000728c00000| Untracked 
|  32|0x0000000728e00000, 0x0000000728e00000, 0x0000000729000000|  0%| F|  |TAMS 0x0000000728e00000| PB 0x0000000728e00000| Untracked 
|  33|0x0000000729000000, 0x0000000729000000, 0x0000000729200000|  0%| F|  |TAMS 0x0000000729000000| PB 0x0000000729000000| Untracked 
|  34|0x0000000729200000, 0x0000000729200000, 0x0000000729400000|  0%| F|  |TAMS 0x0000000729200000| PB 0x0000000729200000| Untracked 
|  35|0x0000000729400000, 0x0000000729400000, 0x0000000729600000|  0%| F|  |TAMS 0x0000000729400000| PB 0x0000000729400000| Untracked 
|  36|0x0000000729600000, 0x0000000729600000, 0x0000000729800000|  0%| F|  |TAMS 0x0000000729600000| PB 0x0000000729600000| Untracked 
|  37|0x0000000729800000, 0x0000000729800000, 0x0000000729a00000|  0%| F|  |TAMS 0x0000000729800000| PB 0x0000000729800000| Untracked 
|  38|0x0000000729a00000, 0x0000000729a00000, 0x0000000729c00000|  0%| F|  |TAMS 0x0000000729a00000| PB 0x0000000729a00000| Untracked 
|  39|0x0000000729c00000, 0x0000000729c00000, 0x0000000729e00000|  0%| F|  |TAMS 0x0000000729c00000| PB 0x0000000729c00000| Untracked 
|  40|0x0000000729e00000, 0x0000000729e00000, 0x000000072a000000|  0%| F|  |TAMS 0x0000000729e00000| PB 0x0000000729e00000| Untracked 
|  41|0x000000072a000000, 0x000000072a000000, 0x000000072a200000|  0%| F|  |TAMS 0x000000072a000000| PB 0x000000072a000000| Untracked 
|  42|0x000000072a200000, 0x000000072a200000, 0x000000072a400000|  0%| F|  |TAMS 0x000000072a200000| PB 0x000000072a200000| Untracked 
|  43|0x000000072a400000, 0x000000072a400000, 0x000000072a600000|  0%| F|  |TAMS 0x000000072a400000| PB 0x000000072a400000| Untracked 
|  44|0x000000072a600000, 0x000000072a600000, 0x000000072a800000|  0%| F|  |TAMS 0x000000072a600000| PB 0x000000072a600000| Untracked 
|  45|0x000000072a800000, 0x000000072a800000, 0x000000072aa00000|  0%| F|  |TAMS 0x000000072a800000| PB 0x000000072a800000| Untracked 
|  46|0x000000072aa00000, 0x000000072aa00000, 0x000000072ac00000|  0%| F|  |TAMS 0x000000072aa00000| PB 0x000000072aa00000| Untracked 
|  47|0x000000072ac00000, 0x000000072ac00000, 0x000000072ae00000|  0%| F|  |TAMS 0x000000072ac00000| PB 0x000000072ac00000| Untracked 
|  48|0x000000072ae00000, 0x000000072ae00000, 0x000000072b000000|  0%| F|  |TAMS 0x000000072ae00000| PB 0x000000072ae00000| Untracked 
|  49|0x000000072b000000, 0x000000072b000000, 0x000000072b200000|  0%| F|  |TAMS 0x000000072b000000| PB 0x000000072b000000| Untracked 
|  50|0x000000072b200000, 0x000000072b200000, 0x000000072b400000|  0%| F|  |TAMS 0x000000072b200000| PB 0x000000072b200000| Untracked 
|  51|0x000000072b400000, 0x000000072b400000, 0x000000072b600000|  0%| F|  |TAMS 0x000000072b400000| PB 0x000000072b400000| Untracked 
|  52|0x000000072b600000, 0x000000072b600000, 0x000000072b800000|  0%| F|  |TAMS 0x000000072b600000| PB 0x000000072b600000| Untracked 
|  53|0x000000072b800000, 0x000000072b800000, 0x000000072ba00000|  0%| F|  |TAMS 0x000000072b800000| PB 0x000000072b800000| Untracked 
|  54|0x000000072ba00000, 0x000000072ba00000, 0x000000072bc00000|  0%| F|  |TAMS 0x000000072ba00000| PB 0x000000072ba00000| Untracked 
|  55|0x000000072bc00000, 0x000000072bc00000, 0x000000072be00000|  0%| F|  |TAMS 0x000000072bc00000| PB 0x000000072bc00000| Untracked 
|  56|0x000000072be00000, 0x000000072be00000, 0x000000072c000000|  0%| F|  |TAMS 0x000000072be00000| PB 0x000000072be00000| Untracked 
|  57|0x000000072c000000, 0x000000072c000000, 0x000000072c200000|  0%| F|  |TAMS 0x000000072c000000| PB 0x000000072c000000| Untracked 
|  58|0x000000072c200000, 0x000000072c200000, 0x000000072c400000|  0%| F|  |TAMS 0x000000072c200000| PB 0x000000072c200000| Untracked 
|  59|0x000000072c400000, 0x000000072c400000, 0x000000072c600000|  0%| F|  |TAMS 0x000000072c400000| PB 0x000000072c400000| Untracked 
|  60|0x000000072c600000, 0x000000072c600000, 0x000000072c800000|  0%| F|  |TAMS 0x000000072c600000| PB 0x000000072c600000| Untracked 
|  61|0x000000072c800000, 0x000000072c800000, 0x000000072ca00000|  0%| F|  |TAMS 0x000000072c800000| PB 0x000000072c800000| Untracked 
|  62|0x000000072ca00000, 0x000000072ca00000, 0x000000072cc00000|  0%| F|  |TAMS 0x000000072ca00000| PB 0x000000072ca00000| Untracked 
|  63|0x000000072cc00000, 0x000000072cc00000, 0x000000072ce00000|  0%| F|  |TAMS 0x000000072cc00000| PB 0x000000072cc00000| Untracked 
|  64|0x000000072ce00000, 0x000000072ce00000, 0x000000072d000000|  0%| F|  |TAMS 0x000000072ce00000| PB 0x000000072ce00000| Untracked 
|  65|0x000000072d000000, 0x000000072d000000, 0x000000072d200000|  0%| F|  |TAMS 0x000000072d000000| PB 0x000000072d000000| Untracked 
|  66|0x000000072d200000, 0x000000072d200000, 0x000000072d400000|  0%| F|  |TAMS 0x000000072d200000| PB 0x000000072d200000| Untracked 
|  67|0x000000072d400000, 0x000000072d400000, 0x000000072d600000|  0%| F|  |TAMS 0x000000072d400000| PB 0x000000072d400000| Untracked 
|  68|0x000000072d600000, 0x000000072d600000, 0x000000072d800000|  0%| F|  |TAMS 0x000000072d600000| PB 0x000000072d600000| Untracked 
|  69|0x000000072d800000, 0x000000072d800000, 0x000000072da00000|  0%| F|  |TAMS 0x000000072d800000| PB 0x000000072d800000| Untracked 
|  70|0x000000072da00000, 0x000000072da00000, 0x000000072dc00000|  0%| F|  |TAMS 0x000000072da00000| PB 0x000000072da00000| Untracked 
|  71|0x000000072dc00000, 0x000000072dc00000, 0x000000072de00000|  0%| F|  |TAMS 0x000000072dc00000| PB 0x000000072dc00000| Untracked 
|  72|0x000000072de00000, 0x000000072de00000, 0x000000072e000000|  0%| F|  |TAMS 0x000000072de00000| PB 0x000000072de00000| Untracked 
|  73|0x000000072e000000, 0x000000072e000000, 0x000000072e200000|  0%| F|  |TAMS 0x000000072e000000| PB 0x000000072e000000| Untracked 
|  74|0x000000072e200000, 0x000000072e200000, 0x000000072e400000|  0%| F|  |TAMS 0x000000072e200000| PB 0x000000072e200000| Untracked 
|  75|0x000000072e400000, 0x000000072e400000, 0x000000072e600000|  0%| F|  |TAMS 0x000000072e400000| PB 0x000000072e400000| Untracked 
|  76|0x000000072e600000, 0x000000072e600000, 0x000000072e800000|  0%| F|  |TAMS 0x000000072e600000| PB 0x000000072e600000| Untracked 
|  77|0x000000072e800000, 0x000000072e800000, 0x000000072ea00000|  0%| F|  |TAMS 0x000000072e800000| PB 0x000000072e800000| Untracked 
|  78|0x000000072ea00000, 0x000000072ea00000, 0x000000072ec00000|  0%| F|  |TAMS 0x000000072ea00000| PB 0x000000072ea00000| Untracked 
|  79|0x000000072ec00000, 0x000000072ec00000, 0x000000072ee00000|  0%| F|  |TAMS 0x000000072ec00000| PB 0x000000072ec00000| Untracked 
|  80|0x000000072ee00000, 0x000000072ee00000, 0x000000072f000000|  0%| F|  |TAMS 0x000000072ee00000| PB 0x000000072ee00000| Untracked 
|  81|0x000000072f000000, 0x000000072f000000, 0x000000072f200000|  0%| F|  |TAMS 0x000000072f000000| PB 0x000000072f000000| Untracked 
|  82|0x000000072f200000, 0x000000072f200000, 0x000000072f400000|  0%| F|  |TAMS 0x000000072f200000| PB 0x000000072f200000| Untracked 
|  83|0x000000072f400000, 0x000000072f400000, 0x000000072f600000|  0%| F|  |TAMS 0x000000072f400000| PB 0x000000072f400000| Untracked 
|  84|0x000000072f600000, 0x000000072f600000, 0x000000072f800000|  0%| F|  |TAMS 0x000000072f600000| PB 0x000000072f600000| Untracked 
|  85|0x000000072f800000, 0x000000072f800000, 0x000000072fa00000|  0%| F|  |TAMS 0x000000072f800000| PB 0x000000072f800000| Untracked 
|  86|0x000000072fa00000, 0x000000072fbbaaa0, 0x000000072fc00000| 86%| S|CS|TAMS 0x000000072fa00000| PB 0x000000072fa00000| Complete 
|  87|0x000000072fc00000, 0x000000072fe00000, 0x000000072fe00000|100%| S|CS|TAMS 0x000000072fc00000| PB 0x000000072fc00000| Complete 
|  88|0x000000072fe00000, 0x0000000730000000, 0x0000000730000000|100%| S|CS|TAMS 0x000000072fe00000| PB 0x000000072fe00000| Complete 
|  89|0x0000000730000000, 0x0000000730000000, 0x0000000730200000|  0%| F|  |TAMS 0x0000000730000000| PB 0x0000000730000000| Untracked 
|  90|0x0000000730200000, 0x0000000730200000, 0x0000000730400000|  0%| F|  |TAMS 0x0000000730200000| PB 0x0000000730200000| Untracked 
|  91|0x0000000730400000, 0x0000000730400000, 0x0000000730600000|  0%| F|  |TAMS 0x0000000730400000| PB 0x0000000730400000| Untracked 
|  92|0x0000000730600000, 0x0000000730600000, 0x0000000730800000|  0%| F|  |TAMS 0x0000000730600000| PB 0x0000000730600000| Untracked 
|  93|0x0000000730800000, 0x0000000730800000, 0x0000000730a00000|  0%| F|  |TAMS 0x0000000730800000| PB 0x0000000730800000| Untracked 
|  94|0x0000000730a00000, 0x0000000730a00000, 0x0000000730c00000|  0%| F|  |TAMS 0x0000000730a00000| PB 0x0000000730a00000| Untracked 
|  95|0x0000000730c00000, 0x0000000730c00000, 0x0000000730e00000|  0%| F|  |TAMS 0x0000000730c00000| PB 0x0000000730c00000| Untracked 
|  96|0x0000000730e00000, 0x0000000730e00000, 0x0000000731000000|  0%| F|  |TAMS 0x0000000730e00000| PB 0x0000000730e00000| Untracked 
|  97|0x0000000731000000, 0x0000000731000000, 0x0000000731200000|  0%| F|  |TAMS 0x0000000731000000| PB 0x0000000731000000| Untracked 
|  98|0x0000000731200000, 0x0000000731200000, 0x0000000731400000|  0%| F|  |TAMS 0x0000000731200000| PB 0x0000000731200000| Untracked 
|  99|0x0000000731400000, 0x0000000731543158, 0x0000000731600000| 63%| E|  |TAMS 0x0000000731400000| PB 0x0000000731400000| Complete 
| 100|0x0000000731600000, 0x0000000731800000, 0x0000000731800000|100%| E|CS|TAMS 0x0000000731600000| PB 0x0000000731600000| Complete 
| 101|0x0000000731800000, 0x0000000731a00000, 0x0000000731a00000|100%| E|CS|TAMS 0x0000000731800000| PB 0x0000000731800000| Complete 
| 102|0x0000000731a00000, 0x0000000731c00000, 0x0000000731c00000|100%| E|CS|TAMS 0x0000000731a00000| PB 0x0000000731a00000| Complete 
| 103|0x0000000731c00000, 0x0000000731e00000, 0x0000000731e00000|100%| E|CS|TAMS 0x0000000731c00000| PB 0x0000000731c00000| Complete 
| 104|0x0000000731e00000, 0x0000000732000000, 0x0000000732000000|100%| E|CS|TAMS 0x0000000731e00000| PB 0x0000000731e00000| Complete 
| 105|0x0000000732000000, 0x0000000732200000, 0x0000000732200000|100%| E|CS|TAMS 0x0000000732000000| PB 0x0000000732000000| Complete 
| 106|0x0000000732200000, 0x0000000732400000, 0x0000000732400000|100%| E|CS|TAMS 0x0000000732200000| PB 0x0000000732200000| Complete 
| 107|0x0000000732400000, 0x0000000732600000, 0x0000000732600000|100%| E|CS|TAMS 0x0000000732400000| PB 0x0000000732400000| Complete 
| 108|0x0000000732600000, 0x0000000732800000, 0x0000000732800000|100%| E|CS|TAMS 0x0000000732600000| PB 0x0000000732600000| Complete 
| 109|0x0000000732800000, 0x0000000732a00000, 0x0000000732a00000|100%| E|CS|TAMS 0x0000000732800000| PB 0x0000000732800000| Complete 

Card table byte_map: [0x00000226a39a0000,0x00000226a4080000] _byte_map_base: 0x00000226a0079000

Marking Bits: (CMBitMap*) 0x000002268b96f560
 Bits: [0x00000226a4080000, 0x00000226a7748000)

Polling page: 0x000002268b0f0000

Metaspace:

Usage:
  Non-class:     13.90 MB used.
      Class:      2.42 MB used.
       Both:     16.32 MB used.

Virtual space:
  Non-class space:       64.00 MB reserved,      14.12 MB ( 22%) committed,  1 nodes.
      Class space:        1.00 GB reserved,       2.56 MB ( <1%) committed,  1 nodes.
             Both:        1.06 GB reserved,      16.69 MB (  2%) committed. 

Chunk freelists:
   Non-Class:  1.47 MB
       Class:  13.38 MB
        Both:  14.85 MB

MaxMetaspaceSize: unlimited
CompressedClassSpaceSize: 1.00 GB
Initial GC threshold: 21.00 MB
Current GC threshold: 21.00 MB
CDS: on
 - commit_granule_bytes: 65536.
 - commit_granule_words: 8192.
 - virtual_space_node_default_size: 8388608.
 - enlarge_chunks_in_place: 1.
 - use_allocation_guard: 0.


Internal statistics:

num_allocs_failed_limit: 0.
num_arena_births: 402.
num_arena_deaths: 0.
num_vsnodes_births: 2.
num_vsnodes_deaths: 0.
num_space_committed: 267.
num_space_uncommitted: 0.
num_chunks_returned_to_freelist: 0.
num_chunks_taken_from_freelist: 928.
num_chunk_merges: 0.
num_chunk_splits: 643.
num_chunks_enlarged: 482.
num_inconsistent_stats: 0.

CodeHeap 'non-profiled nmethods': size=120000Kb used=1133Kb max_used=1133Kb free=118866Kb
 bounds [0x000002269b840000, 0x000002269bab0000, 0x00000226a2d70000]
CodeHeap 'profiled nmethods': size=120000Kb used=5245Kb max_used=5245Kb free=114754Kb
 bounds [0x0000022693d70000, 0x0000022694290000, 0x000002269b2a0000]
CodeHeap 'non-nmethods': size=5760Kb used=1798Kb max_used=1834Kb free=3961Kb
 bounds [0x000002269b2a0000, 0x000002269b510000, 0x000002269b840000]
 total_blobs=3657 nmethods=2842 adapters=719
 compilation: enabled
              stopped_count=0, restarted_count=0
 full_count=0

Compilation events (20 events):
Event: 4.802 Thread 0x00000226aa390fe0 2835       3       com.sun.javafx.event.BasicEventDispatcher::dispatchBubblingEvent (2 bytes)
Event: 4.803 Thread 0x00000226aa390fe0 nmethod 2835 0x000002269428b390 code [0x000002269428b520, 0x000002269428b630]
Event: 4.803 Thread 0x00000226aa390fe0 2836       3       javafx.beans.property.BooleanPropertyBase::fireValueChangedEvent (8 bytes)
Event: 4.803 Thread 0x00000226aa390fe0 nmethod 2836 0x000002269428b710 code [0x000002269428b8c0, 0x000002269428bb30]
Event: 4.837 Thread 0x00000226aa390fe0 2837       3       com.sun.javafx.scene.NodeHelper::pickNodeLocalImpl (12 bytes)
Event: 4.837 Thread 0x00000226aa390fe0 nmethod 2837 0x000002269428bc10 code [0x000002269428bde0, 0x000002269428c058]
Event: 4.837 Thread 0x00000226aa390fe0 2838       3       javafx.scene.Node$1::doPickNodeLocal (7 bytes)
Event: 4.838 Thread 0x00000226aa390fe0 nmethod 2838 0x000002269428c210 code [0x000002269428c3c0, 0x000002269428c578]
Event: 4.844 Thread 0x00000226aa390fe0 2839       3       com.sun.javafx.scene.KeyboardShortcutsHandler::dispatchBubblingEvent (60 bytes)
Event: 4.844 Thread 0x00000226aa390fe0 nmethod 2839 0x000002269428c690 code [0x000002269428c880, 0x000002269428cf98]
Event: 5.132 Thread 0x00000226aa390fe0 2840       3       com.sun.javafx.event.EventRedirector::dispatchCapturingEvent (52 bytes)
Event: 5.132 Thread 0x00000226aa390fe0 nmethod 2840 0x000002269428d110 code [0x000002269428d300, 0x000002269428d998]
Event: 5.132 Thread 0x00000226aa390fe0 2841       3       com.sun.javafx.event.EventRedirector::redirectEvent (97 bytes)
Event: 5.133 Thread 0x00000226aa390fe0 nmethod 2841 0x000002269428db90 code [0x000002269428de00, 0x000002269428e950]
Event: 5.133 Thread 0x00000226aa390fe0 2842       3       java.util.concurrent.CopyOnWriteArrayList::isEmpty (13 bytes)
Event: 5.133 Thread 0x00000226aa390fe0 nmethod 2842 0x000002269428ec90 code [0x000002269428ee40, 0x000002269428f040]
Event: 5.133 Thread 0x00000226aa390fe0 2843       3       com.sun.javafx.event.BasicEventDispatcher::dispatchCapturingEvent (2 bytes)
Event: 5.133 Thread 0x00000226aa390fe0 nmethod 2843 0x000002269428f110 code [0x000002269428f2a0, 0x000002269428f3b0]
Event: 13.142 Thread 0x00000226aa390fe0 2844       1       javafx.scene.input.KeyCode::getCode (5 bytes)
Event: 13.142 Thread 0x00000226aa390fe0 nmethod 2844 0x000002269b95b210 code [0x000002269b95b3a0, 0x000002269b95b468]

GC Heap History (4 events):
Event: 0.402 GC heap before
{Heap before GC invocations=0 (full 0):
 garbage-first heap   total 225280K, used 22528K [0x0000000724e00000, 0x0000000800000000)
  region size 2048K, 11 young (22528K), 0 survivors (0K)
 Metaspace       used 4732K, committed 4928K, reserved 1114112K
  class space    used 507K, committed 640K, reserved 1048576K
}
Event: 0.404 GC heap after
{Heap after GC invocations=1 (full 0):
 garbage-first heap   total 225280K, used 2581K [0x0000000724e00000, 0x0000000800000000)
  region size 2048K, 2 young (4096K), 2 survivors (4096K)
 Metaspace       used 4732K, committed 4928K, reserved 1114112K
  class space    used 507K, committed 640K, reserved 1048576K
}
Event: 0.761 GC heap before
{Heap before GC invocations=1 (full 0):
 garbage-first heap   total 225280K, used 39445K [0x0000000724e00000, 0x0000000800000000)
  region size 2048K, 21 young (43008K), 2 survivors (4096K)
 Metaspace       used 13273K, committed 13568K, reserved 1114112K
  class space    used 2048K, committed 2176K, reserved 1048576K
}
Event: 0.764 GC heap after
{Heap after GC invocations=2 (full 0):
 garbage-first heap   total 225280K, used 5866K [0x0000000724e00000, 0x0000000800000000)
  region size 2048K, 3 young (6144K), 3 survivors (6144K)
 Metaspace       used 13273K, committed 13568K, reserved 1114112K
  class space    used 2048K, committed 2176K, reserved 1048576K
}

Dll operation events (20 events):
Event: 0.233 Loaded shared library C:\Users\Nursultan\.openjfx\cache\21-ea+null\amd64\api-ms-win-crt-locale-l1-1-0.dll
Event: 0.234 Loaded shared library C:\Users\Nursultan\.openjfx\cache\21-ea+null\amd64\api-ms-win-crt-math-l1-1-0.dll
Event: 0.236 Loaded shared library C:\Users\Nursultan\.openjfx\cache\21-ea+null\amd64\api-ms-win-crt-multibyte-l1-1-0.dll
Event: 0.237 Loaded shared library C:\Users\Nursultan\.openjfx\cache\21-ea+null\amd64\api-ms-win-crt-private-l1-1-0.dll
Event: 0.239 Loaded shared library C:\Users\Nursultan\.openjfx\cache\21-ea+null\amd64\api-ms-win-crt-process-l1-1-0.dll
Event: 0.240 Loaded shared library C:\Users\Nursultan\.openjfx\cache\21-ea+null\amd64\api-ms-win-crt-runtime-l1-1-0.dll
Event: 0.242 Loaded shared library C:\Users\Nursultan\.openjfx\cache\21-ea+null\amd64\api-ms-win-crt-stdio-l1-1-0.dll
Event: 0.243 Loaded shared library C:\Users\Nursultan\.openjfx\cache\21-ea+null\amd64\api-ms-win-crt-string-l1-1-0.dll
Event: 0.244 Loaded shared library C:\Users\Nursultan\.openjfx\cache\21-ea+null\amd64\api-ms-win-crt-time-l1-1-0.dll
Event: 0.246 Loaded shared library C:\Users\Nursultan\.openjfx\cache\21-ea+null\amd64\api-ms-win-crt-utility-l1-1-0.dll
Event: 0.254 Loaded shared library C:\Users\Nursultan\.openjfx\cache\21-ea+null\amd64\ucrtbase.dll
Event: 0.257 Loaded shared library C:\Users\Nursultan\.openjfx\cache\21-ea+null\amd64\vcruntime140.dll
Event: 0.258 Loaded shared library C:\Users\Nursultan\.openjfx\cache\21-ea+null\amd64\vcruntime140_1.dll
Event: 0.264 Loaded shared library C:\Users\Nursultan\.openjfx\cache\21-ea+null\amd64\msvcp140.dll
Event: 0.266 Loaded shared library C:\Users\Nursultan\.openjfx\cache\21-ea+null\amd64\msvcp140_1.dll
Event: 0.269 Loaded shared library C:\Users\Nursultan\.openjfx\cache\21-ea+null\amd64\msvcp140_2.dll
Event: 0.293 Loaded shared library C:\Users\Nursultan\.openjfx\cache\21-ea+null\amd64\prism_d3d.dll
Event: 0.321 Loaded shared library C:\Users\Nursultan\.openjfx\cache\21-ea+null\amd64\glass.dll
Event: 0.417 Loaded shared library C:\Users\Nursultan\.jdks\openjdk-21.0.1\bin\jimage.dll
Event: 0.518 Loaded shared library C:\Users\Nursultan\.openjfx\cache\21-ea+null\amd64\javafx_font.dll

Deoptimization events (20 events):
Event: 4.210 Thread 0x00000226f0922b50 Uncommon trap: trap_request=0xffffffde fr.pc=0x000002269b901be4 relative=0x00000000000009a4
Event: 4.210 Thread 0x00000226f0922b50 Uncommon trap: reason=class_check action=maybe_recompile pc=0x000002269b901be4 method=java.util.HashMap.putVal(ILjava/lang/Object;Ljava/lang/Object;ZZ)Ljava/lang/Object; @ 91 c2
Event: 4.210 Thread 0x00000226f0922b50 DEOPT PACKING pc=0x000002269b901be4 sp=0x0000007cec3fb630
Event: 4.210 Thread 0x00000226f0922b50 DEOPT UNPACKING pc=0x000002269b2f46a2 sp=0x0000007cec3fb5d0 mode 2
Event: 4.266 Thread 0x00000226f0922b50 Uncommon trap: trap_request=0xffffffde fr.pc=0x000002269b84b0e8 relative=0x00000000000000c8
Event: 4.266 Thread 0x00000226f0922b50 Uncommon trap: reason=class_check action=maybe_recompile pc=0x000002269b84b0e8 method=java.lang.Character.codePointAt(Ljava/lang/CharSequence;I)I @ 2 c2
Event: 4.266 Thread 0x00000226f0922b50 DEOPT PACKING pc=0x000002269b84b0e8 sp=0x0000007cec3fab70
Event: 4.266 Thread 0x00000226f0922b50 DEOPT UNPACKING pc=0x000002269b2f46a2 sp=0x0000007cec3fab08 mode 2
Event: 4.266 Thread 0x00000226f0922b50 Uncommon trap: trap_request=0xffffffde fr.pc=0x000002269b84b0e8 relative=0x00000000000000c8
Event: 4.266 Thread 0x00000226f0922b50 Uncommon trap: reason=class_check action=maybe_recompile pc=0x000002269b84b0e8 method=java.lang.Character.codePointAt(Ljava/lang/CharSequence;I)I @ 2 c2
Event: 4.266 Thread 0x00000226f0922b50 DEOPT PACKING pc=0x000002269b84b0e8 sp=0x0000007cec3fab70
Event: 4.266 Thread 0x00000226f0922b50 DEOPT UNPACKING pc=0x000002269b2f46a2 sp=0x0000007cec3fab08 mode 2
Event: 4.266 Thread 0x00000226f0922b50 Uncommon trap: trap_request=0xffffffde fr.pc=0x000002269b84b0e8 relative=0x00000000000000c8
Event: 4.266 Thread 0x00000226f0922b50 Uncommon trap: reason=class_check action=maybe_recompile pc=0x000002269b84b0e8 method=java.lang.Character.codePointAt(Ljava/lang/CharSequence;I)I @ 2 c2
Event: 4.266 Thread 0x00000226f0922b50 DEOPT PACKING pc=0x000002269b84b0e8 sp=0x0000007cec3fab70
Event: 4.266 Thread 0x00000226f0922b50 DEOPT UNPACKING pc=0x000002269b2f46a2 sp=0x0000007cec3fab08 mode 2
Event: 4.266 Thread 0x00000226f0922b50 Uncommon trap: trap_request=0xffffffde fr.pc=0x000002269b84b0e8 relative=0x00000000000000c8
Event: 4.266 Thread 0x00000226f0922b50 Uncommon trap: reason=class_check action=maybe_recompile pc=0x000002269b84b0e8 method=java.lang.Character.codePointAt(Ljava/lang/CharSequence;I)I @ 2 c2
Event: 4.266 Thread 0x00000226f0922b50 DEOPT PACKING pc=0x000002269b84b0e8 sp=0x0000007cec3fab70
Event: 4.266 Thread 0x00000226f0922b50 DEOPT UNPACKING pc=0x000002269b2f46a2 sp=0x0000007cec3fab08 mode 2

Classes loaded (20 events):
Event: 2.822 Loading class java/lang/Short$ShortCache
Event: 2.822 Loading class java/lang/Short$ShortCache done
Event: 4.261 Loading class java/util/BitSet
Event: 4.261 Loading class java/util/BitSet done
Event: 4.264 Loading class java/text/BreakIterator
Event: 4.264 Loading class java/text/BreakIterator done
Event: 4.264 Loading class sun/util/locale/provider/BreakIteratorProviderImpl
Event: 4.265 Loading class sun/util/locale/provider/BreakIteratorProviderImpl done
Event: 4.265 Loading class sun/util/locale/provider/BreakIteratorProviderImpl$GraphemeBreakIterator
Event: 4.265 Loading class sun/util/locale/provider/BreakIteratorProviderImpl$GraphemeBreakIterator done
Event: 4.265 Loading class java/text/StringCharacterIterator
Event: 4.265 Loading class java/text/StringCharacterIterator done
Event: 4.265 Loading class sun/util/locale/provider/BreakIteratorProviderImpl$CharacterIteratorCharSequence
Event: 4.265 Loading class sun/util/locale/provider/BreakIteratorProviderImpl$CharacterIteratorCharSequence done
Event: 4.265 Loading class java/text/BreakIterator$BreakIteratorCache
Event: 4.265 Loading class java/text/BreakIterator$BreakIteratorCache done
Event: 4.265 Loading class jdk/internal/util/regex/Grapheme
Event: 4.265 Loading class jdk/internal/util/regex/Grapheme done
Event: 33.610 Loading class jdk/internal/misc/Signal$1
Event: 33.610 Loading class jdk/internal/misc/Signal$1 done

Classes unloaded (0 events):
No events

Classes redefined (0 events):
No events

Internal exceptions (20 events):
Event: 0.807 Thread 0x00000226f0922b50 Exception <a 'java/lang/NoSuchMethodError'{0x000000073274a468}: 'java.lang.Object java.lang.invoke.DirectMethodHandle$Holder.newInvokeSpecial(java.lang.Object, java.lang.Object, int)'> (0x000000073274a468) 
thrown [s\open\src\hotspot\share\interpreter\linkResolver.cpp, line 773]
Event: 0.836 Thread 0x00000226f03b0560 Exception <a 'java/lang/NoSuchMethodError'{0x00000007324a2588}: 'int java.lang.invoke.DirectMethodHandle$Holder.invokeStaticInit(java.lang.Object, java.lang.Object)'> (0x00000007324a2588) 
thrown [s\open\src\hotspot\share\interpreter\linkResolver.cpp, line 773]
Event: 0.836 Thread 0x00000226f0922b50 Exception <a 'java/lang/NoSuchMethodError'{0x0000000732449128}: 'long java.lang.invoke.DirectMethodHandle$Holder.invokeStatic(java.lang.Object, java.lang.Object, java.lang.Object)'> (0x0000000732449128) 
thrown [s\open\src\hotspot\share\interpreter\linkResolver.cpp, line 773]
Event: 0.836 Thread 0x00000226f0922b50 Exception <a 'java/lang/NoSuchMethodError'{0x000000073244c4f8}: 'long java.lang.invoke.DirectMethodHandle$Holder.invokeStaticInit(java.lang.Object, java.lang.Object, java.lang.Object)'> (0x000000073244c4f8) 
thrown [s\open\src\hotspot\share\interpreter\linkResolver.cpp, line 773]
Event: 0.837 Thread 0x00000226f0922b50 Exception <a 'java/lang/NoSuchMethodError'{0x0000000732460af0}: 'java.lang.Object java.lang.invoke.DirectMethodHandle$Holder.newInvokeSpecial(java.lang.Object, java.lang.Object, long)'> (0x0000000732460af0) 
thrown [s\open\src\hotspot\share\interpreter\linkResolver.cpp, line 773]
Event: 0.837 Thread 0x00000226f0922b50 Exception <a 'java/lang/NoSuchMethodError'{0x00000007324643e8}: 'java.lang.Object java.lang.invoke.Invokers$Holder.linkToTargetMethod(java.lang.Object, long, java.lang.Object)'> (0x00000007324643e8) 
thrown [s\open\src\hotspot\share\interpreter\linkResolver.cpp, line 773]
Event: 0.863 Thread 0x00000226f03b0560 Exception <a 'java/lang/NoSuchMethodError'{0x00000007322e7248}: 'java.lang.Object java.lang.invoke.DirectMethodHandle$Holder.invokeStaticInit(java.lang.Object, int)'> (0x00000007322e7248) 
thrown [s\open\src\hotspot\share\interpreter\linkResolver.cpp, line 773]
Event: 1.033 Thread 0x00000226aa38adf0 Exception <a 'sun/nio/fs/WindowsException'{0x0000000731f290e8}> (0x0000000731f290e8) 
thrown [s\open\src\hotspot\share\prims\jni.cpp, line 520]
Event: 2.815 Thread 0x00000226f0922b50 Exception <a 'java/io/FileNotFoundException'{0x0000000731d076f0}> (0x0000000731d076f0) 
thrown [s\open\src\hotspot\share\prims\jni.cpp, line 520]
Event: 2.815 Thread 0x00000226f0922b50 Exception <a 'java/io/FileNotFoundException'{0x0000000731d08720}> (0x0000000731d08720) 
thrown [s\open\src\hotspot\share\prims\jni.cpp, line 520]
Event: 2.825 Thread 0x00000226f0922b50 Exception <a 'java/lang/NoSuchMethodError'{0x0000000731d82fa8}: 'java.lang.Object java.lang.invoke.DirectMethodHandle$Holder.newInvokeSpecial(java.lang.Object, double)'> (0x0000000731d82fa8) 
thrown [s\open\src\hotspot\share\interpreter\linkResolver.cpp, line 773]
Event: 4.202 Thread 0x00000226f0922b50 Exception <a 'java/io/FileNotFoundException'{0x0000000731bdaaa0}> (0x0000000731bdaaa0) 
thrown [s\open\src\hotspot\share\prims\jni.cpp, line 520]
Event: 4.202 Thread 0x00000226f0922b50 Exception <a 'java/io/FileNotFoundException'{0x0000000731bdbd80}> (0x0000000731bdbd80) 
thrown [s\open\src\hotspot\share\prims\jni.cpp, line 520]
Event: 4.203 Thread 0x00000226f0922b50 Exception <a 'java/lang/NoSuchMethodError'{0x0000000731bed910}: 'java.lang.Object java.lang.invoke.DelegatingMethodHandle$Holder.reinvoke_L(java.lang.Object, double, double, double, double)'> (0x0000000731bed910) 
thrown [s\open\src\hotspot\share\interpreter\linkResolver.cpp, line 773]
Event: 4.204 Thread 0x00000226f0922b50 Exception <a 'java/lang/NoSuchMethodError'{0x0000000731bf8848}: 'java.lang.Object java.lang.invoke.DirectMethodHandle$Holder.invokeStatic(java.lang.Object, java.lang.Object, int)'> (0x0000000731bf8848) 
thrown [s\open\src\hotspot\share\interpreter\linkResolver.cpp, line 773]
Event: 4.204 Thread 0x00000226f0922b50 Exception <a 'java/lang/NoSuchMethodError'{0x0000000731bfc980}: 'void java.lang.invoke.DirectMethodHandle$Holder.invokeStatic(java.lang.Object, java.lang.Object, int, java.lang.Object)'> (0x0000000731bfc980) 
thrown [s\open\src\hotspot\share\interpreter\linkResolver.cpp, line 773]
Event: 4.205 Thread 0x00000226f0922b50 Exception <a 'java/lang/NoSuchMethodError'{0x00000007318040b0}: 'void java.lang.invoke.DelegatingMethodHandle$Holder.delegate(java.lang.Object, java.lang.Object, int, java.lang.Object)'> (0x00000007318040b0) 
thrown [s\open\src\hotspot\share\interpreter\linkResolver.cpp, line 773]
Event: 4.216 Thread 0x00000226f0922b50 Exception <a 'java/io/FileNotFoundException'{0x00000007318a1b08}> (0x00000007318a1b08) 
thrown [s\open\src\hotspot\share\prims\jni.cpp, line 520]
Event: 4.216 Thread 0x00000226f0922b50 Exception <a 'java/io/FileNotFoundException'{0x00000007318a2e60}> (0x00000007318a2e60) 
thrown [s\open\src\hotspot\share\prims\jni.cpp, line 520]
Event: 4.270 Thread 0x00000226f0922b50 Exception <a 'java/lang/NoSuchMethodError'{0x00000007317933e0}: 'java.lang.Object java.lang.invoke.DirectMethodHandle$Holder.invokeStatic(java.lang.Object, int, java.lang.Object)'> (0x00000007317933e0) 
thrown [s\open\src\hotspot\share\interpreter\linkResolver.cpp, line 773]

ZGC Phase Switch (0 events):
No events

VM Operations (20 events):
Event: 0.640 Executing VM operation: ICBufferFull done
Event: 0.761 Executing VM operation: G1CollectForAllocation (G1 Evacuation Pause)
Event: 0.764 Executing VM operation: G1CollectForAllocation (G1 Evacuation Pause) done
Event: 0.775 Executing VM operation: HandshakeAllThreads (Deoptimize)
Event: 0.775 Executing VM operation: HandshakeAllThreads (Deoptimize) done
Event: 1.776 Executing VM operation: Cleanup
Event: 1.776 Executing VM operation: Cleanup done
Event: 3.314 Executing VM operation: ICBufferFull
Event: 3.314 Executing VM operation: ICBufferFull done
Event: 4.203 Executing VM operation: HandshakeAllThreads (Deoptimize)
Event: 4.203 Executing VM operation: HandshakeAllThreads (Deoptimize) done
Event: 4.204 Executing VM operation: HandshakeAllThreads (Deoptimize)
Event: 4.204 Executing VM operation: HandshakeAllThreads (Deoptimize) done
Event: 4.264 Executing VM operation: ICBufferFull
Event: 4.264 Executing VM operation: ICBufferFull done
Event: 6.264 Executing VM operation: Cleanup
Event: 6.264 Executing VM operation: Cleanup done
Event: 13.268 Executing VM operation: Cleanup
Event: 13.268 Executing VM operation: Cleanup done
Event: 33.611 Executing VM operation: Exit

Events (20 events):
Event: 0.288 Thread 0x00000226f03b0560 Thread added: 0x00000226f03b0560
Event: 0.322 Thread 0x00000226f091ef40 Thread added: 0x00000226f091ef40
Event: 0.324 Thread 0x00000226f0922b50 Thread added: 0x00000226f0922b50
Event: 0.396 Thread 0x00000226f1063a20 Thread added: 0x00000226f1063a20
Event: 0.401 Thread 0x00000226f10761c0 Thread added: 0x00000226f10761c0
Event: 0.699 Thread 0x0000022682491de0 Thread added: 0x0000022682491de0
Event: 0.883 Thread 0x00000226f14c59a0 Thread added: 0x00000226f14c59a0
Event: 1.019 Thread 0x00000226aa60f2b0 Thread exited: 0x00000226aa60f2b0
Event: 1.019 Thread 0x00000226aa61a920 Thread exited: 0x00000226aa61a920
Event: 2.834 Thread 0x00000226f1116780 Thread added: 0x00000226f1116780
Event: 2.837 Thread 0x00000226f1117640 Thread added: 0x00000226f1117640
Event: 2.976 Thread 0x00000226f1117640 Thread exited: 0x00000226f1117640
Event: 3.025 Thread 0x00000226f1116780 Thread exited: 0x00000226f1116780
Event: 4.225 Thread 0x00000226f1101fa0 Thread added: 0x00000226f1101fa0
Event: 4.482 Thread 0x00000226f1101fa0 Thread exited: 0x00000226f1101fa0
Event: 33.610 Thread 0x00000226f14c73e0 Thread added: 0x00000226f14c73e0
Event: 33.610 Thread 0x00000226f14c4c80 Thread added: 0x00000226f14c4c80
Event: 33.610 Thread 0x00000226f14c45f0 Thread added: 0x00000226f14c45f0
Event: 33.611 Thread 0x00000226f14c45f0 Thread exited: 0x00000226f14c45f0
Event: 33.611 Thread 0x00000226f14c4c80 Thread exited: 0x00000226f14c4c80


Dynamic libraries:
0x00007ff6226e0000 - 0x00007ff6226ee000 	C:\Users\Nursultan\.jdks\openjdk-21.0.1\bin\java.exe
0x00007fffa4cb0000 - 0x00007fffa4ea8000 	C:\Windows\SYSTEM32\ntdll.dll
0x00007fffa47f0000 - 0x00007fffa48ad000 	C:\Windows\System32\KERNEL32.DLL
0x00007fffa28c0000 - 0x00007fffa2bb6000 	C:\Windows\System32\KERNELBASE.dll
0x00007fffa2510000 - 0x00007fffa2610000 	C:\Windows\System32\ucrtbase.dll
0x00007fff942f0000 - 0x00007fff94308000 	C:\Users\Nursultan\.jdks\openjdk-21.0.1\bin\jli.dll
0x00007fff9e870000 - 0x00007fff9e88b000 	C:\Users\Nursultan\.jdks\openjdk-21.0.1\bin\VCRUNTIME140.dll
0x00007fffa3a30000 - 0x00007fffa3bce000 	C:\Windows\System32\USER32.dll
0x00007fff88810000 - 0x00007fff88aaa000 	C:\Windows\WinSxS\amd64_microsoft.windows.common-controls_6595b64144ccf1df_6.0.19041.3636_none_60b6a03d71f818d5\COMCTL32.dll
0x00007fffa2ce0000 - 0x00007fffa2d02000 	C:\Windows\System32\win32u.dll
0x00007fffa44b0000 - 0x00007fffa454e000 	C:\Windows\System32\msvcrt.dll
0x00007fffa2d70000 - 0x00007fffa2d9c000 	C:\Windows\System32\GDI32.dll
0x00007fffa2bc0000 - 0x00007fffa2cda000 	C:\Windows\System32\gdi32full.dll
0x00007fffa2610000 - 0x00007fffa26ad000 	C:\Windows\System32\msvcp_win.dll
0x00007fffa48b0000 - 0x00007fffa48e0000 	C:\Windows\System32\IMM32.DLL
0x00007fff9e860000 - 0x00007fff9e86c000 	C:\Users\Nursultan\.jdks\openjdk-21.0.1\bin\vcruntime140_1.dll
0x00007fff91b30000 - 0x00007fff91bbe000 	C:\Users\Nursultan\.jdks\openjdk-21.0.1\bin\msvcp140.dll
0x00007fff7c510000 - 0x00007fff7d225000 	C:\Users\Nursultan\.jdks\openjdk-21.0.1\bin\server\jvm.dll
0x00007fffa45b0000 - 0x00007fffa465f000 	C:\Windows\System32\ADVAPI32.dll
0x00007fffa4750000 - 0x00007fffa47ec000 	C:\Windows\System32\sechost.dll
0x00007fffa3c60000 - 0x00007fffa3d86000 	C:\Windows\System32\RPCRT4.dll
0x00007fffa46e0000 - 0x00007fffa474b000 	C:\Windows\System32\WS2_32.dll
0x00007fffa1940000 - 0x00007fffa198b000 	C:\Windows\SYSTEM32\POWRPROF.dll
0x00007fff970a0000 - 0x00007fff970c7000 	C:\Windows\SYSTEM32\WINMM.dll
0x00007fff970d0000 - 0x00007fff970da000 	C:\Windows\SYSTEM32\VERSION.dll
0x00007fffa17b0000 - 0x00007fffa17c2000 	C:\Windows\SYSTEM32\UMPDC.dll
0x00007fffa0be0000 - 0x00007fffa0bf2000 	C:\Windows\SYSTEM32\kernel.appcore.dll
0x00007fff9b0b0000 - 0x00007fff9b0ba000 	C:\Users\Nursultan\.jdks\openjdk-21.0.1\bin\jimage.dll
0x00007fffa0200000 - 0x00007fffa03e4000 	C:\Windows\SYSTEM32\DBGHELP.DLL
0x00007fff8f450000 - 0x00007fff8f484000 	C:\Windows\SYSTEM32\dbgcore.DLL
0x00007fffa2450000 - 0x00007fffa24d2000 	C:\Windows\System32\bcryptPrimitives.dll
0x00007fff94340000 - 0x00007fff9434f000 	C:\Users\Nursultan\.jdks\openjdk-21.0.1\bin\instrument.dll
0x00007fff942d0000 - 0x00007fff942ef000 	C:\Users\Nursultan\.jdks\openjdk-21.0.1\bin\java.dll
0x00007fffa32e0000 - 0x00007fffa3a24000 	C:\Windows\System32\SHELL32.dll
0x00007fffa0430000 - 0x00007fffa0bcb000 	C:\Windows\SYSTEM32\windows.storage.dll
0x00007fffa4050000 - 0x00007fffa43a4000 	C:\Windows\System32\combase.dll
0x00007fffa1dd0000 - 0x00007fffa1dfd000 	C:\Windows\SYSTEM32\Wldp.dll
0x00007fffa3230000 - 0x00007fffa32dd000 	C:\Windows\System32\SHCORE.dll
0x00007fffa2d10000 - 0x00007fffa2d65000 	C:\Windows\System32\shlwapi.dll
0x00007fffa22c0000 - 0x00007fffa22e5000 	C:\Windows\SYSTEM32\profapi.dll
0x00007fff7c430000 - 0x00007fff7c507000 	C:\Users\Nursultan\.jdks\openjdk-21.0.1\bin\jsvml.dll
0x00007fff94280000 - 0x00007fff94290000 	C:\Users\Nursultan\.jdks\openjdk-21.0.1\bin\net.dll
0x00007fff9e4a0000 - 0x00007fff9e5aa000 	C:\Windows\SYSTEM32\WINHTTP.dll
0x00007fffa1b30000 - 0x00007fffa1b9a000 	C:\Windows\system32\mswsock.dll
0x00007fff94260000 - 0x00007fff94276000 	C:\Users\Nursultan\.jdks\openjdk-21.0.1\bin\nio.dll
0x00007fff94240000 - 0x00007fff94258000 	C:\Users\Nursultan\.jdks\openjdk-21.0.1\bin\zip.dll
0x00007fff92210000 - 0x00007fff9222a000 	C:\Program Files\JetBrains\IntelliJ IDEA 2023.2.5\bin\breakgen64.dll
0x00000226aa900000 - 0x00000226aa903000 	C:\Users\Nursultan\.openjfx\cache\21-ea+null\amd64\api-ms-win-core-console-l1-1-0.dll
0x00000226aa910000 - 0x00000226aa913000 	C:\Users\Nursultan\.openjfx\cache\21-ea+null\amd64\api-ms-win-core-console-l1-2-0.dll
0x00000226aa920000 - 0x00000226aa923000 	C:\Users\Nursultan\.openjfx\cache\21-ea+null\amd64\api-ms-win-core-datetime-l1-1-0.dll
0x00000226aa930000 - 0x00000226aa933000 	C:\Users\Nursultan\.openjfx\cache\21-ea+null\amd64\api-ms-win-core-debug-l1-1-0.dll
0x00000226aa940000 - 0x00000226aa943000 	C:\Users\Nursultan\.openjfx\cache\21-ea+null\amd64\api-ms-win-core-errorhandling-l1-1-0.dll
0x00000226aa950000 - 0x00000226aa954000 	C:\Users\Nursultan\.openjfx\cache\21-ea+null\amd64\api-ms-win-core-file-l1-1-0.dll
0x00000226aa960000 - 0x00000226aa963000 	C:\Users\Nursultan\.openjfx\cache\21-ea+null\amd64\api-ms-win-core-file-l1-2-0.dll
0x00000226aa970000 - 0x00000226aa973000 	C:\Users\Nursultan\.openjfx\cache\21-ea+null\amd64\api-ms-win-core-file-l2-1-0.dll
0x00000226aa980000 - 0x00000226aa983000 	C:\Users\Nursultan\.openjfx\cache\21-ea+null\amd64\api-ms-win-core-handle-l1-1-0.dll
0x00000226aa990000 - 0x00000226aa993000 	C:\Users\Nursultan\.openjfx\cache\21-ea+null\amd64\api-ms-win-core-heap-l1-1-0.dll
0x00000226aa9a0000 - 0x00000226aa9a3000 	C:\Users\Nursultan\.openjfx\cache\21-ea+null\amd64\api-ms-win-core-interlocked-l1-1-0.dll
0x00000226aa9b0000 - 0x00000226aa9b3000 	C:\Users\Nursultan\.openjfx\cache\21-ea+null\amd64\api-ms-win-core-libraryloader-l1-1-0.dll
0x00000226aa9c0000 - 0x00000226aa9c3000 	C:\Users\Nursultan\.openjfx\cache\21-ea+null\amd64\api-ms-win-core-localization-l1-2-0.dll
0x00000226aa9d0000 - 0x00000226aa9d3000 	C:\Users\Nursultan\.openjfx\cache\21-ea+null\amd64\api-ms-win-core-memory-l1-1-0.dll
0x00000226aa9e0000 - 0x00000226aa9e3000 	C:\Users\Nursultan\.openjfx\cache\21-ea+null\amd64\api-ms-win-core-namedpipe-l1-1-0.dll
0x00000226aa9f0000 - 0x00000226aa9f3000 	C:\Users\Nursultan\.openjfx\cache\21-ea+null\amd64\api-ms-win-core-processenvironment-l1-1-0.dll
0x00000226aaa00000 - 0x00000226aaa03000 	C:\Users\Nursultan\.openjfx\cache\21-ea+null\amd64\api-ms-win-core-processthreads-l1-1-0.dll
0x00000226aaa10000 - 0x00000226aaa13000 	C:\Users\Nursultan\.openjfx\cache\21-ea+null\amd64\api-ms-win-core-processthreads-l1-1-1.dll
0x00000226aaa20000 - 0x00000226aaa23000 	C:\Users\Nursultan\.openjfx\cache\21-ea+null\amd64\api-ms-win-core-profile-l1-1-0.dll
0x00000226aaa30000 - 0x00000226aaa33000 	C:\Users\Nursultan\.openjfx\cache\21-ea+null\amd64\api-ms-win-core-rtlsupport-l1-1-0.dll
0x00000226aaa40000 - 0x00000226aaa43000 	C:\Users\Nursultan\.openjfx\cache\21-ea+null\amd64\api-ms-win-core-string-l1-1-0.dll
0x00000226aaa50000 - 0x00000226aaa53000 	C:\Users\Nursultan\.openjfx\cache\21-ea+null\amd64\api-ms-win-core-synch-l1-1-0.dll
0x00000226aaa60000 - 0x00000226aaa63000 	C:\Users\Nursultan\.openjfx\cache\21-ea+null\amd64\api-ms-win-core-synch-l1-2-0.dll
0x00000226aaa70000 - 0x00000226aaa73000 	C:\Users\Nursultan\.openjfx\cache\21-ea+null\amd64\api-ms-win-core-sysinfo-l1-1-0.dll
0x00000226aaa80000 - 0x00000226aaa83000 	C:\Users\Nursultan\.openjfx\cache\21-ea+null\amd64\api-ms-win-core-timezone-l1-1-0.dll
0x00000226aaa90000 - 0x00000226aaa93000 	C:\Users\Nursultan\.openjfx\cache\21-ea+null\amd64\api-ms-win-core-util-l1-1-0.dll
0x00000226aaaa0000 - 0x00000226aaaa3000 	C:\Users\Nursultan\.openjfx\cache\21-ea+null\amd64\api-ms-win-crt-conio-l1-1-0.dll
0x00000226aaab0000 - 0x00000226aaab4000 	C:\Users\Nursultan\.openjfx\cache\21-ea+null\amd64\api-ms-win-crt-convert-l1-1-0.dll
0x00000226aaac0000 - 0x00000226aaac3000 	C:\Users\Nursultan\.openjfx\cache\21-ea+null\amd64\api-ms-win-crt-environment-l1-1-0.dll
0x00000226aaad0000 - 0x00000226aaad3000 	C:\Users\Nursultan\.openjfx\cache\21-ea+null\amd64\api-ms-win-crt-filesystem-l1-1-0.dll
0x00000226aaae0000 - 0x00000226aaae3000 	C:\Users\Nursultan\.openjfx\cache\21-ea+null\amd64\api-ms-win-crt-heap-l1-1-0.dll
0x00000226aaaf0000 - 0x00000226aaaf3000 	C:\Users\Nursultan\.openjfx\cache\21-ea+null\amd64\api-ms-win-crt-locale-l1-1-0.dll
0x00000226aab00000 - 0x00000226aab05000 	C:\Users\Nursultan\.openjfx\cache\21-ea+null\amd64\api-ms-win-crt-math-l1-1-0.dll
0x00000226aab10000 - 0x00000226aab15000 	C:\Users\Nursultan\.openjfx\cache\21-ea+null\amd64\api-ms-win-crt-multibyte-l1-1-0.dll
0x00000226aab20000 - 0x00000226aab30000 	C:\Users\Nursultan\.openjfx\cache\21-ea+null\amd64\api-ms-win-crt-private-l1-1-0.dll
0x00000226aab30000 - 0x00000226aab33000 	C:\Users\Nursultan\.openjfx\cache\21-ea+null\amd64\api-ms-win-crt-process-l1-1-0.dll
0x00000226aab40000 - 0x00000226aab44000 	C:\Users\Nursultan\.openjfx\cache\21-ea+null\amd64\api-ms-win-crt-runtime-l1-1-0.dll
0x00000226aab50000 - 0x00000226aab54000 	C:\Users\Nursultan\.openjfx\cache\21-ea+null\amd64\api-ms-win-crt-stdio-l1-1-0.dll
0x00000226aab60000 - 0x00000226aab64000 	C:\Users\Nursultan\.openjfx\cache\21-ea+null\amd64\api-ms-win-crt-string-l1-1-0.dll
0x00000226aab70000 - 0x00000226aab73000 	C:\Users\Nursultan\.openjfx\cache\21-ea+null\amd64\api-ms-win-crt-time-l1-1-0.dll
0x00000226aab80000 - 0x00000226aab83000 	C:\Users\Nursultan\.openjfx\cache\21-ea+null\amd64\api-ms-win-crt-utility-l1-1-0.dll
0x00007fff7d320000 - 0x00007fff7d41c000 	C:\Users\Nursultan\.openjfx\cache\21-ea+null\amd64\ucrtbase.dll
0x00007fff84cb0000 - 0x00007fff84ccb000 	C:\Users\Nursultan\.openjfx\cache\21-ea+null\amd64\vcruntime140.dll
0x00007fff916d0000 - 0x00007fff916dc000 	C:\Users\Nursultan\.openjfx\cache\21-ea+null\amd64\vcruntime140_1.dll
0x00007fff7d290000 - 0x00007fff7d31e000 	C:\Users\Nursultan\.openjfx\cache\21-ea+null\amd64\msvcp140.dll
0x00007fffa3ec0000 - 0x00007fffa3feb000 	C:\Windows\System32\ole32.dll
0x00007fff8d150000 - 0x00007fff8d159000 	C:\Users\Nursultan\.openjfx\cache\21-ea+null\amd64\msvcp140_1.dll
0x00007fff81920000 - 0x00007fff8194f000 	C:\Users\Nursultan\.openjfx\cache\21-ea+null\amd64\msvcp140_2.dll
0x00007fff81810000 - 0x00007fff8183f000 	C:\Users\Nursultan\.openjfx\cache\21-ea+null\amd64\prism_d3d.dll
0x00007fff49500000 - 0x00007fff496cd000 	C:\Windows\system32\d3d9.dll
0x00007fff9fb70000 - 0x00007fff9fb9f000 	C:\Windows\SYSTEM32\dwmapi.dll
0x00007fff9f6a0000 - 0x00007fff9f73e000 	C:\Windows\system32\uxtheme.dll
0x00007fff970e0000 - 0x00007fff9729b000 	C:\Windows\System32\DriverStore\FileRepository\u0390451.inf_amd64_39377efdd62734d1\B390182\aticfx64.dll
0x00007fff47730000 - 0x00007fff494ff000 	C:\Windows\System32\DriverStore\FileRepository\u0390451.inf_amd64_39377efdd62734d1\B390182\amdxn64.dll
0x00007fffa2da0000 - 0x00007fffa320e000 	C:\Windows\System32\SETUPAPI.dll
0x00007fffa2390000 - 0x00007fffa23de000 	C:\Windows\System32\cfgmgr32.dll
0x00007fffa24e0000 - 0x00007fffa2507000 	C:\Windows\System32\bcrypt.dll
0x00007fffa0c50000 - 0x00007fffa0d43000 	C:\Windows\SYSTEM32\dxgi.dll
0x00007fff950f0000 - 0x00007fff95125000 	C:\Windows\SYSTEM32\amdihk64.dll
0x00007fff7d240000 - 0x00007fff7d282000 	C:\Users\Nursultan\.openjfx\cache\21-ea+null\amd64\glass.dll
0x00007fffa43c0000 - 0x00007fffa449a000 	C:\Windows\System32\COMDLG32.dll
0x00007fffa3df0000 - 0x00007fffa3ebd000 	C:\Windows\System32\OLEAUT32.dll
0x00007fffa48f0000 - 0x00007fffa4a04000 	C:\Windows\System32\MSCTF.dll
0x00007fff98480000 - 0x00007fff984bb000 	C:\Windows\SYSTEM32\dxcore.dll
0x00007fff81900000 - 0x00007fff81914000 	C:\Users\Nursultan\.openjfx\cache\21-ea+null\amd64\javafx_font.dll
0x00007fff7dfe0000 - 0x00007fff7e25f000 	C:\Windows\SYSTEM32\dwrite.dll
0x00007fffa4bc0000 - 0x00007fffa4c69000 	C:\Windows\System32\clbcatq.dll
0x00007fff9ae90000 - 0x00007fff9b044000 	C:\Windows\SYSTEM32\WindowsCodecs.dll
0x00007fff82b70000 - 0x00007fff82bae000 	C:\Windows\system32\dataexchange.dll
0x00007fff9d8b0000 - 0x00007fff9da93000 	C:\Windows\system32\dcomp.dll
0x00007fff9d080000 - 0x00007fff9d2e3000 	C:\Windows\system32\d3d11.dll
0x00007fff9aaa0000 - 0x00007fff9aca7000 	C:\Windows\system32\twinapi.appcore.dll
0x00007fff73450000 - 0x00007fff73484000 	C:\Program Files\Common Files\Microsoft Shared\Ink\rtscom.dll
0x00007fff92ca0000 - 0x00007fff92d9a000 	C:\Windows\SYSTEM32\textinputframework.dll
0x00007fff9db70000 - 0x00007fff9decb000 	C:\Windows\System32\CoreUIComponents.dll
0x00007fff9e250000 - 0x00007fff9e342000 	C:\Windows\System32\CoreMessaging.dll
0x00007fffa1530000 - 0x00007fffa1563000 	C:\Windows\SYSTEM32\ntmarta.dll
0x00007fff9ee30000 - 0x00007fff9ef85000 	C:\Windows\SYSTEM32\wintypes.dll

dbghelp: loaded successfully - version: 4.0.5 - missing functions: none
symbol engine: initialized successfully - sym options: 0x614 - pdb path: .;C:\Users\Nursultan\.jdks\openjdk-21.0.1\bin;C:\Windows\SYSTEM32;C:\Windows\WinSxS\amd64_microsoft.windows.common-controls_6595b64144ccf1df_6.0.19041.3636_none_60b6a03d71f818d5;C:\Users\Nursultan\.jdks\openjdk-21.0.1\bin\server;C:\Program Files\JetBrains\IntelliJ IDEA 2023.2.5\bin;C:\Users\Nursultan\.openjfx\cache\21-ea+null\amd64;C:\Windows\System32\DriverStore\FileRepository\u0390451.inf_amd64_39377efdd62734d1\B390182;C:\Program Files\Common Files\Microsoft Shared\Ink

VM Arguments:
jvm_args: -javaagent:C:\Program Files\JetBrains\IntelliJ IDEA 2023.2.5\lib\idea_rt.jar=61253:C:\Program Files\JetBrains\IntelliJ IDEA 2023.2.5\bin -Dfile.encoding=UTF-8 -Dsun.stdout.encoding=UTF-8 -Dsun.stderr.encoding=UTF-8 --module-path=C:\Users\Nursultan\.m2\repository\org\openjfx\javafx-controls\21-ea+24\javafx-controls-21-ea+24-win.jar;C:\Users\Nursultan\.m2\repository\org\openjfx\javafx-base\21-ea+24\javafx-base-21-ea+24-win.jar;C:\Users\Nursultan\IdeaProjects\SoftWareProject\target\classes;C:\Users\Nursultan\.m2\repository\org\openjfx\javafx-graphics\21-ea+24\javafx-graphics-21-ea+24-win.jar;C:\Users\Nursultan\.m2\repository\org\openjfx\javafx-fxml\21-ea+24\javafx-fxml-21-ea+24-win.jar -Djdk.module.main=com.example.softwareproject 
java_command: com.example.softwareproject/com.example.softwareproject.HelloApplication
java_class_path (initial): C:\Users\Nursultan\.m2\repository\org\openjfx\javafx-controls\21-ea+24\javafx-controls-21-ea+24.jar;C:\Users\Nursultan\.m2\repository\org\openjfx\javafx-graphics\21-ea+24\javafx-graphics-21-ea+24.jar;C:\Users\Nursultan\.m2\repository\org\openjfx\javafx-base\21-ea+24\javafx-base-21-ea+24.jar;C:\Users\Nursultan\.m2\repository\org\openjfx\javafx-fxml\21-ea+24\javafx-fxml-21-ea+24.jar
Launcher Type: SUN_STANDARD

[Global flags]
     intx CICompilerCount                          = 4                                         {product} {ergonomic}
     uint ConcGCThreads                            = 3                                         {product} {ergonomic}
     uint G1ConcRefinementThreads                  = 10                                        {product} {ergonomic}
   size_t G1HeapRegionSize                         = 2097152                                   {product} {ergonomic}
    uintx GCDrainStackTargetSize                   = 64                                        {product} {ergonomic}
   size_t InitialHeapSize                          = 230686720                                 {product} {ergonomic}
   size_t MarkStackSize                            = 4194304                                   {product} {ergonomic}
   size_t MaxHeapSize                              = 3676307456                                {product} {ergonomic}
   size_t MaxNewSize                               = 2204106752                                {product} {ergonomic}
   size_t MinHeapDeltaBytes                        = 2097152                                   {product} {ergonomic}
   size_t MinHeapSize                              = 8388608                                   {product} {ergonomic}
    uintx NonNMethodCodeHeapSize                   = 5839372                                {pd product} {ergonomic}
    uintx NonProfiledCodeHeapSize                  = 122909434                              {pd product} {ergonomic}
    uintx ProfiledCodeHeapSize                     = 122909434                              {pd product} {ergonomic}
    uintx ReservedCodeCacheSize                    = 251658240                              {pd product} {ergonomic}
     bool SegmentedCodeCache                       = true                                      {product} {ergonomic}
   size_t SoftMaxHeapSize                          = 3676307456                             {manageable} {ergonomic}
     bool UseCompressedOops                        = true                           {product lp64_product} {ergonomic}
     bool UseG1GC                                  = true                                      {product} {ergonomic}
     bool UseLargePagesIndividualAllocation        = false                                  {pd product} {ergonomic}

Logging:
Log output configuration:
 #0: stdout all=off uptime,level,tags foldmultilines=false
 #1: stderr all=off uptime,level,tags foldmultilines=false

Environment Variables:
PATH=C:\Windows\system32;C:\Windows;C:\Windows\System32\Wbem;C:\Windows\System32\WindowsPowerShell\v1.0\;C:\Windows\System32\OpenSSH\;C:\Program Files\Git\cmd;C:\Users\Nursultan\AppData\Local\Microsoft\WindowsApps;;C:\Program Files\JetBrains\IntelliJ IDEA 2023.2.5\bin;
USERNAME=Nursultan
OS=Windows_NT
PROCESSOR_IDENTIFIER=AMD64 Family 25 Model 68 Stepping 1, AuthenticAMD
TMP=C:\Users\NURSUL~1\AppData\Local\Temp
TEMP=C:\Users\NURSUL~1\AppData\Local\Temp




Periodic native trim disabled

---------------  S Y S T E M  ---------------

OS:
 Windows 10 , 64 bit Build 19041 (10.0.19041.3636)
OS uptime: 2 days 1:08 hours

CPU: total 12 (initial active 12) (12 cores per cpu, 2 threads per core) family 25 model 68 stepping 1 microcode 0x0, cx8, cmov, fxsr, ht, mmx, 3dnowpref, sse, sse2, sse3, ssse3, sse4a, sse4.1, sse4.2, popcnt, lzcnt, tsc, tscinvbit, avx, avx2, aes, clmul, bmi1, bmi2, adx, sha, fma, vzeroupper, clflush, clflushopt, rdtscp, rdpid, f16c, pku, cet_ss
Processor Information for processor 0
  Max Mhz: 3301, Current Mhz: 3301, Mhz Limit: 3301
Processor Information for processor 1
  Max Mhz: 3301, Current Mhz: 3301, Mhz Limit: 3301
Processor Information for processor 2
  Max Mhz: 3301, Current Mhz: 3301, Mhz Limit: 3301
Processor Information for processor 3
  Max Mhz: 3301, Current Mhz: 3301, Mhz Limit: 3301
Processor Information for processor 4
  Max Mhz: 3301, Current Mhz: 2970, Mhz Limit: 3301
Processor Information for processor 5
  Max Mhz: 3301, Current Mhz: 2970, Mhz Limit: 3301
Processor Information for processor 6
  Max Mhz: 3301, Current Mhz: 2970, Mhz Limit: 3301
Processor Information for processor 7
  Max Mhz: 3301, Current Mhz: 2970, Mhz Limit: 3301
Processor Information for processor 8
  Max Mhz: 3301, Current Mhz: 3135, Mhz Limit: 3301
Processor Information for processor 9
  Max Mhz: 3301, Current Mhz: 3135, Mhz Limit: 3301
Processor Information for processor 10
  Max Mhz: 3301, Current Mhz: 3301, Mhz Limit: 3301
Processor Information for processor 11
  Max Mhz: 3301, Current Mhz: 3301, Mhz Limit: 3301

Memory: 4k page, system-wide physical 14020M (4087M free)
TotalPageFile size 18269M (AvailPageFile size 2550M)
current process WorkingSet (physical memory assigned to process): 159M, peak: 178M
current process commit charge ("private bytes"): 438M, peak: 466M

vm_info: OpenJDK 64-Bit Server VM (21.0.1+12-29) for windows-amd64 JRE (21.0.1+12-29), built on 2023-10-05T13:27:09Z by "mach5one" with MS VC++ 17.1 (VS2022)

END.
