#
# A fatal error has been detected by the Java Runtime Environment:
#
#  EXCEPTION_ACCESS_VIOLATION (0xc0000005) at pc=0x00007fff63d36587, pid=8616, tid=11936
#
# JRE version: OpenJDK Runtime Environment (21.0.1+12) (build 21.0.1+12-29)
# Java VM: OpenJDK 64-Bit Server VM (21.0.1+12-29, mixed mode, sharing, tiered, compressed oops, compressed class ptrs, g1 gc, windows-amd64)
# Problematic frame:
# C  [glass.dll+0x26587]
#
# No core dump will be written. Minidumps are not enabled by default on client versions of Windows
#
# If you would like to submit a bug report, please visit:
#   https://bugreport.java.com/bugreport/crash.jsp
#

---------------  S U M M A R Y ------------

Command Line: -javaagent:C:\Program Files\JetBrains\IntelliJ IDEA 2023.2.5\lib\idea_rt.jar=49286:C:\Program Files\JetBrains\IntelliJ IDEA 2023.2.5\bin -Dfile.encoding=UTF-8 -Dsun.stdout.encoding=UTF-8 -Dsun.stderr.encoding=UTF-8 --module-path=C:\Users\Nursultan\IdeaProjects\SoftWareProject\target\classes;C:\Users\Nursultan\.m2\repository\org\openjfx\javafx-base\21-ea+24\javafx-base-21-ea+24-win.jar;C:\Users\Nursultan\.m2\repository\org\openjfx\javafx-graphics\21-ea+24\javafx-graphics-21-ea+24-win.jar;C:\Users\Nursultan\.m2\repository\org\openjfx\javafx-fxml\21-ea+24\javafx-fxml-21-ea+24-win.jar;C:\Users\Nursultan\.m2\repository\org\openjfx\javafx-controls\21-ea+24\javafx-controls-21-ea+24-win.jar -Djdk.module.main=com.example.softwareproject com.example.softwareproject/com.example.softwareproject.HelloApplication

Host: AMD Ryzen 5 6600HS Creator Edition             , 12 cores, 13G,  Windows 10 , 64 bit Build 19041 (10.0.19041.3636)
Time: Fri Dec 15 11:59:41 2023  Windows 10 , 64 bit Build 19041 (10.0.19041.3636) elapsed time: 19.115880 seconds (0d 0h 0m 19s)

---------------  T H R E A D  ---------------

Current thread (0x0000018b008e0810):  VMThread "VM Thread"          [id=11936, stack(0x00000014d0400000,0x00000014d0500000) (1024K)]

Stack: [0x00000014d0400000,0x00000014d0500000],  sp=0x00000014d04fee30,  free space=1019k
Native frames: (J=compiled Java code, j=interpreted, Vv=VM code, C=native code)
C  [glass.dll+0x26587]


siginfo: EXCEPTION_ACCESS_VIOLATION (0xc0000005), reading address 0x0000000000000000


Registers:
RAX=0x0000000000000000, RBX=0x0000018b008e8faa, RCX=0x0000018b008e0810, RDX=0x00000014d04fee30
RSP=0x00000014d04fee30, RBP=0x0000018b46750638, RSI=0x0000018b46750610, RDI=0x00003b23569f0f30
R8 =0x0000000000010002, R9 =0x00003b23569f0f30, R10=0x0000000000008000, R11=0x00000014d04fedc0
R12=0x00007fff63d33ed0, R13=0x00007fff635d1fa0, R14=0x00000014d04fef28, R15=0x0000018b46750610
RIP=0x00007fff63d36587, EFLAGS=0x0000000000010206


Register to memory mapping:

RAX=0x0 is null
RBX=0x0000018b008e8faa is a global jni handle
RCX=0x0000018b008e0810 points into unknown readable memory: 0x00007fff633e3f88 | 88 3f 3e 63 ff 7f 00 00
RDX=0x00000014d04fee30 points into unknown readable memory: 0x0000000000000000 | 00 00 00 00 00 00 00 00
RSP=0x00000014d04fee30 points into unknown readable memory: 0x0000000000000000 | 00 00 00 00 00 00 00 00
RBP=0x0000018b46750638 points into unknown readable memory: 0x00003b23569f0f30 | 30 0f 9f 56 23 3b 00 00
RSI=0x0000018b46750610 points into unknown readable memory: 0x39e83b2329606ce3 | e3 6c 60 29 23 3b e8 39
RDI=0x00003b23569f0f30 is an unknown value
R8 =0x0000000000010002 is an unknown value
R9 =0x00003b23569f0f30 is an unknown value
R10=0x0000000000008000 is an unknown value
R11=0x00000014d04fedc0 points into unknown readable memory: 0x0000018b46750610 | 10 06 75 46 8b 01 00 00
R12=0x00007fff63d33ed0 glass.dll
R13=0x00007fff635d1fa0 jvm.dll
R14=0x00000014d04fef28 points into unknown readable memory: 0x00000014d04fef10 | 10 ef 4f d0 14 00 00 00
R15=0x0000018b46750610 points into unknown readable memory: 0x39e83b2329606ce3 | e3 6c 60 29 23 3b e8 39

Top of Stack: (sp=0x00000014d04fee30)
0x00000014d04fee30:   0000000000000000 0000018b46750610
0x00000014d04fee40:   00007fff635d1fa0 00007fff63d33ed0
0x00000014d04fee50:   0000018b46750618 00007fffa25242d6
0x00000014d04fee60:   00003b23569f0f30 0000018b00000000
0x00000014d04fee70:   0000018b46750638 0000018b46750610
0x00000014d04fee80:   fffffffffffffffe 0000000000000000
0x00000014d04fee90:   0000000000000001 00007fff63d10000
0x00000014d04feea0:   00000014d04fef18 00007fffa25241fb
0x00000014d04feeb0:   0000000000000000 00000014d04fef28
0x00000014d04feec0:   00000014d04ff200 00007fffa2600e40
0x00000014d04feed0:   0000000000000001 00007fffa25241b4
0x00000014d04feee0:   0000000000000000 0000000000000001
0x00000014d04feef0:   00007fff984b2dd0 00000014d04fef18
0x00000014d04fef00:   000000000000000d 00007fff63d33d5d
0x00000014d04fef10:   00007fff63d4a008 00007fff00000002
0x00000014d04fef20:   0000000000000002 00000014d04fef10
0x00000014d04fef30:   0000000000000000 00007fffa4cc9993
0x00000014d04fef40:   0000000000000000 00007fff63d33e82
0x00000014d04fef50:   0000000000000001 0000000000000000
0x00000014d04fef60:   0000000000000000 00007fffa2600e40
0x00000014d04fef70:   0000018b5fa7ac58 00007fffa251f05b
0x00000014d04fef80:   0000018b00000001 0000000000000016
0x00000014d04fef90:   00007fff63d10000 000000007ffe0384
0x00000014d04fefa0:   0000000000000000 00007fffa4cc9a1d
0x00000014d04fefb0:   00007fff63d10000 0000000000000000
0x00000014d04fefc0:   0000000000000001 000000007ffe0385
0x00000014d04fefd0:   0000000000000000 00007fffa4d0de41
0x00000014d04fefe0:   000069f37e78a800 0000000000000014
0x00000014d04feff0:   00007fff63d33ed0 0000000000000000
0x00000014d04ff000:   0000000000000000 00000014cf97c000
0x00000014d04ff010:   0000018b465de570 00007fffa4d0dcda
0x00000014d04ff020:   0000018b46792230 00007fff63d10000 

Instructions: (pc=0x00007fff63d36587)
0x00007fff63d36487:   8b 4d 58 e8 8d cf ff ff 48 8b 4d 60 e8 84 cf ff
0x00007fff63d36497:   ff 48 8b 95 80 00 00 00 48 8b 8d 18 01 00 00 e8
0x00007fff63d364a7:   76 c4 ff ff 33 d2 33 c9 e8 cc e1 ff ff 90 48 89
0x00007fff63d364b7:   54 24 10 55 48 83 ec 20 48 8b ea 48 b8 00 00 00
0x00007fff63d364c7:   00 00 00 00 00 48 83 c4 20 5d c3 cc 40 55 48 8b
0x00007fff63d364d7:   ea 48 8b 01 33 c9 81 38 05 00 00 c0 0f 94 c1 8b
0x00007fff63d364e7:   c1 5d c3 cc 40 55 48 83 ec 20 48 8b ea 8a 4d 40
0x00007fff63d364f7:   48 83 c4 20 5d e9 73 d3 ff ff cc 40 55 48 83 ec
0x00007fff63d36507:   20 48 8b ea 8a 4d 20 e8 61 d3 ff ff 90 48 83 c4
0x00007fff63d36517:   20 5d c3 cc 40 55 48 83 ec 20 48 8b ea 48 83 c4
0x00007fff63d36527:   20 5d e9 c2 d1 ff ff cc 40 55 48 83 ec 30 48 8b
0x00007fff63d36537:   ea 48 8b 01 8b 10 48 89 4c 24 28 89 54 24 20 4c
0x00007fff63d36547:   8d 0d 63 d6 ff ff 4c 8b 45 70 8b 55 68 48 8b 4d
0x00007fff63d36557:   60 e8 03 d1 ff ff 90 48 83 c4 30 5d c3 cc cc cc
0x00007fff63d36567:   cc cc cc cc cc cc cc cc cc 40 53 48 83 ec 20 48
0x00007fff63d36577:   8b 1d 8b 34 01 00 48 85 db 74 16 e8 89 8f ff ff
0x00007fff63d36587:   4c 8b 00 48 8b d3 48 8b c8 41 ff 90 b0 00 00 00
0x00007fff63d36597:   90 48 83 c4 20 5b c3 cc cc 40 53 48 83 ec 20 48
0x00007fff63d365a7:   8b 1d fb 35 01 00 48 85 db 74 57 b8 ff ff ff ff
0x00007fff63d365b7:   f0 0f c1 43 10 83 f8 01 75 3d 48 85 db 74 38 48
0x00007fff63d365c7:   8b 0b 48 85 c9 74 0d ff 15 d4 0c 00 00 48 c7 03
0x00007fff63d365d7:   00 00 00 00 48 8b 4b 08 48 85 c9 74 0d e8 33 ce
0x00007fff63d365e7:   ff ff 48 c7 43 08 00 00 00 00 ba 18 00 00 00 48
0x00007fff63d365f7:   8b cb e8 1e ce ff ff 48 c7 05 9f 35 01 00 00 00
0x00007fff63d36607:   00 00 48 83 c4 20 5b c3 cc 40 53 48 83 ec 20 48
0x00007fff63d36617:   8b 1d 6b 35 01 00 48 85 db 74 57 b8 ff ff ff ff
0x00007fff63d36627:   f0 0f c1 43 10 83 f8 01 75 3d 48 85 db 74 38 48
0x00007fff63d36637:   8b 0b 48 85 c9 74 0d ff 15 64 0c 00 00 48 c7 03
0x00007fff63d36647:   00 00 00 00 48 8b 4b 08 48 85 c9 74 0d e8 c3 cd
0x00007fff63d36657:   ff ff 48 c7 43 08 00 00 00 00 ba 18 00 00 00 48
0x00007fff63d36667:   8b cb e8 ae cd ff ff 48 c7 05 0f 35 01 00 00 00
0x00007fff63d36677:   00 00 48 83 c4 20 5b c3 cc 40 53 48 83 ec 20 48 


Stack slot to memory mapping:

stack at sp + 0 slots: 0x0 is null
stack at sp + 1 slots: 0x0000018b46750610 points into unknown readable memory: 0x39e83b2329606ce3 | e3 6c 60 29 23 3b e8 39
stack at sp + 2 slots: 0x00007fff635d1fa0 jvm.dll
stack at sp + 3 slots: 0x00007fff63d33ed0 glass.dll
stack at sp + 4 slots: 0x0000018b46750618 points into unknown readable memory: 0x00003b23569f0f30 | 30 0f 9f 56 23 3b 00 00
stack at sp + 5 slots: 0x00007fffa25242d6 ucrtbase.dll
stack at sp + 6 slots: 0x00003b23569f0f30 is an unknown value
stack at sp + 7 slots: 0x0000018b00000000 is an unknown value

VM_Operation (0x00000014d31ff330): Exit, mode: safepoint, requested by thread 0x0000018b473fb230


---------------  P R O C E S S  ---------------

Threads class SMR info:
_java_thread_list=0x0000018b4748e4a0, length=20, elements={
0x0000018b61da11e0, 0x0000018b008fd4c0, 0x0000018b008fe3e0, 0x0000018b00904440,
0x0000018b00906fb0, 0x0000018b0090fa20, 0x0000018b009132c0, 0x0000018b009184c0,
0x0000018b0091af70, 0x0000018b00910b60, 0x0000018b009125a0, 0x0000018b00913950,
0x0000018b009111f0, 0x0000018b00912c30, 0x0000018b00911880, 0x0000018b009104d0,
0x0000018b00911f10, 0x0000018b473f7090, 0x0000018b473f6370, 0x0000018b473fb230
}

Java Threads: ( => current thread )
  0x0000018b61da11e0 JavaThread "main"                              [_thread_blocked, id=11052, stack(0x00000014cfd00000,0x00000014cfe00000) (1024K)]
  0x0000018b008fd4c0 JavaThread "Reference Handler"          daemon [_thread_blocked, id=3488, stack(0x00000014d0500000,0x00000014d0600000) (1024K)]
  0x0000018b008fe3e0 JavaThread "Finalizer"                  daemon [_thread_blocked, id=18368, stack(0x00000014d0600000,0x00000014d0700000) (1024K)]
  0x0000018b00904440 JavaThread "Signal Dispatcher"          daemon [_thread_blocked, id=2064, stack(0x00000014d0700000,0x00000014d0800000) (1024K)]
  0x0000018b00906fb0 JavaThread "Attach Listener"            daemon [_thread_blocked, id=12828, stack(0x00000014d0800000,0x00000014d0900000) (1024K)]
  0x0000018b0090fa20 JavaThread "Service Thread"             daemon [_thread_blocked, id=5760, stack(0x00000014d0900000,0x00000014d0a00000) (1024K)]
  0x0000018b009132c0 JavaThread "Monitor Deflation Thread"   daemon [_thread_blocked, id=16072, stack(0x00000014d0a00000,0x00000014d0b00000) (1024K)]
  0x0000018b009184c0 JavaThread "C2 CompilerThread0"         daemon [_thread_blocked, id=19652, stack(0x00000014d0b00000,0x00000014d0c00000) (1024K)]
  0x0000018b0091af70 JavaThread "C1 CompilerThread0"         daemon [_thread_blocked, id=9344, stack(0x00000014d0c00000,0x00000014d0d00000) (1024K)]
  0x0000018b00910b60 JavaThread "Common-Cleaner"             daemon [_thread_blocked, id=16956, stack(0x00000014d0d00000,0x00000014d0e00000) (1024K)]
  0x0000018b009125a0 JavaThread "Monitor Ctrl-Break"         daemon [_thread_in_native, id=13620, stack(0x00000014d1000000,0x00000014d1100000) (1024K)]
  0x0000018b00913950 JavaThread "Notification Thread"        daemon [_thread_blocked, id=7540, stack(0x00000014d1100000,0x00000014d1200000) (1024K)]
  0x0000018b009111f0 JavaThread "QuantumRenderer-0"          daemon [_thread_blocked, id=10592, stack(0x00000014d1200000,0x00000014d1300000) (1024K)]
  0x0000018b00912c30 JavaThread "InvokeLaterDispatcher"      daemon [_thread_blocked, id=18504, stack(0x00000014d1300000,0x00000014d1400000) (1024K)]
  0x0000018b00911880 JavaThread "JavaFX Application Thread"         [_thread_in_native, id=13832, stack(0x00000014d1400000,0x00000014d1500000) (1024K)]
  0x0000018b009104d0 JavaThread "JavaFX-Launcher"                   [_thread_blocked, id=20400, stack(0x00000014d2200000,0x00000014d2300000) (1024K)]
  0x0000018b00911f10 JavaThread "Thread-2"                   daemon [_thread_in_native, id=7304, stack(0x00000014d2100000,0x00000014d2200000) (1024K)]
  0x0000018b473f7090 JavaThread "Prism Font Disposer"        daemon [_thread_blocked, id=552, stack(0x00000014d2b00000,0x00000014d2c00000) (1024K)]
  0x0000018b473f6370 JavaThread "Cleaner-0"                  daemon [_thread_blocked, id=1560, stack(0x00000014d3000000,0x00000014d3100000) (1024K)]
  0x0000018b473fb230 JavaThread "SIGINT handler"             daemon [_thread_blocked, id=9056, stack(0x00000014d3100000,0x00000014d3200000) (1024K)]
Total: 20

Other Threads:
=>0x0000018b008e0810 VMThread "VM Thread"                           [id=11936, stack(0x00000014d0400000,0x00000014d0500000) (1024K)]
  0x0000018b61dfd960 WorkerThread "GC Thread#0"                     [id=6800, stack(0x00000014cfe00000,0x00000014cff00000) (1024K)]
  0x0000018b46f9f070 WorkerThread "GC Thread#1"                     [id=4012, stack(0x00000014d2300000,0x00000014d2400000) (1024K)]
  0x0000018b46f9f820 WorkerThread "GC Thread#2"                     [id=9376, stack(0x00000014d2400000,0x00000014d2500000) (1024K)]
  0x0000018b46f9fbc0 WorkerThread "GC Thread#3"                     [id=9940, stack(0x00000014d2500000,0x00000014d2600000) (1024K)]
  0x0000018b46fa0b80 WorkerThread "GC Thread#4"                     [id=15916, stack(0x00000014d2600000,0x00000014d2700000) (1024K)]
  0x0000018b46fa0f20 WorkerThread "GC Thread#5"                     [id=13916, stack(0x00000014d2700000,0x00000014d2800000) (1024K)]
  0x0000018b4725e590 WorkerThread "GC Thread#6"                     [id=13436, stack(0x00000014d2c00000,0x00000014d2d00000) (1024K)]
  0x0000018b4725ecd0 WorkerThread "GC Thread#7"                     [id=13636, stack(0x00000014d2d00000,0x00000014d2e00000) (1024K)]
  0x0000018b4725e1f0 WorkerThread "GC Thread#8"                     [id=12380, stack(0x00000014d2e00000,0x00000014d2f00000) (1024K)]
  0x0000018b4725f410 WorkerThread "GC Thread#9"                     [id=19064, stack(0x00000014d2f00000,0x00000014d3000000) (1024K)]
  0x0000018b61e0d610 ConcurrentGCThread "G1 Main Marker"            terminated
  0x0000018b61e0e110 WorkerThread "G1 Conc#0"                       [id=16088, stack(0x00000014d0000000,0x00000014d0100000) (1024K)]
  0x0000018b007a20d0 ConcurrentGCThread "G1 Refine#0"               terminated
  0x0000018b007a2c40 ConcurrentGCThread "G1 Service"                terminated
Total: 15

Threads with active compile tasks:
Total: 0

VM state: at safepoint (shutting down)

VM Mutex/Monitor currently owned by a thread:  ([mutex/lock_event])
[0x00007fff635aa5f8] Threads_lock - owner thread: 0x0000018b008e0810
[0x00007fff635aa6f8] Heap_lock - owner thread: 0x0000018b473fb230

Heap address: 0x0000000724e00000, size: 3506 MB, Compressed Oops mode: Zero based, Oop shift amount: 3

CDS archive(s) mapped at: [0x0000018b01000000-0x0000018b01c90000-0x0000018b01c90000), size 13172736, SharedBaseAddress: 0x0000018b01000000, ArchiveRelocationMode: 1.
Compressed class space mapped at: 0x0000018b02000000-0x0000018b42000000, reserved size: 1073741824
Narrow klass base: 0x0000018b01000000, Narrow klass shift: 0, Narrow klass range: 0x100000000

GC Precious Log:
 CardTable entry size: 512
 Card Set container configuration: InlinePtr #cards 4 size 8 Array Of Cards #cards 16 size 48 Howl #buckets 8 coarsen threshold 3686 Howl Bitmap #cards 512 size 80 coarsen threshold 460 Card regions per heap region 1 cards per card region 4096
 CPUs: 12 total, 12 available
 Memory: 14020M
 Large Page Support: Disabled
 NUMA Support: Disabled
 Compressed Oops: Enabled (Zero based)
 Heap Region Size: 2M
 Heap Min Capacity: 8M
 Heap Initial Capacity: 220M
 Heap Max Capacity: 3506M
 Pre-touch: Disabled
 Parallel Workers: 10
 Concurrent Workers: 3
 Concurrent Refinement Workers: 10
 Periodic GC: Disabled

Heap:
 garbage-first heap   total 225280K, used 30329K [0x0000000724e00000, 0x0000000800000000)
  region size 2048K, 15 young (30720K), 3 survivors (6144K)
 Metaspace       used 16771K, committed 17088K, reserved 1114112K
  class space    used 2485K, committed 2624K, reserved 1048576K

Heap Regions: E=young(eden), S=young(survivor), O=old, HS=humongous(starts), HC=humongous(continues), CS=collection set, F=free, TAMS=top-at-mark-start, PB=parsable bottom
|   0|0x0000000724e00000, 0x0000000725000000, 0x0000000725000000|100%|HS|  |TAMS 0x0000000724e00000| PB 0x0000000724e00000| Complete 
|   1|0x0000000725000000, 0x0000000725000000, 0x0000000725200000|  0%| F|  |TAMS 0x0000000725000000| PB 0x0000000725000000| Untracked 
|   2|0x0000000725200000, 0x0000000725200000, 0x0000000725400000|  0%| F|  |TAMS 0x0000000725200000| PB 0x0000000725200000| Untracked 
|   3|0x0000000725400000, 0x0000000725400000, 0x0000000725600000|  0%| F|  |TAMS 0x0000000725400000| PB 0x0000000725400000| Untracked 
|   4|0x0000000725600000, 0x0000000725600000, 0x0000000725800000|  0%| F|  |TAMS 0x0000000725600000| PB 0x0000000725600000| Untracked 
|   5|0x0000000725800000, 0x0000000725800000, 0x0000000725a00000|  0%| F|  |TAMS 0x0000000725800000| PB 0x0000000725800000| Untracked 
|   6|0x0000000725a00000, 0x0000000725a00000, 0x0000000725c00000|  0%| F|  |TAMS 0x0000000725a00000| PB 0x0000000725a00000| Untracked 
|   7|0x0000000725c00000, 0x0000000725c00000, 0x0000000725e00000|  0%| F|  |TAMS 0x0000000725c00000| PB 0x0000000725c00000| Untracked 
|   8|0x0000000725e00000, 0x0000000725e00000, 0x0000000726000000|  0%| F|  |TAMS 0x0000000725e00000| PB 0x0000000725e00000| Untracked 
|   9|0x0000000726000000, 0x0000000726000000, 0x0000000726200000|  0%| F|  |TAMS 0x0000000726000000| PB 0x0000000726000000| Untracked 
|  10|0x0000000726200000, 0x0000000726200000, 0x0000000726400000|  0%| F|  |TAMS 0x0000000726200000| PB 0x0000000726200000| Untracked 
|  11|0x0000000726400000, 0x0000000726400000, 0x0000000726600000|  0%| F|  |TAMS 0x0000000726400000| PB 0x0000000726400000| Untracked 
|  12|0x0000000726600000, 0x0000000726600000, 0x0000000726800000|  0%| F|  |TAMS 0x0000000726600000| PB 0x0000000726600000| Untracked 
|  13|0x0000000726800000, 0x0000000726800000, 0x0000000726a00000|  0%| F|  |TAMS 0x0000000726800000| PB 0x0000000726800000| Untracked 
|  14|0x0000000726a00000, 0x0000000726a00000, 0x0000000726c00000|  0%| F|  |TAMS 0x0000000726a00000| PB 0x0000000726a00000| Untracked 
|  15|0x0000000726c00000, 0x0000000726c00000, 0x0000000726e00000|  0%| F|  |TAMS 0x0000000726c00000| PB 0x0000000726c00000| Untracked 
|  16|0x0000000726e00000, 0x0000000726e00000, 0x0000000727000000|  0%| F|  |TAMS 0x0000000726e00000| PB 0x0000000726e00000| Untracked 
|  17|0x0000000727000000, 0x0000000727000000, 0x0000000727200000|  0%| F|  |TAMS 0x0000000727000000| PB 0x0000000727000000| Untracked 
|  18|0x0000000727200000, 0x0000000727200000, 0x0000000727400000|  0%| F|  |TAMS 0x0000000727200000| PB 0x0000000727200000| Untracked 
|  19|0x0000000727400000, 0x0000000727400000, 0x0000000727600000|  0%| F|  |TAMS 0x0000000727400000| PB 0x0000000727400000| Untracked 
|  20|0x0000000727600000, 0x0000000727600000, 0x0000000727800000|  0%| F|  |TAMS 0x0000000727600000| PB 0x0000000727600000| Untracked 
|  21|0x0000000727800000, 0x0000000727800000, 0x0000000727a00000|  0%| F|  |TAMS 0x0000000727800000| PB 0x0000000727800000| Untracked 
|  22|0x0000000727a00000, 0x0000000727a00000, 0x0000000727c00000|  0%| F|  |TAMS 0x0000000727a00000| PB 0x0000000727a00000| Untracked 
|  23|0x0000000727c00000, 0x0000000727c00000, 0x0000000727e00000|  0%| F|  |TAMS 0x0000000727c00000| PB 0x0000000727c00000| Untracked 
|  24|0x0000000727e00000, 0x0000000727e00000, 0x0000000728000000|  0%| F|  |TAMS 0x0000000727e00000| PB 0x0000000727e00000| Untracked 
|  25|0x0000000728000000, 0x0000000728000000, 0x0000000728200000|  0%| F|  |TAMS 0x0000000728000000| PB 0x0000000728000000| Untracked 
|  26|0x0000000728200000, 0x0000000728200000, 0x0000000728400000|  0%| F|  |TAMS 0x0000000728200000| PB 0x0000000728200000| Untracked 
|  27|0x0000000728400000, 0x0000000728400000, 0x0000000728600000|  0%| F|  |TAMS 0x0000000728400000| PB 0x0000000728400000| Untracked 
|  28|0x0000000728600000, 0x0000000728600000, 0x0000000728800000|  0%| F|  |TAMS 0x0000000728600000| PB 0x0000000728600000| Untracked 
|  29|0x0000000728800000, 0x0000000728800000, 0x0000000728a00000|  0%| F|  |TAMS 0x0000000728800000| PB 0x0000000728800000| Untracked 
|  30|0x0000000728a00000, 0x0000000728a00000, 0x0000000728c00000|  0%| F|  |TAMS 0x0000000728a00000| PB 0x0000000728a00000| Untracked 
|  31|0x0000000728c00000, 0x0000000728c00000, 0x0000000728e00000|  0%| F|  |TAMS 0x0000000728c00000| PB 0x0000000728c00000| Untracked 
|  32|0x0000000728e00000, 0x0000000728e00000, 0x0000000729000000|  0%| F|  |TAMS 0x0000000728e00000| PB 0x0000000728e00000| Untracked 
|  33|0x0000000729000000, 0x0000000729000000, 0x0000000729200000|  0%| F|  |TAMS 0x0000000729000000| PB 0x0000000729000000| Untracked 
|  34|0x0000000729200000, 0x0000000729200000, 0x0000000729400000|  0%| F|  |TAMS 0x0000000729200000| PB 0x0000000729200000| Untracked 
|  35|0x0000000729400000, 0x0000000729400000, 0x0000000729600000|  0%| F|  |TAMS 0x0000000729400000| PB 0x0000000729400000| Untracked 
|  36|0x0000000729600000, 0x0000000729600000, 0x0000000729800000|  0%| F|  |TAMS 0x0000000729600000| PB 0x0000000729600000| Untracked 
|  37|0x0000000729800000, 0x0000000729800000, 0x0000000729a00000|  0%| F|  |TAMS 0x0000000729800000| PB 0x0000000729800000| Untracked 
|  38|0x0000000729a00000, 0x0000000729a00000, 0x0000000729c00000|  0%| F|  |TAMS 0x0000000729a00000| PB 0x0000000729a00000| Untracked 
|  39|0x0000000729c00000, 0x0000000729c00000, 0x0000000729e00000|  0%| F|  |TAMS 0x0000000729c00000| PB 0x0000000729c00000| Untracked 
|  40|0x0000000729e00000, 0x0000000729e00000, 0x000000072a000000|  0%| F|  |TAMS 0x0000000729e00000| PB 0x0000000729e00000| Untracked 
|  41|0x000000072a000000, 0x000000072a000000, 0x000000072a200000|  0%| F|  |TAMS 0x000000072a000000| PB 0x000000072a000000| Untracked 
|  42|0x000000072a200000, 0x000000072a200000, 0x000000072a400000|  0%| F|  |TAMS 0x000000072a200000| PB 0x000000072a200000| Untracked 
|  43|0x000000072a400000, 0x000000072a400000, 0x000000072a600000|  0%| F|  |TAMS 0x000000072a400000| PB 0x000000072a400000| Untracked 
|  44|0x000000072a600000, 0x000000072a600000, 0x000000072a800000|  0%| F|  |TAMS 0x000000072a600000| PB 0x000000072a600000| Untracked 
|  45|0x000000072a800000, 0x000000072a800000, 0x000000072aa00000|  0%| F|  |TAMS 0x000000072a800000| PB 0x000000072a800000| Untracked 
|  46|0x000000072aa00000, 0x000000072aa00000, 0x000000072ac00000|  0%| F|  |TAMS 0x000000072aa00000| PB 0x000000072aa00000| Untracked 
|  47|0x000000072ac00000, 0x000000072ac00000, 0x000000072ae00000|  0%| F|  |TAMS 0x000000072ac00000| PB 0x000000072ac00000| Untracked 
|  48|0x000000072ae00000, 0x000000072ae00000, 0x000000072b000000|  0%| F|  |TAMS 0x000000072ae00000| PB 0x000000072ae00000| Untracked 
|  49|0x000000072b000000, 0x000000072b000000, 0x000000072b200000|  0%| F|  |TAMS 0x000000072b000000| PB 0x000000072b000000| Untracked 
|  50|0x000000072b200000, 0x000000072b200000, 0x000000072b400000|  0%| F|  |TAMS 0x000000072b200000| PB 0x000000072b200000| Untracked 
|  51|0x000000072b400000, 0x000000072b400000, 0x000000072b600000|  0%| F|  |TAMS 0x000000072b400000| PB 0x000000072b400000| Untracked 
|  52|0x000000072b600000, 0x000000072b600000, 0x000000072b800000|  0%| F|  |TAMS 0x000000072b600000| PB 0x000000072b600000| Untracked 
|  53|0x000000072b800000, 0x000000072b800000, 0x000000072ba00000|  0%| F|  |TAMS 0x000000072b800000| PB 0x000000072b800000| Untracked 
|  54|0x000000072ba00000, 0x000000072ba00000, 0x000000072bc00000|  0%| F|  |TAMS 0x000000072ba00000| PB 0x000000072ba00000| Untracked 
|  55|0x000000072bc00000, 0x000000072bc00000, 0x000000072be00000|  0%| F|  |TAMS 0x000000072bc00000| PB 0x000000072bc00000| Untracked 
|  56|0x000000072be00000, 0x000000072be00000, 0x000000072c000000|  0%| F|  |TAMS 0x000000072be00000| PB 0x000000072be00000| Untracked 
|  57|0x000000072c000000, 0x000000072c000000, 0x000000072c200000|  0%| F|  |TAMS 0x000000072c000000| PB 0x000000072c000000| Untracked 
|  58|0x000000072c200000, 0x000000072c200000, 0x000000072c400000|  0%| F|  |TAMS 0x000000072c200000| PB 0x000000072c200000| Untracked 
|  59|0x000000072c400000, 0x000000072c400000, 0x000000072c600000|  0%| F|  |TAMS 0x000000072c400000| PB 0x000000072c400000| Untracked 
|  60|0x000000072c600000, 0x000000072c600000, 0x000000072c800000|  0%| F|  |TAMS 0x000000072c600000| PB 0x000000072c600000| Untracked 
|  61|0x000000072c800000, 0x000000072c800000, 0x000000072ca00000|  0%| F|  |TAMS 0x000000072c800000| PB 0x000000072c800000| Untracked 
|  62|0x000000072ca00000, 0x000000072ca00000, 0x000000072cc00000|  0%| F|  |TAMS 0x000000072ca00000| PB 0x000000072ca00000| Untracked 
|  63|0x000000072cc00000, 0x000000072cc00000, 0x000000072ce00000|  0%| F|  |TAMS 0x000000072cc00000| PB 0x000000072cc00000| Untracked 
|  64|0x000000072ce00000, 0x000000072ce00000, 0x000000072d000000|  0%| F|  |TAMS 0x000000072ce00000| PB 0x000000072ce00000| Untracked 
|  65|0x000000072d000000, 0x000000072d000000, 0x000000072d200000|  0%| F|  |TAMS 0x000000072d000000| PB 0x000000072d000000| Untracked 
|  66|0x000000072d200000, 0x000000072d200000, 0x000000072d400000|  0%| F|  |TAMS 0x000000072d200000| PB 0x000000072d200000| Untracked 
|  67|0x000000072d400000, 0x000000072d400000, 0x000000072d600000|  0%| F|  |TAMS 0x000000072d400000| PB 0x000000072d400000| Untracked 
|  68|0x000000072d600000, 0x000000072d600000, 0x000000072d800000|  0%| F|  |TAMS 0x000000072d600000| PB 0x000000072d600000| Untracked 
|  69|0x000000072d800000, 0x000000072d800000, 0x000000072da00000|  0%| F|  |TAMS 0x000000072d800000| PB 0x000000072d800000| Untracked 
|  70|0x000000072da00000, 0x000000072da00000, 0x000000072dc00000|  0%| F|  |TAMS 0x000000072da00000| PB 0x000000072da00000| Untracked 
|  71|0x000000072dc00000, 0x000000072dc00000, 0x000000072de00000|  0%| F|  |TAMS 0x000000072dc00000| PB 0x000000072dc00000| Untracked 
|  72|0x000000072de00000, 0x000000072de00000, 0x000000072e000000|  0%| F|  |TAMS 0x000000072de00000| PB 0x000000072de00000| Untracked 
|  73|0x000000072e000000, 0x000000072e000000, 0x000000072e200000|  0%| F|  |TAMS 0x000000072e000000| PB 0x000000072e000000| Untracked 
|  74|0x000000072e200000, 0x000000072e200000, 0x000000072e400000|  0%| F|  |TAMS 0x000000072e200000| PB 0x000000072e200000| Untracked 
|  75|0x000000072e400000, 0x000000072e400000, 0x000000072e600000|  0%| F|  |TAMS 0x000000072e400000| PB 0x000000072e400000| Untracked 
|  76|0x000000072e600000, 0x000000072e600000, 0x000000072e800000|  0%| F|  |TAMS 0x000000072e600000| PB 0x000000072e600000| Untracked 
|  77|0x000000072e800000, 0x000000072e800000, 0x000000072ea00000|  0%| F|  |TAMS 0x000000072e800000| PB 0x000000072e800000| Untracked 
|  78|0x000000072ea00000, 0x000000072ea00000, 0x000000072ec00000|  0%| F|  |TAMS 0x000000072ea00000| PB 0x000000072ea00000| Untracked 
|  79|0x000000072ec00000, 0x000000072ec00000, 0x000000072ee00000|  0%| F|  |TAMS 0x000000072ec00000| PB 0x000000072ec00000| Untracked 
|  80|0x000000072ee00000, 0x000000072ee00000, 0x000000072f000000|  0%| F|  |TAMS 0x000000072ee00000| PB 0x000000072ee00000| Untracked 
|  81|0x000000072f000000, 0x000000072f000000, 0x000000072f200000|  0%| F|  |TAMS 0x000000072f000000| PB 0x000000072f000000| Untracked 
|  82|0x000000072f200000, 0x000000072f200000, 0x000000072f400000|  0%| F|  |TAMS 0x000000072f200000| PB 0x000000072f200000| Untracked 
|  83|0x000000072f400000, 0x000000072f400000, 0x000000072f600000|  0%| F|  |TAMS 0x000000072f400000| PB 0x000000072f400000| Untracked 
|  84|0x000000072f600000, 0x000000072f600000, 0x000000072f800000|  0%| F|  |TAMS 0x000000072f600000| PB 0x000000072f600000| Untracked 
|  85|0x000000072f800000, 0x000000072f800000, 0x000000072fa00000|  0%| F|  |TAMS 0x000000072f800000| PB 0x000000072f800000| Untracked 
|  86|0x000000072fa00000, 0x000000072fb9e500, 0x000000072fc00000| 80%| S|CS|TAMS 0x000000072fa00000| PB 0x000000072fa00000| Complete 
|  87|0x000000072fc00000, 0x000000072fe00000, 0x000000072fe00000|100%| S|CS|TAMS 0x000000072fc00000| PB 0x000000072fc00000| Complete 
|  88|0x000000072fe00000, 0x0000000730000000, 0x0000000730000000|100%| S|CS|TAMS 0x000000072fe00000| PB 0x000000072fe00000| Complete 
|  89|0x0000000730000000, 0x0000000730000000, 0x0000000730200000|  0%| F|  |TAMS 0x0000000730000000| PB 0x0000000730000000| Untracked 
|  90|0x0000000730200000, 0x0000000730200000, 0x0000000730400000|  0%| F|  |TAMS 0x0000000730200000| PB 0x0000000730200000| Untracked 
|  91|0x0000000730400000, 0x0000000730400000, 0x0000000730600000|  0%| F|  |TAMS 0x0000000730400000| PB 0x0000000730400000| Untracked 
|  92|0x0000000730600000, 0x0000000730600000, 0x0000000730800000|  0%| F|  |TAMS 0x0000000730600000| PB 0x0000000730600000| Untracked 
|  93|0x0000000730800000, 0x0000000730800000, 0x0000000730a00000|  0%| F|  |TAMS 0x0000000730800000| PB 0x0000000730800000| Untracked 
|  94|0x0000000730a00000, 0x0000000730a00000, 0x0000000730c00000|  0%| F|  |TAMS 0x0000000730a00000| PB 0x0000000730a00000| Untracked 
|  95|0x0000000730c00000, 0x0000000730c00000, 0x0000000730e00000|  0%| F|  |TAMS 0x0000000730c00000| PB 0x0000000730c00000| Untracked 
|  96|0x0000000730e00000, 0x0000000730e00000, 0x0000000731000000|  0%| F|  |TAMS 0x0000000730e00000| PB 0x0000000730e00000| Untracked 
|  97|0x0000000731000000, 0x0000000731000000, 0x0000000731200000|  0%| F|  |TAMS 0x0000000731000000| PB 0x0000000731000000| Untracked 
|  98|0x0000000731200000, 0x0000000731343160, 0x0000000731400000| 63%| E|  |TAMS 0x0000000731200000| PB 0x0000000731200000| Complete 
|  99|0x0000000731400000, 0x0000000731600000, 0x0000000731600000|100%| E|CS|TAMS 0x0000000731400000| PB 0x0000000731400000| Complete 
| 100|0x0000000731600000, 0x0000000731800000, 0x0000000731800000|100%| E|CS|TAMS 0x0000000731600000| PB 0x0000000731600000| Complete 
| 101|0x0000000731800000, 0x0000000731a00000, 0x0000000731a00000|100%| E|CS|TAMS 0x0000000731800000| PB 0x0000000731800000| Complete 
| 102|0x0000000731a00000, 0x0000000731c00000, 0x0000000731c00000|100%| E|CS|TAMS 0x0000000731a00000| PB 0x0000000731a00000| Complete 
| 103|0x0000000731c00000, 0x0000000731e00000, 0x0000000731e00000|100%| E|CS|TAMS 0x0000000731c00000| PB 0x0000000731c00000| Complete 
| 104|0x0000000731e00000, 0x0000000732000000, 0x0000000732000000|100%| E|CS|TAMS 0x0000000731e00000| PB 0x0000000731e00000| Complete 
| 105|0x0000000732000000, 0x0000000732200000, 0x0000000732200000|100%| E|CS|TAMS 0x0000000732000000| PB 0x0000000732000000| Complete 
| 106|0x0000000732200000, 0x0000000732400000, 0x0000000732400000|100%| E|CS|TAMS 0x0000000732200000| PB 0x0000000732200000| Complete 
| 107|0x0000000732400000, 0x0000000732600000, 0x0000000732600000|100%| E|CS|TAMS 0x0000000732400000| PB 0x0000000732400000| Complete 
| 108|0x0000000732600000, 0x0000000732800000, 0x0000000732800000|100%| E|CS|TAMS 0x0000000732600000| PB 0x0000000732600000| Complete 
| 109|0x0000000732800000, 0x0000000732a00000, 0x0000000732a00000|100%| E|CS|TAMS 0x0000000732800000| PB 0x0000000732800000| Complete 

Card table byte_map: [0x0000018b79e30000,0x0000018b7a510000] _byte_map_base: 0x0000018b76509000

Marking Bits: (CMBitMap*) 0x0000018b61dfe060
 Bits: [0x0000018b7a510000, 0x0000018b7dbd8000)

Polling page: 0x0000018b5fa50000

Metaspace:

Usage:
  Non-class:     13.95 MB used.
      Class:      2.43 MB used.
       Both:     16.38 MB used.

Virtual space:
  Non-class space:       64.00 MB reserved,      14.12 MB ( 22%) committed,  1 nodes.
      Class space:        1.00 GB reserved,       2.56 MB ( <1%) committed,  1 nodes.
             Both:        1.06 GB reserved,      16.69 MB (  2%) committed. 

Chunk freelists:
   Non-Class:  1.34 MB
       Class:  13.38 MB
        Both:  14.72 MB

MaxMetaspaceSize: unlimited
CompressedClassSpaceSize: 1.00 GB
Initial GC threshold: 21.00 MB
Current GC threshold: 21.00 MB
CDS: on
 - commit_granule_bytes: 65536.
 - commit_granule_words: 8192.
 - virtual_space_node_default_size: 8388608.
 - enlarge_chunks_in_place: 1.
 - use_allocation_guard: 0.


Internal statistics:

num_allocs_failed_limit: 0.
num_arena_births: 406.
num_arena_deaths: 0.
num_vsnodes_births: 2.
num_vsnodes_deaths: 0.
num_space_committed: 267.
num_space_uncommitted: 0.
num_chunks_returned_to_freelist: 0.
num_chunks_taken_from_freelist: 951.
num_chunk_merges: 0.
num_chunk_splits: 654.
num_chunks_enlarged: 469.
num_inconsistent_stats: 0.

CodeHeap 'non-profiled nmethods': size=120000Kb used=1203Kb max_used=1203Kb free=118796Kb
 bounds [0x0000018b71cd0000, 0x0000018b71f40000, 0x0000018b79200000]
CodeHeap 'profiled nmethods': size=120000Kb used=5200Kb max_used=5200Kb free=114799Kb
 bounds [0x0000018b6a200000, 0x0000018b6a720000, 0x0000018b71730000]
CodeHeap 'non-nmethods': size=5760Kb used=1809Kb max_used=1825Kb free=3950Kb
 bounds [0x0000018b71730000, 0x0000018b719a0000, 0x0000018b71cd0000]
 total_blobs=3689 nmethods=2865 adapters=727
 compilation: enabled
              stopped_count=0, restarted_count=0
 full_count=0

Compilation events (20 events):
Event: 6.922 Thread 0x0000018b0091af70 2852       3       javafx.scene.control.skin.LabeledSkinBase::topLabelPadding (18 bytes)
Event: 6.923 Thread 0x0000018b0091af70 nmethod 2852 0x0000018b6a70c190 code [0x0000018b6a70c3e0, 0x0000018b6a70cf98]
Event: 6.924 Thread 0x0000018b0091af70 2849       3       com.sun.javafx.text.PrismTextLayout::getBounds (9 bytes)
Event: 6.924 Thread 0x0000018b0091af70 nmethod 2849 0x0000018b6a70d310 code [0x0000018b6a70d4c0, 0x0000018b6a70d6c0]
Event: 6.924 Thread 0x0000018b0091af70 2850       3       javafx.scene.text.Text::boundsTypeProperty (27 bytes)
Event: 6.925 Thread 0x0000018b0091af70 nmethod 2850 0x0000018b6a70d790 code [0x0000018b6a70d960, 0x0000018b6a70dd40]
Event: 6.925 Thread 0x0000018b0091af70 2863       3       com.sun.javafx.sg.prism.NGRegion::roundUp (20 bytes)
Event: 6.925 Thread 0x0000018b0091af70 nmethod 2863 0x0000018b6a70de90 code [0x0000018b6a70e060, 0x0000018b6a70e250]
Event: 6.925 Thread 0x0000018b0091af70 2861       3       com.sun.javafx.font.FontStrikeDesc::equals (98 bytes)
Event: 6.925 Thread 0x0000018b0091af70 nmethod 2861 0x0000018b6a70e310 code [0x0000018b6a70e4e0, 0x0000018b6a70ea48]
Event: 6.925 Thread 0x0000018b0091af70 2862       1       com.sun.javafx.font.PrismFontStrike::drawAsShapes (5 bytes)
Event: 6.926 Thread 0x0000018b0091af70 nmethod 2862 0x0000018b71dfc410 code [0x0000018b71dfc5a0, 0x0000018b71dfc670]
Event: 6.926 Thread 0x0000018b0091af70 2860       3       javafx.scene.text.Text::getTextLayout (190 bytes)
Event: 6.932 Thread 0x0000018b0091af70 nmethod 2860 0x0000018b6a70ec10 code [0x0000018b6a70f0e0, 0x0000018b6a711b10]
Event: 6.932 Thread 0x0000018b0091af70 2865       3       com.sun.prism.impl.ps.BaseShaderContext::setRenderTarget (278 bytes)
Event: 6.934 Thread 0x0000018b0091af70 nmethod 2865 0x0000018b6a712810 code [0x0000018b6a712ae0, 0x0000018b6a713d10]
Event: 6.934 Thread 0x0000018b0091af70 2855       1       javafx.scene.layout.Border::getOutsets (5 bytes)
Event: 6.935 Thread 0x0000018b0091af70 nmethod 2855 0x0000018b71dfc710 code [0x0000018b71dfc8a0, 0x0000018b71dfc970]
Event: 6.935 Thread 0x0000018b0091af70 2864       1       com.sun.javafx.text.TextRun::getLocation (5 bytes)
Event: 6.935 Thread 0x0000018b0091af70 nmethod 2864 0x0000018b71dfca10 code [0x0000018b71dfcba0, 0x0000018b71dfcc70]

GC Heap History (4 events):
Event: 0.425 GC heap before
{Heap before GC invocations=0 (full 0):
 garbage-first heap   total 225280K, used 22528K [0x0000000724e00000, 0x0000000800000000)
  region size 2048K, 11 young (22528K), 0 survivors (0K)
 Metaspace       used 4726K, committed 4928K, reserved 1114112K
  class space    used 507K, committed 640K, reserved 1048576K
}
Event: 0.427 GC heap after
{Heap after GC invocations=1 (full 0):
 garbage-first heap   total 225280K, used 2687K [0x0000000724e00000, 0x0000000800000000)
  region size 2048K, 2 young (4096K), 2 survivors (4096K)
 Metaspace       used 4726K, committed 4928K, reserved 1114112K
  class space    used 507K, committed 640K, reserved 1048576K
}
Event: 0.806 GC heap before
{Heap before GC invocations=1 (full 0):
 garbage-first heap   total 225280K, used 39551K [0x0000000724e00000, 0x0000000800000000)
  region size 2048K, 21 young (43008K), 2 survivors (4096K)
 Metaspace       used 13281K, committed 13568K, reserved 1114112K
  class space    used 2051K, committed 2176K, reserved 1048576K
}
Event: 0.810 GC heap after
{Heap after GC invocations=2 (full 0):
 garbage-first heap   total 225280K, used 5753K [0x0000000724e00000, 0x0000000800000000)
  region size 2048K, 3 young (6144K), 3 survivors (6144K)
 Metaspace       used 13281K, committed 13568K, reserved 1114112K
  class space    used 2051K, committed 2176K, reserved 1048576K
}

Dll operation events (20 events):
Event: 0.243 Loaded shared library C:\Users\Nursultan\.openjfx\cache\21-ea+null\amd64\api-ms-win-crt-locale-l1-1-0.dll
Event: 0.244 Loaded shared library C:\Users\Nursultan\.openjfx\cache\21-ea+null\amd64\api-ms-win-crt-math-l1-1-0.dll
Event: 0.246 Loaded shared library C:\Users\Nursultan\.openjfx\cache\21-ea+null\amd64\api-ms-win-crt-multibyte-l1-1-0.dll
Event: 0.247 Loaded shared library C:\Users\Nursultan\.openjfx\cache\21-ea+null\amd64\api-ms-win-crt-private-l1-1-0.dll
Event: 0.249 Loaded shared library C:\Users\Nursultan\.openjfx\cache\21-ea+null\amd64\api-ms-win-crt-process-l1-1-0.dll
Event: 0.250 Loaded shared library C:\Users\Nursultan\.openjfx\cache\21-ea+null\amd64\api-ms-win-crt-runtime-l1-1-0.dll
Event: 0.252 Loaded shared library C:\Users\Nursultan\.openjfx\cache\21-ea+null\amd64\api-ms-win-crt-stdio-l1-1-0.dll
Event: 0.254 Loaded shared library C:\Users\Nursultan\.openjfx\cache\21-ea+null\amd64\api-ms-win-crt-string-l1-1-0.dll
Event: 0.255 Loaded shared library C:\Users\Nursultan\.openjfx\cache\21-ea+null\amd64\api-ms-win-crt-time-l1-1-0.dll
Event: 0.256 Loaded shared library C:\Users\Nursultan\.openjfx\cache\21-ea+null\amd64\api-ms-win-crt-utility-l1-1-0.dll
Event: 0.265 Loaded shared library C:\Users\Nursultan\.openjfx\cache\21-ea+null\amd64\ucrtbase.dll
Event: 0.268 Loaded shared library C:\Users\Nursultan\.openjfx\cache\21-ea+null\amd64\vcruntime140.dll
Event: 0.270 Loaded shared library C:\Users\Nursultan\.openjfx\cache\21-ea+null\amd64\vcruntime140_1.dll
Event: 0.278 Loaded shared library C:\Users\Nursultan\.openjfx\cache\21-ea+null\amd64\msvcp140.dll
Event: 0.279 Loaded shared library C:\Users\Nursultan\.openjfx\cache\21-ea+null\amd64\msvcp140_1.dll
Event: 0.282 Loaded shared library C:\Users\Nursultan\.openjfx\cache\21-ea+null\amd64\msvcp140_2.dll
Event: 0.305 Loaded shared library C:\Users\Nursultan\.openjfx\cache\21-ea+null\amd64\prism_d3d.dll
Event: 0.331 Loaded shared library C:\Users\Nursultan\.openjfx\cache\21-ea+null\amd64\glass.dll
Event: 0.442 Loaded shared library C:\Users\Nursultan\.jdks\openjdk-21.0.1\bin\jimage.dll
Event: 0.564 Loaded shared library C:\Users\Nursultan\.openjfx\cache\21-ea+null\amd64\javafx_font.dll

Deoptimization events (20 events):
Event: 1.930 Thread 0x0000018b00911880 DEOPT PACKING pc=0x0000018b71d9af68 sp=0x00000014d14fc0c0
Event: 1.930 Thread 0x0000018b00911880 DEOPT UNPACKING pc=0x0000018b717846a2 sp=0x00000014d14fbfe8 mode 2
Event: 1.934 Thread 0x0000018b00911880 Uncommon trap: trap_request=0xffffffde fr.pc=0x0000018b71d9af68 relative=0x00000000000007a8
Event: 1.934 Thread 0x0000018b00911880 Uncommon trap: reason=class_check action=maybe_recompile pc=0x0000018b71d9af68 method=java.util.HashMap.putVal(ILjava/lang/Object;Ljava/lang/Object;ZZ)Ljava/lang/Object; @ 91 c2
Event: 1.934 Thread 0x0000018b00911880 DEOPT PACKING pc=0x0000018b71d9af68 sp=0x00000014d14fc0c0
Event: 1.934 Thread 0x0000018b00911880 DEOPT UNPACKING pc=0x0000018b717846a2 sp=0x00000014d14fbfe8 mode 2
Event: 1.938 Thread 0x0000018b00911880 Uncommon trap: trap_request=0xffffffde fr.pc=0x0000018b71d97e74 relative=0x0000000000000754
Event: 1.938 Thread 0x0000018b00911880 Uncommon trap: reason=class_check action=maybe_recompile pc=0x0000018b71d97e74 method=java.util.HashMap.putVal(ILjava/lang/Object;Ljava/lang/Object;ZZ)Ljava/lang/Object; @ 91 c2
Event: 1.938 Thread 0x0000018b00911880 DEOPT PACKING pc=0x0000018b71d97e74 sp=0x00000014d14fc030
Event: 1.939 Thread 0x0000018b00911880 DEOPT UNPACKING pc=0x0000018b717846a2 sp=0x00000014d14fbfb0 mode 2
Event: 1.959 Thread 0x0000018b00911880 Uncommon trap: trap_request=0xffffffde fr.pc=0x0000018b71d93fd4 relative=0x00000000000002f4
Event: 1.959 Thread 0x0000018b00911880 Uncommon trap: reason=class_check action=maybe_recompile pc=0x0000018b71d93fd4 method=java.util.regex.Pattern$BmpCharPropertyGreedy.match(Ljava/util/regex/Matcher;ILjava/lang/CharSequence;)Z @ 26 c2
Event: 1.959 Thread 0x0000018b00911880 DEOPT PACKING pc=0x0000018b71d93fd4 sp=0x00000014d14fbf10
Event: 1.959 Thread 0x0000018b00911880 DEOPT UNPACKING pc=0x0000018b717846a2 sp=0x00000014d14fbec8 mode 2
Event: 6.653 Thread 0x0000018b009111f0 DEOPT PACKING pc=0x0000018b6a650f0f sp=0x00000014d12fd6c0
Event: 6.654 Thread 0x0000018b009111f0 DEOPT UNPACKING pc=0x0000018b71784e42 sp=0x00000014d12fcb28 mode 0
Event: 6.658 Thread 0x0000018b009111f0 DEOPT PACKING pc=0x0000018b6a650f0f sp=0x00000014d12fd990
Event: 6.658 Thread 0x0000018b009111f0 DEOPT UNPACKING pc=0x0000018b71784e42 sp=0x00000014d12fcdf8 mode 0
Event: 6.660 Thread 0x0000018b009111f0 DEOPT PACKING pc=0x0000018b6a650e52 sp=0x00000014d12fd990
Event: 6.660 Thread 0x0000018b009111f0 DEOPT UNPACKING pc=0x0000018b71784e42 sp=0x00000014d12fcde8 mode 0

Classes loaded (20 events):
Event: 1.034 Loading class java/time/zone/ZoneOffsetTransition
Event: 1.034 Loading class java/time/zone/ZoneOffsetTransition done
Event: 1.037 Loading class sun/util/cldr/CLDRBaseLocaleDataMetaInfo$TZCanonicalIDMapHolder
Event: 1.037 Loading class sun/util/cldr/CLDRBaseLocaleDataMetaInfo$TZCanonicalIDMapHolder done
Event: 1.039 Loading class sun/util/resources/TimeZoneNames
Event: 1.040 Loading class sun/util/resources/TimeZoneNames done
Event: 1.040 Loading class sun/util/resources/TimeZoneNames_en
Event: 1.040 Loading class sun/util/resources/TimeZoneNames_en done
Event: 1.727 Loading class java/io/UnsupportedEncodingException
Event: 1.727 Loading class java/io/UnsupportedEncodingException done
Event: 1.900 Loading class java/lang/Byte$ByteCache
Event: 1.900 Loading class java/lang/Byte$ByteCache done
Event: 1.900 Loading class java/lang/Short$ShortCache
Event: 1.900 Loading class java/lang/Short$ShortCache done
Event: 2.038 Loading class java/util/BitSet
Event: 2.038 Loading class java/util/BitSet done
Event: 2.092 Loading class java/lang/FdLibm$Atan2
Event: 2.092 Loading class java/lang/FdLibm$Atan2 done
Event: 18.753 Loading class jdk/internal/misc/Signal$1
Event: 18.753 Loading class jdk/internal/misc/Signal$1 done

Classes unloaded (0 events):
No events

Classes redefined (0 events):
No events

Internal exceptions (20 events):
Event: 0.849 Thread 0x0000018b00911880 Exception <a 'java/lang/NoSuchMethodError'{0x0000000732749680}: 'java.lang.Object java.lang.invoke.DirectMethodHandle$Holder.newInvokeSpecial(java.lang.Object, java.lang.Object, int)'> (0x0000000732749680) 
thrown [s\open\src\hotspot\share\interpreter\linkResolver.cpp, line 773]
Event: 0.876 Thread 0x0000018b009111f0 Exception <a 'java/lang/NoSuchMethodError'{0x00000007324acfd8}: 'int java.lang.invoke.DirectMethodHandle$Holder.invokeStaticInit(java.lang.Object, java.lang.Object)'> (0x00000007324acfd8) 
thrown [s\open\src\hotspot\share\interpreter\linkResolver.cpp, line 773]
Event: 0.888 Thread 0x0000018b00911880 Exception <a 'java/lang/NoSuchMethodError'{0x0000000732454688}: 'long java.lang.invoke.DirectMethodHandle$Holder.invokeStatic(java.lang.Object, java.lang.Object, java.lang.Object)'> (0x0000000732454688) 
thrown [s\open\src\hotspot\share\interpreter\linkResolver.cpp, line 773]
Event: 0.888 Thread 0x0000018b00911880 Exception <a 'java/lang/NoSuchMethodError'{0x0000000732457a58}: 'long java.lang.invoke.DirectMethodHandle$Holder.invokeStaticInit(java.lang.Object, java.lang.Object, java.lang.Object)'> (0x0000000732457a58) 
thrown [s\open\src\hotspot\share\interpreter\linkResolver.cpp, line 773]
Event: 0.889 Thread 0x0000018b00911880 Exception <a 'java/lang/NoSuchMethodError'{0x000000073246c050}: 'java.lang.Object java.lang.invoke.DirectMethodHandle$Holder.newInvokeSpecial(java.lang.Object, java.lang.Object, long)'> (0x000000073246c050) 
thrown [s\open\src\hotspot\share\interpreter\linkResolver.cpp, line 773]
Event: 0.889 Thread 0x0000018b00911880 Exception <a 'java/lang/NoSuchMethodError'{0x000000073246f948}: 'java.lang.Object java.lang.invoke.Invokers$Holder.linkToTargetMethod(java.lang.Object, long, java.lang.Object)'> (0x000000073246f948) 
thrown [s\open\src\hotspot\share\interpreter\linkResolver.cpp, line 773]
Event: 0.916 Thread 0x0000018b009111f0 Exception <a 'java/lang/NoSuchMethodError'{0x00000007322f5ba0}: 'java.lang.Object java.lang.invoke.DirectMethodHandle$Holder.invokeStaticInit(java.lang.Object, int)'> (0x00000007322f5ba0) 
thrown [s\open\src\hotspot\share\interpreter\linkResolver.cpp, line 773]
Event: 1.033 Thread 0x0000018b00906fb0 Exception <a 'sun/nio/fs/WindowsException'{0x0000000731fe1a00}> (0x0000000731fe1a00) 
thrown [s\open\src\hotspot\share\prims\jni.cpp, line 520]
Event: 1.894 Thread 0x0000018b00911880 Exception <a 'java/io/FileNotFoundException'{0x0000000731a874c8}> (0x0000000731a874c8) 
thrown [s\open\src\hotspot\share\prims\jni.cpp, line 520]
Event: 1.894 Thread 0x0000018b00911880 Exception <a 'java/io/FileNotFoundException'{0x0000000731a887a8}> (0x0000000731a887a8) 
thrown [s\open\src\hotspot\share\prims\jni.cpp, line 520]
Event: 1.912 Thread 0x0000018b00911880 Exception <a 'java/lang/NoSuchMethodError'{0x0000000731aeb068}: 'java.lang.Object java.lang.invoke.DelegatingMethodHandle$Holder.reinvoke_L(java.lang.Object, double, double, double, double)'> (0x0000000731aeb068) 
thrown [s\open\src\hotspot\share\interpreter\linkResolver.cpp, line 773]
Event: 1.914 Thread 0x0000018b00911880 Exception <a 'java/lang/NoSuchMethodError'{0x0000000731af5fa0}: 'java.lang.Object java.lang.invoke.DirectMethodHandle$Holder.invokeStatic(java.lang.Object, java.lang.Object, int)'> (0x0000000731af5fa0) 
thrown [s\open\src\hotspot\share\interpreter\linkResolver.cpp, line 773]
Event: 1.915 Thread 0x0000018b00911880 Exception <a 'java/lang/NoSuchMethodError'{0x0000000731af9e28}: 'void java.lang.invoke.DirectMethodHandle$Holder.invokeStatic(java.lang.Object, java.lang.Object, int, java.lang.Object)'> (0x0000000731af9e28) 
thrown [s\open\src\hotspot\share\interpreter\linkResolver.cpp, line 773]
Event: 1.916 Thread 0x0000018b00911880 Exception <a 'java/lang/NoSuchMethodError'{0x0000000731b00b48}: 'void java.lang.invoke.DelegatingMethodHandle$Holder.delegate(java.lang.Object, java.lang.Object, int, java.lang.Object)'> (0x0000000731b00b48) 
thrown [s\open\src\hotspot\share\interpreter\linkResolver.cpp, line 773]
Event: 1.959 Thread 0x0000018b00911880 Exception <a 'java/io/FileNotFoundException'{0x0000000731ba7960}> (0x0000000731ba7960) 
thrown [s\open\src\hotspot\share\prims\jni.cpp, line 520]
Event: 1.960 Thread 0x0000018b00911880 Exception <a 'java/io/FileNotFoundException'{0x0000000731ba8cb8}> (0x0000000731ba8cb8) 
thrown [s\open\src\hotspot\share\prims\jni.cpp, line 520]
Event: 1.961 Thread 0x0000018b00911880 Exception <a 'java/lang/NoSuchMethodError'{0x0000000731bae4d0}: 'java.lang.Object java.lang.invoke.DirectMethodHandle$Holder.newInvokeSpecial(java.lang.Object, double)'> (0x0000000731bae4d0) 
thrown [s\open\src\hotspot\share\interpreter\linkResolver.cpp, line 773]
Event: 2.044 Thread 0x0000018b00911880 Exception <a 'java/lang/NoSuchMethodError'{0x00000007316f7e28}: 'java.lang.Object java.lang.invoke.DirectMethodHandle$Holder.invokeStatic(java.lang.Object, int, java.lang.Object)'> (0x00000007316f7e28) 
thrown [s\open\src\hotspot\share\interpreter\linkResolver.cpp, line 773]
Event: 6.790 Thread 0x0000018b00911880 Exception <a 'java/io/FileNotFoundException'{0x00000007314844a8}> (0x00000007314844a8) 
thrown [s\open\src\hotspot\share\prims\jni.cpp, line 520]
Event: 6.791 Thread 0x0000018b00911880 Exception <a 'java/io/FileNotFoundException'{0x0000000731485a38}> (0x0000000731485a38) 
thrown [s\open\src\hotspot\share\prims\jni.cpp, line 520]

ZGC Phase Switch (0 events):
No events

VM Operations (20 events):
Event: 0.810 Executing VM operation: G1CollectForAllocation (G1 Evacuation Pause) done
Event: 0.821 Executing VM operation: HandshakeAllThreads (Deoptimize)
Event: 0.821 Executing VM operation: HandshakeAllThreads (Deoptimize) done
Event: 1.739 Executing VM operation: ICBufferFull
Event: 1.740 Executing VM operation: ICBufferFull done
Event: 1.910 Executing VM operation: HandshakeAllThreads (Deoptimize)
Event: 1.910 Executing VM operation: HandshakeAllThreads (Deoptimize) done
Event: 1.914 Executing VM operation: HandshakeAllThreads (Deoptimize)
Event: 1.914 Executing VM operation: HandshakeAllThreads (Deoptimize) done
Event: 2.041 Executing VM operation: ICBufferFull
Event: 2.041 Executing VM operation: ICBufferFull done
Event: 3.041 Executing VM operation: Cleanup
Event: 3.041 Executing VM operation: Cleanup done
Event: 5.041 Executing VM operation: Cleanup
Event: 5.041 Executing VM operation: Cleanup done
Event: 6.042 Executing VM operation: Cleanup
Event: 6.042 Executing VM operation: Cleanup done
Event: 7.042 Executing VM operation: Cleanup
Event: 7.042 Executing VM operation: Cleanup done
Event: 18.757 Executing VM operation: Exit

Events (20 events):
Event: 0.132 Thread 0x0000018b009125a0 Thread added: 0x0000018b009125a0
Event: 0.132 Thread 0x0000018b00913950 Thread added: 0x0000018b00913950
Event: 0.300 Thread 0x0000018b009111f0 Thread added: 0x0000018b009111f0
Event: 0.332 Thread 0x0000018b00912c30 Thread added: 0x0000018b00912c30
Event: 0.334 Thread 0x0000018b00911880 Thread added: 0x0000018b00911880
Event: 0.419 Thread 0x0000018b009104d0 Thread added: 0x0000018b009104d0
Event: 0.423 Thread 0x0000018b00911f10 Thread added: 0x0000018b00911f10
Event: 0.745 Thread 0x0000018b473f7090 Thread added: 0x0000018b473f7090
Event: 0.938 Thread 0x0000018b473f6370 Thread added: 0x0000018b473f6370
Event: 1.200 Thread 0x0000018b00c5a720 Thread exited: 0x0000018b00c5a720
Event: 1.200 Thread 0x0000018b00cb5b50 Thread exited: 0x0000018b00cb5b50
Event: 1.962 Thread 0x0000018b58d90720 Thread added: 0x0000018b58d90720
Event: 1.991 Thread 0x0000018b47614110 Thread added: 0x0000018b47614110
Event: 3.421 Thread 0x0000018b47614110 Thread exited: 0x0000018b47614110
Event: 3.422 Thread 0x0000018b58d90720 Thread exited: 0x0000018b58d90720
Event: 18.753 Thread 0x0000018b473fb230 Thread added: 0x0000018b473fb230
Event: 18.754 Thread 0x0000018b473fcc70 Thread added: 0x0000018b473fcc70
Event: 18.755 Thread 0x0000018b473f9160 Thread added: 0x0000018b473f9160
Event: 18.755 Thread 0x0000018b473f9160 Thread exited: 0x0000018b473f9160
Event: 18.756 Thread 0x0000018b473fcc70 Thread exited: 0x0000018b473fcc70


Dynamic libraries:
0x00007ff7f07f0000 - 0x00007ff7f07fe000 	C:\Users\Nursultan\.jdks\openjdk-21.0.1\bin\java.exe
0x00007fffa4cb0000 - 0x00007fffa4ea8000 	C:\Windows\SYSTEM32\ntdll.dll
0x00007fffa47f0000 - 0x00007fffa48ad000 	C:\Windows\System32\KERNEL32.DLL
0x00007fffa28c0000 - 0x00007fffa2bb6000 	C:\Windows\System32\KERNELBASE.dll
0x00007fffa2510000 - 0x00007fffa2610000 	C:\Windows\System32\ucrtbase.dll
0x00007fff94210000 - 0x00007fff94228000 	C:\Users\Nursultan\.jdks\openjdk-21.0.1\bin\jli.dll
0x00007fff94230000 - 0x00007fff9424b000 	C:\Users\Nursultan\.jdks\openjdk-21.0.1\bin\VCRUNTIME140.dll
0x00007fffa3a30000 - 0x00007fffa3bce000 	C:\Windows\System32\USER32.dll
0x00007fffa2ce0000 - 0x00007fffa2d02000 	C:\Windows\System32\win32u.dll
0x00007fff88810000 - 0x00007fff88aaa000 	C:\Windows\WinSxS\amd64_microsoft.windows.common-controls_6595b64144ccf1df_6.0.19041.3636_none_60b6a03d71f818d5\COMCTL32.dll
0x00007fffa2d70000 - 0x00007fffa2d9c000 	C:\Windows\System32\GDI32.dll
0x00007fffa2bc0000 - 0x00007fffa2cda000 	C:\Windows\System32\gdi32full.dll
0x00007fffa44b0000 - 0x00007fffa454e000 	C:\Windows\System32\msvcrt.dll
0x00007fffa2610000 - 0x00007fffa26ad000 	C:\Windows\System32\msvcp_win.dll
0x00007fffa48b0000 - 0x00007fffa48e0000 	C:\Windows\System32\IMM32.DLL
0x00007fff9e8b0000 - 0x00007fff9e8bc000 	C:\Users\Nursultan\.jdks\openjdk-21.0.1\bin\vcruntime140_1.dll
0x00007fff91710000 - 0x00007fff9179e000 	C:\Users\Nursultan\.jdks\openjdk-21.0.1\bin\msvcp140.dll
0x00007fff62970000 - 0x00007fff63685000 	C:\Users\Nursultan\.jdks\openjdk-21.0.1\bin\server\jvm.dll
0x00007fffa45b0000 - 0x00007fffa465f000 	C:\Windows\System32\ADVAPI32.dll
0x00007fffa4750000 - 0x00007fffa47ec000 	C:\Windows\System32\sechost.dll
0x00007fffa3c60000 - 0x00007fffa3d86000 	C:\Windows\System32\RPCRT4.dll
0x00007fffa46e0000 - 0x00007fffa474b000 	C:\Windows\System32\WS2_32.dll
0x00007fffa1940000 - 0x00007fffa198b000 	C:\Windows\SYSTEM32\POWRPROF.dll
0x00007fff970d0000 - 0x00007fff970da000 	C:\Windows\SYSTEM32\VERSION.dll
0x00007fff970a0000 - 0x00007fff970c7000 	C:\Windows\SYSTEM32\WINMM.dll
0x00007fffa17b0000 - 0x00007fffa17c2000 	C:\Windows\SYSTEM32\UMPDC.dll
0x00007fffa0be0000 - 0x00007fffa0bf2000 	C:\Windows\SYSTEM32\kernel.appcore.dll
0x00007fff9c750000 - 0x00007fff9c75a000 	C:\Users\Nursultan\.jdks\openjdk-21.0.1\bin\jimage.dll
0x00007fffa0200000 - 0x00007fffa03e4000 	C:\Windows\SYSTEM32\DBGHELP.DLL
0x00007fff8f450000 - 0x00007fff8f484000 	C:\Windows\SYSTEM32\dbgcore.DLL
0x00007fffa2450000 - 0x00007fffa24d2000 	C:\Windows\System32\bcryptPrimitives.dll
0x00007fff9f3b0000 - 0x00007fff9f3bf000 	C:\Users\Nursultan\.jdks\openjdk-21.0.1\bin\instrument.dll
0x00007fff941f0000 - 0x00007fff9420f000 	C:\Users\Nursultan\.jdks\openjdk-21.0.1\bin\java.dll
0x00007fffa32e0000 - 0x00007fffa3a24000 	C:\Windows\System32\SHELL32.dll
0x00007fffa0430000 - 0x00007fffa0bcb000 	C:\Windows\SYSTEM32\windows.storage.dll
0x00007fffa4050000 - 0x00007fffa43a4000 	C:\Windows\System32\combase.dll
0x00007fffa1dd0000 - 0x00007fffa1dfd000 	C:\Windows\SYSTEM32\Wldp.dll
0x00007fffa3230000 - 0x00007fffa32dd000 	C:\Windows\System32\SHCORE.dll
0x00007fffa2d10000 - 0x00007fffa2d65000 	C:\Windows\System32\shlwapi.dll
0x00007fffa22c0000 - 0x00007fffa22e5000 	C:\Windows\SYSTEM32\profapi.dll
0x00007fff64650000 - 0x00007fff64727000 	C:\Users\Nursultan\.jdks\openjdk-21.0.1\bin\jsvml.dll
0x00007fff9b8e0000 - 0x00007fff9b8f0000 	C:\Users\Nursultan\.jdks\openjdk-21.0.1\bin\net.dll
0x00007fff9e4a0000 - 0x00007fff9e5aa000 	C:\Windows\SYSTEM32\WINHTTP.dll
0x00007fffa1b30000 - 0x00007fffa1b9a000 	C:\Windows\system32\mswsock.dll
0x00007fff92410000 - 0x00007fff92426000 	C:\Users\Nursultan\.jdks\openjdk-21.0.1\bin\nio.dll
0x00007fff923d0000 - 0x00007fff923e8000 	C:\Users\Nursultan\.jdks\openjdk-21.0.1\bin\zip.dll
0x00007fff81f90000 - 0x00007fff81faa000 	C:\Program Files\JetBrains\IntelliJ IDEA 2023.2.5\bin\breakgen64.dll
0x0000018b00ea0000 - 0x0000018b00ea3000 	C:\Users\Nursultan\.openjfx\cache\21-ea+null\amd64\api-ms-win-core-console-l1-1-0.dll
0x0000018b00eb0000 - 0x0000018b00eb3000 	C:\Users\Nursultan\.openjfx\cache\21-ea+null\amd64\api-ms-win-core-console-l1-2-0.dll
0x0000018b00ec0000 - 0x0000018b00ec3000 	C:\Users\Nursultan\.openjfx\cache\21-ea+null\amd64\api-ms-win-core-datetime-l1-1-0.dll
0x0000018b00ed0000 - 0x0000018b00ed3000 	C:\Users\Nursultan\.openjfx\cache\21-ea+null\amd64\api-ms-win-core-debug-l1-1-0.dll
0x0000018b00ee0000 - 0x0000018b00ee3000 	C:\Users\Nursultan\.openjfx\cache\21-ea+null\amd64\api-ms-win-core-errorhandling-l1-1-0.dll
0x0000018b00ef0000 - 0x0000018b00ef4000 	C:\Users\Nursultan\.openjfx\cache\21-ea+null\amd64\api-ms-win-core-file-l1-1-0.dll
0x0000018b00f00000 - 0x0000018b00f03000 	C:\Users\Nursultan\.openjfx\cache\21-ea+null\amd64\api-ms-win-core-file-l1-2-0.dll
0x0000018b00f10000 - 0x0000018b00f13000 	C:\Users\Nursultan\.openjfx\cache\21-ea+null\amd64\api-ms-win-core-file-l2-1-0.dll
0x0000018b00f20000 - 0x0000018b00f23000 	C:\Users\Nursultan\.openjfx\cache\21-ea+null\amd64\api-ms-win-core-handle-l1-1-0.dll
0x0000018b00f30000 - 0x0000018b00f33000 	C:\Users\Nursultan\.openjfx\cache\21-ea+null\amd64\api-ms-win-core-heap-l1-1-0.dll
0x0000018b00f40000 - 0x0000018b00f43000 	C:\Users\Nursultan\.openjfx\cache\21-ea+null\amd64\api-ms-win-core-interlocked-l1-1-0.dll
0x0000018b00f50000 - 0x0000018b00f53000 	C:\Users\Nursultan\.openjfx\cache\21-ea+null\amd64\api-ms-win-core-libraryloader-l1-1-0.dll
0x0000018b00f60000 - 0x0000018b00f63000 	C:\Users\Nursultan\.openjfx\cache\21-ea+null\amd64\api-ms-win-core-localization-l1-2-0.dll
0x0000018b00f70000 - 0x0000018b00f73000 	C:\Users\Nursultan\.openjfx\cache\21-ea+null\amd64\api-ms-win-core-memory-l1-1-0.dll
0x0000018b00f80000 - 0x0000018b00f83000 	C:\Users\Nursultan\.openjfx\cache\21-ea+null\amd64\api-ms-win-core-namedpipe-l1-1-0.dll
0x0000018b00f90000 - 0x0000018b00f93000 	C:\Users\Nursultan\.openjfx\cache\21-ea+null\amd64\api-ms-win-core-processenvironment-l1-1-0.dll
0x0000018b00fa0000 - 0x0000018b00fa3000 	C:\Users\Nursultan\.openjfx\cache\21-ea+null\amd64\api-ms-win-core-processthreads-l1-1-0.dll
0x0000018b00fb0000 - 0x0000018b00fb3000 	C:\Users\Nursultan\.openjfx\cache\21-ea+null\amd64\api-ms-win-core-processthreads-l1-1-1.dll
0x0000018b00fc0000 - 0x0000018b00fc3000 	C:\Users\Nursultan\.openjfx\cache\21-ea+null\amd64\api-ms-win-core-profile-l1-1-0.dll
0x0000018b00fd0000 - 0x0000018b00fd3000 	C:\Users\Nursultan\.openjfx\cache\21-ea+null\amd64\api-ms-win-core-rtlsupport-l1-1-0.dll
0x0000018b00fe0000 - 0x0000018b00fe3000 	C:\Users\Nursultan\.openjfx\cache\21-ea+null\amd64\api-ms-win-core-string-l1-1-0.dll
0x0000018b00ff0000 - 0x0000018b00ff3000 	C:\Users\Nursultan\.openjfx\cache\21-ea+null\amd64\api-ms-win-core-synch-l1-1-0.dll
0x0000018b46800000 - 0x0000018b46803000 	C:\Users\Nursultan\.openjfx\cache\21-ea+null\amd64\api-ms-win-core-synch-l1-2-0.dll
0x0000018b46810000 - 0x0000018b46813000 	C:\Users\Nursultan\.openjfx\cache\21-ea+null\amd64\api-ms-win-core-sysinfo-l1-1-0.dll
0x0000018b46820000 - 0x0000018b46823000 	C:\Users\Nursultan\.openjfx\cache\21-ea+null\amd64\api-ms-win-core-timezone-l1-1-0.dll
0x0000018b46830000 - 0x0000018b46833000 	C:\Users\Nursultan\.openjfx\cache\21-ea+null\amd64\api-ms-win-core-util-l1-1-0.dll
0x0000018b46840000 - 0x0000018b46843000 	C:\Users\Nursultan\.openjfx\cache\21-ea+null\amd64\api-ms-win-crt-conio-l1-1-0.dll
0x0000018b46850000 - 0x0000018b46854000 	C:\Users\Nursultan\.openjfx\cache\21-ea+null\amd64\api-ms-win-crt-convert-l1-1-0.dll
0x0000018b46860000 - 0x0000018b46863000 	C:\Users\Nursultan\.openjfx\cache\21-ea+null\amd64\api-ms-win-crt-environment-l1-1-0.dll
0x0000018b46870000 - 0x0000018b46873000 	C:\Users\Nursultan\.openjfx\cache\21-ea+null\amd64\api-ms-win-crt-filesystem-l1-1-0.dll
0x0000018b46880000 - 0x0000018b46883000 	C:\Users\Nursultan\.openjfx\cache\21-ea+null\amd64\api-ms-win-crt-heap-l1-1-0.dll
0x0000018b46890000 - 0x0000018b46893000 	C:\Users\Nursultan\.openjfx\cache\21-ea+null\amd64\api-ms-win-crt-locale-l1-1-0.dll
0x0000018b468a0000 - 0x0000018b468a5000 	C:\Users\Nursultan\.openjfx\cache\21-ea+null\amd64\api-ms-win-crt-math-l1-1-0.dll
0x0000018b468b0000 - 0x0000018b468b5000 	C:\Users\Nursultan\.openjfx\cache\21-ea+null\amd64\api-ms-win-crt-multibyte-l1-1-0.dll
0x0000018b468c0000 - 0x0000018b468d0000 	C:\Users\Nursultan\.openjfx\cache\21-ea+null\amd64\api-ms-win-crt-private-l1-1-0.dll
0x0000018b468d0000 - 0x0000018b468d3000 	C:\Users\Nursultan\.openjfx\cache\21-ea+null\amd64\api-ms-win-crt-process-l1-1-0.dll
0x0000018b468e0000 - 0x0000018b468e4000 	C:\Users\Nursultan\.openjfx\cache\21-ea+null\amd64\api-ms-win-crt-runtime-l1-1-0.dll
0x0000018b468f0000 - 0x0000018b468f4000 	C:\Users\Nursultan\.openjfx\cache\21-ea+null\amd64\api-ms-win-crt-stdio-l1-1-0.dll
0x0000018b46900000 - 0x0000018b46904000 	C:\Users\Nursultan\.openjfx\cache\21-ea+null\amd64\api-ms-win-crt-string-l1-1-0.dll
0x0000018b46910000 - 0x0000018b46913000 	C:\Users\Nursultan\.openjfx\cache\21-ea+null\amd64\api-ms-win-crt-time-l1-1-0.dll
0x0000018b46920000 - 0x0000018b46923000 	C:\Users\Nursultan\.openjfx\cache\21-ea+null\amd64\api-ms-win-crt-utility-l1-1-0.dll
0x00007fff61ff0000 - 0x00007fff620ec000 	C:\Users\Nursultan\.openjfx\cache\21-ea+null\amd64\ucrtbase.dll
0x00007fff80790000 - 0x00007fff807ab000 	C:\Users\Nursultan\.openjfx\cache\21-ea+null\amd64\vcruntime140.dll
0x00007fff8d3e0000 - 0x00007fff8d3ec000 	C:\Users\Nursultan\.openjfx\cache\21-ea+null\amd64\vcruntime140_1.dll
0x00007fff61d90000 - 0x00007fff61e1e000 	C:\Users\Nursultan\.openjfx\cache\21-ea+null\amd64\msvcp140.dll
0x00007fffa3ec0000 - 0x00007fffa3feb000 	C:\Windows\System32\ole32.dll
0x00007fff8d340000 - 0x00007fff8d349000 	C:\Users\Nursultan\.openjfx\cache\21-ea+null\amd64\msvcp140_1.dll
0x00007fff7bf00000 - 0x00007fff7bf2f000 	C:\Users\Nursultan\.openjfx\cache\21-ea+null\amd64\msvcp140_2.dll
0x00007fff73830000 - 0x00007fff7385f000 	C:\Users\Nursultan\.openjfx\cache\21-ea+null\amd64\prism_d3d.dll
0x00007fff4cea0000 - 0x00007fff4d06d000 	C:\Windows\system32\d3d9.dll
0x00007fff9fb70000 - 0x00007fff9fb9f000 	C:\Windows\SYSTEM32\dwmapi.dll
0x00007fff9f6a0000 - 0x00007fff9f73e000 	C:\Windows\system32\uxtheme.dll
0x00007fff970e0000 - 0x00007fff9729b000 	C:\Windows\System32\DriverStore\FileRepository\u0390451.inf_amd64_39377efdd62734d1\B390182\aticfx64.dll
0x00007fff43f40000 - 0x00007fff45d0f000 	C:\Windows\System32\DriverStore\FileRepository\u0390451.inf_amd64_39377efdd62734d1\B390182\amdxn64.dll
0x00007fffa2da0000 - 0x00007fffa320e000 	C:\Windows\System32\SETUPAPI.dll
0x00007fffa2390000 - 0x00007fffa23de000 	C:\Windows\System32\cfgmgr32.dll
0x00007fffa24e0000 - 0x00007fffa2507000 	C:\Windows\System32\bcrypt.dll
0x00007fffa0c50000 - 0x00007fffa0d43000 	C:\Windows\SYSTEM32\dxgi.dll
0x00007fff950f0000 - 0x00007fff95125000 	C:\Windows\SYSTEM32\amdihk64.dll
0x00007fff63d10000 - 0x00007fff63d52000 	C:\Users\Nursultan\.openjfx\cache\21-ea+null\amd64\glass.dll
0x00007fffa43c0000 - 0x00007fffa449a000 	C:\Windows\System32\COMDLG32.dll
0x00007fffa3df0000 - 0x00007fffa3ebd000 	C:\Windows\System32\OLEAUT32.dll
0x00007fffa48f0000 - 0x00007fffa4a04000 	C:\Windows\System32\MSCTF.dll
0x00007fff98480000 - 0x00007fff984bb000 	C:\Windows\SYSTEM32\dxcore.dll
0x00007fff64b40000 - 0x00007fff64b54000 	C:\Users\Nursultan\.openjfx\cache\21-ea+null\amd64\javafx_font.dll
0x00007fff811a0000 - 0x00007fff8141f000 	C:\Windows\SYSTEM32\dwrite.dll
0x00007fffa4bc0000 - 0x00007fffa4c69000 	C:\Windows\System32\clbcatq.dll
0x00007fff9ae90000 - 0x00007fff9b044000 	C:\Windows\SYSTEM32\WindowsCodecs.dll
0x00007fff84cb0000 - 0x00007fff84cee000 	C:\Windows\system32\dataexchange.dll
0x00007fff9d080000 - 0x00007fff9d2e3000 	C:\Windows\system32\d3d11.dll
0x00007fff9d8b0000 - 0x00007fff9da93000 	C:\Windows\system32\dcomp.dll
0x00007fff9aaa0000 - 0x00007fff9aca7000 	C:\Windows\system32\twinapi.appcore.dll
0x00007fff64610000 - 0x00007fff64644000 	C:\Program Files\Common Files\Microsoft Shared\Ink\rtscom.dll
0x00007fff92ca0000 - 0x00007fff92d9a000 	C:\Windows\SYSTEM32\textinputframework.dll
0x00007fff9e250000 - 0x00007fff9e342000 	C:\Windows\System32\CoreMessaging.dll
0x00007fff9db70000 - 0x00007fff9decb000 	C:\Windows\System32\CoreUIComponents.dll
0x00007fffa1530000 - 0x00007fffa1563000 	C:\Windows\SYSTEM32\ntmarta.dll
0x00007fff9ee30000 - 0x00007fff9ef85000 	C:\Windows\SYSTEM32\wintypes.dll

dbghelp: loaded successfully - version: 4.0.5 - missing functions: none
symbol engine: initialized successfully - sym options: 0x614 - pdb path: .;C:\Users\Nursultan\.jdks\openjdk-21.0.1\bin;C:\Windows\SYSTEM32;C:\Windows\WinSxS\amd64_microsoft.windows.common-controls_6595b64144ccf1df_6.0.19041.3636_none_60b6a03d71f818d5;C:\Users\Nursultan\.jdks\openjdk-21.0.1\bin\server;C:\Program Files\JetBrains\IntelliJ IDEA 2023.2.5\bin;C:\Users\Nursultan\.openjfx\cache\21-ea+null\amd64;C:\Windows\System32\DriverStore\FileRepository\u0390451.inf_amd64_39377efdd62734d1\B390182;C:\Program Files\Common Files\Microsoft Shared\Ink

VM Arguments:
jvm_args: -javaagent:C:\Program Files\JetBrains\IntelliJ IDEA 2023.2.5\lib\idea_rt.jar=49286:C:\Program Files\JetBrains\IntelliJ IDEA 2023.2.5\bin -Dfile.encoding=UTF-8 -Dsun.stdout.encoding=UTF-8 -Dsun.stderr.encoding=UTF-8 --module-path=C:\Users\Nursultan\IdeaProjects\SoftWareProject\target\classes;C:\Users\Nursultan\.m2\repository\org\openjfx\javafx-base\21-ea+24\javafx-base-21-ea+24-win.jar;C:\Users\Nursultan\.m2\repository\org\openjfx\javafx-graphics\21-ea+24\javafx-graphics-21-ea+24-win.jar;C:\Users\Nursultan\.m2\repository\org\openjfx\javafx-fxml\21-ea+24\javafx-fxml-21-ea+24-win.jar;C:\Users\Nursultan\.m2\repository\org\openjfx\javafx-controls\21-ea+24\javafx-controls-21-ea+24-win.jar -Djdk.module.main=com.example.softwareproject 
java_command: com.example.softwareproject/com.example.softwareproject.HelloApplication
java_class_path (initial): C:\Users\Nursultan\.m2\repository\org\openjfx\javafx-controls\21-ea+24\javafx-controls-21-ea+24.jar;C:\Users\Nursultan\.m2\repository\org\openjfx\javafx-graphics\21-ea+24\javafx-graphics-21-ea+24.jar;C:\Users\Nursultan\.m2\repository\org\openjfx\javafx-base\21-ea+24\javafx-base-21-ea+24.jar;C:\Users\Nursultan\.m2\repository\org\openjfx\javafx-fxml\21-ea+24\javafx-fxml-21-ea+24.jar
Launcher Type: SUN_STANDARD

[Global flags]
     intx CICompilerCount                          = 4                                         {product} {ergonomic}
     uint ConcGCThreads                            = 3                                         {product} {ergonomic}
     uint G1ConcRefinementThreads                  = 10                                        {product} {ergonomic}
   size_t G1HeapRegionSize                         = 2097152                                   {product} {ergonomic}
    uintx GCDrainStackTargetSize                   = 64                                        {product} {ergonomic}
   size_t InitialHeapSize                          = 230686720                                 {product} {ergonomic}
   size_t MarkStackSize                            = 4194304                                   {product} {ergonomic}
   size_t MaxHeapSize                              = 3676307456                                {product} {ergonomic}
   size_t MaxNewSize                               = 2204106752                                {product} {ergonomic}
   size_t MinHeapDeltaBytes                        = 2097152                                   {product} {ergonomic}
   size_t MinHeapSize                              = 8388608                                   {product} {ergonomic}
    uintx NonNMethodCodeHeapSize                   = 5839372                                {pd product} {ergonomic}
    uintx NonProfiledCodeHeapSize                  = 122909434                              {pd product} {ergonomic}
    uintx ProfiledCodeHeapSize                     = 122909434                              {pd product} {ergonomic}
    uintx ReservedCodeCacheSize                    = 251658240                              {pd product} {ergonomic}
     bool SegmentedCodeCache                       = true                                      {product} {ergonomic}
   size_t SoftMaxHeapSize                          = 3676307456                             {manageable} {ergonomic}
     bool UseCompressedOops                        = true                           {product lp64_product} {ergonomic}
     bool UseG1GC                                  = true                                      {product} {ergonomic}
     bool UseLargePagesIndividualAllocation        = false                                  {pd product} {ergonomic}

Logging:
Log output configuration:
 #0: stdout all=off uptime,level,tags foldmultilines=false
 #1: stderr all=off uptime,level,tags foldmultilines=false

Environment Variables:
PATH=C:\Windows\system32;C:\Windows;C:\Windows\System32\Wbem;C:\Windows\System32\WindowsPowerShell\v1.0\;C:\Windows\System32\OpenSSH\;C:\Program Files\Git\cmd;C:\Users\Nursultan\AppData\Local\Microsoft\WindowsApps;;C:\Program Files\JetBrains\IntelliJ IDEA 2023.2.5\bin;
USERNAME=Nursultan
OS=Windows_NT
PROCESSOR_IDENTIFIER=AMD64 Family 25 Model 68 Stepping 1, AuthenticAMD
TMP=C:\Users\NURSUL~1\AppData\Local\Temp
TEMP=C:\Users\NURSUL~1\AppData\Local\Temp




Periodic native trim disabled

---------------  S Y S T E M  ---------------

OS:
 Windows 10 , 64 bit Build 19041 (10.0.19041.3636)
OS uptime: 2 days 14:05 hours

CPU: total 12 (initial active 12) (12 cores per cpu, 2 threads per core) family 25 model 68 stepping 1 microcode 0x0, cx8, cmov, fxsr, ht, mmx, 3dnowpref, sse, sse2, sse3, ssse3, sse4a, sse4.1, sse4.2, popcnt, lzcnt, tsc, tscinvbit, avx, avx2, aes, clmul, bmi1, bmi2, adx, sha, fma, vzeroupper, clflush, clflushopt, rdtscp, rdpid, f16c, pku, cet_ss
Processor Information for processor 0
  Max Mhz: 3301, Current Mhz: 3301, Mhz Limit: 3301
Processor Information for processor 1
  Max Mhz: 3301, Current Mhz: 3301, Mhz Limit: 3301
Processor Information for processor 2
  Max Mhz: 3301, Current Mhz: 1100, Mhz Limit: 3301
Processor Information for processor 3
  Max Mhz: 3301, Current Mhz: 1100, Mhz Limit: 3301
Processor Information for processor 4
  Max Mhz: 3301, Current Mhz: 1100, Mhz Limit: 3301
Processor Information for processor 5
  Max Mhz: 3301, Current Mhz: 1100, Mhz Limit: 3301
Processor Information for processor 6
  Max Mhz: 3301, Current Mhz: 1100, Mhz Limit: 3301
Processor Information for processor 7
  Max Mhz: 3301, Current Mhz: 1100, Mhz Limit: 3301
Processor Information for processor 8
  Max Mhz: 3301, Current Mhz: 2695, Mhz Limit: 3301
Processor Information for processor 9
  Max Mhz: 3301, Current Mhz: 2695, Mhz Limit: 3301
Processor Information for processor 10
  Max Mhz: 3301, Current Mhz: 1100, Mhz Limit: 3301
Processor Information for processor 11
  Max Mhz: 3301, Current Mhz: 1100, Mhz Limit: 3301

Memory: 4k page, system-wide physical 14020M (5322M free)
TotalPageFile size 16196M (AvailPageFile size 4040M)
current process WorkingSet (physical memory assigned to process): 159M, peak: 175M
current process commit charge ("private bytes"): 431M, peak: 468M

vm_info: OpenJDK 64-Bit Server VM (21.0.1+12-29) for windows-amd64 JRE (21.0.1+12-29), built on 2023-10-05T13:27:09Z by "mach5one" with MS VC++ 17.1 (VS2022)

END.
