#
# A fatal error has been detected by the Java Runtime Environment:
#
#  EXCEPTION_ACCESS_VIOLATION (0xc0000005) at pc=0x00007fff81706587, pid=7628, tid=5828
#
# JRE version: OpenJDK Runtime Environment (21.0.1+12) (build 21.0.1+12-29)
# Java VM: OpenJDK 64-Bit Server VM (21.0.1+12-29, mixed mode, sharing, tiered, compressed oops, compressed class ptrs, g1 gc, windows-amd64)
# Problematic frame:
# C  [glass.dll+0x26587]
#
# No core dump will be written. Minidumps are not enabled by default on client versions of Windows
#
# If you would like to submit a bug report, please visit:
#   https://bugreport.java.com/bugreport/crash.jsp
#

---------------  S U M M A R Y ------------

Command Line: -javaagent:C:\Program Files\JetBrains\IntelliJ IDEA 2023.2.5\lib\idea_rt.jar=49196:C:\Program Files\JetBrains\IntelliJ IDEA 2023.2.5\bin -Dfile.encoding=UTF-8 -Dsun.stdout.encoding=UTF-8 -Dsun.stderr.encoding=UTF-8 --module-path=C:\Users\Nursultan\IdeaProjects\SoftWareProject\target\classes;C:\Users\Nursultan\.m2\repository\org\openjfx\javafx-base\21-ea+24\javafx-base-21-ea+24-win.jar;C:\Users\Nursultan\.m2\repository\org\openjfx\javafx-graphics\21-ea+24\javafx-graphics-21-ea+24-win.jar;C:\Users\Nursultan\.m2\repository\org\openjfx\javafx-fxml\21-ea+24\javafx-fxml-21-ea+24-win.jar;C:\Users\Nursultan\.m2\repository\org\openjfx\javafx-controls\21-ea+24\javafx-controls-21-ea+24-win.jar -Djdk.module.main=com.example.softwareproject com.example.softwareproject/com.example.softwareproject.HelloApplication

Host: AMD Ryzen 5 6600HS Creator Edition             , 12 cores, 13G,  Windows 10 , 64 bit Build 19041 (10.0.19041.3636)
Time: Fri Dec 15 11:48:54 2023  Windows 10 , 64 bit Build 19041 (10.0.19041.3636) elapsed time: 327.771084 seconds (0d 0h 5m 27s)

---------------  T H R E A D  ---------------

Current thread (0x0000023edfdde580):  VMThread "VM Thread"          [id=5828, stack(0x00000079d3800000,0x00000079d3900000) (1024K)]

Stack: [0x00000079d3800000,0x00000079d3900000],  sp=0x00000079d38fedc0,  free space=1019k
Native frames: (J=compiled Java code, j=interpreted, Vv=VM code, C=native code)
C  [glass.dll+0x26587]


siginfo: EXCEPTION_ACCESS_VIOLATION (0xc0000005), reading address 0x0000000000000000


Registers:
RAX=0x0000000000000000, RBX=0x0000023edfdeac62, RCX=0x0000023edfdde580, RDX=0x00000079d38fedc0
RSP=0x00000079d38fedc0, RBP=0x0000023f25e3dec8, RSI=0x0000023f25e3dea0, RDI=0x00000a181b0bbe42
R8 =0x0000000000010002, R9 =0x00000a181b0bbe42, R10=0x0000000000008000, R11=0x00000079d38fed50
R12=0x00007fff81703ed0, R13=0x00007fff635d1fa0, R14=0x00000079d38feeb8, R15=0x0000023f25e3dea0
RIP=0x00007fff81706587, EFLAGS=0x0000000000010206


Register to memory mapping:

RAX=0x0 is null
RBX=0x0000023edfdeac62 is a global jni handle
RCX=0x0000023edfdde580 points into unknown readable memory: 0x00007fff633e3f88 | 88 3f 3e 63 ff 7f 00 00
RDX=0x00000079d38fedc0 points into unknown readable memory: 0x0000000000000000 | 00 00 00 00 00 00 00 00
RSP=0x00000079d38fedc0 points into unknown readable memory: 0x0000000000000000 | 00 00 00 00 00 00 00 00
RBP=0x0000023f25e3dec8 points into unknown readable memory: 0x00000a181b0bbe42 | 42 be 0b 1b 18 0a 00 00
RSI=0x0000023f25e3dea0 points into unknown readable memory: 0x0001f5e61ecb59e2 | e2 59 cb 1e e6 f5 01 00
RDI=0x00000a181b0bbe42 is an unknown value
R8 =0x0000000000010002 is an unknown value
R9 =0x00000a181b0bbe42 is an unknown value
R10=0x0000000000008000 is an unknown value
R11=0x00000079d38fed50 points into unknown readable memory: 0x0000023f25e3dea0 | a0 de e3 25 3f 02 00 00
R12=0x00007fff81703ed0 glass.dll
R13=0x00007fff635d1fa0 jvm.dll
R14=0x00000079d38feeb8 points into unknown readable memory: 0x00000079d38feea0 | a0 ee 8f d3 79 00 00 00
R15=0x0000023f25e3dea0 points into unknown readable memory: 0x0001f5e61ecb59e2 | e2 59 cb 1e e6 f5 01 00

Top of Stack: (sp=0x00000079d38fedc0)
0x00000079d38fedc0:   0000000000000000 0000023f25e3dea0
0x00000079d38fedd0:   00007fff635d1fa0 00007fff81703ed0
0x00000079d38fede0:   0000023f25e3dea8 00007fffa25242d6
0x00000079d38fedf0:   00000a181b0bbe42 0000023f00000000
0x00000079d38fee00:   0000023f25e3dec8 0000023f25e3dea0
0x00000079d38fee10:   fffffffffffffffe 0000000000000000
0x00000079d38fee20:   0000000000000001 00007fff816e0000
0x00000079d38fee30:   00000079d38feea8 00007fffa25241fb
0x00000079d38fee40:   0000000000000000 00000079d38feeb8
0x00000079d38fee50:   00000079d38ff190 00007fffa2600e40
0x00000079d38fee60:   0000000000000001 00007fffa25241b4
0x00000079d38fee70:   0000000000000000 0000000000000001
0x00000079d38fee80:   00007fff984b2dd0 00000079d38feea8
0x00000079d38fee90:   000000000000000d 00007fff81703d5d
0x00000079d38feea0:   00007fff8171a008 00007fff00000002
0x00000079d38feeb0:   0000000000000002 00000079d38feea0
0x00000079d38feec0:   0000000000000000 00007fffa4cc9993
0x00000079d38feed0:   0000000000000000 00007fff81703e82
0x00000079d38feee0:   0000000000000001 0000000000000000
0x00000079d38feef0:   0000000000000000 00007fffa2600e40
0x00000079d38fef00:   0000023ebf1bc0a8 00007fffa251f05b
0x00000079d38fef10:   0000023e00000001 0000000000000016
0x00000079d38fef20:   00007fff816e0000 000000007ffe0384
0x00000079d38fef30:   0000000000000000 00007fffa4cc9a1d
0x00000079d38fef40:   00007fff816e0000 0000000000000000
0x00000079d38fef50:   0000000000000001 000000007ffe0385
0x00000079d38fef60:   0000000000000000 00007fffa4d0de41
0x00000079d38fef70:   0000b1ac76d6c700 0000000000000014
0x00000079d38fef80:   00007fff81703ed0 0000000000000000
0x00000079d38fef90:   0000000000000000 00000079d2cec000
0x00000079d38fefa0:   0000023f25d726e0 00007fffa4d0dcda
0x00000079d38fefb0:   0000023f2652bba0 00007fff816e0000 

Instructions: (pc=0x00007fff81706587)
0x00007fff81706487:   8b 4d 58 e8 8d cf ff ff 48 8b 4d 60 e8 84 cf ff
0x00007fff81706497:   ff 48 8b 95 80 00 00 00 48 8b 8d 18 01 00 00 e8
0x00007fff817064a7:   76 c4 ff ff 33 d2 33 c9 e8 cc e1 ff ff 90 48 89
0x00007fff817064b7:   54 24 10 55 48 83 ec 20 48 8b ea 48 b8 00 00 00
0x00007fff817064c7:   00 00 00 00 00 48 83 c4 20 5d c3 cc 40 55 48 8b
0x00007fff817064d7:   ea 48 8b 01 33 c9 81 38 05 00 00 c0 0f 94 c1 8b
0x00007fff817064e7:   c1 5d c3 cc 40 55 48 83 ec 20 48 8b ea 8a 4d 40
0x00007fff817064f7:   48 83 c4 20 5d e9 73 d3 ff ff cc 40 55 48 83 ec
0x00007fff81706507:   20 48 8b ea 8a 4d 20 e8 61 d3 ff ff 90 48 83 c4
0x00007fff81706517:   20 5d c3 cc 40 55 48 83 ec 20 48 8b ea 48 83 c4
0x00007fff81706527:   20 5d e9 c2 d1 ff ff cc 40 55 48 83 ec 30 48 8b
0x00007fff81706537:   ea 48 8b 01 8b 10 48 89 4c 24 28 89 54 24 20 4c
0x00007fff81706547:   8d 0d 63 d6 ff ff 4c 8b 45 70 8b 55 68 48 8b 4d
0x00007fff81706557:   60 e8 03 d1 ff ff 90 48 83 c4 30 5d c3 cc cc cc
0x00007fff81706567:   cc cc cc cc cc cc cc cc cc 40 53 48 83 ec 20 48
0x00007fff81706577:   8b 1d 8b 34 01 00 48 85 db 74 16 e8 89 8f ff ff
0x00007fff81706587:   4c 8b 00 48 8b d3 48 8b c8 41 ff 90 b0 00 00 00
0x00007fff81706597:   90 48 83 c4 20 5b c3 cc cc 40 53 48 83 ec 20 48
0x00007fff817065a7:   8b 1d fb 35 01 00 48 85 db 74 57 b8 ff ff ff ff
0x00007fff817065b7:   f0 0f c1 43 10 83 f8 01 75 3d 48 85 db 74 38 48
0x00007fff817065c7:   8b 0b 48 85 c9 74 0d ff 15 d4 0c 00 00 48 c7 03
0x00007fff817065d7:   00 00 00 00 48 8b 4b 08 48 85 c9 74 0d e8 33 ce
0x00007fff817065e7:   ff ff 48 c7 43 08 00 00 00 00 ba 18 00 00 00 48
0x00007fff817065f7:   8b cb e8 1e ce ff ff 48 c7 05 9f 35 01 00 00 00
0x00007fff81706607:   00 00 48 83 c4 20 5b c3 cc 40 53 48 83 ec 20 48
0x00007fff81706617:   8b 1d 6b 35 01 00 48 85 db 74 57 b8 ff ff ff ff
0x00007fff81706627:   f0 0f c1 43 10 83 f8 01 75 3d 48 85 db 74 38 48
0x00007fff81706637:   8b 0b 48 85 c9 74 0d ff 15 64 0c 00 00 48 c7 03
0x00007fff81706647:   00 00 00 00 48 8b 4b 08 48 85 c9 74 0d e8 c3 cd
0x00007fff81706657:   ff ff 48 c7 43 08 00 00 00 00 ba 18 00 00 00 48
0x00007fff81706667:   8b cb e8 ae cd ff ff 48 c7 05 0f 35 01 00 00 00
0x00007fff81706677:   00 00 48 83 c4 20 5b c3 cc 40 53 48 83 ec 20 48 


Stack slot to memory mapping:

stack at sp + 0 slots: 0x0 is null
stack at sp + 1 slots: 0x0000023f25e3dea0 points into unknown readable memory: 0x0001f5e61ecb59e2 | e2 59 cb 1e e6 f5 01 00
stack at sp + 2 slots: 0x00007fff635d1fa0 jvm.dll
stack at sp + 3 slots: 0x00007fff81703ed0 glass.dll
stack at sp + 4 slots: 0x0000023f25e3dea8 points into unknown readable memory: 0x00000a181b0bbe42 | 42 be 0b 1b 18 0a 00 00
stack at sp + 5 slots: 0x00007fffa25242d6 ucrtbase.dll
stack at sp + 6 slots: 0x00000a181b0bbe42 is an unknown value
stack at sp + 7 slots: 0x0000023f00000000 is an unknown value

VM_Operation (0x00000079d30ff470): Exit, mode: safepoint, requested by thread 0x0000023f36b67c60


---------------  P R O C E S S  ---------------

Threads class SMR info:
_java_thread_list=0x0000023f36993b10, length=19, elements={
0x0000023ebf3b70e0, 0x0000023edfdfb360, 0x0000023edfdfc280, 0x0000023edfe05910,
0x0000023edfe06720, 0x0000023edfe09fe0, 0x0000023edfe0f020, 0x0000023edfe32280,
0x0000023f250bbe90, 0x0000023f25d5d050, 0x0000023f25b5d940, 0x0000023f25ddc150,
0x0000023f2580f560, 0x0000023f25c3de30, 0x0000023f26970490, 0x0000023f2697aeb0,
0x0000023f26b7a510, 0x0000023f36b6aa50, 0x0000023f36b67c60
}

Java Threads: ( => current thread )
  0x0000023ebf3b70e0 JavaThread "main"                              [_thread_blocked, id=12264, stack(0x00000079d3100000,0x00000079d3200000) (1024K)]
  0x0000023edfdfb360 JavaThread "Reference Handler"          daemon [_thread_blocked, id=1516, stack(0x00000079d3900000,0x00000079d3a00000) (1024K)]
  0x0000023edfdfc280 JavaThread "Finalizer"                  daemon [_thread_blocked, id=13940, stack(0x00000079d3a00000,0x00000079d3b00000) (1024K)]
  0x0000023edfe05910 JavaThread "Attach Listener"            daemon [_thread_blocked, id=20468, stack(0x00000079d3c00000,0x00000079d3d00000) (1024K)]
  0x0000023edfe06720 JavaThread "Service Thread"             daemon [_thread_blocked, id=9956, stack(0x00000079d3d00000,0x00000079d3e00000) (1024K)]
  0x0000023edfe09fe0 JavaThread "Monitor Deflation Thread"   daemon [_thread_blocked, id=14260, stack(0x00000079d3e00000,0x00000079d3f00000) (1024K)]
  0x0000023edfe0f020 JavaThread "C2 CompilerThread0"         daemon [_thread_blocked, id=2580, stack(0x00000079d3f00000,0x00000079d4000000) (1024K)]
  0x0000023edfe32280 JavaThread "C1 CompilerThread0"         daemon [_thread_blocked, id=4116, stack(0x00000079d4000000,0x00000079d4100000) (1024K)]
  0x0000023f250bbe90 JavaThread "Common-Cleaner"             daemon [_thread_blocked, id=10728, stack(0x00000079d4100000,0x00000079d4200000) (1024K)]
  0x0000023f25d5d050 JavaThread "Monitor Ctrl-Break"         daemon [_thread_in_native, id=4388, stack(0x00000079d4400000,0x00000079d4500000) (1024K)]
  0x0000023f25b5d940 JavaThread "Notification Thread"        daemon [_thread_blocked, id=10304, stack(0x00000079d4500000,0x00000079d4600000) (1024K)]
  0x0000023f25ddc150 JavaThread "QuantumRenderer-0"          daemon [_thread_blocked, id=16400, stack(0x00000079d4600000,0x00000079d4700000) (1024K)]
  0x0000023f2580f560 JavaThread "InvokeLaterDispatcher"      daemon [_thread_blocked, id=9716, stack(0x00000079d4700000,0x00000079d4800000) (1024K)]
  0x0000023f25c3de30 JavaThread "JavaFX Application Thread"         [_thread_in_native, id=5840, stack(0x00000079d4800000,0x00000079d4900000) (1024K)]
  0x0000023f26970490 JavaThread "JavaFX-Launcher"                   [_thread_blocked, id=18296, stack(0x00000079d5500000,0x00000079d5600000) (1024K)]
  0x0000023f2697aeb0 JavaThread "Thread-2"                   daemon [_thread_in_native, id=15396, stack(0x00000079d4300000,0x00000079d4400000) (1024K)]
  0x0000023f26b7a510 JavaThread "Prism Font Disposer"        daemon [_thread_blocked, id=19980, stack(0x00000079d5f00000,0x00000079d6000000) (1024K)]
  0x0000023f36b6aa50 JavaThread "Cleaner-0"                  daemon [_thread_blocked, id=9548, stack(0x00000079d6400000,0x00000079d6500000) (1024K)]
  0x0000023f36b67c60 JavaThread "SIGINT handler"             daemon [_thread_blocked, id=15284, stack(0x00000079d3000000,0x00000079d3100000) (1024K)]
Total: 19

Other Threads:
=>0x0000023edfdde580 VMThread "VM Thread"                           [id=5828, stack(0x00000079d3800000,0x00000079d3900000) (1024K)]
  0x0000023ebf4149b0 WorkerThread "GC Thread#0"                     [id=11560, stack(0x00000079d3200000,0x00000079d3300000) (1024K)]
  0x0000023f26998b30 WorkerThread "GC Thread#1"                     [id=2924, stack(0x00000079d5600000,0x00000079d5700000) (1024K)]
  0x0000023f26998ed0 WorkerThread "GC Thread#2"                     [id=4188, stack(0x00000079d5700000,0x00000079d5800000) (1024K)]
  0x0000023f26999270 WorkerThread "GC Thread#3"                     [id=11724, stack(0x00000079d5800000,0x00000079d5900000) (1024K)]
  0x0000023f269b7f10 WorkerThread "GC Thread#4"                     [id=16576, stack(0x00000079d5900000,0x00000079d5a00000) (1024K)]
  0x0000023f269b82b0 WorkerThread "GC Thread#5"                     [id=12596, stack(0x00000079d5a00000,0x00000079d5b00000) (1024K)]
  0x0000023f36a77430 WorkerThread "GC Thread#6"                     [id=19056, stack(0x00000079d6000000,0x00000079d6100000) (1024K)]
  0x0000023f36a777d0 WorkerThread "GC Thread#7"                     [id=17272, stack(0x00000079d6100000,0x00000079d6200000) (1024K)]
  0x0000023f36a78a40 WorkerThread "GC Thread#8"                     [id=18724, stack(0x00000079d6200000,0x00000079d6300000) (1024K)]
  0x0000023f36a78de0 WorkerThread "GC Thread#9"                     [id=7680, stack(0x00000079d6300000,0x00000079d6400000) (1024K)]
  0x0000023ebf2ad670 ConcurrentGCThread "G1 Main Marker"            terminated
  0x0000023ebf2ae910 WorkerThread "G1 Conc#0"                       [id=13040, stack(0x00000079d3400000,0x00000079d3500000) (1024K)]
  0x0000023edfca20d0 ConcurrentGCThread "G1 Refine#0"               terminated
  0x0000023edfca2b50 ConcurrentGCThread "G1 Service"                terminated
Total: 15

Threads with active compile tasks:
Total: 0

VM state: at safepoint (shutting down)

VM Mutex/Monitor currently owned by a thread:  ([mutex/lock_event])
[0x00007fff635aa5f8] Threads_lock - owner thread: 0x0000023edfdde580
[0x00007fff635aa6f8] Heap_lock - owner thread: 0x0000023f36b67c60

Heap address: 0x0000000724e00000, size: 3506 MB, Compressed Oops mode: Zero based, Oop shift amount: 3

CDS archive(s) mapped at: [0x0000023ee0000000-0x0000023ee0c90000-0x0000023ee0c90000), size 13172736, SharedBaseAddress: 0x0000023ee0000000, ArchiveRelocationMode: 1.
Compressed class space mapped at: 0x0000023ee1000000-0x0000023f21000000, reserved size: 1073741824
Narrow klass base: 0x0000023ee0000000, Narrow klass shift: 0, Narrow klass range: 0x100000000

GC Precious Log:
 CardTable entry size: 512
 Card Set container configuration: InlinePtr #cards 4 size 8 Array Of Cards #cards 16 size 48 Howl #buckets 8 coarsen threshold 3686 Howl Bitmap #cards 512 size 80 coarsen threshold 460 Card regions per heap region 1 cards per card region 4096
 CPUs: 12 total, 12 available
 Memory: 14020M
 Large Page Support: Disabled
 NUMA Support: Disabled
 Compressed Oops: Enabled (Zero based)
 Heap Region Size: 2M
 Heap Min Capacity: 8M
 Heap Initial Capacity: 220M
 Heap Max Capacity: 3506M
 Pre-touch: Disabled
 Parallel Workers: 10
 Concurrent Workers: 3
 Concurrent Refinement Workers: 10
 Periodic GC: Disabled

Heap:
 garbage-first heap   total 225280K, used 26268K [0x0000000724e00000, 0x0000000800000000)
  region size 2048K, 13 young (26624K), 3 survivors (6144K)
 Metaspace       used 16373K, committed 16704K, reserved 1114112K
  class space    used 2407K, committed 2560K, reserved 1048576K

Heap Regions: E=young(eden), S=young(survivor), O=old, HS=humongous(starts), HC=humongous(continues), CS=collection set, F=free, TAMS=top-at-mark-start, PB=parsable bottom
|   0|0x0000000724e00000, 0x0000000725000000, 0x0000000725000000|100%|HS|  |TAMS 0x0000000724e00000| PB 0x0000000724e00000| Complete 
|   1|0x0000000725000000, 0x0000000725000000, 0x0000000725200000|  0%| F|  |TAMS 0x0000000725000000| PB 0x0000000725000000| Untracked 
|   2|0x0000000725200000, 0x0000000725200000, 0x0000000725400000|  0%| F|  |TAMS 0x0000000725200000| PB 0x0000000725200000| Untracked 
|   3|0x0000000725400000, 0x0000000725400000, 0x0000000725600000|  0%| F|  |TAMS 0x0000000725400000| PB 0x0000000725400000| Untracked 
|   4|0x0000000725600000, 0x0000000725600000, 0x0000000725800000|  0%| F|  |TAMS 0x0000000725600000| PB 0x0000000725600000| Untracked 
|   5|0x0000000725800000, 0x0000000725800000, 0x0000000725a00000|  0%| F|  |TAMS 0x0000000725800000| PB 0x0000000725800000| Untracked 
|   6|0x0000000725a00000, 0x0000000725a00000, 0x0000000725c00000|  0%| F|  |TAMS 0x0000000725a00000| PB 0x0000000725a00000| Untracked 
|   7|0x0000000725c00000, 0x0000000725c00000, 0x0000000725e00000|  0%| F|  |TAMS 0x0000000725c00000| PB 0x0000000725c00000| Untracked 
|   8|0x0000000725e00000, 0x0000000725e00000, 0x0000000726000000|  0%| F|  |TAMS 0x0000000725e00000| PB 0x0000000725e00000| Untracked 
|   9|0x0000000726000000, 0x0000000726000000, 0x0000000726200000|  0%| F|  |TAMS 0x0000000726000000| PB 0x0000000726000000| Untracked 
|  10|0x0000000726200000, 0x0000000726200000, 0x0000000726400000|  0%| F|  |TAMS 0x0000000726200000| PB 0x0000000726200000| Untracked 
|  11|0x0000000726400000, 0x0000000726400000, 0x0000000726600000|  0%| F|  |TAMS 0x0000000726400000| PB 0x0000000726400000| Untracked 
|  12|0x0000000726600000, 0x0000000726600000, 0x0000000726800000|  0%| F|  |TAMS 0x0000000726600000| PB 0x0000000726600000| Untracked 
|  13|0x0000000726800000, 0x0000000726800000, 0x0000000726a00000|  0%| F|  |TAMS 0x0000000726800000| PB 0x0000000726800000| Untracked 
|  14|0x0000000726a00000, 0x0000000726a00000, 0x0000000726c00000|  0%| F|  |TAMS 0x0000000726a00000| PB 0x0000000726a00000| Untracked 
|  15|0x0000000726c00000, 0x0000000726c00000, 0x0000000726e00000|  0%| F|  |TAMS 0x0000000726c00000| PB 0x0000000726c00000| Untracked 
|  16|0x0000000726e00000, 0x0000000726e00000, 0x0000000727000000|  0%| F|  |TAMS 0x0000000726e00000| PB 0x0000000726e00000| Untracked 
|  17|0x0000000727000000, 0x0000000727000000, 0x0000000727200000|  0%| F|  |TAMS 0x0000000727000000| PB 0x0000000727000000| Untracked 
|  18|0x0000000727200000, 0x0000000727200000, 0x0000000727400000|  0%| F|  |TAMS 0x0000000727200000| PB 0x0000000727200000| Untracked 
|  19|0x0000000727400000, 0x0000000727400000, 0x0000000727600000|  0%| F|  |TAMS 0x0000000727400000| PB 0x0000000727400000| Untracked 
|  20|0x0000000727600000, 0x0000000727600000, 0x0000000727800000|  0%| F|  |TAMS 0x0000000727600000| PB 0x0000000727600000| Untracked 
|  21|0x0000000727800000, 0x0000000727800000, 0x0000000727a00000|  0%| F|  |TAMS 0x0000000727800000| PB 0x0000000727800000| Untracked 
|  22|0x0000000727a00000, 0x0000000727a00000, 0x0000000727c00000|  0%| F|  |TAMS 0x0000000727a00000| PB 0x0000000727a00000| Untracked 
|  23|0x0000000727c00000, 0x0000000727c00000, 0x0000000727e00000|  0%| F|  |TAMS 0x0000000727c00000| PB 0x0000000727c00000| Untracked 
|  24|0x0000000727e00000, 0x0000000727e00000, 0x0000000728000000|  0%| F|  |TAMS 0x0000000727e00000| PB 0x0000000727e00000| Untracked 
|  25|0x0000000728000000, 0x0000000728000000, 0x0000000728200000|  0%| F|  |TAMS 0x0000000728000000| PB 0x0000000728000000| Untracked 
|  26|0x0000000728200000, 0x0000000728200000, 0x0000000728400000|  0%| F|  |TAMS 0x0000000728200000| PB 0x0000000728200000| Untracked 
|  27|0x0000000728400000, 0x0000000728400000, 0x0000000728600000|  0%| F|  |TAMS 0x0000000728400000| PB 0x0000000728400000| Untracked 
|  28|0x0000000728600000, 0x0000000728600000, 0x0000000728800000|  0%| F|  |TAMS 0x0000000728600000| PB 0x0000000728600000| Untracked 
|  29|0x0000000728800000, 0x0000000728800000, 0x0000000728a00000|  0%| F|  |TAMS 0x0000000728800000| PB 0x0000000728800000| Untracked 
|  30|0x0000000728a00000, 0x0000000728a00000, 0x0000000728c00000|  0%| F|  |TAMS 0x0000000728a00000| PB 0x0000000728a00000| Untracked 
|  31|0x0000000728c00000, 0x0000000728c00000, 0x0000000728e00000|  0%| F|  |TAMS 0x0000000728c00000| PB 0x0000000728c00000| Untracked 
|  32|0x0000000728e00000, 0x0000000728e00000, 0x0000000729000000|  0%| F|  |TAMS 0x0000000728e00000| PB 0x0000000728e00000| Untracked 
|  33|0x0000000729000000, 0x0000000729000000, 0x0000000729200000|  0%| F|  |TAMS 0x0000000729000000| PB 0x0000000729000000| Untracked 
|  34|0x0000000729200000, 0x0000000729200000, 0x0000000729400000|  0%| F|  |TAMS 0x0000000729200000| PB 0x0000000729200000| Untracked 
|  35|0x0000000729400000, 0x0000000729400000, 0x0000000729600000|  0%| F|  |TAMS 0x0000000729400000| PB 0x0000000729400000| Untracked 
|  36|0x0000000729600000, 0x0000000729600000, 0x0000000729800000|  0%| F|  |TAMS 0x0000000729600000| PB 0x0000000729600000| Untracked 
|  37|0x0000000729800000, 0x0000000729800000, 0x0000000729a00000|  0%| F|  |TAMS 0x0000000729800000| PB 0x0000000729800000| Untracked 
|  38|0x0000000729a00000, 0x0000000729a00000, 0x0000000729c00000|  0%| F|  |TAMS 0x0000000729a00000| PB 0x0000000729a00000| Untracked 
|  39|0x0000000729c00000, 0x0000000729c00000, 0x0000000729e00000|  0%| F|  |TAMS 0x0000000729c00000| PB 0x0000000729c00000| Untracked 
|  40|0x0000000729e00000, 0x0000000729e00000, 0x000000072a000000|  0%| F|  |TAMS 0x0000000729e00000| PB 0x0000000729e00000| Untracked 
|  41|0x000000072a000000, 0x000000072a000000, 0x000000072a200000|  0%| F|  |TAMS 0x000000072a000000| PB 0x000000072a000000| Untracked 
|  42|0x000000072a200000, 0x000000072a200000, 0x000000072a400000|  0%| F|  |TAMS 0x000000072a200000| PB 0x000000072a200000| Untracked 
|  43|0x000000072a400000, 0x000000072a400000, 0x000000072a600000|  0%| F|  |TAMS 0x000000072a400000| PB 0x000000072a400000| Untracked 
|  44|0x000000072a600000, 0x000000072a600000, 0x000000072a800000|  0%| F|  |TAMS 0x000000072a600000| PB 0x000000072a600000| Untracked 
|  45|0x000000072a800000, 0x000000072a800000, 0x000000072aa00000|  0%| F|  |TAMS 0x000000072a800000| PB 0x000000072a800000| Untracked 
|  46|0x000000072aa00000, 0x000000072aa00000, 0x000000072ac00000|  0%| F|  |TAMS 0x000000072aa00000| PB 0x000000072aa00000| Untracked 
|  47|0x000000072ac00000, 0x000000072ac00000, 0x000000072ae00000|  0%| F|  |TAMS 0x000000072ac00000| PB 0x000000072ac00000| Untracked 
|  48|0x000000072ae00000, 0x000000072ae00000, 0x000000072b000000|  0%| F|  |TAMS 0x000000072ae00000| PB 0x000000072ae00000| Untracked 
|  49|0x000000072b000000, 0x000000072b000000, 0x000000072b200000|  0%| F|  |TAMS 0x000000072b000000| PB 0x000000072b000000| Untracked 
|  50|0x000000072b200000, 0x000000072b200000, 0x000000072b400000|  0%| F|  |TAMS 0x000000072b200000| PB 0x000000072b200000| Untracked 
|  51|0x000000072b400000, 0x000000072b400000, 0x000000072b600000|  0%| F|  |TAMS 0x000000072b400000| PB 0x000000072b400000| Untracked 
|  52|0x000000072b600000, 0x000000072b600000, 0x000000072b800000|  0%| F|  |TAMS 0x000000072b600000| PB 0x000000072b600000| Untracked 
|  53|0x000000072b800000, 0x000000072b800000, 0x000000072ba00000|  0%| F|  |TAMS 0x000000072b800000| PB 0x000000072b800000| Untracked 
|  54|0x000000072ba00000, 0x000000072ba00000, 0x000000072bc00000|  0%| F|  |TAMS 0x000000072ba00000| PB 0x000000072ba00000| Untracked 
|  55|0x000000072bc00000, 0x000000072bc00000, 0x000000072be00000|  0%| F|  |TAMS 0x000000072bc00000| PB 0x000000072bc00000| Untracked 
|  56|0x000000072be00000, 0x000000072be00000, 0x000000072c000000|  0%| F|  |TAMS 0x000000072be00000| PB 0x000000072be00000| Untracked 
|  57|0x000000072c000000, 0x000000072c000000, 0x000000072c200000|  0%| F|  |TAMS 0x000000072c000000| PB 0x000000072c000000| Untracked 
|  58|0x000000072c200000, 0x000000072c200000, 0x000000072c400000|  0%| F|  |TAMS 0x000000072c200000| PB 0x000000072c200000| Untracked 
|  59|0x000000072c400000, 0x000000072c400000, 0x000000072c600000|  0%| F|  |TAMS 0x000000072c400000| PB 0x000000072c400000| Untracked 
|  60|0x000000072c600000, 0x000000072c600000, 0x000000072c800000|  0%| F|  |TAMS 0x000000072c600000| PB 0x000000072c600000| Untracked 
|  61|0x000000072c800000, 0x000000072c800000, 0x000000072ca00000|  0%| F|  |TAMS 0x000000072c800000| PB 0x000000072c800000| Untracked 
|  62|0x000000072ca00000, 0x000000072ca00000, 0x000000072cc00000|  0%| F|  |TAMS 0x000000072ca00000| PB 0x000000072ca00000| Untracked 
|  63|0x000000072cc00000, 0x000000072cc00000, 0x000000072ce00000|  0%| F|  |TAMS 0x000000072cc00000| PB 0x000000072cc00000| Untracked 
|  64|0x000000072ce00000, 0x000000072ce00000, 0x000000072d000000|  0%| F|  |TAMS 0x000000072ce00000| PB 0x000000072ce00000| Untracked 
|  65|0x000000072d000000, 0x000000072d000000, 0x000000072d200000|  0%| F|  |TAMS 0x000000072d000000| PB 0x000000072d000000| Untracked 
|  66|0x000000072d200000, 0x000000072d200000, 0x000000072d400000|  0%| F|  |TAMS 0x000000072d200000| PB 0x000000072d200000| Untracked 
|  67|0x000000072d400000, 0x000000072d400000, 0x000000072d600000|  0%| F|  |TAMS 0x000000072d400000| PB 0x000000072d400000| Untracked 
|  68|0x000000072d600000, 0x000000072d600000, 0x000000072d800000|  0%| F|  |TAMS 0x000000072d600000| PB 0x000000072d600000| Untracked 
|  69|0x000000072d800000, 0x000000072d800000, 0x000000072da00000|  0%| F|  |TAMS 0x000000072d800000| PB 0x000000072d800000| Untracked 
|  70|0x000000072da00000, 0x000000072da00000, 0x000000072dc00000|  0%| F|  |TAMS 0x000000072da00000| PB 0x000000072da00000| Untracked 
|  71|0x000000072dc00000, 0x000000072dc00000, 0x000000072de00000|  0%| F|  |TAMS 0x000000072dc00000| PB 0x000000072dc00000| Untracked 
|  72|0x000000072de00000, 0x000000072de00000, 0x000000072e000000|  0%| F|  |TAMS 0x000000072de00000| PB 0x000000072de00000| Untracked 
|  73|0x000000072e000000, 0x000000072e000000, 0x000000072e200000|  0%| F|  |TAMS 0x000000072e000000| PB 0x000000072e000000| Untracked 
|  74|0x000000072e200000, 0x000000072e200000, 0x000000072e400000|  0%| F|  |TAMS 0x000000072e200000| PB 0x000000072e200000| Untracked 
|  75|0x000000072e400000, 0x000000072e400000, 0x000000072e600000|  0%| F|  |TAMS 0x000000072e400000| PB 0x000000072e400000| Untracked 
|  76|0x000000072e600000, 0x000000072e600000, 0x000000072e800000|  0%| F|  |TAMS 0x000000072e600000| PB 0x000000072e600000| Untracked 
|  77|0x000000072e800000, 0x000000072e800000, 0x000000072ea00000|  0%| F|  |TAMS 0x000000072e800000| PB 0x000000072e800000| Untracked 
|  78|0x000000072ea00000, 0x000000072ea00000, 0x000000072ec00000|  0%| F|  |TAMS 0x000000072ea00000| PB 0x000000072ea00000| Untracked 
|  79|0x000000072ec00000, 0x000000072ec00000, 0x000000072ee00000|  0%| F|  |TAMS 0x000000072ec00000| PB 0x000000072ec00000| Untracked 
|  80|0x000000072ee00000, 0x000000072ee00000, 0x000000072f000000|  0%| F|  |TAMS 0x000000072ee00000| PB 0x000000072ee00000| Untracked 
|  81|0x000000072f000000, 0x000000072f000000, 0x000000072f200000|  0%| F|  |TAMS 0x000000072f000000| PB 0x000000072f000000| Untracked 
|  82|0x000000072f200000, 0x000000072f200000, 0x000000072f400000|  0%| F|  |TAMS 0x000000072f200000| PB 0x000000072f200000| Untracked 
|  83|0x000000072f400000, 0x000000072f400000, 0x000000072f600000|  0%| F|  |TAMS 0x000000072f400000| PB 0x000000072f400000| Untracked 
|  84|0x000000072f600000, 0x000000072f600000, 0x000000072f800000|  0%| F|  |TAMS 0x000000072f600000| PB 0x000000072f600000| Untracked 
|  85|0x000000072f800000, 0x000000072f800000, 0x000000072fa00000|  0%| F|  |TAMS 0x000000072f800000| PB 0x000000072f800000| Untracked 
|  86|0x000000072fa00000, 0x000000072fba7000, 0x000000072fc00000| 82%| S|CS|TAMS 0x000000072fa00000| PB 0x000000072fa00000| Complete 
|  87|0x000000072fc00000, 0x000000072fe00000, 0x000000072fe00000|100%| S|CS|TAMS 0x000000072fc00000| PB 0x000000072fc00000| Complete 
|  88|0x000000072fe00000, 0x0000000730000000, 0x0000000730000000|100%| S|CS|TAMS 0x000000072fe00000| PB 0x000000072fe00000| Complete 
|  89|0x0000000730000000, 0x0000000730000000, 0x0000000730200000|  0%| F|  |TAMS 0x0000000730000000| PB 0x0000000730000000| Untracked 
|  90|0x0000000730200000, 0x0000000730200000, 0x0000000730400000|  0%| F|  |TAMS 0x0000000730200000| PB 0x0000000730200000| Untracked 
|  91|0x0000000730400000, 0x0000000730400000, 0x0000000730600000|  0%| F|  |TAMS 0x0000000730400000| PB 0x0000000730400000| Untracked 
|  92|0x0000000730600000, 0x0000000730600000, 0x0000000730800000|  0%| F|  |TAMS 0x0000000730600000| PB 0x0000000730600000| Untracked 
|  93|0x0000000730800000, 0x0000000730800000, 0x0000000730a00000|  0%| F|  |TAMS 0x0000000730800000| PB 0x0000000730800000| Untracked 
|  94|0x0000000730a00000, 0x0000000730a00000, 0x0000000730c00000|  0%| F|  |TAMS 0x0000000730a00000| PB 0x0000000730a00000| Untracked 
|  95|0x0000000730c00000, 0x0000000730c00000, 0x0000000730e00000|  0%| F|  |TAMS 0x0000000730c00000| PB 0x0000000730c00000| Untracked 
|  96|0x0000000730e00000, 0x0000000730e00000, 0x0000000731000000|  0%| F|  |TAMS 0x0000000730e00000| PB 0x0000000730e00000| Untracked 
|  97|0x0000000731000000, 0x0000000731000000, 0x0000000731200000|  0%| F|  |TAMS 0x0000000731000000| PB 0x0000000731000000| Untracked 
|  98|0x0000000731200000, 0x0000000731200000, 0x0000000731400000|  0%| F|  |TAMS 0x0000000731200000| PB 0x0000000731200000| Untracked 
|  99|0x0000000731400000, 0x0000000731400000, 0x0000000731600000|  0%| F|  |TAMS 0x0000000731400000| PB 0x0000000731400000| Untracked 
| 100|0x0000000731600000, 0x0000000731743160, 0x0000000731800000| 63%| E|  |TAMS 0x0000000731600000| PB 0x0000000731600000| Complete 
| 101|0x0000000731800000, 0x0000000731a00000, 0x0000000731a00000|100%| E|CS|TAMS 0x0000000731800000| PB 0x0000000731800000| Complete 
| 102|0x0000000731a00000, 0x0000000731c00000, 0x0000000731c00000|100%| E|CS|TAMS 0x0000000731a00000| PB 0x0000000731a00000| Complete 
| 103|0x0000000731c00000, 0x0000000731e00000, 0x0000000731e00000|100%| E|CS|TAMS 0x0000000731c00000| PB 0x0000000731c00000| Complete 
| 104|0x0000000731e00000, 0x0000000732000000, 0x0000000732000000|100%| E|CS|TAMS 0x0000000731e00000| PB 0x0000000731e00000| Complete 
| 105|0x0000000732000000, 0x0000000732200000, 0x0000000732200000|100%| E|CS|TAMS 0x0000000732000000| PB 0x0000000732000000| Complete 
| 106|0x0000000732200000, 0x0000000732400000, 0x0000000732400000|100%| E|CS|TAMS 0x0000000732200000| PB 0x0000000732200000| Complete 
| 107|0x0000000732400000, 0x0000000732600000, 0x0000000732600000|100%| E|CS|TAMS 0x0000000732400000| PB 0x0000000732400000| Complete 
| 108|0x0000000732600000, 0x0000000732800000, 0x0000000732800000|100%| E|CS|TAMS 0x0000000732600000| PB 0x0000000732600000| Complete 
| 109|0x0000000732800000, 0x0000000732a00000, 0x0000000732a00000|100%| E|CS|TAMS 0x0000000732800000| PB 0x0000000732800000| Complete 

Card table byte_map: [0x0000023ed93a0000,0x0000023ed9a80000] _byte_map_base: 0x0000023ed5a79000

Marking Bits: (CMBitMap*) 0x0000023ebf4150b0
 Bits: [0x0000023ed9a80000, 0x0000023edd148000)

Polling page: 0x0000023ebf180000

Metaspace:

Usage:
  Non-class:     13.64 MB used.
      Class:      2.35 MB used.
       Both:     15.99 MB used.

Virtual space:
  Non-class space:       64.00 MB reserved,      13.81 MB ( 22%) committed,  1 nodes.
      Class space:        1.00 GB reserved,       2.50 MB ( <1%) committed,  1 nodes.
             Both:        1.06 GB reserved,      16.31 MB (  1%) committed. 

Chunk freelists:
   Non-Class:  1.62 MB
       Class:  13.46 MB
        Both:  15.08 MB

MaxMetaspaceSize: unlimited
CompressedClassSpaceSize: 1.00 GB
Initial GC threshold: 21.00 MB
Current GC threshold: 21.00 MB
CDS: on
 - commit_granule_bytes: 65536.
 - commit_granule_words: 8192.
 - virtual_space_node_default_size: 8388608.
 - enlarge_chunks_in_place: 1.
 - use_allocation_guard: 0.


Internal statistics:

num_allocs_failed_limit: 0.
num_arena_births: 376.
num_arena_deaths: 0.
num_vsnodes_births: 2.
num_vsnodes_deaths: 0.
num_space_committed: 261.
num_space_uncommitted: 0.
num_chunks_returned_to_freelist: 0.
num_chunks_taken_from_freelist: 907.
num_chunk_merges: 0.
num_chunk_splits: 619.
num_chunks_enlarged: 454.
num_inconsistent_stats: 0.

CodeHeap 'non-profiled nmethods': size=120000Kb used=1062Kb max_used=1062Kb free=118937Kb
 bounds [0x0000023ed0b00000, 0x0000023ed0d70000, 0x0000023ed8030000]
CodeHeap 'profiled nmethods': size=120000Kb used=5095Kb max_used=5095Kb free=114904Kb
 bounds [0x0000023ec9030000, 0x0000023ec9530000, 0x0000023ed0560000]
CodeHeap 'non-nmethods': size=5760Kb used=1788Kb max_used=1840Kb free=3971Kb
 bounds [0x0000023ed0560000, 0x0000023ed07d0000, 0x0000023ed0b00000]
 total_blobs=3559 nmethods=2752 adapters=711
 compilation: enabled
              stopped_count=0, restarted_count=0
 full_count=0

Compilation events (20 events):
Event: 14.564 Thread 0x0000023edfe32280 nmethod 2742 0x0000023ec9526590 code [0x0000023ec9526740, 0x0000023ec95269e0]
Event: 14.564 Thread 0x0000023edfe32280 2743       3       java.util.EnumMap$EnumMapIterator::<init> (20 bytes)
Event: 14.565 Thread 0x0000023edfe32280 nmethod 2743 0x0000023ec9526b10 code [0x0000023ec9526cc0, 0x0000023ec9526ea0]
Event: 14.570 Thread 0x0000023edfe0f020 nmethod 2744 0x0000023ed0c07010 code [0x0000023ed0c07200, 0x0000023ed0c07620]
Event: 15.939 Thread 0x0000023edfe32280 2745       3       javafx.scene.Parent::computeViewOrderChildren (93 bytes)
Event: 15.940 Thread 0x0000023edfe32280 nmethod 2745 0x0000023ec9526f90 code [0x0000023ec9527200, 0x0000023ec9527df8]
Event: 15.946 Thread 0x0000023edfe0f020 2746       4       com.sun.javafx.event.EventHandlerManager::dispatchBubblingEvent (41 bytes)
Event: 15.958 Thread 0x0000023edfe0f020 nmethod 2746 0x0000023ed0c07a10 code [0x0000023ed0c07c00, 0x0000023ed0c08028]
Event: 56.913 Thread 0x0000023edfe32280 2747       1       javafx.scene.input.KeyCode::getCode (5 bytes)
Event: 56.914 Thread 0x0000023edfe32280 nmethod 2747 0x0000023ed0c08410 code [0x0000023ed0c085a0, 0x0000023ed0c08668]
Event: 60.945 Thread 0x0000023edfe32280 2748   !   3       java.util.concurrent.locks.AbstractQueuedSynchronizer$ConditionObject::newConditionNode (78 bytes)
Event: 60.946 Thread 0x0000023edfe32280 nmethod 2748 0x0000023ec9528190 code [0x0000023ec9528400, 0x0000023ec9528c30]
Event: 60.946 Thread 0x0000023edfe32280 2749       3       java.util.concurrent.locks.AbstractQueuedSynchronizer$ConditionNode::<init> (5 bytes)
Event: 60.947 Thread 0x0000023edfe32280 nmethod 2749 0x0000023ec9528f10 code [0x0000023ec95290c0, 0x0000023ec9529288]
Event: 86.276 Thread 0x0000023edfe0f020 2750       4       com.sun.javafx.tk.quantum.QuantumToolkit::postPulse (133 bytes)
Event: 86.281 Thread 0x0000023edfe0f020 nmethod 2750 0x0000023ed0c08710 code [0x0000023ed0c088e0, 0x0000023ed0c08b40]
Event: 86.450 Thread 0x0000023edfe0f020 2751       4       com.sun.javafx.tk.quantum.QuantumToolkit$$Lambda/0x0000023ee103df20::run (8 bytes)
Event: 86.457 Thread 0x0000023edfe0f020 nmethod 2751 0x0000023ed0c08d90 code [0x0000023ed0c08f80, 0x0000023ed0c09260]
Event: 327.401 Thread 0x0000023edfe32280 2752   !   3       java.lang.Object::wait (50 bytes)
Event: 327.402 Thread 0x0000023edfe32280 nmethod 2752 0x0000023ec9529390 code [0x0000023ec95295a0, 0x0000023ec9529b20]

GC Heap History (4 events):
Event: 0.452 GC heap before
{Heap before GC invocations=0 (full 0):
 garbage-first heap   total 225280K, used 22528K [0x0000000724e00000, 0x0000000800000000)
  region size 2048K, 11 young (22528K), 0 survivors (0K)
 Metaspace       used 4732K, committed 4928K, reserved 1114112K
  class space    used 508K, committed 640K, reserved 1048576K
}
Event: 0.455 GC heap after
{Heap after GC invocations=1 (full 0):
 garbage-first heap   total 225280K, used 2794K [0x0000000724e00000, 0x0000000800000000)
  region size 2048K, 2 young (4096K), 2 survivors (4096K)
 Metaspace       used 4732K, committed 4928K, reserved 1114112K
  class space    used 508K, committed 640K, reserved 1048576K
}
Event: 0.821 GC heap before
{Heap before GC invocations=1 (full 0):
 garbage-first heap   total 225280K, used 41706K [0x0000000724e00000, 0x0000000800000000)
  region size 2048K, 21 young (43008K), 2 survivors (4096K)
 Metaspace       used 13298K, committed 13632K, reserved 1114112K
  class space    used 2052K, committed 2176K, reserved 1048576K
}
Event: 0.825 GC heap after
{Heap after GC invocations=2 (full 0):
 garbage-first heap   total 225280K, used 5788K [0x0000000724e00000, 0x0000000800000000)
  region size 2048K, 3 young (6144K), 3 survivors (6144K)
 Metaspace       used 13298K, committed 13632K, reserved 1114112K
  class space    used 2052K, committed 2176K, reserved 1048576K
}

Dll operation events (20 events):
Event: 0.279 Loaded shared library C:\Users\Nursultan\.openjfx\cache\21-ea+null\amd64\api-ms-win-crt-locale-l1-1-0.dll
Event: 0.280 Loaded shared library C:\Users\Nursultan\.openjfx\cache\21-ea+null\amd64\api-ms-win-crt-math-l1-1-0.dll
Event: 0.282 Loaded shared library C:\Users\Nursultan\.openjfx\cache\21-ea+null\amd64\api-ms-win-crt-multibyte-l1-1-0.dll
Event: 0.283 Loaded shared library C:\Users\Nursultan\.openjfx\cache\21-ea+null\amd64\api-ms-win-crt-private-l1-1-0.dll
Event: 0.285 Loaded shared library C:\Users\Nursultan\.openjfx\cache\21-ea+null\amd64\api-ms-win-crt-process-l1-1-0.dll
Event: 0.286 Loaded shared library C:\Users\Nursultan\.openjfx\cache\21-ea+null\amd64\api-ms-win-crt-runtime-l1-1-0.dll
Event: 0.288 Loaded shared library C:\Users\Nursultan\.openjfx\cache\21-ea+null\amd64\api-ms-win-crt-stdio-l1-1-0.dll
Event: 0.290 Loaded shared library C:\Users\Nursultan\.openjfx\cache\21-ea+null\amd64\api-ms-win-crt-string-l1-1-0.dll
Event: 0.291 Loaded shared library C:\Users\Nursultan\.openjfx\cache\21-ea+null\amd64\api-ms-win-crt-time-l1-1-0.dll
Event: 0.293 Loaded shared library C:\Users\Nursultan\.openjfx\cache\21-ea+null\amd64\api-ms-win-crt-utility-l1-1-0.dll
Event: 0.301 Loaded shared library C:\Users\Nursultan\.openjfx\cache\21-ea+null\amd64\ucrtbase.dll
Event: 0.304 Loaded shared library C:\Users\Nursultan\.openjfx\cache\21-ea+null\amd64\vcruntime140.dll
Event: 0.306 Loaded shared library C:\Users\Nursultan\.openjfx\cache\21-ea+null\amd64\vcruntime140_1.dll
Event: 0.312 Loaded shared library C:\Users\Nursultan\.openjfx\cache\21-ea+null\amd64\msvcp140.dll
Event: 0.314 Loaded shared library C:\Users\Nursultan\.openjfx\cache\21-ea+null\amd64\msvcp140_1.dll
Event: 0.317 Loaded shared library C:\Users\Nursultan\.openjfx\cache\21-ea+null\amd64\msvcp140_2.dll
Event: 0.340 Loaded shared library C:\Users\Nursultan\.openjfx\cache\21-ea+null\amd64\prism_d3d.dll
Event: 0.366 Loaded shared library C:\Users\Nursultan\.openjfx\cache\21-ea+null\amd64\glass.dll
Event: 0.469 Loaded shared library C:\Users\Nursultan\.jdks\openjdk-21.0.1\bin\jimage.dll
Event: 0.575 Loaded shared library C:\Users\Nursultan\.openjfx\cache\21-ea+null\amd64\javafx_font.dll

Deoptimization events (20 events):
Event: 2.832 Thread 0x0000023f25c3de30 Uncommon trap: trap_request=0xffffffde fr.pc=0x0000023ed0bbfcac relative=0x00000000000002cc
Event: 2.832 Thread 0x0000023f25c3de30 Uncommon trap: reason=class_check action=maybe_recompile pc=0x0000023ed0bbfcac method=java.util.regex.Pattern$BmpCharPropertyGreedy.match(Ljava/util/regex/Matcher;ILjava/lang/CharSequence;)Z @ 26 c2
Event: 2.832 Thread 0x0000023f25c3de30 DEOPT PACKING pc=0x0000023ed0bbfcac sp=0x00000079d48fcfd0
Event: 2.832 Thread 0x0000023f25c3de30 DEOPT UNPACKING pc=0x0000023ed05b46a2 sp=0x00000079d48fcf98 mode 2
Event: 2.871 Thread 0x0000023f25c3de30 Uncommon trap: trap_request=0xffffffde fr.pc=0x0000023ed0bca9c8 relative=0x0000000000000888
Event: 2.871 Thread 0x0000023f25c3de30 Uncommon trap: reason=class_check action=maybe_recompile pc=0x0000023ed0bca9c8 method=java.util.HashMap.putVal(ILjava/lang/Object;Ljava/lang/Object;ZZ)Ljava/lang/Object; @ 91 c2
Event: 2.871 Thread 0x0000023f25c3de30 DEOPT PACKING pc=0x0000023ed0bca9c8 sp=0x00000079d48fd0f0
Event: 2.872 Thread 0x0000023f25c3de30 DEOPT UNPACKING pc=0x0000023ed05b46a2 sp=0x00000079d48fd080 mode 2
Event: 2.882 Thread 0x0000023f25c3de30 Uncommon trap: trap_request=0xffffff45 fr.pc=0x0000023ed0ba3dd0 relative=0x00000000000001f0
Event: 2.882 Thread 0x0000023f25c3de30 Uncommon trap: reason=unstable_if action=reinterpret pc=0x0000023ed0ba3dd0 method=java.util.HashMap.getNode(Ljava/lang/Object;)Ljava/util/HashMap$Node; @ 66 c2
Event: 2.882 Thread 0x0000023f25c3de30 DEOPT PACKING pc=0x0000023ed0ba3dd0 sp=0x00000079d48fd2c0
Event: 2.882 Thread 0x0000023f25c3de30 DEOPT UNPACKING pc=0x0000023ed05b46a2 sp=0x00000079d48fd1d0 mode 2
Event: 2.883 Thread 0x0000023f25c3de30 Uncommon trap: trap_request=0xffffff45 fr.pc=0x0000023ed0ba1c38 relative=0x00000000000001d8
Event: 2.883 Thread 0x0000023f25c3de30 Uncommon trap: reason=unstable_if action=reinterpret pc=0x0000023ed0ba1c38 method=java.util.HashMap.getNode(Ljava/lang/Object;)Ljava/util/HashMap$Node; @ 66 c2
Event: 2.883 Thread 0x0000023f25c3de30 DEOPT PACKING pc=0x0000023ed0ba1c38 sp=0x00000079d48fd180
Event: 2.883 Thread 0x0000023f25c3de30 DEOPT UNPACKING pc=0x0000023ed05b46a2 sp=0x00000079d48fd100 mode 2
Event: 4.642 Thread 0x0000023f25c3de30 Uncommon trap: trap_request=0xffffffde fr.pc=0x0000023ed0bbfcac relative=0x00000000000002cc
Event: 4.642 Thread 0x0000023f25c3de30 Uncommon trap: reason=class_check action=maybe_recompile pc=0x0000023ed0bbfcac method=java.util.regex.Pattern$BmpCharPropertyGreedy.match(Ljava/util/regex/Matcher;ILjava/lang/CharSequence;)Z @ 26 c2
Event: 4.642 Thread 0x0000023f25c3de30 DEOPT PACKING pc=0x0000023ed0bbfcac sp=0x00000079d48fb240
Event: 4.642 Thread 0x0000023f25c3de30 DEOPT UNPACKING pc=0x0000023ed05b46a2 sp=0x00000079d48fb208 mode 2

Classes loaded (20 events):
Event: 1.042 Loading class java/time/zone/Ser
Event: 1.042 Loading class java/io/Externalizable
Event: 1.042 Loading class java/io/Externalizable done
Event: 1.042 Loading class java/time/zone/Ser done
Event: 1.043 Loading class java/time/zone/ZoneOffsetTransition
Event: 1.043 Loading class java/time/zone/ZoneOffsetTransition done
Event: 1.045 Loading class sun/util/cldr/CLDRBaseLocaleDataMetaInfo$TZCanonicalIDMapHolder
Event: 1.046 Loading class sun/util/cldr/CLDRBaseLocaleDataMetaInfo$TZCanonicalIDMapHolder done
Event: 1.047 Loading class sun/util/resources/TimeZoneNames
Event: 1.048 Loading class sun/util/resources/TimeZoneNames done
Event: 1.048 Loading class sun/util/resources/TimeZoneNames_en
Event: 1.048 Loading class sun/util/resources/TimeZoneNames_en done
Event: 2.686 Loading class java/io/UnsupportedEncodingException
Event: 2.686 Loading class java/io/UnsupportedEncodingException done
Event: 2.868 Loading class java/lang/Byte$ByteCache
Event: 2.868 Loading class java/lang/Byte$ByteCache done
Event: 2.868 Loading class java/lang/Short$ShortCache
Event: 2.868 Loading class java/lang/Short$ShortCache done
Event: 327.398 Loading class jdk/internal/misc/Signal$1
Event: 327.398 Loading class jdk/internal/misc/Signal$1 done

Classes unloaded (0 events):
No events

Classes redefined (0 events):
No events

Internal exceptions (20 events):
Event: 0.789 Thread 0x0000023f25c3de30 Exception <a 'java/lang/ClassNotFoundException'{0x000000073058c868}: com/sun/javafx/scene/control/skin/resources/controls> (0x000000073058c868) 
thrown [s\open\src\hotspot\share\prims\jni.cpp, line 539]
Event: 0.789 Thread 0x0000023f25c3de30 Exception <a 'java/lang/ClassNotFoundException'{0x000000073059acd8}: com/sun/javafx/scene/control/skin/resources/controls_ru> (0x000000073059acd8) 
thrown [s\open\src\hotspot\share\prims\jni.cpp, line 539]
Event: 0.790 Thread 0x0000023f25c3de30 Exception <a 'java/lang/ClassNotFoundException'{0x000000073059bc80}: com/sun/javafx/scene/control/skin/resources/controls_ru_RU> (0x000000073059bc80) 
thrown [s\open\src\hotspot\share\prims\jni.cpp, line 539]
Event: 0.810 Thread 0x0000023f25c3de30 Exception <a 'java/lang/NoSuchMethodError'{0x0000000730379d80}: 'void java.lang.invoke.DirectMethodHandle$Holder.invokeSpecial(java.lang.Object, java.lang.Object, java.lang.Object, java.lang.Object, java.lang.Object, java.lang.Object)'> (0x0000000730379d80) 
thrown [s\open\src\hotspot\share\interpreter\linkResolver.cpp, line 773]
Event: 0.857 Thread 0x0000023f25c3de30 Exception <a 'java/lang/NoSuchMethodError'{0x00000007326e3668}: 'int java.lang.invoke.DirectMethodHandle$Holder.invokeSpecial(java.lang.Object, java.lang.Object, int)'> (0x00000007326e3668) 
thrown [s\open\src\hotspot\share\interpreter\linkResolver.cpp, line 773]
Event: 0.866 Thread 0x0000023f25c3de30 Exception <a 'java/lang/NoSuchMethodError'{0x000000073273cd90}: 'java.lang.Object java.lang.invoke.DirectMethodHandle$Holder.newInvokeSpecial(java.lang.Object, java.lang.Object, int)'> (0x000000073273cd90) 
thrown [s\open\src\hotspot\share\interpreter\linkResolver.cpp, line 773]
Event: 0.893 Thread 0x0000023f25ddc150 Exception <a 'java/lang/NoSuchMethodError'{0x00000007324a0718}: 'int java.lang.invoke.DirectMethodHandle$Holder.invokeStaticInit(java.lang.Object, java.lang.Object)'> (0x00000007324a0718) 
thrown [s\open\src\hotspot\share\interpreter\linkResolver.cpp, line 773]
Event: 0.900 Thread 0x0000023f25c3de30 Exception <a 'java/lang/NoSuchMethodError'{0x0000000732457fa8}: 'long java.lang.invoke.DirectMethodHandle$Holder.invokeStatic(java.lang.Object, java.lang.Object, java.lang.Object)'> (0x0000000732457fa8) 
thrown [s\open\src\hotspot\share\interpreter\linkResolver.cpp, line 773]
Event: 0.900 Thread 0x0000023f25c3de30 Exception <a 'java/lang/NoSuchMethodError'{0x000000073245b378}: 'long java.lang.invoke.DirectMethodHandle$Holder.invokeStaticInit(java.lang.Object, java.lang.Object, java.lang.Object)'> (0x000000073245b378) 
thrown [s\open\src\hotspot\share\interpreter\linkResolver.cpp, line 773]
Event: 0.901 Thread 0x0000023f25c3de30 Exception <a 'java/lang/NoSuchMethodError'{0x000000073246f970}: 'java.lang.Object java.lang.invoke.DirectMethodHandle$Holder.newInvokeSpecial(java.lang.Object, java.lang.Object, long)'> (0x000000073246f970) 
thrown [s\open\src\hotspot\share\interpreter\linkResolver.cpp, line 773]
Event: 0.901 Thread 0x0000023f25c3de30 Exception <a 'java/lang/NoSuchMethodError'{0x0000000732473268}: 'java.lang.Object java.lang.invoke.Invokers$Holder.linkToTargetMethod(java.lang.Object, long, java.lang.Object)'> (0x0000000732473268) 
thrown [s\open\src\hotspot\share\interpreter\linkResolver.cpp, line 773]
Event: 0.922 Thread 0x0000023f25ddc150 Exception <a 'java/lang/NoSuchMethodError'{0x00000007322e47a8}: 'java.lang.Object java.lang.invoke.DirectMethodHandle$Holder.invokeStaticInit(java.lang.Object, int)'> (0x00000007322e47a8) 
thrown [s\open\src\hotspot\share\interpreter\linkResolver.cpp, line 773]
Event: 1.042 Thread 0x0000023edfe05910 Exception <a 'sun/nio/fs/WindowsException'{0x0000000731f34e40}> (0x0000000731f34e40) 
thrown [s\open\src\hotspot\share\prims\jni.cpp, line 520]
Event: 2.834 Thread 0x0000023f25c3de30 Exception <a 'java/io/FileNotFoundException'{0x0000000731d0baa0}> (0x0000000731d0baa0) 
thrown [s\open\src\hotspot\share\prims\jni.cpp, line 520]
Event: 2.834 Thread 0x0000023f25c3de30 Exception <a 'java/io/FileNotFoundException'{0x0000000731d0cad0}> (0x0000000731d0cad0) 
thrown [s\open\src\hotspot\share\prims\jni.cpp, line 520]
Event: 2.883 Thread 0x0000023f25c3de30 Exception <a 'java/lang/NoSuchMethodError'{0x0000000731d87010}: 'java.lang.Object java.lang.invoke.DirectMethodHandle$Holder.newInvokeSpecial(java.lang.Object, double)'> (0x0000000731d87010) 
thrown [s\open\src\hotspot\share\interpreter\linkResolver.cpp, line 773]
Event: 4.645 Thread 0x0000023f25c3de30 Exception <a 'java/io/FileNotFoundException'{0x0000000731b14c20}> (0x0000000731b14c20) 
thrown [s\open\src\hotspot\share\prims\jni.cpp, line 520]
Event: 4.645 Thread 0x0000023f25c3de30 Exception <a 'java/io/FileNotFoundException'{0x0000000731b15f00}> (0x0000000731b15f00) 
thrown [s\open\src\hotspot\share\prims\jni.cpp, line 520]
Event: 10.419 Thread 0x0000023f25c3de30 Exception <a 'java/io/FileNotFoundException'{0x00000007318469b8}> (0x00000007318469b8) 
thrown [s\open\src\hotspot\share\prims\jni.cpp, line 520]
Event: 10.420 Thread 0x0000023f25c3de30 Exception <a 'java/io/FileNotFoundException'{0x0000000731847f48}> (0x0000000731847f48) 
thrown [s\open\src\hotspot\share\prims\jni.cpp, line 520]

ZGC Phase Switch (0 events):
No events

VM Operations (20 events):
Event: 1.835 Executing VM operation: Cleanup done
Event: 3.071 Executing VM operation: ICBufferFull
Event: 3.071 Executing VM operation: ICBufferFull done
Event: 5.072 Executing VM operation: Cleanup
Event: 5.072 Executing VM operation: Cleanup done
Event: 10.075 Executing VM operation: Cleanup
Event: 10.075 Executing VM operation: Cleanup done
Event: 11.076 Executing VM operation: Cleanup
Event: 11.076 Executing VM operation: Cleanup done
Event: 13.076 Executing VM operation: Cleanup
Event: 13.076 Executing VM operation: Cleanup done
Event: 15.078 Executing VM operation: Cleanup
Event: 15.078 Executing VM operation: Cleanup done
Event: 57.097 Executing VM operation: Cleanup
Event: 57.097 Executing VM operation: Cleanup done
Event: 60.188 Executing VM operation: HandshakeAllThreads (HandshakeForDeflation)
Event: 60.188 Executing VM operation: HandshakeAllThreads (HandshakeForDeflation) done
Event: 60.188 Executing VM operation: RendezvousGCThreads
Event: 60.188 Executing VM operation: RendezvousGCThreads done
Event: 327.403 Executing VM operation: Exit

Events (20 events):
Event: 0.368 Thread 0x0000023f2580f560 Thread added: 0x0000023f2580f560
Event: 0.370 Thread 0x0000023f25c3de30 Thread added: 0x0000023f25c3de30
Event: 0.418 Thread 0x0000023f252a08f0 Thread exited: 0x0000023f252a08f0
Event: 0.446 Thread 0x0000023f26970490 Thread added: 0x0000023f26970490
Event: 0.450 Thread 0x0000023f2697aeb0 Thread added: 0x0000023f2697aeb0
Event: 0.593 Thread 0x0000023f26aef210 Thread added: 0x0000023f26aef210
Event: 0.761 Thread 0x0000023f26b7a510 Thread added: 0x0000023f26b7a510
Event: 0.944 Thread 0x0000023f36b6aa50 Thread added: 0x0000023f36b6aa50
Event: 1.175 Thread 0x0000023f26aef210 Thread exited: 0x0000023f26aef210
Event: 1.176 Thread 0x0000023f2515cc10 Thread exited: 0x0000023f2515cc10
Event: 2.925 Thread 0x0000023f36c40da0 Thread added: 0x0000023f36c40da0
Event: 2.940 Thread 0x0000023f36c41c60 Thread added: 0x0000023f36c41c60
Event: 3.075 Thread 0x0000023f36c41c60 Thread exited: 0x0000023f36c41c60
Event: 3.091 Thread 0x0000023f36c40da0 Thread exited: 0x0000023f36c40da0
Event: 327.399 Thread 0x0000023f36b67c60 Thread added: 0x0000023f36b67c60
Event: 327.400 Thread 0x0000023f36b696a0 Thread added: 0x0000023f36b696a0
Event: 327.400 Thread 0x0000023f36b69d30 Thread added: 0x0000023f36b69d30
Event: 327.401 Thread 0x0000023f36b696a0 Thread exited: 0x0000023f36b696a0
Event: 327.402 Thread 0x0000023f36b69d30 Thread exited: 0x0000023f36b69d30
Event: 327.403 Thread 0x0000023edfe04eb0 Thread exited: 0x0000023edfe04eb0


Dynamic libraries:
0x00007ff7f07f0000 - 0x00007ff7f07fe000 	C:\Users\Nursultan\.jdks\openjdk-21.0.1\bin\java.exe
0x00007fffa4cb0000 - 0x00007fffa4ea8000 	C:\Windows\SYSTEM32\ntdll.dll
0x00007fffa47f0000 - 0x00007fffa48ad000 	C:\Windows\System32\KERNEL32.DLL
0x00007fffa28c0000 - 0x00007fffa2bb6000 	C:\Windows\System32\KERNELBASE.dll
0x00007fffa2510000 - 0x00007fffa2610000 	C:\Windows\System32\ucrtbase.dll
0x00007fff94210000 - 0x00007fff94228000 	C:\Users\Nursultan\.jdks\openjdk-21.0.1\bin\jli.dll
0x00007fff94230000 - 0x00007fff9424b000 	C:\Users\Nursultan\.jdks\openjdk-21.0.1\bin\VCRUNTIME140.dll
0x00007fffa3a30000 - 0x00007fffa3bce000 	C:\Windows\System32\USER32.dll
0x00007fffa2ce0000 - 0x00007fffa2d02000 	C:\Windows\System32\win32u.dll
0x00007fff88810000 - 0x00007fff88aaa000 	C:\Windows\WinSxS\amd64_microsoft.windows.common-controls_6595b64144ccf1df_6.0.19041.3636_none_60b6a03d71f818d5\COMCTL32.dll
0x00007fffa2d70000 - 0x00007fffa2d9c000 	C:\Windows\System32\GDI32.dll
0x00007fffa2bc0000 - 0x00007fffa2cda000 	C:\Windows\System32\gdi32full.dll
0x00007fffa44b0000 - 0x00007fffa454e000 	C:\Windows\System32\msvcrt.dll
0x00007fffa2610000 - 0x00007fffa26ad000 	C:\Windows\System32\msvcp_win.dll
0x00007fffa48b0000 - 0x00007fffa48e0000 	C:\Windows\System32\IMM32.DLL
0x00007fff9e8b0000 - 0x00007fff9e8bc000 	C:\Users\Nursultan\.jdks\openjdk-21.0.1\bin\vcruntime140_1.dll
0x00007fff91710000 - 0x00007fff9179e000 	C:\Users\Nursultan\.jdks\openjdk-21.0.1\bin\msvcp140.dll
0x00007fff62970000 - 0x00007fff63685000 	C:\Users\Nursultan\.jdks\openjdk-21.0.1\bin\server\jvm.dll
0x00007fffa45b0000 - 0x00007fffa465f000 	C:\Windows\System32\ADVAPI32.dll
0x00007fffa4750000 - 0x00007fffa47ec000 	C:\Windows\System32\sechost.dll
0x00007fffa3c60000 - 0x00007fffa3d86000 	C:\Windows\System32\RPCRT4.dll
0x00007fffa46e0000 - 0x00007fffa474b000 	C:\Windows\System32\WS2_32.dll
0x00007fffa1940000 - 0x00007fffa198b000 	C:\Windows\SYSTEM32\POWRPROF.dll
0x00007fff970a0000 - 0x00007fff970c7000 	C:\Windows\SYSTEM32\WINMM.dll
0x00007fff970d0000 - 0x00007fff970da000 	C:\Windows\SYSTEM32\VERSION.dll
0x00007fffa17b0000 - 0x00007fffa17c2000 	C:\Windows\SYSTEM32\UMPDC.dll
0x00007fffa0be0000 - 0x00007fffa0bf2000 	C:\Windows\SYSTEM32\kernel.appcore.dll
0x00007fff9c750000 - 0x00007fff9c75a000 	C:\Users\Nursultan\.jdks\openjdk-21.0.1\bin\jimage.dll
0x00007fffa0200000 - 0x00007fffa03e4000 	C:\Windows\SYSTEM32\DBGHELP.DLL
0x00007fff8f450000 - 0x00007fff8f484000 	C:\Windows\SYSTEM32\dbgcore.DLL
0x00007fffa2450000 - 0x00007fffa24d2000 	C:\Windows\System32\bcryptPrimitives.dll
0x00007fff9f3c0000 - 0x00007fff9f3cf000 	C:\Users\Nursultan\.jdks\openjdk-21.0.1\bin\instrument.dll
0x00007fff941f0000 - 0x00007fff9420f000 	C:\Users\Nursultan\.jdks\openjdk-21.0.1\bin\java.dll
0x00007fffa32e0000 - 0x00007fffa3a24000 	C:\Windows\System32\SHELL32.dll
0x00007fffa0430000 - 0x00007fffa0bcb000 	C:\Windows\SYSTEM32\windows.storage.dll
0x00007fffa4050000 - 0x00007fffa43a4000 	C:\Windows\System32\combase.dll
0x00007fffa1dd0000 - 0x00007fffa1dfd000 	C:\Windows\SYSTEM32\Wldp.dll
0x00007fffa3230000 - 0x00007fffa32dd000 	C:\Windows\System32\SHCORE.dll
0x00007fffa2d10000 - 0x00007fffa2d65000 	C:\Windows\System32\shlwapi.dll
0x00007fffa22c0000 - 0x00007fffa22e5000 	C:\Windows\SYSTEM32\profapi.dll
0x00007fff64650000 - 0x00007fff64727000 	C:\Users\Nursultan\.jdks\openjdk-21.0.1\bin\jsvml.dll
0x00007fff9b8e0000 - 0x00007fff9b8f0000 	C:\Users\Nursultan\.jdks\openjdk-21.0.1\bin\net.dll
0x00007fff9e4a0000 - 0x00007fff9e5aa000 	C:\Windows\SYSTEM32\WINHTTP.dll
0x00007fffa1b30000 - 0x00007fffa1b9a000 	C:\Windows\system32\mswsock.dll
0x00007fff92410000 - 0x00007fff92426000 	C:\Users\Nursultan\.jdks\openjdk-21.0.1\bin\nio.dll
0x00007fff923d0000 - 0x00007fff923e8000 	C:\Users\Nursultan\.jdks\openjdk-21.0.1\bin\zip.dll
0x00007fff924d0000 - 0x00007fff924ea000 	C:\Program Files\JetBrains\IntelliJ IDEA 2023.2.5\bin\breakgen64.dll
0x0000023ebf4b0000 - 0x0000023ebf4b3000 	C:\Users\Nursultan\.openjfx\cache\21-ea+null\amd64\api-ms-win-core-console-l1-1-0.dll
0x0000023ebf4c0000 - 0x0000023ebf4c3000 	C:\Users\Nursultan\.openjfx\cache\21-ea+null\amd64\api-ms-win-core-console-l1-2-0.dll
0x0000023ebf4d0000 - 0x0000023ebf4d3000 	C:\Users\Nursultan\.openjfx\cache\21-ea+null\amd64\api-ms-win-core-datetime-l1-1-0.dll
0x0000023ebf4e0000 - 0x0000023ebf4e3000 	C:\Users\Nursultan\.openjfx\cache\21-ea+null\amd64\api-ms-win-core-debug-l1-1-0.dll
0x0000023ebf4f0000 - 0x0000023ebf4f3000 	C:\Users\Nursultan\.openjfx\cache\21-ea+null\amd64\api-ms-win-core-errorhandling-l1-1-0.dll
0x0000023edff80000 - 0x0000023edff84000 	C:\Users\Nursultan\.openjfx\cache\21-ea+null\amd64\api-ms-win-core-file-l1-1-0.dll
0x0000023edff90000 - 0x0000023edff93000 	C:\Users\Nursultan\.openjfx\cache\21-ea+null\amd64\api-ms-win-core-file-l1-2-0.dll
0x0000023edffa0000 - 0x0000023edffa3000 	C:\Users\Nursultan\.openjfx\cache\21-ea+null\amd64\api-ms-win-core-file-l2-1-0.dll
0x0000023edffb0000 - 0x0000023edffb3000 	C:\Users\Nursultan\.openjfx\cache\21-ea+null\amd64\api-ms-win-core-handle-l1-1-0.dll
0x0000023edffc0000 - 0x0000023edffc3000 	C:\Users\Nursultan\.openjfx\cache\21-ea+null\amd64\api-ms-win-core-heap-l1-1-0.dll
0x0000023edffd0000 - 0x0000023edffd3000 	C:\Users\Nursultan\.openjfx\cache\21-ea+null\amd64\api-ms-win-core-interlocked-l1-1-0.dll
0x0000023edffe0000 - 0x0000023edffe3000 	C:\Users\Nursultan\.openjfx\cache\21-ea+null\amd64\api-ms-win-core-libraryloader-l1-1-0.dll
0x0000023edfff0000 - 0x0000023edfff3000 	C:\Users\Nursultan\.openjfx\cache\21-ea+null\amd64\api-ms-win-core-localization-l1-2-0.dll
0x0000023f26bd0000 - 0x0000023f26bd3000 	C:\Users\Nursultan\.openjfx\cache\21-ea+null\amd64\api-ms-win-core-memory-l1-1-0.dll
0x0000023f26be0000 - 0x0000023f26be3000 	C:\Users\Nursultan\.openjfx\cache\21-ea+null\amd64\api-ms-win-core-namedpipe-l1-1-0.dll
0x0000023f26bf0000 - 0x0000023f26bf3000 	C:\Users\Nursultan\.openjfx\cache\21-ea+null\amd64\api-ms-win-core-processenvironment-l1-1-0.dll
0x0000023f26c00000 - 0x0000023f26c03000 	C:\Users\Nursultan\.openjfx\cache\21-ea+null\amd64\api-ms-win-core-processthreads-l1-1-0.dll
0x0000023f26c10000 - 0x0000023f26c13000 	C:\Users\Nursultan\.openjfx\cache\21-ea+null\amd64\api-ms-win-core-processthreads-l1-1-1.dll
0x0000023f26c20000 - 0x0000023f26c23000 	C:\Users\Nursultan\.openjfx\cache\21-ea+null\amd64\api-ms-win-core-profile-l1-1-0.dll
0x0000023f26c30000 - 0x0000023f26c33000 	C:\Users\Nursultan\.openjfx\cache\21-ea+null\amd64\api-ms-win-core-rtlsupport-l1-1-0.dll
0x0000023f26d70000 - 0x0000023f26d73000 	C:\Users\Nursultan\.openjfx\cache\21-ea+null\amd64\api-ms-win-core-string-l1-1-0.dll
0x0000023f26d80000 - 0x0000023f26d83000 	C:\Users\Nursultan\.openjfx\cache\21-ea+null\amd64\api-ms-win-core-synch-l1-1-0.dll
0x0000023f26d90000 - 0x0000023f26d93000 	C:\Users\Nursultan\.openjfx\cache\21-ea+null\amd64\api-ms-win-core-synch-l1-2-0.dll
0x0000023f26da0000 - 0x0000023f26da3000 	C:\Users\Nursultan\.openjfx\cache\21-ea+null\amd64\api-ms-win-core-sysinfo-l1-1-0.dll
0x0000023f26db0000 - 0x0000023f26db3000 	C:\Users\Nursultan\.openjfx\cache\21-ea+null\amd64\api-ms-win-core-timezone-l1-1-0.dll
0x0000023f26dc0000 - 0x0000023f26dc3000 	C:\Users\Nursultan\.openjfx\cache\21-ea+null\amd64\api-ms-win-core-util-l1-1-0.dll
0x0000023f26dd0000 - 0x0000023f26dd3000 	C:\Users\Nursultan\.openjfx\cache\21-ea+null\amd64\api-ms-win-crt-conio-l1-1-0.dll
0x0000023f26de0000 - 0x0000023f26de4000 	C:\Users\Nursultan\.openjfx\cache\21-ea+null\amd64\api-ms-win-crt-convert-l1-1-0.dll
0x0000023f26df0000 - 0x0000023f26df3000 	C:\Users\Nursultan\.openjfx\cache\21-ea+null\amd64\api-ms-win-crt-environment-l1-1-0.dll
0x0000023f26e00000 - 0x0000023f26e03000 	C:\Users\Nursultan\.openjfx\cache\21-ea+null\amd64\api-ms-win-crt-filesystem-l1-1-0.dll
0x0000023f26d60000 - 0x0000023f26d63000 	C:\Users\Nursultan\.openjfx\cache\21-ea+null\amd64\api-ms-win-crt-heap-l1-1-0.dll
0x0000023f26f50000 - 0x0000023f26f53000 	C:\Users\Nursultan\.openjfx\cache\21-ea+null\amd64\api-ms-win-crt-locale-l1-1-0.dll
0x0000023f26f60000 - 0x0000023f26f65000 	C:\Users\Nursultan\.openjfx\cache\21-ea+null\amd64\api-ms-win-crt-math-l1-1-0.dll
0x0000023f26f70000 - 0x0000023f26f75000 	C:\Users\Nursultan\.openjfx\cache\21-ea+null\amd64\api-ms-win-crt-multibyte-l1-1-0.dll
0x0000023f26f80000 - 0x0000023f26f90000 	C:\Users\Nursultan\.openjfx\cache\21-ea+null\amd64\api-ms-win-crt-private-l1-1-0.dll
0x0000023f26f90000 - 0x0000023f26f93000 	C:\Users\Nursultan\.openjfx\cache\21-ea+null\amd64\api-ms-win-crt-process-l1-1-0.dll
0x0000023f26fa0000 - 0x0000023f26fa4000 	C:\Users\Nursultan\.openjfx\cache\21-ea+null\amd64\api-ms-win-crt-runtime-l1-1-0.dll
0x0000023f26fb0000 - 0x0000023f26fb4000 	C:\Users\Nursultan\.openjfx\cache\21-ea+null\amd64\api-ms-win-crt-stdio-l1-1-0.dll
0x0000023f26fc0000 - 0x0000023f26fc4000 	C:\Users\Nursultan\.openjfx\cache\21-ea+null\amd64\api-ms-win-crt-string-l1-1-0.dll
0x0000023f26fd0000 - 0x0000023f26fd3000 	C:\Users\Nursultan\.openjfx\cache\21-ea+null\amd64\api-ms-win-crt-time-l1-1-0.dll
0x0000023f26fe0000 - 0x0000023f26fe3000 	C:\Users\Nursultan\.openjfx\cache\21-ea+null\amd64\api-ms-win-crt-utility-l1-1-0.dll
0x00007fff64bb0000 - 0x00007fff64cac000 	C:\Users\Nursultan\.openjfx\cache\21-ea+null\amd64\ucrtbase.dll
0x00007fff921a0000 - 0x00007fff921bb000 	C:\Users\Nursultan\.openjfx\cache\21-ea+null\amd64\vcruntime140.dll
0x00007fff941e0000 - 0x00007fff941ec000 	C:\Users\Nursultan\.openjfx\cache\21-ea+null\amd64\vcruntime140_1.dll
0x00007fff7c000000 - 0x00007fff7c08e000 	C:\Users\Nursultan\.openjfx\cache\21-ea+null\amd64\msvcp140.dll
0x00007fffa3ec0000 - 0x00007fffa3feb000 	C:\Windows\System32\ole32.dll
0x00007fff917e0000 - 0x00007fff917e9000 	C:\Users\Nursultan\.openjfx\cache\21-ea+null\amd64\msvcp140_1.dll
0x00007fff91610000 - 0x00007fff9163f000 	C:\Users\Nursultan\.openjfx\cache\21-ea+null\amd64\msvcp140_2.dll
0x00007fff915e0000 - 0x00007fff9160f000 	C:\Users\Nursultan\.openjfx\cache\21-ea+null\amd64\prism_d3d.dll
0x00007fff4cea0000 - 0x00007fff4d06d000 	C:\Windows\system32\d3d9.dll
0x00007fff9fb70000 - 0x00007fff9fb9f000 	C:\Windows\SYSTEM32\dwmapi.dll
0x00007fff9f6a0000 - 0x00007fff9f73e000 	C:\Windows\system32\uxtheme.dll
0x00007fff970e0000 - 0x00007fff9729b000 	C:\Windows\System32\DriverStore\FileRepository\u0390451.inf_amd64_39377efdd62734d1\B390182\aticfx64.dll
0x00007fff43f40000 - 0x00007fff45d0f000 	C:\Windows\System32\DriverStore\FileRepository\u0390451.inf_amd64_39377efdd62734d1\B390182\amdxn64.dll
0x00007fffa2da0000 - 0x00007fffa320e000 	C:\Windows\System32\SETUPAPI.dll
0x00007fffa2390000 - 0x00007fffa23de000 	C:\Windows\System32\cfgmgr32.dll
0x00007fffa24e0000 - 0x00007fffa2507000 	C:\Windows\System32\bcrypt.dll
0x00007fffa0c50000 - 0x00007fffa0d43000 	C:\Windows\SYSTEM32\dxgi.dll
0x00007fff950f0000 - 0x00007fff95125000 	C:\Windows\SYSTEM32\amdihk64.dll
0x00007fff816e0000 - 0x00007fff81722000 	C:\Users\Nursultan\.openjfx\cache\21-ea+null\amd64\glass.dll
0x00007fffa43c0000 - 0x00007fffa449a000 	C:\Windows\System32\COMDLG32.dll
0x00007fffa3df0000 - 0x00007fffa3ebd000 	C:\Windows\System32\OLEAUT32.dll
0x00007fffa48f0000 - 0x00007fffa4a04000 	C:\Windows\System32\MSCTF.dll
0x00007fff98480000 - 0x00007fff984bb000 	C:\Windows\SYSTEM32\dxcore.dll
0x00007fff91470000 - 0x00007fff91484000 	C:\Users\Nursultan\.openjfx\cache\21-ea+null\amd64\javafx_font.dll
0x00007fff811a0000 - 0x00007fff8141f000 	C:\Windows\SYSTEM32\dwrite.dll
0x00007fffa4bc0000 - 0x00007fffa4c69000 	C:\Windows\System32\clbcatq.dll
0x00007fff9ae90000 - 0x00007fff9b044000 	C:\Windows\SYSTEM32\WindowsCodecs.dll
0x00007fff84cb0000 - 0x00007fff84cee000 	C:\Windows\system32\dataexchange.dll
0x00007fff9d080000 - 0x00007fff9d2e3000 	C:\Windows\system32\d3d11.dll
0x00007fff9d8b0000 - 0x00007fff9da93000 	C:\Windows\system32\dcomp.dll
0x00007fff9aaa0000 - 0x00007fff9aca7000 	C:\Windows\system32\twinapi.appcore.dll
0x00007fff7d2f0000 - 0x00007fff7d324000 	C:\Program Files\Common Files\Microsoft Shared\Ink\rtscom.dll
0x00007fff92ca0000 - 0x00007fff92d9a000 	C:\Windows\SYSTEM32\textinputframework.dll
0x00007fff9e250000 - 0x00007fff9e342000 	C:\Windows\System32\CoreMessaging.dll
0x00007fff9db70000 - 0x00007fff9decb000 	C:\Windows\System32\CoreUIComponents.dll
0x00007fffa1530000 - 0x00007fffa1563000 	C:\Windows\SYSTEM32\ntmarta.dll
0x00007fff9ee30000 - 0x00007fff9ef85000 	C:\Windows\SYSTEM32\wintypes.dll

dbghelp: loaded successfully - version: 4.0.5 - missing functions: none
symbol engine: initialized successfully - sym options: 0x614 - pdb path: .;C:\Users\Nursultan\.jdks\openjdk-21.0.1\bin;C:\Windows\SYSTEM32;C:\Windows\WinSxS\amd64_microsoft.windows.common-controls_6595b64144ccf1df_6.0.19041.3636_none_60b6a03d71f818d5;C:\Users\Nursultan\.jdks\openjdk-21.0.1\bin\server;C:\Program Files\JetBrains\IntelliJ IDEA 2023.2.5\bin;C:\Users\Nursultan\.openjfx\cache\21-ea+null\amd64;C:\Windows\System32\DriverStore\FileRepository\u0390451.inf_amd64_39377efdd62734d1\B390182;C:\Program Files\Common Files\Microsoft Shared\Ink

VM Arguments:
jvm_args: -javaagent:C:\Program Files\JetBrains\IntelliJ IDEA 2023.2.5\lib\idea_rt.jar=49196:C:\Program Files\JetBrains\IntelliJ IDEA 2023.2.5\bin -Dfile.encoding=UTF-8 -Dsun.stdout.encoding=UTF-8 -Dsun.stderr.encoding=UTF-8 --module-path=C:\Users\Nursultan\IdeaProjects\SoftWareProject\target\classes;C:\Users\Nursultan\.m2\repository\org\openjfx\javafx-base\21-ea+24\javafx-base-21-ea+24-win.jar;C:\Users\Nursultan\.m2\repository\org\openjfx\javafx-graphics\21-ea+24\javafx-graphics-21-ea+24-win.jar;C:\Users\Nursultan\.m2\repository\org\openjfx\javafx-fxml\21-ea+24\javafx-fxml-21-ea+24-win.jar;C:\Users\Nursultan\.m2\repository\org\openjfx\javafx-controls\21-ea+24\javafx-controls-21-ea+24-win.jar -Djdk.module.main=com.example.softwareproject 
java_command: com.example.softwareproject/com.example.softwareproject.HelloApplication
java_class_path (initial): C:\Users\Nursultan\.m2\repository\org\openjfx\javafx-controls\21-ea+24\javafx-controls-21-ea+24.jar;C:\Users\Nursultan\.m2\repository\org\openjfx\javafx-graphics\21-ea+24\javafx-graphics-21-ea+24.jar;C:\Users\Nursultan\.m2\repository\org\openjfx\javafx-base\21-ea+24\javafx-base-21-ea+24.jar;C:\Users\Nursultan\.m2\repository\org\openjfx\javafx-fxml\21-ea+24\javafx-fxml-21-ea+24.jar
Launcher Type: SUN_STANDARD

[Global flags]
     intx CICompilerCount                          = 4                                         {product} {ergonomic}
     uint ConcGCThreads                            = 3                                         {product} {ergonomic}
     uint G1ConcRefinementThreads                  = 10                                        {product} {ergonomic}
   size_t G1HeapRegionSize                         = 2097152                                   {product} {ergonomic}
    uintx GCDrainStackTargetSize                   = 64                                        {product} {ergonomic}
   size_t InitialHeapSize                          = 230686720                                 {product} {ergonomic}
   size_t MarkStackSize                            = 4194304                                   {product} {ergonomic}
   size_t MaxHeapSize                              = 3676307456                                {product} {ergonomic}
   size_t MaxNewSize                               = 2204106752                                {product} {ergonomic}
   size_t MinHeapDeltaBytes                        = 2097152                                   {product} {ergonomic}
   size_t MinHeapSize                              = 8388608                                   {product} {ergonomic}
    uintx NonNMethodCodeHeapSize                   = 5839372                                {pd product} {ergonomic}
    uintx NonProfiledCodeHeapSize                  = 122909434                              {pd product} {ergonomic}
    uintx ProfiledCodeHeapSize                     = 122909434                              {pd product} {ergonomic}
    uintx ReservedCodeCacheSize                    = 251658240                              {pd product} {ergonomic}
     bool SegmentedCodeCache                       = true                                      {product} {ergonomic}
   size_t SoftMaxHeapSize                          = 3676307456                             {manageable} {ergonomic}
     bool UseCompressedOops                        = true                           {product lp64_product} {ergonomic}
     bool UseG1GC                                  = true                                      {product} {ergonomic}
     bool UseLargePagesIndividualAllocation        = false                                  {pd product} {ergonomic}

Logging:
Log output configuration:
 #0: stdout all=off uptime,level,tags foldmultilines=false
 #1: stderr all=off uptime,level,tags foldmultilines=false

Environment Variables:
PATH=C:\Windows\system32;C:\Windows;C:\Windows\System32\Wbem;C:\Windows\System32\WindowsPowerShell\v1.0\;C:\Windows\System32\OpenSSH\;C:\Program Files\Git\cmd;C:\Users\Nursultan\AppData\Local\Microsoft\WindowsApps;;C:\Program Files\JetBrains\IntelliJ IDEA 2023.2.5\bin;
USERNAME=Nursultan
OS=Windows_NT
PROCESSOR_IDENTIFIER=AMD64 Family 25 Model 68 Stepping 1, AuthenticAMD
TMP=C:\Users\NURSUL~1\AppData\Local\Temp
TEMP=C:\Users\NURSUL~1\AppData\Local\Temp




Periodic native trim disabled

---------------  S Y S T E M  ---------------

OS:
 Windows 10 , 64 bit Build 19041 (10.0.19041.3636)
OS uptime: 2 days 13:54 hours

CPU: total 12 (initial active 12) (12 cores per cpu, 2 threads per core) family 25 model 68 stepping 1 microcode 0x0, cx8, cmov, fxsr, ht, mmx, 3dnowpref, sse, sse2, sse3, ssse3, sse4a, sse4.1, sse4.2, popcnt, lzcnt, tsc, tscinvbit, avx, avx2, aes, clmul, bmi1, bmi2, adx, sha, fma, vzeroupper, clflush, clflushopt, rdtscp, rdpid, f16c, pku, cet_ss
Processor Information for processor 0
  Max Mhz: 3301, Current Mhz: 3301, Mhz Limit: 3301
Processor Information for processor 1
  Max Mhz: 3301, Current Mhz: 3301, Mhz Limit: 3301
Processor Information for processor 2
  Max Mhz: 3301, Current Mhz: 1100, Mhz Limit: 3301
Processor Information for processor 3
  Max Mhz: 3301, Current Mhz: 1100, Mhz Limit: 3301
Processor Information for processor 4
  Max Mhz: 3301, Current Mhz: 1100, Mhz Limit: 3301
Processor Information for processor 5
  Max Mhz: 3301, Current Mhz: 1100, Mhz Limit: 3301
Processor Information for processor 6
  Max Mhz: 3301, Current Mhz: 1100, Mhz Limit: 3301
Processor Information for processor 7
  Max Mhz: 3301, Current Mhz: 1100, Mhz Limit: 3301
Processor Information for processor 8
  Max Mhz: 3301, Current Mhz: 2530, Mhz Limit: 3301
Processor Information for processor 9
  Max Mhz: 3301, Current Mhz: 2530, Mhz Limit: 3301
Processor Information for processor 10
  Max Mhz: 3301, Current Mhz: 1100, Mhz Limit: 3301
Processor Information for processor 11
  Max Mhz: 3301, Current Mhz: 1100, Mhz Limit: 3301

Memory: 4k page, system-wide physical 14020M (6001M free)
TotalPageFile size 16196M (AvailPageFile size 4924M)
current process WorkingSet (physical memory assigned to process): 160M, peak: 172M
current process commit charge ("private bytes"): 433M, peak: 458M

vm_info: OpenJDK 64-Bit Server VM (21.0.1+12-29) for windows-amd64 JRE (21.0.1+12-29), built on 2023-10-05T13:27:09Z by "mach5one" with MS VC++ 17.1 (VS2022)

END.
