#
# A fatal error has been detected by the Java Runtime Environment:
#
#  EXCEPTION_ACCESS_VIOLATION (0xc0000005) at pc=0x00007fff66bc6587, pid=18812, tid=19188
#
# JRE version: OpenJDK Runtime Environment (21.0.1+12) (build 21.0.1+12-29)
# Java VM: OpenJDK 64-Bit Server VM (21.0.1+12-29, mixed mode, sharing, tiered, compressed oops, compressed class ptrs, g1 gc, windows-amd64)
# Problematic frame:
# C  [glass.dll+0x26587]
#
# No core dump will be written. Minidumps are not enabled by default on client versions of Windows
#
# If you would like to submit a bug report, please visit:
#   https://bugreport.java.com/bugreport/crash.jsp
#

---------------  S U M M A R Y ------------

Command Line: -javaagent:C:\Program Files\JetBrains\IntelliJ IDEA 2023.2.5\lib\idea_rt.jar=64733:C:\Program Files\JetBrains\IntelliJ IDEA 2023.2.5\bin -Dfile.encoding=UTF-8 -Dsun.stdout.encoding=UTF-8 -Dsun.stderr.encoding=UTF-8 --module-path=C:\Users\Nursultan\.m2\repository\org\openjfx\javafx-fxml\21-ea+24\javafx-fxml-21-ea+24-win.jar;C:\Users\Nursultan\IdeaProjects\SoftWareProject\target\classes;C:\Users\Nursultan\.m2\repository\org\openjfx\javafx-graphics\21-ea+24\javafx-graphics-21-ea+24-win.jar;C:\Users\Nursultan\.m2\repository\org\openjfx\javafx-base\21-ea+24\javafx-base-21-ea+24-win.jar;C:\Users\Nursultan\.m2\repository\org\openjfx\javafx-controls\21-ea+24\javafx-controls-21-ea+24-win.jar -Djdk.module.main=com.example.softwareproject com.example.softwareproject/com.example.softwareproject.HelloApplication

Host: AMD Ryzen 5 6600HS Creator Edition             , 12 cores, 13G,  Windows 10 , 64 bit Build 19041 (10.0.19041.3636)
Time: Fri Dec 15 10:24:03 2023  Windows 10 , 64 bit Build 19041 (10.0.19041.3636) elapsed time: 231.117410 seconds (0d 0h 3m 51s)

---------------  T H R E A D  ---------------

Current thread (0x000001fd74b12630):  VMThread "VM Thread"          [id=19188, stack(0x000000c393800000,0x000000c393900000) (1024K)]

Stack: [0x000000c393800000,0x000000c393900000],  sp=0x000000c3938fee10,  free space=1019k
Native frames: (J=compiled Java code, j=interpreted, Vv=VM code, C=native code)
C  [glass.dll+0x26587]


siginfo: EXCEPTION_ACCESS_VIOLATION (0xc0000005), reading address 0x0000000000000000


Registers:
RAX=0x0000000000000000, RBX=0x000001fd74b1d3e2, RCX=0x000001fd74b12630, RDX=0x000000c3938fee10
RSP=0x000000c3938fee10, RBP=0x000001fd7a86a5b8, RSI=0x000001fd7a86a590, RDI=0x00002ad239aa52d1
R8 =0x0000000000010002, R9 =0x00002ad239aa52d1, R10=0x0000000000008000, R11=0x000000c3938feda0
R12=0x00007fff66bc3ed0, R13=0x00007fff3c5f1fa0, R14=0x000000c3938fef08, R15=0x000001fd7a86a590
RIP=0x00007fff66bc6587, EFLAGS=0x0000000000010202


Register to memory mapping:

RAX=0x0 is null
RBX=0x000001fd74b1d3e2 is a global jni handle
RCX=0x000001fd74b12630 points into unknown readable memory: 0x00007fff3c403f88 | 88 3f 40 3c ff 7f 00 00
RDX=0x000000c3938fee10 points into unknown readable memory: 0x0000000000000000 | 00 00 00 00 00 00 00 00
RSP=0x000000c3938fee10 points into unknown readable memory: 0x0000000000000000 | 00 00 00 00 00 00 00 00
RBP=0x000001fd7a86a5b8 points into unknown readable memory: 0x00002ad239aa52d1 | d1 52 aa 39 d2 2a 00 00
RSI=0x000001fd7a86a590 points into unknown readable memory: 0xfffee7aa4a7a52d1 | d1 52 7a 4a aa e7 fe ff
RDI=0x00002ad239aa52d1 is an unknown value
R8 =0x0000000000010002 is an unknown value
R9 =0x00002ad239aa52d1 is an unknown value
R10=0x0000000000008000 is an unknown value
R11=0x000000c3938feda0 points into unknown readable memory: 0x000001fd7a86a590 | 90 a5 86 7a fd 01 00 00
R12=0x00007fff66bc3ed0 glass.dll
R13=0x00007fff3c5f1fa0 jvm.dll
R14=0x000000c3938fef08 points into unknown readable memory: 0x000000c3938feef0 | f0 ee 8f 93 c3 00 00 00
R15=0x000001fd7a86a590 points into unknown readable memory: 0xfffee7aa4a7a52d1 | d1 52 7a 4a aa e7 fe ff

Top of Stack: (sp=0x000000c3938fee10)
0x000000c3938fee10:   0000000000000000 000001fd7a86a590
0x000000c3938fee20:   00007fff3c5f1fa0 00007fff66bc3ed0
0x000000c3938fee30:   000001fd7a86a598 00007fffa25242d6
0x000000c3938fee40:   00002ad239aa52d1 000001fd00000000
0x000000c3938fee50:   000001fd7a86a5b8 000001fd7a86a590
0x000000c3938fee60:   fffffffffffffffe 0000000000000000
0x000000c3938fee70:   0000000000000001 00007fff66ba0000
0x000000c3938fee80:   000000c3938feef8 00007fffa25241fb
0x000000c3938fee90:   0000000000000000 000000c3938fef08
0x000000c3938feea0:   000000c3938ff1e0 00007fffa2600e40
0x000000c3938feeb0:   0000000000000001 00007fffa25241b4
0x000000c3938feec0:   0000000000000000 0000000000000001
0x000000c3938feed0:   00007fff984b2dd0 000000c3938feef8
0x000000c3938feee0:   000000000000000d 00007fff66bc3d5d
0x000000c3938feef0:   00007fff66bda008 00007fff00000002
0x000000c3938fef00:   0000000000000002 000000c3938feef0
0x000000c3938fef10:   0000000000000000 00007fffa4cc9993
0x000000c3938fef20:   0000000000000000 00007fff66bc3e82
0x000000c3938fef30:   0000000000000001 0000000000000000
0x000000c3938fef40:   0000000000000000 00007fffa2600e40
0x000000c3938fef50:   000001fd53e0d3c8 00007fffa251f05b
0x000000c3938fef60:   000001fd00000001 0000000000000016
0x000000c3938fef70:   00007fff66ba0000 000000007ffe0384
0x000000c3938fef80:   0000000000000000 00007fffa4cc9a1d
0x000000c3938fef90:   00007fff66ba0000 0000000000000000
0x000000c3938fefa0:   0000000000000001 000000007ffe0385
0x000000c3938fefb0:   0000000000000000 00007fffa4d0de41
0x000000c3938fefc0:   00005891ecbfdf00 0000000000000014
0x000000c3938fefd0:   00007fff66bc3ed0 0000000000000000
0x000000c3938fefe0:   0000000000000000 000000c392df1000
0x000000c3938feff0:   000001fd793f0cf0 00007fffa4d0dcda
0x000000c3938ff000:   000001fd79c47f00 00007fff66ba0000 

Instructions: (pc=0x00007fff66bc6587)
0x00007fff66bc6487:   8b 4d 58 e8 8d cf ff ff 48 8b 4d 60 e8 84 cf ff
0x00007fff66bc6497:   ff 48 8b 95 80 00 00 00 48 8b 8d 18 01 00 00 e8
0x00007fff66bc64a7:   76 c4 ff ff 33 d2 33 c9 e8 cc e1 ff ff 90 48 89
0x00007fff66bc64b7:   54 24 10 55 48 83 ec 20 48 8b ea 48 b8 00 00 00
0x00007fff66bc64c7:   00 00 00 00 00 48 83 c4 20 5d c3 cc 40 55 48 8b
0x00007fff66bc64d7:   ea 48 8b 01 33 c9 81 38 05 00 00 c0 0f 94 c1 8b
0x00007fff66bc64e7:   c1 5d c3 cc 40 55 48 83 ec 20 48 8b ea 8a 4d 40
0x00007fff66bc64f7:   48 83 c4 20 5d e9 73 d3 ff ff cc 40 55 48 83 ec
0x00007fff66bc6507:   20 48 8b ea 8a 4d 20 e8 61 d3 ff ff 90 48 83 c4
0x00007fff66bc6517:   20 5d c3 cc 40 55 48 83 ec 20 48 8b ea 48 83 c4
0x00007fff66bc6527:   20 5d e9 c2 d1 ff ff cc 40 55 48 83 ec 30 48 8b
0x00007fff66bc6537:   ea 48 8b 01 8b 10 48 89 4c 24 28 89 54 24 20 4c
0x00007fff66bc6547:   8d 0d 63 d6 ff ff 4c 8b 45 70 8b 55 68 48 8b 4d
0x00007fff66bc6557:   60 e8 03 d1 ff ff 90 48 83 c4 30 5d c3 cc cc cc
0x00007fff66bc6567:   cc cc cc cc cc cc cc cc cc 40 53 48 83 ec 20 48
0x00007fff66bc6577:   8b 1d 8b 34 01 00 48 85 db 74 16 e8 89 8f ff ff
0x00007fff66bc6587:   4c 8b 00 48 8b d3 48 8b c8 41 ff 90 b0 00 00 00
0x00007fff66bc6597:   90 48 83 c4 20 5b c3 cc cc 40 53 48 83 ec 20 48
0x00007fff66bc65a7:   8b 1d fb 35 01 00 48 85 db 74 57 b8 ff ff ff ff
0x00007fff66bc65b7:   f0 0f c1 43 10 83 f8 01 75 3d 48 85 db 74 38 48
0x00007fff66bc65c7:   8b 0b 48 85 c9 74 0d ff 15 d4 0c 00 00 48 c7 03
0x00007fff66bc65d7:   00 00 00 00 48 8b 4b 08 48 85 c9 74 0d e8 33 ce
0x00007fff66bc65e7:   ff ff 48 c7 43 08 00 00 00 00 ba 18 00 00 00 48
0x00007fff66bc65f7:   8b cb e8 1e ce ff ff 48 c7 05 9f 35 01 00 00 00
0x00007fff66bc6607:   00 00 48 83 c4 20 5b c3 cc 40 53 48 83 ec 20 48
0x00007fff66bc6617:   8b 1d 6b 35 01 00 48 85 db 74 57 b8 ff ff ff ff
0x00007fff66bc6627:   f0 0f c1 43 10 83 f8 01 75 3d 48 85 db 74 38 48
0x00007fff66bc6637:   8b 0b 48 85 c9 74 0d ff 15 64 0c 00 00 48 c7 03
0x00007fff66bc6647:   00 00 00 00 48 8b 4b 08 48 85 c9 74 0d e8 c3 cd
0x00007fff66bc6657:   ff ff 48 c7 43 08 00 00 00 00 ba 18 00 00 00 48
0x00007fff66bc6667:   8b cb e8 ae cd ff ff 48 c7 05 0f 35 01 00 00 00
0x00007fff66bc6677:   00 00 48 83 c4 20 5b c3 cc 40 53 48 83 ec 20 48 


Stack slot to memory mapping:

stack at sp + 0 slots: 0x0 is null
stack at sp + 1 slots: 0x000001fd7a86a590 points into unknown readable memory: 0xfffee7aa4a7a52d1 | d1 52 7a 4a aa e7 fe ff
stack at sp + 2 slots: 0x00007fff3c5f1fa0 jvm.dll
stack at sp + 3 slots: 0x00007fff66bc3ed0 glass.dll
stack at sp + 4 slots: 0x000001fd7a86a598 points into unknown readable memory: 0x00002ad239aa52d1 | d1 52 aa 39 d2 2a 00 00
stack at sp + 5 slots: 0x00007fffa25242d6 ucrtbase.dll
stack at sp + 6 slots: 0x00002ad239aa52d1 is an unknown value
stack at sp + 7 slots: 0x000001fd00000000 is pointing into metadata

VM_Operation (0x000000c392fff090): Exit, mode: safepoint, requested by thread 0x000001fd4b8e8a40


---------------  P R O C E S S  ---------------

Threads class SMR info:
_java_thread_list=0x000001fd4b9d1e40, length=19, elements={
0x000001fd53e2fd70, 0x000001fd74b31b10, 0x000001fd74b32980, 0x000001fd74b37310,
0x000001fd74b41d90, 0x000001fd74b46100, 0x000001fd74b48ea0, 0x000001fd74b4bd80,
0x000001fd790a9cc0, 0x000001fd790a8280, 0x000001fd790ab700, 0x000001fd790a8fa0,
0x000001fd790a8910, 0x000001fd790ab070, 0x000001fd790aa350, 0x000001fd790a9630,
0x000001fd790aa9e0, 0x000001fd4b8eb830, 0x000001fd4b8e8a40
}

Java Threads: ( => current thread )
  0x000001fd53e2fd70 JavaThread "main"                              [_thread_blocked, id=15800, stack(0x000000c393100000,0x000000c393200000) (1024K)]
  0x000001fd74b31b10 JavaThread "Reference Handler"          daemon [_thread_blocked, id=18908, stack(0x000000c393900000,0x000000c393a00000) (1024K)]
  0x000001fd74b32980 JavaThread "Finalizer"                  daemon [_thread_blocked, id=19344, stack(0x000000c393a00000,0x000000c393b00000) (1024K)]
  0x000001fd74b37310 JavaThread "Attach Listener"            daemon [_thread_blocked, id=15456, stack(0x000000c393c00000,0x000000c393d00000) (1024K)]
  0x000001fd74b41d90 JavaThread "Service Thread"             daemon [_thread_blocked, id=6092, stack(0x000000c393d00000,0x000000c393e00000) (1024K)]
  0x000001fd74b46100 JavaThread "Monitor Deflation Thread"   daemon [_thread_blocked, id=14548, stack(0x000000c393e00000,0x000000c393f00000) (1024K)]
  0x000001fd74b48ea0 JavaThread "C2 CompilerThread0"         daemon [_thread_blocked, id=2132, stack(0x000000c393f00000,0x000000c394000000) (1024K)]
  0x000001fd74b4bd80 JavaThread "C1 CompilerThread0"         daemon [_thread_blocked, id=12452, stack(0x000000c394000000,0x000000c394100000) (1024K)]
  0x000001fd790a9cc0 JavaThread "Common-Cleaner"             daemon [_thread_blocked, id=18392, stack(0x000000c394100000,0x000000c394200000) (1024K)]
  0x000001fd790a8280 JavaThread "Monitor Ctrl-Break"         daemon [_thread_in_native, id=18576, stack(0x000000c394400000,0x000000c394500000) (1024K)]
  0x000001fd790ab700 JavaThread "Notification Thread"        daemon [_thread_blocked, id=15856, stack(0x000000c394500000,0x000000c394600000) (1024K)]
  0x000001fd790a8fa0 JavaThread "QuantumRenderer-0"          daemon [_thread_blocked, id=1968, stack(0x000000c394600000,0x000000c394700000) (1024K)]
  0x000001fd790a8910 JavaThread "InvokeLaterDispatcher"      daemon [_thread_blocked, id=14948, stack(0x000000c394700000,0x000000c394800000) (1024K)]
  0x000001fd790ab070 JavaThread "JavaFX Application Thread"         [_thread_in_native, id=1228, stack(0x000000c394800000,0x000000c394900000) (1024K)]
  0x000001fd790aa350 JavaThread "Thread-1"                   daemon [_thread_in_native, id=3332, stack(0x000000c395500000,0x000000c395600000) (1024K)]
  0x000001fd790a9630 JavaThread "JavaFX-Launcher"                   [_thread_blocked, id=17100, stack(0x000000c395600000,0x000000c395700000) (1024K)]
  0x000001fd790aa9e0 JavaThread "Prism Font Disposer"        daemon [_thread_blocked, id=8216, stack(0x000000c395f00000,0x000000c396000000) (1024K)]
  0x000001fd4b8eb830 JavaThread "Cleaner-0"                  daemon [_thread_blocked, id=13176, stack(0x000000c396400000,0x000000c396500000) (1024K)]
  0x000001fd4b8e8a40 JavaThread "SIGINT handler"             daemon [_thread_blocked, id=14008, stack(0x000000c392f00000,0x000000c393000000) (1024K)]
Total: 19

Other Threads:
=>0x000001fd74b12630 VMThread "VM Thread"                           [id=19188, stack(0x000000c393800000,0x000000c393900000) (1024K)]
  0x000001fd56110680 WorkerThread "GC Thread#0"                     [id=20200, stack(0x000000c393200000,0x000000c393300000) (1024K)]
  0x000001fd7ab2c6e0 WorkerThread "GC Thread#1"                     [id=10004, stack(0x000000c395700000,0x000000c395800000) (1024K)]
  0x000001fd4b56b610 WorkerThread "GC Thread#2"                     [id=14268, stack(0x000000c395800000,0x000000c395900000) (1024K)]
  0x000001fd4b56b9b0 WorkerThread "GC Thread#3"                     [id=13048, stack(0x000000c395900000,0x000000c395a00000) (1024K)]
  0x000001fd4b56c160 WorkerThread "GC Thread#4"                     [id=9384, stack(0x000000c395a00000,0x000000c395b00000) (1024K)]
  0x000001fd4b56c500 WorkerThread "GC Thread#5"                     [id=18840, stack(0x000000c395b00000,0x000000c395c00000) (1024K)]
  0x000001fd4b9b0720 WorkerThread "GC Thread#6"                     [id=548, stack(0x000000c396000000,0x000000c396100000) (1024K)]
  0x000001fd4b9b0ac0 WorkerThread "GC Thread#7"                     [id=9892, stack(0x000000c396100000,0x000000c396200000) (1024K)]
  0x000001fd4b762500 WorkerThread "GC Thread#8"                     [id=16968, stack(0x000000c396200000,0x000000c396300000) (1024K)]
  0x000001fd4b762160 WorkerThread "GC Thread#9"                     [id=8776, stack(0x000000c396300000,0x000000c396400000) (1024K)]
  0x000001fd56120330 ConcurrentGCThread "G1 Main Marker"            terminated
  0x000001fd56120e30 WorkerThread "G1 Conc#0"                       [id=4388, stack(0x000000c393400000,0x000000c393500000) (1024K)]
  0x000001fd749d30e0 ConcurrentGCThread "G1 Refine#0"               terminated
  0x000001fd749d3af0 ConcurrentGCThread "G1 Service"                terminated
Total: 15

Threads with active compile tasks:
Total: 0

VM state: at safepoint (shutting down)

VM Mutex/Monitor currently owned by a thread:  ([mutex/lock_event])
[0x00007fff3c5ca5f8] Threads_lock - owner thread: 0x000001fd74b12630
[0x00007fff3c5ca6f8] Heap_lock - owner thread: 0x000001fd4b8e8a40

Heap address: 0x0000000724e00000, size: 3506 MB, Compressed Oops mode: Zero based, Oop shift amount: 3

CDS archive(s) mapped at: [0x000001fd00000000-0x000001fd00c90000-0x000001fd00c90000), size 13172736, SharedBaseAddress: 0x000001fd00000000, ArchiveRelocationMode: 1.
Compressed class space mapped at: 0x000001fd01000000-0x000001fd41000000, reserved size: 1073741824
Narrow klass base: 0x000001fd00000000, Narrow klass shift: 0, Narrow klass range: 0x100000000

GC Precious Log:
 CardTable entry size: 512
 Card Set container configuration: InlinePtr #cards 4 size 8 Array Of Cards #cards 16 size 48 Howl #buckets 8 coarsen threshold 3686 Howl Bitmap #cards 512 size 80 coarsen threshold 460 Card regions per heap region 1 cards per card region 4096
 CPUs: 12 total, 12 available
 Memory: 14020M
 Large Page Support: Disabled
 NUMA Support: Disabled
 Compressed Oops: Enabled (Zero based)
 Heap Region Size: 2M
 Heap Min Capacity: 8M
 Heap Initial Capacity: 220M
 Heap Max Capacity: 3506M
 Pre-touch: Disabled
 Parallel Workers: 10
 Concurrent Workers: 3
 Concurrent Refinement Workers: 10
 Periodic GC: Disabled

Heap:
 garbage-first heap   total 225280K, used 30576K [0x0000000724e00000, 0x0000000800000000)
  region size 2048K, 15 young (30720K), 3 survivors (6144K)
 Metaspace       used 16818K, committed 17216K, reserved 1114112K
  class space    used 2488K, committed 2688K, reserved 1048576K

Heap Regions: E=young(eden), S=young(survivor), O=old, HS=humongous(starts), HC=humongous(continues), CS=collection set, F=free, TAMS=top-at-mark-start, PB=parsable bottom
|   0|0x0000000724e00000, 0x0000000725000000, 0x0000000725000000|100%|HS|  |TAMS 0x0000000724e00000| PB 0x0000000724e00000| Complete 
|   1|0x0000000725000000, 0x0000000725000000, 0x0000000725200000|  0%| F|  |TAMS 0x0000000725000000| PB 0x0000000725000000| Untracked 
|   2|0x0000000725200000, 0x0000000725200000, 0x0000000725400000|  0%| F|  |TAMS 0x0000000725200000| PB 0x0000000725200000| Untracked 
|   3|0x0000000725400000, 0x0000000725400000, 0x0000000725600000|  0%| F|  |TAMS 0x0000000725400000| PB 0x0000000725400000| Untracked 
|   4|0x0000000725600000, 0x0000000725600000, 0x0000000725800000|  0%| F|  |TAMS 0x0000000725600000| PB 0x0000000725600000| Untracked 
|   5|0x0000000725800000, 0x0000000725800000, 0x0000000725a00000|  0%| F|  |TAMS 0x0000000725800000| PB 0x0000000725800000| Untracked 
|   6|0x0000000725a00000, 0x0000000725a00000, 0x0000000725c00000|  0%| F|  |TAMS 0x0000000725a00000| PB 0x0000000725a00000| Untracked 
|   7|0x0000000725c00000, 0x0000000725c00000, 0x0000000725e00000|  0%| F|  |TAMS 0x0000000725c00000| PB 0x0000000725c00000| Untracked 
|   8|0x0000000725e00000, 0x0000000725e00000, 0x0000000726000000|  0%| F|  |TAMS 0x0000000725e00000| PB 0x0000000725e00000| Untracked 
|   9|0x0000000726000000, 0x0000000726000000, 0x0000000726200000|  0%| F|  |TAMS 0x0000000726000000| PB 0x0000000726000000| Untracked 
|  10|0x0000000726200000, 0x0000000726200000, 0x0000000726400000|  0%| F|  |TAMS 0x0000000726200000| PB 0x0000000726200000| Untracked 
|  11|0x0000000726400000, 0x0000000726400000, 0x0000000726600000|  0%| F|  |TAMS 0x0000000726400000| PB 0x0000000726400000| Untracked 
|  12|0x0000000726600000, 0x0000000726600000, 0x0000000726800000|  0%| F|  |TAMS 0x0000000726600000| PB 0x0000000726600000| Untracked 
|  13|0x0000000726800000, 0x0000000726800000, 0x0000000726a00000|  0%| F|  |TAMS 0x0000000726800000| PB 0x0000000726800000| Untracked 
|  14|0x0000000726a00000, 0x0000000726a00000, 0x0000000726c00000|  0%| F|  |TAMS 0x0000000726a00000| PB 0x0000000726a00000| Untracked 
|  15|0x0000000726c00000, 0x0000000726c00000, 0x0000000726e00000|  0%| F|  |TAMS 0x0000000726c00000| PB 0x0000000726c00000| Untracked 
|  16|0x0000000726e00000, 0x0000000726e00000, 0x0000000727000000|  0%| F|  |TAMS 0x0000000726e00000| PB 0x0000000726e00000| Untracked 
|  17|0x0000000727000000, 0x0000000727000000, 0x0000000727200000|  0%| F|  |TAMS 0x0000000727000000| PB 0x0000000727000000| Untracked 
|  18|0x0000000727200000, 0x0000000727200000, 0x0000000727400000|  0%| F|  |TAMS 0x0000000727200000| PB 0x0000000727200000| Untracked 
|  19|0x0000000727400000, 0x0000000727400000, 0x0000000727600000|  0%| F|  |TAMS 0x0000000727400000| PB 0x0000000727400000| Untracked 
|  20|0x0000000727600000, 0x0000000727600000, 0x0000000727800000|  0%| F|  |TAMS 0x0000000727600000| PB 0x0000000727600000| Untracked 
|  21|0x0000000727800000, 0x0000000727800000, 0x0000000727a00000|  0%| F|  |TAMS 0x0000000727800000| PB 0x0000000727800000| Untracked 
|  22|0x0000000727a00000, 0x0000000727a00000, 0x0000000727c00000|  0%| F|  |TAMS 0x0000000727a00000| PB 0x0000000727a00000| Untracked 
|  23|0x0000000727c00000, 0x0000000727c00000, 0x0000000727e00000|  0%| F|  |TAMS 0x0000000727c00000| PB 0x0000000727c00000| Untracked 
|  24|0x0000000727e00000, 0x0000000727e00000, 0x0000000728000000|  0%| F|  |TAMS 0x0000000727e00000| PB 0x0000000727e00000| Untracked 
|  25|0x0000000728000000, 0x0000000728000000, 0x0000000728200000|  0%| F|  |TAMS 0x0000000728000000| PB 0x0000000728000000| Untracked 
|  26|0x0000000728200000, 0x0000000728200000, 0x0000000728400000|  0%| F|  |TAMS 0x0000000728200000| PB 0x0000000728200000| Untracked 
|  27|0x0000000728400000, 0x0000000728400000, 0x0000000728600000|  0%| F|  |TAMS 0x0000000728400000| PB 0x0000000728400000| Untracked 
|  28|0x0000000728600000, 0x0000000728600000, 0x0000000728800000|  0%| F|  |TAMS 0x0000000728600000| PB 0x0000000728600000| Untracked 
|  29|0x0000000728800000, 0x0000000728800000, 0x0000000728a00000|  0%| F|  |TAMS 0x0000000728800000| PB 0x0000000728800000| Untracked 
|  30|0x0000000728a00000, 0x0000000728a00000, 0x0000000728c00000|  0%| F|  |TAMS 0x0000000728a00000| PB 0x0000000728a00000| Untracked 
|  31|0x0000000728c00000, 0x0000000728c00000, 0x0000000728e00000|  0%| F|  |TAMS 0x0000000728c00000| PB 0x0000000728c00000| Untracked 
|  32|0x0000000728e00000, 0x0000000728e00000, 0x0000000729000000|  0%| F|  |TAMS 0x0000000728e00000| PB 0x0000000728e00000| Untracked 
|  33|0x0000000729000000, 0x0000000729000000, 0x0000000729200000|  0%| F|  |TAMS 0x0000000729000000| PB 0x0000000729000000| Untracked 
|  34|0x0000000729200000, 0x0000000729200000, 0x0000000729400000|  0%| F|  |TAMS 0x0000000729200000| PB 0x0000000729200000| Untracked 
|  35|0x0000000729400000, 0x0000000729400000, 0x0000000729600000|  0%| F|  |TAMS 0x0000000729400000| PB 0x0000000729400000| Untracked 
|  36|0x0000000729600000, 0x0000000729600000, 0x0000000729800000|  0%| F|  |TAMS 0x0000000729600000| PB 0x0000000729600000| Untracked 
|  37|0x0000000729800000, 0x0000000729800000, 0x0000000729a00000|  0%| F|  |TAMS 0x0000000729800000| PB 0x0000000729800000| Untracked 
|  38|0x0000000729a00000, 0x0000000729a00000, 0x0000000729c00000|  0%| F|  |TAMS 0x0000000729a00000| PB 0x0000000729a00000| Untracked 
|  39|0x0000000729c00000, 0x0000000729c00000, 0x0000000729e00000|  0%| F|  |TAMS 0x0000000729c00000| PB 0x0000000729c00000| Untracked 
|  40|0x0000000729e00000, 0x0000000729e00000, 0x000000072a000000|  0%| F|  |TAMS 0x0000000729e00000| PB 0x0000000729e00000| Untracked 
|  41|0x000000072a000000, 0x000000072a000000, 0x000000072a200000|  0%| F|  |TAMS 0x000000072a000000| PB 0x000000072a000000| Untracked 
|  42|0x000000072a200000, 0x000000072a200000, 0x000000072a400000|  0%| F|  |TAMS 0x000000072a200000| PB 0x000000072a200000| Untracked 
|  43|0x000000072a400000, 0x000000072a400000, 0x000000072a600000|  0%| F|  |TAMS 0x000000072a400000| PB 0x000000072a400000| Untracked 
|  44|0x000000072a600000, 0x000000072a600000, 0x000000072a800000|  0%| F|  |TAMS 0x000000072a600000| PB 0x000000072a600000| Untracked 
|  45|0x000000072a800000, 0x000000072a800000, 0x000000072aa00000|  0%| F|  |TAMS 0x000000072a800000| PB 0x000000072a800000| Untracked 
|  46|0x000000072aa00000, 0x000000072aa00000, 0x000000072ac00000|  0%| F|  |TAMS 0x000000072aa00000| PB 0x000000072aa00000| Untracked 
|  47|0x000000072ac00000, 0x000000072ac00000, 0x000000072ae00000|  0%| F|  |TAMS 0x000000072ac00000| PB 0x000000072ac00000| Untracked 
|  48|0x000000072ae00000, 0x000000072ae00000, 0x000000072b000000|  0%| F|  |TAMS 0x000000072ae00000| PB 0x000000072ae00000| Untracked 
|  49|0x000000072b000000, 0x000000072b000000, 0x000000072b200000|  0%| F|  |TAMS 0x000000072b000000| PB 0x000000072b000000| Untracked 
|  50|0x000000072b200000, 0x000000072b200000, 0x000000072b400000|  0%| F|  |TAMS 0x000000072b200000| PB 0x000000072b200000| Untracked 
|  51|0x000000072b400000, 0x000000072b400000, 0x000000072b600000|  0%| F|  |TAMS 0x000000072b400000| PB 0x000000072b400000| Untracked 
|  52|0x000000072b600000, 0x000000072b600000, 0x000000072b800000|  0%| F|  |TAMS 0x000000072b600000| PB 0x000000072b600000| Untracked 
|  53|0x000000072b800000, 0x000000072b800000, 0x000000072ba00000|  0%| F|  |TAMS 0x000000072b800000| PB 0x000000072b800000| Untracked 
|  54|0x000000072ba00000, 0x000000072ba00000, 0x000000072bc00000|  0%| F|  |TAMS 0x000000072ba00000| PB 0x000000072ba00000| Untracked 
|  55|0x000000072bc00000, 0x000000072bc00000, 0x000000072be00000|  0%| F|  |TAMS 0x000000072bc00000| PB 0x000000072bc00000| Untracked 
|  56|0x000000072be00000, 0x000000072be00000, 0x000000072c000000|  0%| F|  |TAMS 0x000000072be00000| PB 0x000000072be00000| Untracked 
|  57|0x000000072c000000, 0x000000072c000000, 0x000000072c200000|  0%| F|  |TAMS 0x000000072c000000| PB 0x000000072c000000| Untracked 
|  58|0x000000072c200000, 0x000000072c200000, 0x000000072c400000|  0%| F|  |TAMS 0x000000072c200000| PB 0x000000072c200000| Untracked 
|  59|0x000000072c400000, 0x000000072c400000, 0x000000072c600000|  0%| F|  |TAMS 0x000000072c400000| PB 0x000000072c400000| Untracked 
|  60|0x000000072c600000, 0x000000072c600000, 0x000000072c800000|  0%| F|  |TAMS 0x000000072c600000| PB 0x000000072c600000| Untracked 
|  61|0x000000072c800000, 0x000000072c800000, 0x000000072ca00000|  0%| F|  |TAMS 0x000000072c800000| PB 0x000000072c800000| Untracked 
|  62|0x000000072ca00000, 0x000000072ca00000, 0x000000072cc00000|  0%| F|  |TAMS 0x000000072ca00000| PB 0x000000072ca00000| Untracked 
|  63|0x000000072cc00000, 0x000000072cc00000, 0x000000072ce00000|  0%| F|  |TAMS 0x000000072cc00000| PB 0x000000072cc00000| Untracked 
|  64|0x000000072ce00000, 0x000000072ce00000, 0x000000072d000000|  0%| F|  |TAMS 0x000000072ce00000| PB 0x000000072ce00000| Untracked 
|  65|0x000000072d000000, 0x000000072d000000, 0x000000072d200000|  0%| F|  |TAMS 0x000000072d000000| PB 0x000000072d000000| Untracked 
|  66|0x000000072d200000, 0x000000072d200000, 0x000000072d400000|  0%| F|  |TAMS 0x000000072d200000| PB 0x000000072d200000| Untracked 
|  67|0x000000072d400000, 0x000000072d400000, 0x000000072d600000|  0%| F|  |TAMS 0x000000072d400000| PB 0x000000072d400000| Untracked 
|  68|0x000000072d600000, 0x000000072d600000, 0x000000072d800000|  0%| F|  |TAMS 0x000000072d600000| PB 0x000000072d600000| Untracked 
|  69|0x000000072d800000, 0x000000072d800000, 0x000000072da00000|  0%| F|  |TAMS 0x000000072d800000| PB 0x000000072d800000| Untracked 
|  70|0x000000072da00000, 0x000000072da00000, 0x000000072dc00000|  0%| F|  |TAMS 0x000000072da00000| PB 0x000000072da00000| Untracked 
|  71|0x000000072dc00000, 0x000000072dc00000, 0x000000072de00000|  0%| F|  |TAMS 0x000000072dc00000| PB 0x000000072dc00000| Untracked 
|  72|0x000000072de00000, 0x000000072de00000, 0x000000072e000000|  0%| F|  |TAMS 0x000000072de00000| PB 0x000000072de00000| Untracked 
|  73|0x000000072e000000, 0x000000072e000000, 0x000000072e200000|  0%| F|  |TAMS 0x000000072e000000| PB 0x000000072e000000| Untracked 
|  74|0x000000072e200000, 0x000000072e200000, 0x000000072e400000|  0%| F|  |TAMS 0x000000072e200000| PB 0x000000072e200000| Untracked 
|  75|0x000000072e400000, 0x000000072e400000, 0x000000072e600000|  0%| F|  |TAMS 0x000000072e400000| PB 0x000000072e400000| Untracked 
|  76|0x000000072e600000, 0x000000072e600000, 0x000000072e800000|  0%| F|  |TAMS 0x000000072e600000| PB 0x000000072e600000| Untracked 
|  77|0x000000072e800000, 0x000000072e800000, 0x000000072ea00000|  0%| F|  |TAMS 0x000000072e800000| PB 0x000000072e800000| Untracked 
|  78|0x000000072ea00000, 0x000000072ea00000, 0x000000072ec00000|  0%| F|  |TAMS 0x000000072ea00000| PB 0x000000072ea00000| Untracked 
|  79|0x000000072ec00000, 0x000000072ec00000, 0x000000072ee00000|  0%| F|  |TAMS 0x000000072ec00000| PB 0x000000072ec00000| Untracked 
|  80|0x000000072ee00000, 0x000000072ee00000, 0x000000072f000000|  0%| F|  |TAMS 0x000000072ee00000| PB 0x000000072ee00000| Untracked 
|  81|0x000000072f000000, 0x000000072f000000, 0x000000072f200000|  0%| F|  |TAMS 0x000000072f000000| PB 0x000000072f000000| Untracked 
|  82|0x000000072f200000, 0x000000072f200000, 0x000000072f400000|  0%| F|  |TAMS 0x000000072f200000| PB 0x000000072f200000| Untracked 
|  83|0x000000072f400000, 0x000000072f400000, 0x000000072f600000|  0%| F|  |TAMS 0x000000072f400000| PB 0x000000072f400000| Untracked 
|  84|0x000000072f600000, 0x000000072f600000, 0x000000072f800000|  0%| F|  |TAMS 0x000000072f600000| PB 0x000000072f600000| Untracked 
|  85|0x000000072f800000, 0x000000072f800000, 0x000000072fa00000|  0%| F|  |TAMS 0x000000072f800000| PB 0x000000072f800000| Untracked 
|  86|0x000000072fa00000, 0x000000072fbdc160, 0x000000072fc00000| 92%| S|CS|TAMS 0x000000072fa00000| PB 0x000000072fa00000| Complete 
|  87|0x000000072fc00000, 0x000000072fe00000, 0x000000072fe00000|100%| S|CS|TAMS 0x000000072fc00000| PB 0x000000072fc00000| Complete 
|  88|0x000000072fe00000, 0x0000000730000000, 0x0000000730000000|100%| S|CS|TAMS 0x000000072fe00000| PB 0x000000072fe00000| Complete 
|  89|0x0000000730000000, 0x0000000730000000, 0x0000000730200000|  0%| F|  |TAMS 0x0000000730000000| PB 0x0000000730000000| Untracked 
|  90|0x0000000730200000, 0x0000000730200000, 0x0000000730400000|  0%| F|  |TAMS 0x0000000730200000| PB 0x0000000730200000| Untracked 
|  91|0x0000000730400000, 0x0000000730400000, 0x0000000730600000|  0%| F|  |TAMS 0x0000000730400000| PB 0x0000000730400000| Untracked 
|  92|0x0000000730600000, 0x0000000730600000, 0x0000000730800000|  0%| F|  |TAMS 0x0000000730600000| PB 0x0000000730600000| Untracked 
|  93|0x0000000730800000, 0x0000000730800000, 0x0000000730a00000|  0%| F|  |TAMS 0x0000000730800000| PB 0x0000000730800000| Untracked 
|  94|0x0000000730a00000, 0x0000000730a00000, 0x0000000730c00000|  0%| F|  |TAMS 0x0000000730a00000| PB 0x0000000730a00000| Untracked 
|  95|0x0000000730c00000, 0x0000000730c00000, 0x0000000730e00000|  0%| F|  |TAMS 0x0000000730c00000| PB 0x0000000730c00000| Untracked 
|  96|0x0000000730e00000, 0x0000000730e00000, 0x0000000731000000|  0%| F|  |TAMS 0x0000000730e00000| PB 0x0000000730e00000| Untracked 
|  97|0x0000000731000000, 0x0000000731000000, 0x0000000731200000|  0%| F|  |TAMS 0x0000000731000000| PB 0x0000000731000000| Untracked 
|  98|0x0000000731200000, 0x0000000731200800, 0x0000000731400000|  0%| E|  |TAMS 0x0000000731200000| PB 0x0000000731200000| Complete 
|  99|0x0000000731400000, 0x0000000731600000, 0x0000000731600000|100%| E|CS|TAMS 0x0000000731400000| PB 0x0000000731400000| Complete 
| 100|0x0000000731600000, 0x0000000731800000, 0x0000000731800000|100%| E|CS|TAMS 0x0000000731600000| PB 0x0000000731600000| Complete 
| 101|0x0000000731800000, 0x0000000731a00000, 0x0000000731a00000|100%| E|CS|TAMS 0x0000000731800000| PB 0x0000000731800000| Complete 
| 102|0x0000000731a00000, 0x0000000731c00000, 0x0000000731c00000|100%| E|CS|TAMS 0x0000000731a00000| PB 0x0000000731a00000| Complete 
| 103|0x0000000731c00000, 0x0000000731e00000, 0x0000000731e00000|100%| E|CS|TAMS 0x0000000731c00000| PB 0x0000000731c00000| Complete 
| 104|0x0000000731e00000, 0x0000000732000000, 0x0000000732000000|100%| E|CS|TAMS 0x0000000731e00000| PB 0x0000000731e00000| Complete 
| 105|0x0000000732000000, 0x0000000732200000, 0x0000000732200000|100%| E|CS|TAMS 0x0000000732000000| PB 0x0000000732000000| Complete 
| 106|0x0000000732200000, 0x0000000732400000, 0x0000000732400000|100%| E|CS|TAMS 0x0000000732200000| PB 0x0000000732200000| Complete 
| 107|0x0000000732400000, 0x0000000732600000, 0x0000000732600000|100%| E|CS|TAMS 0x0000000732400000| PB 0x0000000732400000| Complete 
| 108|0x0000000732600000, 0x0000000732800000, 0x0000000732800000|100%| E|CS|TAMS 0x0000000732600000| PB 0x0000000732600000| Complete 
| 109|0x0000000732800000, 0x0000000732a00000, 0x0000000732a00000|100%| E|CS|TAMS 0x0000000732800000| PB 0x0000000732800000| Complete 

Card table byte_map: [0x000001fd6e140000,0x000001fd6e820000] _byte_map_base: 0x000001fd6a819000

Marking Bits: (CMBitMap*) 0x000001fd56110d80
 Bits: [0x000001fd6e820000, 0x000001fd71ee8000)

Polling page: 0x000001fd53ff0000

Metaspace:

Usage:
  Non-class:     13.99 MB used.
      Class:      2.43 MB used.
       Both:     16.42 MB used.

Virtual space:
  Non-class space:       64.00 MB reserved,      14.19 MB ( 22%) committed,  1 nodes.
      Class space:        1.00 GB reserved,       2.62 MB ( <1%) committed,  1 nodes.
             Both:        1.06 GB reserved,      16.81 MB (  2%) committed. 

Chunk freelists:
   Non-Class:  1.30 MB
       Class:  13.36 MB
        Both:  14.66 MB

MaxMetaspaceSize: unlimited
CompressedClassSpaceSize: 1.00 GB
Initial GC threshold: 21.00 MB
Current GC threshold: 21.00 MB
CDS: on
 - commit_granule_bytes: 65536.
 - commit_granule_words: 8192.
 - virtual_space_node_default_size: 8388608.
 - enlarge_chunks_in_place: 1.
 - use_allocation_guard: 0.


Internal statistics:

num_allocs_failed_limit: 0.
num_arena_births: 402.
num_arena_deaths: 0.
num_vsnodes_births: 2.
num_vsnodes_deaths: 0.
num_space_committed: 269.
num_space_uncommitted: 0.
num_chunks_returned_to_freelist: 0.
num_chunks_taken_from_freelist: 938.
num_chunk_merges: 0.
num_chunk_splits: 650.
num_chunks_enlarged: 486.
num_inconsistent_stats: 0.

CodeHeap 'non-profiled nmethods': size=120000Kb used=1236Kb max_used=1236Kb free=118763Kb
 bounds [0x000001fd65fe0000, 0x000001fd66250000, 0x000001fd6d510000]
CodeHeap 'profiled nmethods': size=120000Kb used=5269Kb max_used=5269Kb free=114730Kb
 bounds [0x000001fd5e510000, 0x000001fd5ea40000, 0x000001fd65a40000]
CodeHeap 'non-nmethods': size=5760Kb used=1807Kb max_used=1843Kb free=3952Kb
 bounds [0x000001fd65a40000, 0x000001fd65cb0000, 0x000001fd65fe0000]
 total_blobs=3726 nmethods=2903 adapters=727
 compilation: enabled
              stopped_count=0, restarted_count=0
 full_count=0

Compilation events (20 events):
Event: 97.195 Thread 0x000001fd74b4bd80 2895       3       javafx.scene.input.PickResult::<init> (50 bytes)
Event: 97.195 Thread 0x000001fd74b4bd80 nmethod 2895 0x000001fd5ea2ff10 code [0x000001fd5ea300c0, 0x000001fd5ea303d8]
Event: 97.202 Thread 0x000001fd74b4bd80 2896   !   3       com.sun.javafx.event.EventQueue::fire (66 bytes)
Event: 97.203 Thread 0x000001fd74b4bd80 nmethod 2896 0x000001fd5ea30490 code [0x000001fd5ea306e0, 0x000001fd5ea30f38]
Event: 111.240 Thread 0x000001fd74b4bd80 2897   !   3       com.sun.javafx.tk.quantum.GlassViewEventHandler$MouseEventNotification::run (703 bytes)
Event: 111.245 Thread 0x000001fd74b4bd80 nmethod 2897 0x000001fd5ea31310 code [0x000001fd5ea31600, 0x000001fd5ea32988]
Event: 111.245 Thread 0x000001fd74b4bd80 2898       3       com.sun.javafx.tk.quantum.GlassViewEventHandler::mouseEventType (102 bytes)
Event: 111.245 Thread 0x000001fd74b4bd80 nmethod 2898 0x000001fd5ea33190 code [0x000001fd5ea33380, 0x000001fd5ea337b8]
Event: 111.245 Thread 0x000001fd74b4bd80 2899       3       javafx.scene.Scene$ScenePeerListener::mouseEvent (54 bytes)
Event: 111.246 Thread 0x000001fd74b4bd80 nmethod 2899 0x000001fd5ea33890 code [0x000001fd5ea33a60, 0x000001fd5ea33e18]
Event: 111.246 Thread 0x000001fd74b4bd80 2900       3       java.util.EnumMap::values (25 bytes)
Event: 111.246 Thread 0x000001fd74b4bd80 nmethod 2900 0x000001fd5ea34090 code [0x000001fd5ea34260, 0x000001fd5ea345f8]
Event: 111.246 Thread 0x000001fd74b4bd80 2901       3       java.util.EnumMap$Values::iterator (12 bytes)
Event: 111.247 Thread 0x000001fd74b4bd80 nmethod 2901 0x000001fd5ea34710 code [0x000001fd5ea348c0, 0x000001fd5ea34c20]
Event: 111.247 Thread 0x000001fd74b4bd80 2902       3       java.util.EnumMap$ValueIterator::<init> (11 bytes)
Event: 111.247 Thread 0x000001fd74b4bd80 nmethod 2902 0x000001fd5ea34d90 code [0x000001fd5ea34f40, 0x000001fd5ea351e0]
Event: 111.247 Thread 0x000001fd74b4bd80 2903       3       java.util.EnumMap$EnumMapIterator::<init> (20 bytes)
Event: 111.247 Thread 0x000001fd74b4bd80 nmethod 2903 0x000001fd5ea35310 code [0x000001fd5ea354c0, 0x000001fd5ea356a0]
Event: 230.760 Thread 0x000001fd74b48ea0 2904       4       java.lang.ref.Reference::refersTo (6 bytes)
Event: 230.761 Thread 0x000001fd74b48ea0 nmethod 2904 0x000001fd66114f10 code [0x000001fd661150a0, 0x000001fd66115150]

GC Heap History (4 events):
Event: 0.517 GC heap before
{Heap before GC invocations=0 (full 0):
 garbage-first heap   total 225280K, used 22528K [0x0000000724e00000, 0x0000000800000000)
  region size 2048K, 11 young (22528K), 0 survivors (0K)
 Metaspace       used 4611K, committed 4800K, reserved 1114112K
  class space    used 508K, committed 640K, reserved 1048576K
}
Event: 0.520 GC heap after
{Heap after GC invocations=1 (full 0):
 garbage-first heap   total 225280K, used 2789K [0x0000000724e00000, 0x0000000800000000)
  region size 2048K, 2 young (4096K), 2 survivors (4096K)
 Metaspace       used 4611K, committed 4800K, reserved 1114112K
  class space    used 508K, committed 640K, reserved 1048576K
}
Event: 0.969 GC heap before
{Heap before GC invocations=1 (full 0):
 garbage-first heap   total 225280K, used 39653K [0x0000000724e00000, 0x0000000800000000)
  region size 2048K, 21 young (43008K), 2 survivors (4096K)
 Metaspace       used 13240K, committed 13504K, reserved 1114112K
  class space    used 2045K, committed 2176K, reserved 1048576K
}
Event: 0.973 GC heap after
{Heap after GC invocations=2 (full 0):
 garbage-first heap   total 225280K, used 6000K [0x0000000724e00000, 0x0000000800000000)
  region size 2048K, 3 young (6144K), 3 survivors (6144K)
 Metaspace       used 13240K, committed 13504K, reserved 1114112K
  class space    used 2045K, committed 2176K, reserved 1048576K
}

Dll operation events (20 events):
Event: 0.309 Loaded shared library C:\Users\Nursultan\.openjfx\cache\21-ea+null\amd64\api-ms-win-crt-locale-l1-1-0.dll
Event: 0.312 Loaded shared library C:\Users\Nursultan\.openjfx\cache\21-ea+null\amd64\api-ms-win-crt-math-l1-1-0.dll
Event: 0.315 Loaded shared library C:\Users\Nursultan\.openjfx\cache\21-ea+null\amd64\api-ms-win-crt-multibyte-l1-1-0.dll
Event: 0.318 Loaded shared library C:\Users\Nursultan\.openjfx\cache\21-ea+null\amd64\api-ms-win-crt-private-l1-1-0.dll
Event: 0.320 Loaded shared library C:\Users\Nursultan\.openjfx\cache\21-ea+null\amd64\api-ms-win-crt-process-l1-1-0.dll
Event: 0.323 Loaded shared library C:\Users\Nursultan\.openjfx\cache\21-ea+null\amd64\api-ms-win-crt-runtime-l1-1-0.dll
Event: 0.326 Loaded shared library C:\Users\Nursultan\.openjfx\cache\21-ea+null\amd64\api-ms-win-crt-stdio-l1-1-0.dll
Event: 0.328 Loaded shared library C:\Users\Nursultan\.openjfx\cache\21-ea+null\amd64\api-ms-win-crt-string-l1-1-0.dll
Event: 0.329 Loaded shared library C:\Users\Nursultan\.openjfx\cache\21-ea+null\amd64\api-ms-win-crt-time-l1-1-0.dll
Event: 0.332 Loaded shared library C:\Users\Nursultan\.openjfx\cache\21-ea+null\amd64\api-ms-win-crt-utility-l1-1-0.dll
Event: 0.342 Loaded shared library C:\Users\Nursultan\.openjfx\cache\21-ea+null\amd64\ucrtbase.dll
Event: 0.345 Loaded shared library C:\Users\Nursultan\.openjfx\cache\21-ea+null\amd64\vcruntime140.dll
Event: 0.348 Loaded shared library C:\Users\Nursultan\.openjfx\cache\21-ea+null\amd64\vcruntime140_1.dll
Event: 0.355 Loaded shared library C:\Users\Nursultan\.openjfx\cache\21-ea+null\amd64\msvcp140.dll
Event: 0.358 Loaded shared library C:\Users\Nursultan\.openjfx\cache\21-ea+null\amd64\msvcp140_1.dll
Event: 0.362 Loaded shared library C:\Users\Nursultan\.openjfx\cache\21-ea+null\amd64\msvcp140_2.dll
Event: 0.392 Loaded shared library C:\Users\Nursultan\.openjfx\cache\21-ea+null\amd64\prism_d3d.dll
Event: 0.421 Loaded shared library C:\Users\Nursultan\.openjfx\cache\21-ea+null\amd64\glass.dll
Event: 0.536 Loaded shared library C:\Users\Nursultan\.jdks\openjdk-21.0.1\bin\jimage.dll
Event: 0.660 Loaded shared library C:\Users\Nursultan\.openjfx\cache\21-ea+null\amd64\javafx_font.dll

Deoptimization events (20 events):
Event: 2.383 Thread 0x000001fd790ab070 Uncommon trap: trap_request=0xffffff45 fr.pc=0x000001fd6608d1d0 relative=0x00000000000001f0
Event: 2.384 Thread 0x000001fd790ab070 Uncommon trap: reason=unstable_if action=reinterpret pc=0x000001fd6608d1d0 method=java.util.HashMap.getNode(Ljava/lang/Object;)Ljava/util/HashMap$Node; @ 66 c2
Event: 2.384 Thread 0x000001fd790ab070 DEOPT PACKING pc=0x000001fd6608d1d0 sp=0x000000c3948fd300
Event: 2.384 Thread 0x000001fd790ab070 DEOPT UNPACKING pc=0x000001fd65a946a2 sp=0x000000c3948fd280 mode 2
Event: 3.300 Thread 0x000001fd790ab070 Uncommon trap: trap_request=0xffffffde fr.pc=0x000001fd660aee24 relative=0x00000000000002c4
Event: 3.300 Thread 0x000001fd790ab070 Uncommon trap: reason=class_check action=maybe_recompile pc=0x000001fd660aee24 method=java.util.regex.Pattern$BmpCharPropertyGreedy.match(Ljava/util/regex/Matcher;ILjava/lang/CharSequence;)Z @ 26 c2
Event: 3.300 Thread 0x000001fd790ab070 DEOPT PACKING pc=0x000001fd660aee24 sp=0x000000c3948fb640
Event: 3.300 Thread 0x000001fd790ab070 DEOPT UNPACKING pc=0x000001fd65a946a2 sp=0x000000c3948fb608 mode 2
Event: 3.316 Thread 0x000001fd790ab070 Uncommon trap: trap_request=0xffffffde fr.pc=0x000001fd660c7840 relative=0x0000000000000900
Event: 3.316 Thread 0x000001fd790ab070 Uncommon trap: reason=class_check action=maybe_recompile pc=0x000001fd660c7840 method=java.util.HashMap.putVal(ILjava/lang/Object;Ljava/lang/Object;ZZ)Ljava/lang/Object; @ 91 c2
Event: 3.316 Thread 0x000001fd790ab070 DEOPT PACKING pc=0x000001fd660c7840 sp=0x000000c3948fb780
Event: 3.316 Thread 0x000001fd790ab070 DEOPT UNPACKING pc=0x000001fd65a946a2 sp=0x000000c3948fb6c8 mode 2
Event: 3.336 Thread 0x000001fd790ab070 Uncommon trap: trap_request=0xffffffde fr.pc=0x000001fd660c7840 relative=0x0000000000000900
Event: 3.336 Thread 0x000001fd790ab070 Uncommon trap: reason=class_check action=maybe_recompile pc=0x000001fd660c7840 method=java.util.HashMap.putVal(ILjava/lang/Object;Ljava/lang/Object;ZZ)Ljava/lang/Object; @ 91 c2
Event: 3.336 Thread 0x000001fd790ab070 DEOPT PACKING pc=0x000001fd660c7840 sp=0x000000c3948fb780
Event: 3.336 Thread 0x000001fd790ab070 DEOPT UNPACKING pc=0x000001fd65a946a2 sp=0x000000c3948fb6c8 mode 2
Event: 3.341 Thread 0x000001fd790ab070 Uncommon trap: trap_request=0xffffffde fr.pc=0x000001fd660c4948 relative=0x0000000000000888
Event: 3.341 Thread 0x000001fd790ab070 Uncommon trap: reason=class_check action=maybe_recompile pc=0x000001fd660c4948 method=java.util.HashMap.putVal(ILjava/lang/Object;Ljava/lang/Object;ZZ)Ljava/lang/Object; @ 91 c2
Event: 3.341 Thread 0x000001fd790ab070 DEOPT PACKING pc=0x000001fd660c4948 sp=0x000000c3948fb710
Event: 3.341 Thread 0x000001fd790ab070 DEOPT UNPACKING pc=0x000001fd65a946a2 sp=0x000000c3948fb6d0 mode 2

Classes loaded (20 events):
Event: 1.206 Loading class java/time/zone/ZoneOffsetTransition
Event: 1.207 Loading class java/time/zone/ZoneOffsetTransition done
Event: 1.209 Loading class sun/util/cldr/CLDRBaseLocaleDataMetaInfo$TZCanonicalIDMapHolder
Event: 1.210 Loading class sun/util/cldr/CLDRBaseLocaleDataMetaInfo$TZCanonicalIDMapHolder done
Event: 1.212 Loading class sun/util/resources/TimeZoneNames
Event: 1.212 Loading class sun/util/resources/TimeZoneNames done
Event: 1.213 Loading class sun/util/resources/TimeZoneNames_en
Event: 1.213 Loading class sun/util/resources/TimeZoneNames_en done
Event: 2.147 Loading class java/io/UnsupportedEncodingException
Event: 2.147 Loading class java/io/UnsupportedEncodingException done
Event: 2.373 Loading class java/lang/Byte$ByteCache
Event: 2.373 Loading class java/lang/Byte$ByteCache done
Event: 2.374 Loading class java/lang/Short$ShortCache
Event: 2.374 Loading class java/lang/Short$ShortCache done
Event: 3.465 Loading class java/util/BitSet
Event: 3.466 Loading class java/util/BitSet done
Event: 3.548 Loading class java/lang/FdLibm$Atan2
Event: 3.548 Loading class java/lang/FdLibm$Atan2 done
Event: 230.757 Loading class jdk/internal/misc/Signal$1
Event: 230.758 Loading class jdk/internal/misc/Signal$1 done

Classes unloaded (0 events):
No events

Classes redefined (0 events):
No events

Internal exceptions (20 events):
Event: 1.026 Thread 0x000001fd790ab070 Exception <a 'java/lang/NoSuchMethodError'{0x000000073272ea88}: 'java.lang.Object java.lang.invoke.DirectMethodHandle$Holder.newInvokeSpecial(java.lang.Object, java.lang.Object, int)'> (0x000000073272ea88) 
thrown [s\open\src\hotspot\share\interpreter\linkResolver.cpp, line 773]
Event: 1.067 Thread 0x000001fd790a8fa0 Exception <a 'java/lang/NoSuchMethodError'{0x00000007324b2420}: 'int java.lang.invoke.DirectMethodHandle$Holder.invokeStaticInit(java.lang.Object, java.lang.Object)'> (0x00000007324b2420) 
thrown [s\open\src\hotspot\share\interpreter\linkResolver.cpp, line 773]
Event: 1.070 Thread 0x000001fd790ab070 Exception <a 'java/lang/NoSuchMethodError'{0x0000000732529548}: 'long java.lang.invoke.DirectMethodHandle$Holder.invokeStatic(java.lang.Object, java.lang.Object, java.lang.Object)'> (0x0000000732529548) 
thrown [s\open\src\hotspot\share\interpreter\linkResolver.cpp, line 773]
Event: 1.071 Thread 0x000001fd790ab070 Exception <a 'java/lang/NoSuchMethodError'{0x000000073252c918}: 'long java.lang.invoke.DirectMethodHandle$Holder.invokeStaticInit(java.lang.Object, java.lang.Object, java.lang.Object)'> (0x000000073252c918) 
thrown [s\open\src\hotspot\share\interpreter\linkResolver.cpp, line 773]
Event: 1.072 Thread 0x000001fd790ab070 Exception <a 'java/lang/NoSuchMethodError'{0x0000000732540f10}: 'java.lang.Object java.lang.invoke.DirectMethodHandle$Holder.newInvokeSpecial(java.lang.Object, java.lang.Object, long)'> (0x0000000732540f10) 
thrown [s\open\src\hotspot\share\interpreter\linkResolver.cpp, line 773]
Event: 1.072 Thread 0x000001fd790ab070 Exception <a 'java/lang/NoSuchMethodError'{0x0000000732544808}: 'java.lang.Object java.lang.invoke.Invokers$Holder.linkToTargetMethod(java.lang.Object, long, java.lang.Object)'> (0x0000000732544808) 
thrown [s\open\src\hotspot\share\interpreter\linkResolver.cpp, line 773]
Event: 1.123 Thread 0x000001fd790a8fa0 Exception <a 'java/lang/NoSuchMethodError'{0x0000000732374ef8}: 'java.lang.Object java.lang.invoke.DirectMethodHandle$Holder.invokeStaticInit(java.lang.Object, int)'> (0x0000000732374ef8) 
thrown [s\open\src\hotspot\share\interpreter\linkResolver.cpp, line 773]
Event: 1.206 Thread 0x000001fd74b37310 Exception <a 'sun/nio/fs/WindowsException'{0x0000000731fb1850}> (0x0000000731fb1850) 
thrown [s\open\src\hotspot\share\prims\jni.cpp, line 520]
Event: 2.346 Thread 0x000001fd790ab070 Exception <a 'java/io/FileNotFoundException'{0x0000000731c59320}> (0x0000000731c59320) 
thrown [s\open\src\hotspot\share\prims\jni.cpp, line 520]
Event: 2.346 Thread 0x000001fd790ab070 Exception <a 'java/io/FileNotFoundException'{0x0000000731c5a350}> (0x0000000731c5a350) 
thrown [s\open\src\hotspot\share\prims\jni.cpp, line 520]
Event: 2.384 Thread 0x000001fd790ab070 Exception <a 'java/lang/NoSuchMethodError'{0x0000000731cd4b70}: 'java.lang.Object java.lang.invoke.DirectMethodHandle$Holder.newInvokeSpecial(java.lang.Object, double)'> (0x0000000731cd4b70) 
thrown [s\open\src\hotspot\share\interpreter\linkResolver.cpp, line 773]
Event: 3.314 Thread 0x000001fd790ab070 Exception <a 'java/io/FileNotFoundException'{0x0000000731b05bb0}> (0x0000000731b05bb0) 
thrown [s\open\src\hotspot\share\prims\jni.cpp, line 520]
Event: 3.315 Thread 0x000001fd790ab070 Exception <a 'java/io/FileNotFoundException'{0x0000000731b06e90}> (0x0000000731b06e90) 
thrown [s\open\src\hotspot\share\prims\jni.cpp, line 520]
Event: 3.320 Thread 0x000001fd790ab070 Exception <a 'java/lang/NoSuchMethodError'{0x0000000731b18a20}: 'java.lang.Object java.lang.invoke.DelegatingMethodHandle$Holder.reinvoke_L(java.lang.Object, double, double, double, double)'> (0x0000000731b18a20) 
thrown [s\open\src\hotspot\share\interpreter\linkResolver.cpp, line 773]
Event: 3.324 Thread 0x000001fd790ab070 Exception <a 'java/lang/NoSuchMethodError'{0x0000000731b23958}: 'java.lang.Object java.lang.invoke.DirectMethodHandle$Holder.invokeStatic(java.lang.Object, java.lang.Object, int)'> (0x0000000731b23958) 
thrown [s\open\src\hotspot\share\interpreter\linkResolver.cpp, line 773]
Event: 3.325 Thread 0x000001fd790ab070 Exception <a 'java/lang/NoSuchMethodError'{0x0000000731b27a90}: 'void java.lang.invoke.DirectMethodHandle$Holder.invokeStatic(java.lang.Object, java.lang.Object, int, java.lang.Object)'> (0x0000000731b27a90) 
thrown [s\open\src\hotspot\share\interpreter\linkResolver.cpp, line 773]
Event: 3.326 Thread 0x000001fd790ab070 Exception <a 'java/lang/NoSuchMethodError'{0x0000000731b2ea60}: 'void java.lang.invoke.DelegatingMethodHandle$Holder.delegate(java.lang.Object, java.lang.Object, int, java.lang.Object)'> (0x0000000731b2ea60) 
thrown [s\open\src\hotspot\share\interpreter\linkResolver.cpp, line 773]
Event: 3.366 Thread 0x000001fd790ab070 Exception <a 'java/io/FileNotFoundException'{0x0000000731bcc420}> (0x0000000731bcc420) 
thrown [s\open\src\hotspot\share\prims\jni.cpp, line 520]
Event: 3.367 Thread 0x000001fd790ab070 Exception <a 'java/io/FileNotFoundException'{0x0000000731bcd778}> (0x0000000731bcd778) 
thrown [s\open\src\hotspot\share\prims\jni.cpp, line 520]
Event: 3.489 Thread 0x000001fd790ab070 Exception <a 'java/lang/NoSuchMethodError'{0x00000007316ad1e0}: 'java.lang.Object java.lang.invoke.DirectMethodHandle$Holder.invokeStatic(java.lang.Object, int, java.lang.Object)'> (0x00000007316ad1e0) 
thrown [s\open\src\hotspot\share\interpreter\linkResolver.cpp, line 773]

ZGC Phase Switch (0 events):
No events

VM Operations (20 events):
Event: 3.323 Executing VM operation: HandshakeAllThreads (Deoptimize) done
Event: 3.464 Executing VM operation: ICBufferFull
Event: 3.464 Executing VM operation: ICBufferFull done
Event: 5.464 Executing VM operation: Cleanup
Event: 5.465 Executing VM operation: Cleanup done
Event: 38.484 Executing VM operation: Cleanup
Event: 38.484 Executing VM operation: Cleanup done
Event: 39.485 Executing VM operation: Cleanup
Event: 39.485 Executing VM operation: Cleanup done
Event: 60.169 Executing VM operation: HandshakeAllThreads (HandshakeForDeflation)
Event: 60.169 Executing VM operation: HandshakeAllThreads (HandshakeForDeflation) done
Event: 60.169 Executing VM operation: RendezvousGCThreads
Event: 60.169 Executing VM operation: RendezvousGCThreads done
Event: 96.186 Executing VM operation: Cleanup
Event: 96.186 Executing VM operation: Cleanup done
Event: 98.186 Executing VM operation: Cleanup
Event: 98.186 Executing VM operation: Cleanup done
Event: 112.194 Executing VM operation: Cleanup
Event: 112.194 Executing VM operation: Cleanup done
Event: 230.763 Executing VM operation: Exit

Events (20 events):
Event: 0.423 Thread 0x000001fd790a8910 Thread added: 0x000001fd790a8910
Event: 0.425 Thread 0x000001fd790ab070 Thread added: 0x000001fd790ab070
Event: 0.508 Thread 0x000001fd790aa350 Thread added: 0x000001fd790aa350
Event: 0.510 Thread 0x000001fd790a9630 Thread added: 0x000001fd790a9630
Event: 0.897 Thread 0x000001fd790aa9e0 Thread added: 0x000001fd790aa9e0
Event: 1.151 Thread 0x000001fd4b8eb830 Thread added: 0x000001fd4b8eb830
Event: 1.373 Thread 0x000001fd7922a5b0 Thread exited: 0x000001fd7922a5b0
Event: 1.418 Thread 0x000001fd790dcc20 Thread exited: 0x000001fd790dcc20
Event: 2.401 Thread 0x000001fd4b89d320 Thread added: 0x000001fd4b89d320
Event: 2.616 Thread 0x000001fd4b89d320 Thread exited: 0x000001fd4b89d320
Event: 3.363 Thread 0x000001fd4ba3fb50 Thread added: 0x000001fd4ba3fb50
Event: 3.529 Thread 0x000001fd4b821250 Thread added: 0x000001fd4b821250
Event: 3.724 Thread 0x000001fd4b821250 Thread exited: 0x000001fd4b821250
Event: 3.745 Thread 0x000001fd4ba3fb50 Thread exited: 0x000001fd4ba3fb50
Event: 230.759 Thread 0x000001fd4b8e8a40 Thread added: 0x000001fd4b8e8a40
Event: 230.760 Thread 0x000001fd4b8eb1a0 Thread added: 0x000001fd4b8eb1a0
Event: 230.760 Thread 0x000001fd4b8e9df0 Thread added: 0x000001fd4b8e9df0
Event: 230.761 Thread 0x000001fd4b8e9df0 Thread exited: 0x000001fd4b8e9df0
Event: 230.762 Thread 0x000001fd4b8eb1a0 Thread exited: 0x000001fd4b8eb1a0
Event: 230.763 Thread 0x000001fd74b348a0 Thread exited: 0x000001fd74b348a0


Dynamic libraries:
0x00007ff7f07f0000 - 0x00007ff7f07fe000 	C:\Users\Nursultan\.jdks\openjdk-21.0.1\bin\java.exe
0x00007fffa4cb0000 - 0x00007fffa4ea8000 	C:\Windows\SYSTEM32\ntdll.dll
0x00007fffa47f0000 - 0x00007fffa48ad000 	C:\Windows\System32\KERNEL32.DLL
0x00007fffa28c0000 - 0x00007fffa2bb6000 	C:\Windows\System32\KERNELBASE.dll
0x00007fffa2510000 - 0x00007fffa2610000 	C:\Windows\System32\ucrtbase.dll
0x00007fff914a0000 - 0x00007fff914b8000 	C:\Users\Nursultan\.jdks\openjdk-21.0.1\bin\jli.dll
0x00007fff912f0000 - 0x00007fff9130b000 	C:\Users\Nursultan\.jdks\openjdk-21.0.1\bin\VCRUNTIME140.dll
0x00007fffa3a30000 - 0x00007fffa3bce000 	C:\Windows\System32\USER32.dll
0x00007fffa2ce0000 - 0x00007fffa2d02000 	C:\Windows\System32\win32u.dll
0x00007fff88810000 - 0x00007fff88aaa000 	C:\Windows\WinSxS\amd64_microsoft.windows.common-controls_6595b64144ccf1df_6.0.19041.3636_none_60b6a03d71f818d5\COMCTL32.dll
0x00007fffa2d70000 - 0x00007fffa2d9c000 	C:\Windows\System32\GDI32.dll
0x00007fffa44b0000 - 0x00007fffa454e000 	C:\Windows\System32\msvcrt.dll
0x00007fffa2bc0000 - 0x00007fffa2cda000 	C:\Windows\System32\gdi32full.dll
0x00007fffa2610000 - 0x00007fffa26ad000 	C:\Windows\System32\msvcp_win.dll
0x00007fffa48b0000 - 0x00007fffa48e0000 	C:\Windows\System32\IMM32.DLL
0x00007fff9f3c0000 - 0x00007fff9f3cc000 	C:\Users\Nursultan\.jdks\openjdk-21.0.1\bin\vcruntime140_1.dll
0x00007fff78880000 - 0x00007fff7890e000 	C:\Users\Nursultan\.jdks\openjdk-21.0.1\bin\msvcp140.dll
0x00007fff3b990000 - 0x00007fff3c6a5000 	C:\Users\Nursultan\.jdks\openjdk-21.0.1\bin\server\jvm.dll
0x00007fffa45b0000 - 0x00007fffa465f000 	C:\Windows\System32\ADVAPI32.dll
0x00007fffa4750000 - 0x00007fffa47ec000 	C:\Windows\System32\sechost.dll
0x00007fffa3c60000 - 0x00007fffa3d86000 	C:\Windows\System32\RPCRT4.dll
0x00007fffa46e0000 - 0x00007fffa474b000 	C:\Windows\System32\WS2_32.dll
0x00007fffa1940000 - 0x00007fffa198b000 	C:\Windows\SYSTEM32\POWRPROF.dll
0x00007fff970d0000 - 0x00007fff970da000 	C:\Windows\SYSTEM32\VERSION.dll
0x00007fff970a0000 - 0x00007fff970c7000 	C:\Windows\SYSTEM32\WINMM.dll
0x00007fffa17b0000 - 0x00007fffa17c2000 	C:\Windows\SYSTEM32\UMPDC.dll
0x00007fffa0be0000 - 0x00007fffa0bf2000 	C:\Windows\SYSTEM32\kernel.appcore.dll
0x00007fff9a3e0000 - 0x00007fff9a3ea000 	C:\Users\Nursultan\.jdks\openjdk-21.0.1\bin\jimage.dll
0x00007fffa0200000 - 0x00007fffa03e4000 	C:\Windows\SYSTEM32\DBGHELP.DLL
0x00007fff8f450000 - 0x00007fff8f484000 	C:\Windows\SYSTEM32\dbgcore.DLL
0x00007fffa2450000 - 0x00007fffa24d2000 	C:\Windows\System32\bcryptPrimitives.dll
0x00007fff923d0000 - 0x00007fff923df000 	C:\Users\Nursultan\.jdks\openjdk-21.0.1\bin\instrument.dll
0x00007fff8e2a0000 - 0x00007fff8e2bf000 	C:\Users\Nursultan\.jdks\openjdk-21.0.1\bin\java.dll
0x00007fffa32e0000 - 0x00007fffa3a24000 	C:\Windows\System32\SHELL32.dll
0x00007fffa0430000 - 0x00007fffa0bcb000 	C:\Windows\SYSTEM32\windows.storage.dll
0x00007fffa4050000 - 0x00007fffa43a4000 	C:\Windows\System32\combase.dll
0x00007fffa1dd0000 - 0x00007fffa1dfd000 	C:\Windows\SYSTEM32\Wldp.dll
0x00007fffa3230000 - 0x00007fffa32dd000 	C:\Windows\System32\SHCORE.dll
0x00007fffa2d10000 - 0x00007fffa2d65000 	C:\Windows\System32\shlwapi.dll
0x00007fffa22c0000 - 0x00007fffa22e5000 	C:\Windows\SYSTEM32\profapi.dll
0x00007fff543f0000 - 0x00007fff544c7000 	C:\Users\Nursultan\.jdks\openjdk-21.0.1\bin\jsvml.dll
0x00007fff94110000 - 0x00007fff94120000 	C:\Users\Nursultan\.jdks\openjdk-21.0.1\bin\net.dll
0x00007fff9e4a0000 - 0x00007fff9e5aa000 	C:\Windows\SYSTEM32\WINHTTP.dll
0x00007fffa1b30000 - 0x00007fffa1b9a000 	C:\Windows\system32\mswsock.dll
0x00007fff8e280000 - 0x00007fff8e296000 	C:\Users\Nursultan\.jdks\openjdk-21.0.1\bin\nio.dll
0x00007fff8d4e0000 - 0x00007fff8d4f8000 	C:\Users\Nursultan\.jdks\openjdk-21.0.1\bin\zip.dll
0x00007fff8c5b0000 - 0x00007fff8c5ca000 	C:\Program Files\JetBrains\IntelliJ IDEA 2023.2.5\bin\breakgen64.dll
0x000001fd540c0000 - 0x000001fd540c3000 	C:\Users\Nursultan\.openjfx\cache\21-ea+null\amd64\api-ms-win-core-console-l1-1-0.dll
0x000001fd540d0000 - 0x000001fd540d3000 	C:\Users\Nursultan\.openjfx\cache\21-ea+null\amd64\api-ms-win-core-console-l1-2-0.dll
0x000001fd55fc0000 - 0x000001fd55fc3000 	C:\Users\Nursultan\.openjfx\cache\21-ea+null\amd64\api-ms-win-core-datetime-l1-1-0.dll
0x000001fd55fd0000 - 0x000001fd55fd3000 	C:\Users\Nursultan\.openjfx\cache\21-ea+null\amd64\api-ms-win-core-debug-l1-1-0.dll
0x000001fd55fe0000 - 0x000001fd55fe3000 	C:\Users\Nursultan\.openjfx\cache\21-ea+null\amd64\api-ms-win-core-errorhandling-l1-1-0.dll
0x000001fd55ff0000 - 0x000001fd55ff4000 	C:\Users\Nursultan\.openjfx\cache\21-ea+null\amd64\api-ms-win-core-file-l1-1-0.dll
0x000001fd56000000 - 0x000001fd56003000 	C:\Users\Nursultan\.openjfx\cache\21-ea+null\amd64\api-ms-win-core-file-l1-2-0.dll
0x000001fd56010000 - 0x000001fd56013000 	C:\Users\Nursultan\.openjfx\cache\21-ea+null\amd64\api-ms-win-core-file-l2-1-0.dll
0x000001fd56020000 - 0x000001fd56023000 	C:\Users\Nursultan\.openjfx\cache\21-ea+null\amd64\api-ms-win-core-handle-l1-1-0.dll
0x000001fd56030000 - 0x000001fd56033000 	C:\Users\Nursultan\.openjfx\cache\21-ea+null\amd64\api-ms-win-core-heap-l1-1-0.dll
0x000001fd56040000 - 0x000001fd56043000 	C:\Users\Nursultan\.openjfx\cache\21-ea+null\amd64\api-ms-win-core-interlocked-l1-1-0.dll
0x000001fd56050000 - 0x000001fd56053000 	C:\Users\Nursultan\.openjfx\cache\21-ea+null\amd64\api-ms-win-core-libraryloader-l1-1-0.dll
0x000001fd56060000 - 0x000001fd56063000 	C:\Users\Nursultan\.openjfx\cache\21-ea+null\amd64\api-ms-win-core-localization-l1-2-0.dll
0x000001fd56070000 - 0x000001fd56073000 	C:\Users\Nursultan\.openjfx\cache\21-ea+null\amd64\api-ms-win-core-memory-l1-1-0.dll
0x000001fd56080000 - 0x000001fd56083000 	C:\Users\Nursultan\.openjfx\cache\21-ea+null\amd64\api-ms-win-core-namedpipe-l1-1-0.dll
0x000001fd74cb0000 - 0x000001fd74cb3000 	C:\Users\Nursultan\.openjfx\cache\21-ea+null\amd64\api-ms-win-core-processenvironment-l1-1-0.dll
0x000001fd74cc0000 - 0x000001fd74cc3000 	C:\Users\Nursultan\.openjfx\cache\21-ea+null\amd64\api-ms-win-core-processthreads-l1-1-0.dll
0x000001fd74cd0000 - 0x000001fd74cd3000 	C:\Users\Nursultan\.openjfx\cache\21-ea+null\amd64\api-ms-win-core-processthreads-l1-1-1.dll
0x000001fd74ea0000 - 0x000001fd74ea3000 	C:\Users\Nursultan\.openjfx\cache\21-ea+null\amd64\api-ms-win-core-profile-l1-1-0.dll
0x000001fd74eb0000 - 0x000001fd74eb3000 	C:\Users\Nursultan\.openjfx\cache\21-ea+null\amd64\api-ms-win-core-rtlsupport-l1-1-0.dll
0x000001fd74ec0000 - 0x000001fd74ec3000 	C:\Users\Nursultan\.openjfx\cache\21-ea+null\amd64\api-ms-win-core-string-l1-1-0.dll
0x000001fd74ed0000 - 0x000001fd74ed3000 	C:\Users\Nursultan\.openjfx\cache\21-ea+null\amd64\api-ms-win-core-synch-l1-1-0.dll
0x000001fd74ce0000 - 0x000001fd74ce3000 	C:\Users\Nursultan\.openjfx\cache\21-ea+null\amd64\api-ms-win-core-synch-l1-2-0.dll
0x000001fd74cf0000 - 0x000001fd74cf3000 	C:\Users\Nursultan\.openjfx\cache\21-ea+null\amd64\api-ms-win-core-sysinfo-l1-1-0.dll
0x000001fd74d00000 - 0x000001fd74d03000 	C:\Users\Nursultan\.openjfx\cache\21-ea+null\amd64\api-ms-win-core-timezone-l1-1-0.dll
0x000001fd74d10000 - 0x000001fd74d13000 	C:\Users\Nursultan\.openjfx\cache\21-ea+null\amd64\api-ms-win-core-util-l1-1-0.dll
0x000001fd74d20000 - 0x000001fd74d23000 	C:\Users\Nursultan\.openjfx\cache\21-ea+null\amd64\api-ms-win-crt-conio-l1-1-0.dll
0x000001fd74d30000 - 0x000001fd74d34000 	C:\Users\Nursultan\.openjfx\cache\21-ea+null\amd64\api-ms-win-crt-convert-l1-1-0.dll
0x000001fd74d40000 - 0x000001fd74d43000 	C:\Users\Nursultan\.openjfx\cache\21-ea+null\amd64\api-ms-win-crt-environment-l1-1-0.dll
0x000001fd74d50000 - 0x000001fd74d53000 	C:\Users\Nursultan\.openjfx\cache\21-ea+null\amd64\api-ms-win-crt-filesystem-l1-1-0.dll
0x000001fd74d60000 - 0x000001fd74d63000 	C:\Users\Nursultan\.openjfx\cache\21-ea+null\amd64\api-ms-win-crt-heap-l1-1-0.dll
0x000001fd74d70000 - 0x000001fd74d73000 	C:\Users\Nursultan\.openjfx\cache\21-ea+null\amd64\api-ms-win-crt-locale-l1-1-0.dll
0x000001fd74d80000 - 0x000001fd74d85000 	C:\Users\Nursultan\.openjfx\cache\21-ea+null\amd64\api-ms-win-crt-math-l1-1-0.dll
0x000001fd74d90000 - 0x000001fd74d95000 	C:\Users\Nursultan\.openjfx\cache\21-ea+null\amd64\api-ms-win-crt-multibyte-l1-1-0.dll
0x000001fd74da0000 - 0x000001fd74db0000 	C:\Users\Nursultan\.openjfx\cache\21-ea+null\amd64\api-ms-win-crt-private-l1-1-0.dll
0x000001fd74db0000 - 0x000001fd74db3000 	C:\Users\Nursultan\.openjfx\cache\21-ea+null\amd64\api-ms-win-crt-process-l1-1-0.dll
0x000001fd74dc0000 - 0x000001fd74dc4000 	C:\Users\Nursultan\.openjfx\cache\21-ea+null\amd64\api-ms-win-crt-runtime-l1-1-0.dll
0x000001fd74dd0000 - 0x000001fd74dd4000 	C:\Users\Nursultan\.openjfx\cache\21-ea+null\amd64\api-ms-win-crt-stdio-l1-1-0.dll
0x000001fd74de0000 - 0x000001fd74de4000 	C:\Users\Nursultan\.openjfx\cache\21-ea+null\amd64\api-ms-win-crt-string-l1-1-0.dll
0x000001fd74df0000 - 0x000001fd74df3000 	C:\Users\Nursultan\.openjfx\cache\21-ea+null\amd64\api-ms-win-crt-time-l1-1-0.dll
0x000001fd74e00000 - 0x000001fd74e03000 	C:\Users\Nursultan\.openjfx\cache\21-ea+null\amd64\api-ms-win-crt-utility-l1-1-0.dll
0x00007fff540a0000 - 0x00007fff5419c000 	C:\Users\Nursultan\.openjfx\cache\21-ea+null\amd64\ucrtbase.dll
0x00007fff7c050000 - 0x00007fff7c06b000 	C:\Users\Nursultan\.openjfx\cache\21-ea+null\amd64\vcruntime140.dll
0x00007fff84400000 - 0x00007fff8440c000 	C:\Users\Nursultan\.openjfx\cache\21-ea+null\amd64\vcruntime140_1.dll
0x00007fff53dd0000 - 0x00007fff53e5e000 	C:\Users\Nursultan\.openjfx\cache\21-ea+null\amd64\msvcp140.dll
0x00007fffa3ec0000 - 0x00007fffa3feb000 	C:\Windows\System32\ole32.dll
0x00007fff822a0000 - 0x00007fff822a9000 	C:\Users\Nursultan\.openjfx\cache\21-ea+null\amd64\msvcp140_1.dll
0x00007fff73830000 - 0x00007fff7385f000 	C:\Users\Nursultan\.openjfx\cache\21-ea+null\amd64\msvcp140_2.dll
0x00007fff73630000 - 0x00007fff7365f000 	C:\Users\Nursultan\.openjfx\cache\21-ea+null\amd64\prism_d3d.dll
0x00007fff4cea0000 - 0x00007fff4d06d000 	C:\Windows\system32\d3d9.dll
0x00007fff9fb70000 - 0x00007fff9fb9f000 	C:\Windows\SYSTEM32\dwmapi.dll
0x00007fff9f6a0000 - 0x00007fff9f73e000 	C:\Windows\system32\uxtheme.dll
0x00007fff970e0000 - 0x00007fff9729b000 	C:\Windows\System32\DriverStore\FileRepository\u0390451.inf_amd64_39377efdd62734d1\B390182\aticfx64.dll
0x00007fff43f40000 - 0x00007fff45d0f000 	C:\Windows\System32\DriverStore\FileRepository\u0390451.inf_amd64_39377efdd62734d1\B390182\amdxn64.dll
0x00007fffa2da0000 - 0x00007fffa320e000 	C:\Windows\System32\SETUPAPI.dll
0x00007fffa2390000 - 0x00007fffa23de000 	C:\Windows\System32\cfgmgr32.dll
0x00007fffa24e0000 - 0x00007fffa2507000 	C:\Windows\System32\bcrypt.dll
0x00007fffa0c50000 - 0x00007fffa0d43000 	C:\Windows\SYSTEM32\dxgi.dll
0x00007fff950f0000 - 0x00007fff95125000 	C:\Windows\SYSTEM32\amdihk64.dll
0x00007fff66ba0000 - 0x00007fff66be2000 	C:\Users\Nursultan\.openjfx\cache\21-ea+null\amd64\glass.dll
0x00007fffa43c0000 - 0x00007fffa449a000 	C:\Windows\System32\COMDLG32.dll
0x00007fffa3df0000 - 0x00007fffa3ebd000 	C:\Windows\System32\OLEAUT32.dll
0x00007fffa48f0000 - 0x00007fffa4a04000 	C:\Windows\System32\MSCTF.dll
0x00007fff98480000 - 0x00007fff984bb000 	C:\Windows\SYSTEM32\dxcore.dll
0x00007fff78860000 - 0x00007fff78874000 	C:\Users\Nursultan\.openjfx\cache\21-ea+null\amd64\javafx_font.dll
0x00007fff811a0000 - 0x00007fff8141f000 	C:\Windows\SYSTEM32\dwrite.dll
0x00007fffa4bc0000 - 0x00007fffa4c69000 	C:\Windows\System32\clbcatq.dll
0x00007fff9ae90000 - 0x00007fff9b044000 	C:\Windows\SYSTEM32\WindowsCodecs.dll
0x00007fff84cb0000 - 0x00007fff84cee000 	C:\Windows\system32\dataexchange.dll
0x00007fff9d8b0000 - 0x00007fff9da93000 	C:\Windows\system32\dcomp.dll
0x00007fff9d080000 - 0x00007fff9d2e3000 	C:\Windows\system32\d3d11.dll
0x00007fff9aaa0000 - 0x00007fff9aca7000 	C:\Windows\system32\twinapi.appcore.dll
0x00007fff7cb80000 - 0x00007fff7cbb4000 	C:\Program Files\Common Files\Microsoft Shared\Ink\rtscom.dll
0x00007fff92ca0000 - 0x00007fff92d9a000 	C:\Windows\SYSTEM32\textinputframework.dll
0x00007fff9db70000 - 0x00007fff9decb000 	C:\Windows\System32\CoreUIComponents.dll
0x00007fff9e250000 - 0x00007fff9e342000 	C:\Windows\System32\CoreMessaging.dll
0x00007fffa1530000 - 0x00007fffa1563000 	C:\Windows\SYSTEM32\ntmarta.dll
0x00007fff9ee30000 - 0x00007fff9ef85000 	C:\Windows\SYSTEM32\wintypes.dll

dbghelp: loaded successfully - version: 4.0.5 - missing functions: none
symbol engine: initialized successfully - sym options: 0x614 - pdb path: .;C:\Users\Nursultan\.jdks\openjdk-21.0.1\bin;C:\Windows\SYSTEM32;C:\Windows\WinSxS\amd64_microsoft.windows.common-controls_6595b64144ccf1df_6.0.19041.3636_none_60b6a03d71f818d5;C:\Users\Nursultan\.jdks\openjdk-21.0.1\bin\server;C:\Program Files\JetBrains\IntelliJ IDEA 2023.2.5\bin;C:\Users\Nursultan\.openjfx\cache\21-ea+null\amd64;C:\Windows\System32\DriverStore\FileRepository\u0390451.inf_amd64_39377efdd62734d1\B390182;C:\Program Files\Common Files\Microsoft Shared\Ink

VM Arguments:
jvm_args: -javaagent:C:\Program Files\JetBrains\IntelliJ IDEA 2023.2.5\lib\idea_rt.jar=64733:C:\Program Files\JetBrains\IntelliJ IDEA 2023.2.5\bin -Dfile.encoding=UTF-8 -Dsun.stdout.encoding=UTF-8 -Dsun.stderr.encoding=UTF-8 --module-path=C:\Users\Nursultan\.m2\repository\org\openjfx\javafx-fxml\21-ea+24\javafx-fxml-21-ea+24-win.jar;C:\Users\Nursultan\IdeaProjects\SoftWareProject\target\classes;C:\Users\Nursultan\.m2\repository\org\openjfx\javafx-graphics\21-ea+24\javafx-graphics-21-ea+24-win.jar;C:\Users\Nursultan\.m2\repository\org\openjfx\javafx-base\21-ea+24\javafx-base-21-ea+24-win.jar;C:\Users\Nursultan\.m2\repository\org\openjfx\javafx-controls\21-ea+24\javafx-controls-21-ea+24-win.jar -Djdk.module.main=com.example.softwareproject 
java_command: com.example.softwareproject/com.example.softwareproject.HelloApplication
java_class_path (initial): C:\Users\Nursultan\.m2\repository\org\openjfx\javafx-controls\21-ea+24\javafx-controls-21-ea+24.jar;C:\Users\Nursultan\.m2\repository\org\openjfx\javafx-graphics\21-ea+24\javafx-graphics-21-ea+24.jar;C:\Users\Nursultan\.m2\repository\org\openjfx\javafx-base\21-ea+24\javafx-base-21-ea+24.jar;C:\Users\Nursultan\.m2\repository\org\openjfx\javafx-fxml\21-ea+24\javafx-fxml-21-ea+24.jar
Launcher Type: SUN_STANDARD

[Global flags]
     intx CICompilerCount                          = 4                                         {product} {ergonomic}
     uint ConcGCThreads                            = 3                                         {product} {ergonomic}
     uint G1ConcRefinementThreads                  = 10                                        {product} {ergonomic}
   size_t G1HeapRegionSize                         = 2097152                                   {product} {ergonomic}
    uintx GCDrainStackTargetSize                   = 64                                        {product} {ergonomic}
   size_t InitialHeapSize                          = 230686720                                 {product} {ergonomic}
   size_t MarkStackSize                            = 4194304                                   {product} {ergonomic}
   size_t MaxHeapSize                              = 3676307456                                {product} {ergonomic}
   size_t MaxNewSize                               = 2204106752                                {product} {ergonomic}
   size_t MinHeapDeltaBytes                        = 2097152                                   {product} {ergonomic}
   size_t MinHeapSize                              = 8388608                                   {product} {ergonomic}
    uintx NonNMethodCodeHeapSize                   = 5839372                                {pd product} {ergonomic}
    uintx NonProfiledCodeHeapSize                  = 122909434                              {pd product} {ergonomic}
    uintx ProfiledCodeHeapSize                     = 122909434                              {pd product} {ergonomic}
    uintx ReservedCodeCacheSize                    = 251658240                              {pd product} {ergonomic}
     bool SegmentedCodeCache                       = true                                      {product} {ergonomic}
   size_t SoftMaxHeapSize                          = 3676307456                             {manageable} {ergonomic}
     bool UseCompressedOops                        = true                           {product lp64_product} {ergonomic}
     bool UseG1GC                                  = true                                      {product} {ergonomic}
     bool UseLargePagesIndividualAllocation        = false                                  {pd product} {ergonomic}

Logging:
Log output configuration:
 #0: stdout all=off uptime,level,tags foldmultilines=false
 #1: stderr all=off uptime,level,tags foldmultilines=false

Environment Variables:
PATH=C:\Windows\system32;C:\Windows;C:\Windows\System32\Wbem;C:\Windows\System32\WindowsPowerShell\v1.0\;C:\Windows\System32\OpenSSH\;C:\Program Files\Git\cmd;C:\Users\Nursultan\AppData\Local\Microsoft\WindowsApps;;C:\Program Files\JetBrains\IntelliJ IDEA 2023.2.5\bin;
USERNAME=Nursultan
OS=Windows_NT
PROCESSOR_IDENTIFIER=AMD64 Family 25 Model 68 Stepping 1, AuthenticAMD
TMP=C:\Users\NURSUL~1\AppData\Local\Temp
TEMP=C:\Users\NURSUL~1\AppData\Local\Temp




Periodic native trim disabled

---------------  S Y S T E M  ---------------

OS:
 Windows 10 , 64 bit Build 19041 (10.0.19041.3636)
OS uptime: 2 days 12:29 hours

CPU: total 12 (initial active 12) (12 cores per cpu, 2 threads per core) family 25 model 68 stepping 1 microcode 0x0, cx8, cmov, fxsr, ht, mmx, 3dnowpref, sse, sse2, sse3, ssse3, sse4a, sse4.1, sse4.2, popcnt, lzcnt, tsc, tscinvbit, avx, avx2, aes, clmul, bmi1, bmi2, adx, sha, fma, vzeroupper, clflush, clflushopt, rdtscp, rdpid, f16c, pku, cet_ss
Processor Information for processor 0
  Max Mhz: 3301, Current Mhz: 3301, Mhz Limit: 3301
Processor Information for processor 1
  Max Mhz: 3301, Current Mhz: 3301, Mhz Limit: 3301
Processor Information for processor 2
  Max Mhz: 3301, Current Mhz: 1100, Mhz Limit: 3301
Processor Information for processor 3
  Max Mhz: 3301, Current Mhz: 1100, Mhz Limit: 3301
Processor Information for processor 4
  Max Mhz: 3301, Current Mhz: 1100, Mhz Limit: 3301
Processor Information for processor 5
  Max Mhz: 3301, Current Mhz: 1100, Mhz Limit: 3301
Processor Information for processor 6
  Max Mhz: 3301, Current Mhz: 1100, Mhz Limit: 3301
Processor Information for processor 7
  Max Mhz: 3301, Current Mhz: 1100, Mhz Limit: 3301
Processor Information for processor 8
  Max Mhz: 3301, Current Mhz: 1100, Mhz Limit: 3301
Processor Information for processor 9
  Max Mhz: 3301, Current Mhz: 1100, Mhz Limit: 3301
Processor Information for processor 10
  Max Mhz: 3301, Current Mhz: 1100, Mhz Limit: 3301
Processor Information for processor 11
  Max Mhz: 3301, Current Mhz: 1100, Mhz Limit: 3301

Memory: 4k page, system-wide physical 14020M (5894M free)
TotalPageFile size 16196M (AvailPageFile size 4960M)
current process WorkingSet (physical memory assigned to process): 160M, peak: 177M
current process commit charge ("private bytes"): 438M, peak: 477M

vm_info: OpenJDK 64-Bit Server VM (21.0.1+12-29) for windows-amd64 JRE (21.0.1+12-29), built on 2023-10-05T13:27:09Z by "mach5one" with MS VC++ 17.1 (VS2022)

END.
