#
# A fatal error has been detected by the Java Runtime Environment:
#
#  EXCEPTION_ACCESS_VIOLATION (0xc0000005) at pc=0x00007fff63d36587, pid=18732, tid=12204
#
# JRE version: OpenJDK Runtime Environment (21.0.1+12) (build 21.0.1+12-29)
# Java VM: OpenJDK 64-Bit Server VM (21.0.1+12-29, mixed mode, sharing, tiered, compressed oops, compressed class ptrs, g1 gc, windows-amd64)
# Problematic frame:
# C  [glass.dll+0x26587]
#
# No core dump will be written. Minidumps are not enabled by default on client versions of Windows
#
# If you would like to submit a bug report, please visit:
#   https://bugreport.java.com/bugreport/crash.jsp
#

---------------  S U M M A R Y ------------

Command Line: -javaagent:C:\Program Files\JetBrains\IntelliJ IDEA 2023.2.5\lib\idea_rt.jar=49291:C:\Program Files\JetBrains\IntelliJ IDEA 2023.2.5\bin -Dfile.encoding=UTF-8 -Dsun.stdout.encoding=UTF-8 -Dsun.stderr.encoding=UTF-8 --module-path=C:\Users\Nursultan\IdeaProjects\SoftWareProject\target\classes;C:\Users\Nursultan\.m2\repository\org\openjfx\javafx-base\21-ea+24\javafx-base-21-ea+24-win.jar;C:\Users\Nursultan\.m2\repository\org\openjfx\javafx-graphics\21-ea+24\javafx-graphics-21-ea+24-win.jar;C:\Users\Nursultan\.m2\repository\org\openjfx\javafx-fxml\21-ea+24\javafx-fxml-21-ea+24-win.jar;C:\Users\Nursultan\.m2\repository\org\openjfx\javafx-controls\21-ea+24\javafx-controls-21-ea+24-win.jar -Djdk.module.main=com.example.softwareproject com.example.softwareproject/com.example.softwareproject.HelloApplication

Host: AMD Ryzen 5 6600HS Creator Edition             , 12 cores, 13G,  Windows 10 , 64 bit Build 19041 (10.0.19041.3636)
Time: Fri Dec 15 12:00:46 2023  Windows 10 , 64 bit Build 19041 (10.0.19041.3636) elapsed time: 64.518050 seconds (0d 0h 1m 4s)

---------------  T H R E A D  ---------------

Current thread (0x0000019fffe30b10):  VMThread "VM Thread"          [id=12204, stack(0x0000003909c00000,0x0000003909d00000) (1024K)]

Stack: [0x0000003909c00000,0x0000003909d00000],  sp=0x0000003909cfef90,  free space=1019k
Native frames: (J=compiled Java code, j=interpreted, Vv=VM code, C=native code)
C  [glass.dll+0x26587]


siginfo: EXCEPTION_ACCESS_VIOLATION (0xc0000005), reading address 0x0000000000000000


Registers:
RAX=0x0000000000000000, RBX=0x0000019fffe3729a, RCX=0x0000019fffe30b10, RDX=0x0000003909cfef90
RSP=0x0000003909cfef90, RBP=0x0000019fc98930e8, RSI=0x0000019fc98930c0, RDI=0x00001f83664950f9
R8 =0x0000000000010002, R9 =0x00001f83664950f9, R10=0x0000000000008000, R11=0x0000003909cfef20
R12=0x00007fff63d33ed0, R13=0x00007fff635d1fa0, R14=0x0000003909cff088, R15=0x0000019fc98930c0
RIP=0x00007fff63d36587, EFLAGS=0x0000000000010206


Register to memory mapping:

RAX=0x0 is null
RBX=0x0000019fffe3729a is a global jni handle
RCX=0x0000019fffe30b10 points into unknown readable memory: 0x00007fff633e3f88 | 88 3f 3e 63 ff 7f 00 00
RDX=0x0000003909cfef90 points into unknown readable memory: 0x0000000000000000 | 00 00 00 00 00 00 00 00
RSP=0x0000003909cfef90 points into unknown readable memory: 0x0000000000000000 | 00 00 00 00 00 00 00 00
RBP=0x0000019fc98930e8 points into unknown readable memory: 0x00001f83664950f9 | f9 50 49 66 83 1f 00 00
RSI=0x0000019fc98930c0 points into unknown readable memory: 0xd0001f7c988ef68a | 8a f6 8e 98 7c 1f 00 d0
RDI=0x00001f83664950f9 is an unknown value
R8 =0x0000000000010002 is an unknown value
R9 =0x00001f83664950f9 is an unknown value
R10=0x0000000000008000 is an unknown value
R11=0x0000003909cfef20 points into unknown readable memory: 0x0000019fc98930c0 | c0 30 89 c9 9f 01 00 00
R12=0x00007fff63d33ed0 glass.dll
R13=0x00007fff635d1fa0 jvm.dll
R14=0x0000003909cff088 points into unknown readable memory: 0x0000003909cff070 | 70 f0 cf 09 39 00 00 00
R15=0x0000019fc98930c0 points into unknown readable memory: 0xd0001f7c988ef68a | 8a f6 8e 98 7c 1f 00 d0

Top of Stack: (sp=0x0000003909cfef90)
0x0000003909cfef90:   0000000000000000 0000019fc98930c0
0x0000003909cfefa0:   00007fff635d1fa0 00007fff63d33ed0
0x0000003909cfefb0:   0000019fc98930c8 00007fffa25242d6
0x0000003909cfefc0:   00001f83664950f9 0000019f00000000
0x0000003909cfefd0:   0000019fc98930e8 0000019fc98930c0
0x0000003909cfefe0:   fffffffffffffffe 0000000000000000
0x0000003909cfeff0:   0000000000000001 00007fff63d10000
0x0000003909cff000:   0000003909cff078 00007fffa25241fb
0x0000003909cff010:   0000000000000000 0000003909cff088
0x0000003909cff020:   0000003909cff360 00007fffa2600e40
0x0000003909cff030:   0000000000000001 00007fffa25241b4
0x0000003909cff040:   0000000000000000 0000000000000001
0x0000003909cff050:   00007fff984b2dd0 0000003909cff078
0x0000003909cff060:   000000000000000d 00007fff63d33d5d
0x0000003909cff070:   00007fff63d4a008 00007fff00000002
0x0000003909cff080:   0000000000000002 0000003909cff070
0x0000003909cff090:   0000000000000000 00007fffa4cc9993
0x0000003909cff0a0:   0000000000000000 00007fff63d33e82
0x0000003909cff0b0:   0000000000000001 0000000000000000
0x0000003909cff0c0:   0000000000000000 00007fffa2600e40
0x0000003909cff0d0:   0000019fe290c148 00007fffa251f05b
0x0000003909cff0e0:   0000019f00000001 0000000000000016
0x0000003909cff0f0:   00007fff63d10000 000000007ffe0384
0x0000003909cff100:   0000000000000000 00007fffa4cc9a1d
0x0000003909cff110:   00007fff63d10000 0000000000000000
0x0000003909cff120:   0000000000000001 000000007ffe0385
0x0000003909cff130:   0000000000000000 00007fffa4d0de41
0x0000003909cff140:   00003389b7350100 0000000000000014
0x0000003909cff150:   00007fff63d33ed0 0000000000000000
0x0000003909cff160:   0000000000000000 00000039090b0000
0x0000003909cff170:   0000019fc97fd110 00007fffa4d0dcda
0x0000003909cff180:   0000019fc92f3a30 00007fff63d10000 

Instructions: (pc=0x00007fff63d36587)
0x00007fff63d36487:   8b 4d 58 e8 8d cf ff ff 48 8b 4d 60 e8 84 cf ff
0x00007fff63d36497:   ff 48 8b 95 80 00 00 00 48 8b 8d 18 01 00 00 e8
0x00007fff63d364a7:   76 c4 ff ff 33 d2 33 c9 e8 cc e1 ff ff 90 48 89
0x00007fff63d364b7:   54 24 10 55 48 83 ec 20 48 8b ea 48 b8 00 00 00
0x00007fff63d364c7:   00 00 00 00 00 48 83 c4 20 5d c3 cc 40 55 48 8b
0x00007fff63d364d7:   ea 48 8b 01 33 c9 81 38 05 00 00 c0 0f 94 c1 8b
0x00007fff63d364e7:   c1 5d c3 cc 40 55 48 83 ec 20 48 8b ea 8a 4d 40
0x00007fff63d364f7:   48 83 c4 20 5d e9 73 d3 ff ff cc 40 55 48 83 ec
0x00007fff63d36507:   20 48 8b ea 8a 4d 20 e8 61 d3 ff ff 90 48 83 c4
0x00007fff63d36517:   20 5d c3 cc 40 55 48 83 ec 20 48 8b ea 48 83 c4
0x00007fff63d36527:   20 5d e9 c2 d1 ff ff cc 40 55 48 83 ec 30 48 8b
0x00007fff63d36537:   ea 48 8b 01 8b 10 48 89 4c 24 28 89 54 24 20 4c
0x00007fff63d36547:   8d 0d 63 d6 ff ff 4c 8b 45 70 8b 55 68 48 8b 4d
0x00007fff63d36557:   60 e8 03 d1 ff ff 90 48 83 c4 30 5d c3 cc cc cc
0x00007fff63d36567:   cc cc cc cc cc cc cc cc cc 40 53 48 83 ec 20 48
0x00007fff63d36577:   8b 1d 8b 34 01 00 48 85 db 74 16 e8 89 8f ff ff
0x00007fff63d36587:   4c 8b 00 48 8b d3 48 8b c8 41 ff 90 b0 00 00 00
0x00007fff63d36597:   90 48 83 c4 20 5b c3 cc cc 40 53 48 83 ec 20 48
0x00007fff63d365a7:   8b 1d fb 35 01 00 48 85 db 74 57 b8 ff ff ff ff
0x00007fff63d365b7:   f0 0f c1 43 10 83 f8 01 75 3d 48 85 db 74 38 48
0x00007fff63d365c7:   8b 0b 48 85 c9 74 0d ff 15 d4 0c 00 00 48 c7 03
0x00007fff63d365d7:   00 00 00 00 48 8b 4b 08 48 85 c9 74 0d e8 33 ce
0x00007fff63d365e7:   ff ff 48 c7 43 08 00 00 00 00 ba 18 00 00 00 48
0x00007fff63d365f7:   8b cb e8 1e ce ff ff 48 c7 05 9f 35 01 00 00 00
0x00007fff63d36607:   00 00 48 83 c4 20 5b c3 cc 40 53 48 83 ec 20 48
0x00007fff63d36617:   8b 1d 6b 35 01 00 48 85 db 74 57 b8 ff ff ff ff
0x00007fff63d36627:   f0 0f c1 43 10 83 f8 01 75 3d 48 85 db 74 38 48
0x00007fff63d36637:   8b 0b 48 85 c9 74 0d ff 15 64 0c 00 00 48 c7 03
0x00007fff63d36647:   00 00 00 00 48 8b 4b 08 48 85 c9 74 0d e8 c3 cd
0x00007fff63d36657:   ff ff 48 c7 43 08 00 00 00 00 ba 18 00 00 00 48
0x00007fff63d36667:   8b cb e8 ae cd ff ff 48 c7 05 0f 35 01 00 00 00
0x00007fff63d36677:   00 00 48 83 c4 20 5b c3 cc 40 53 48 83 ec 20 48 


Stack slot to memory mapping:

stack at sp + 0 slots: 0x0 is null
stack at sp + 1 slots: 0x0000019fc98930c0 points into unknown readable memory: 0xd0001f7c988ef68a | 8a f6 8e 98 7c 1f 00 d0
stack at sp + 2 slots: 0x00007fff635d1fa0 jvm.dll
stack at sp + 3 slots: 0x00007fff63d33ed0 glass.dll
stack at sp + 4 slots: 0x0000019fc98930c8 points into unknown readable memory: 0x00001f83664950f9 | f9 50 49 66 83 1f 00 00
stack at sp + 5 slots: 0x00007fffa25242d6 ucrtbase.dll
stack at sp + 6 slots: 0x00001f83664950f9 is an unknown value
stack at sp + 7 slots: 0x0000019f00000000 is an unknown value

VM_Operation (0x00000039092ff250): Exit, mode: safepoint, requested by thread 0x0000019fe2905ad0


---------------  P R O C E S S  ---------------

Threads class SMR info:
_java_thread_list=0x0000019fc9642c20, length=19, elements={
0x0000019fe292df50, 0x0000019fffe4bc80, 0x0000019fffe4dfb0, 0x0000019fffe56b60,
0x0000019fffe575c0, 0x0000019fffe58020, 0x0000019fffe5bb80, 0x0000019fffe5c620,
0x0000019f838c8100, 0x0000019fc948f080, 0x0000019fc947b0f0, 0x0000019fc952ac80,
0x0000019fc994c880, 0x0000019fc97e9680, 0x0000019fca04fda0, 0x0000019fca043e40,
0x0000019fdb6ea780, 0x0000019fca6847d0, 0x0000019fe2905ad0
}

Java Threads: ( => current thread )
  0x0000019fe292df50 JavaThread "main"                              [_thread_blocked, id=12144, stack(0x0000003909500000,0x0000003909600000) (1024K)]
  0x0000019fffe4bc80 JavaThread "Reference Handler"          daemon [_thread_blocked, id=11464, stack(0x0000003909d00000,0x0000003909e00000) (1024K)]
  0x0000019fffe4dfb0 JavaThread "Finalizer"                  daemon [_thread_blocked, id=13088, stack(0x0000003909e00000,0x0000003909f00000) (1024K)]
  0x0000019fffe56b60 JavaThread "Attach Listener"            daemon [_thread_blocked, id=8576, stack(0x000000390a000000,0x000000390a100000) (1024K)]
  0x0000019fffe575c0 JavaThread "Service Thread"             daemon [_thread_blocked, id=18672, stack(0x000000390a100000,0x000000390a200000) (1024K)]
  0x0000019fffe58020 JavaThread "Monitor Deflation Thread"   daemon [_thread_blocked, id=9280, stack(0x000000390a200000,0x000000390a300000) (1024K)]
  0x0000019fffe5bb80 JavaThread "C2 CompilerThread0"         daemon [_thread_blocked, id=5652, stack(0x000000390a300000,0x000000390a400000) (1024K)]
  0x0000019fffe5c620 JavaThread "C1 CompilerThread0"         daemon [_thread_blocked, id=16908, stack(0x000000390a400000,0x000000390a500000) (1024K)]
  0x0000019f838c8100 JavaThread "Common-Cleaner"             daemon [_thread_blocked, id=1076, stack(0x000000390a500000,0x000000390a600000) (1024K)]
  0x0000019fc948f080 JavaThread "Monitor Ctrl-Break"         daemon [_thread_in_native, id=14584, stack(0x000000390a800000,0x000000390a900000) (1024K)]
  0x0000019fc947b0f0 JavaThread "Notification Thread"        daemon [_thread_blocked, id=1368, stack(0x000000390a900000,0x000000390aa00000) (1024K)]
  0x0000019fc952ac80 JavaThread "QuantumRenderer-0"          daemon [_thread_blocked, id=10216, stack(0x000000390aa00000,0x000000390ab00000) (1024K)]
  0x0000019fc994c880 JavaThread "InvokeLaterDispatcher"      daemon [_thread_blocked, id=6256, stack(0x000000390ab00000,0x000000390ac00000) (1024K)]
  0x0000019fc97e9680 JavaThread "JavaFX Application Thread"         [_thread_in_native, id=15944, stack(0x000000390ac00000,0x000000390ad00000) (1024K)]
  0x0000019fca04fda0 JavaThread "Thread-1"                   daemon [_thread_in_native, id=20268, stack(0x000000390b900000,0x000000390ba00000) (1024K)]
  0x0000019fca043e40 JavaThread "JavaFX-Launcher"                   [_thread_blocked, id=17164, stack(0x000000390ba00000,0x000000390bb00000) (1024K)]
  0x0000019fdb6ea780 JavaThread "Prism Font Disposer"        daemon [_thread_blocked, id=3700, stack(0x000000390c300000,0x000000390c400000) (1024K)]
  0x0000019fca6847d0 JavaThread "Cleaner-0"                  daemon [_thread_blocked, id=4584, stack(0x000000390c800000,0x000000390c900000) (1024K)]
  0x0000019fe2905ad0 JavaThread "SIGINT handler"             daemon [_thread_blocked, id=9800, stack(0x0000003909200000,0x0000003909300000) (1024K)]
Total: 19

Other Threads:
=>0x0000019fffe30b10 VMThread "VM Thread"                           [id=12204, stack(0x0000003909c00000,0x0000003909d00000) (1024K)]
  0x0000019fe4adee10 WorkerThread "GC Thread#0"                     [id=6776, stack(0x0000003909600000,0x0000003909700000) (1024K)]
  0x0000019fca1400d0 WorkerThread "GC Thread#1"                     [id=19836, stack(0x000000390bb00000,0x000000390bc00000) (1024K)]
  0x0000019fca141480 WorkerThread "GC Thread#2"                     [id=19224, stack(0x000000390bc00000,0x000000390bd00000) (1024K)]
  0x0000019fca141c30 WorkerThread "GC Thread#3"                     [id=1668, stack(0x000000390bd00000,0x000000390be00000) (1024K)]
  0x0000019fca141fd0 WorkerThread "GC Thread#4"                     [id=6204, stack(0x000000390be00000,0x000000390bf00000) (1024K)]
  0x0000019fca142370 WorkerThread "GC Thread#5"                     [id=19304, stack(0x000000390bf00000,0x000000390c000000) (1024K)]
  0x0000019fdb6efeb0 WorkerThread "GC Thread#6"                     [id=2484, stack(0x000000390c400000,0x000000390c500000) (1024K)]
  0x0000019fdb6f0250 WorkerThread "GC Thread#7"                     [id=15712, stack(0x000000390c500000,0x000000390c600000) (1024K)]
  0x0000019fdb6f10d0 WorkerThread "GC Thread#8"                     [id=8960, stack(0x000000390c600000,0x000000390c700000) (1024K)]
  0x0000019fdb6f0990 WorkerThread "GC Thread#9"                     [id=16508, stack(0x000000390c700000,0x000000390c800000) (1024K)]
  0x0000019fe4aeeac0 ConcurrentGCThread "G1 Main Marker"            terminated
  0x0000019fe4aefd60 WorkerThread "G1 Conc#0"                       [id=10084, stack(0x0000003909800000,0x0000003909900000) (1024K)]
  0x0000019fe4b5e050 ConcurrentGCThread "G1 Refine#0"               terminated
  0x0000019fe4b5ebc0 ConcurrentGCThread "G1 Service"                terminated
Total: 15

Threads with active compile tasks:
Total: 0

VM state: at safepoint (shutting down)

VM Mutex/Monitor currently owned by a thread:  ([mutex/lock_event])
[0x00007fff635aa5f8] Threads_lock - owner thread: 0x0000019fffe30b10
[0x00007fff635aa6f8] Heap_lock - owner thread: 0x0000019fe2905ad0

Heap address: 0x0000000724e00000, size: 3506 MB, Compressed Oops mode: Zero based, Oop shift amount: 3

CDS archive(s) mapped at: [0x0000019f84000000-0x0000019f84c90000-0x0000019f84c90000), size 13172736, SharedBaseAddress: 0x0000019f84000000, ArchiveRelocationMode: 1.
Compressed class space mapped at: 0x0000019f85000000-0x0000019fc5000000, reserved size: 1073741824
Narrow klass base: 0x0000019f84000000, Narrow klass shift: 0, Narrow klass range: 0x100000000

GC Precious Log:
 CardTable entry size: 512
 Card Set container configuration: InlinePtr #cards 4 size 8 Array Of Cards #cards 16 size 48 Howl #buckets 8 coarsen threshold 3686 Howl Bitmap #cards 512 size 80 coarsen threshold 460 Card regions per heap region 1 cards per card region 4096
 CPUs: 12 total, 12 available
 Memory: 14020M
 Large Page Support: Disabled
 NUMA Support: Disabled
 Compressed Oops: Enabled (Zero based)
 Heap Region Size: 2M
 Heap Min Capacity: 8M
 Heap Initial Capacity: 220M
 Heap Max Capacity: 3506M
 Pre-touch: Disabled
 Parallel Workers: 10
 Concurrent Workers: 3
 Concurrent Refinement Workers: 10
 Periodic GC: Disabled

Heap:
 garbage-first heap   total 225280K, used 34975K [0x0000000724e00000, 0x0000000800000000)
  region size 2048K, 17 young (34816K), 3 survivors (6144K)
 Metaspace       used 16992K, committed 17344K, reserved 1114112K
  class space    used 2485K, committed 2624K, reserved 1048576K

Heap Regions: E=young(eden), S=young(survivor), O=old, HS=humongous(starts), HC=humongous(continues), CS=collection set, F=free, TAMS=top-at-mark-start, PB=parsable bottom
|   0|0x0000000724e00000, 0x0000000724e27c18, 0x0000000725000000|  7%| O|  |TAMS 0x0000000724e00000| PB 0x0000000724e00000| Untracked 
|   1|0x0000000725000000, 0x0000000725200000, 0x0000000725200000|100%|HS|  |TAMS 0x0000000725000000| PB 0x0000000725000000| Complete 
|   2|0x0000000725200000, 0x0000000725200000, 0x0000000725400000|  0%| F|  |TAMS 0x0000000725200000| PB 0x0000000725200000| Untracked 
|   3|0x0000000725400000, 0x0000000725400000, 0x0000000725600000|  0%| F|  |TAMS 0x0000000725400000| PB 0x0000000725400000| Untracked 
|   4|0x0000000725600000, 0x0000000725600000, 0x0000000725800000|  0%| F|  |TAMS 0x0000000725600000| PB 0x0000000725600000| Untracked 
|   5|0x0000000725800000, 0x0000000725800000, 0x0000000725a00000|  0%| F|  |TAMS 0x0000000725800000| PB 0x0000000725800000| Untracked 
|   6|0x0000000725a00000, 0x0000000725a00000, 0x0000000725c00000|  0%| F|  |TAMS 0x0000000725a00000| PB 0x0000000725a00000| Untracked 
|   7|0x0000000725c00000, 0x0000000725c00000, 0x0000000725e00000|  0%| F|  |TAMS 0x0000000725c00000| PB 0x0000000725c00000| Untracked 
|   8|0x0000000725e00000, 0x0000000725e00000, 0x0000000726000000|  0%| F|  |TAMS 0x0000000725e00000| PB 0x0000000725e00000| Untracked 
|   9|0x0000000726000000, 0x0000000726000000, 0x0000000726200000|  0%| F|  |TAMS 0x0000000726000000| PB 0x0000000726000000| Untracked 
|  10|0x0000000726200000, 0x0000000726200000, 0x0000000726400000|  0%| F|  |TAMS 0x0000000726200000| PB 0x0000000726200000| Untracked 
|  11|0x0000000726400000, 0x0000000726400000, 0x0000000726600000|  0%| F|  |TAMS 0x0000000726400000| PB 0x0000000726400000| Untracked 
|  12|0x0000000726600000, 0x0000000726600000, 0x0000000726800000|  0%| F|  |TAMS 0x0000000726600000| PB 0x0000000726600000| Untracked 
|  13|0x0000000726800000, 0x0000000726800000, 0x0000000726a00000|  0%| F|  |TAMS 0x0000000726800000| PB 0x0000000726800000| Untracked 
|  14|0x0000000726a00000, 0x0000000726a00000, 0x0000000726c00000|  0%| F|  |TAMS 0x0000000726a00000| PB 0x0000000726a00000| Untracked 
|  15|0x0000000726c00000, 0x0000000726c00000, 0x0000000726e00000|  0%| F|  |TAMS 0x0000000726c00000| PB 0x0000000726c00000| Untracked 
|  16|0x0000000726e00000, 0x0000000726e00000, 0x0000000727000000|  0%| F|  |TAMS 0x0000000726e00000| PB 0x0000000726e00000| Untracked 
|  17|0x0000000727000000, 0x0000000727000000, 0x0000000727200000|  0%| F|  |TAMS 0x0000000727000000| PB 0x0000000727000000| Untracked 
|  18|0x0000000727200000, 0x0000000727200000, 0x0000000727400000|  0%| F|  |TAMS 0x0000000727200000| PB 0x0000000727200000| Untracked 
|  19|0x0000000727400000, 0x0000000727400000, 0x0000000727600000|  0%| F|  |TAMS 0x0000000727400000| PB 0x0000000727400000| Untracked 
|  20|0x0000000727600000, 0x0000000727600000, 0x0000000727800000|  0%| F|  |TAMS 0x0000000727600000| PB 0x0000000727600000| Untracked 
|  21|0x0000000727800000, 0x0000000727800000, 0x0000000727a00000|  0%| F|  |TAMS 0x0000000727800000| PB 0x0000000727800000| Untracked 
|  22|0x0000000727a00000, 0x0000000727a00000, 0x0000000727c00000|  0%| F|  |TAMS 0x0000000727a00000| PB 0x0000000727a00000| Untracked 
|  23|0x0000000727c00000, 0x0000000727c00000, 0x0000000727e00000|  0%| F|  |TAMS 0x0000000727c00000| PB 0x0000000727c00000| Untracked 
|  24|0x0000000727e00000, 0x0000000727e00000, 0x0000000728000000|  0%| F|  |TAMS 0x0000000727e00000| PB 0x0000000727e00000| Untracked 
|  25|0x0000000728000000, 0x0000000728000000, 0x0000000728200000|  0%| F|  |TAMS 0x0000000728000000| PB 0x0000000728000000| Untracked 
|  26|0x0000000728200000, 0x0000000728200000, 0x0000000728400000|  0%| F|  |TAMS 0x0000000728200000| PB 0x0000000728200000| Untracked 
|  27|0x0000000728400000, 0x0000000728400000, 0x0000000728600000|  0%| F|  |TAMS 0x0000000728400000| PB 0x0000000728400000| Untracked 
|  28|0x0000000728600000, 0x0000000728600000, 0x0000000728800000|  0%| F|  |TAMS 0x0000000728600000| PB 0x0000000728600000| Untracked 
|  29|0x0000000728800000, 0x0000000728800000, 0x0000000728a00000|  0%| F|  |TAMS 0x0000000728800000| PB 0x0000000728800000| Untracked 
|  30|0x0000000728a00000, 0x0000000728a00000, 0x0000000728c00000|  0%| F|  |TAMS 0x0000000728a00000| PB 0x0000000728a00000| Untracked 
|  31|0x0000000728c00000, 0x0000000728c00000, 0x0000000728e00000|  0%| F|  |TAMS 0x0000000728c00000| PB 0x0000000728c00000| Untracked 
|  32|0x0000000728e00000, 0x0000000728e00000, 0x0000000729000000|  0%| F|  |TAMS 0x0000000728e00000| PB 0x0000000728e00000| Untracked 
|  33|0x0000000729000000, 0x0000000729000000, 0x0000000729200000|  0%| F|  |TAMS 0x0000000729000000| PB 0x0000000729000000| Untracked 
|  34|0x0000000729200000, 0x0000000729200000, 0x0000000729400000|  0%| F|  |TAMS 0x0000000729200000| PB 0x0000000729200000| Untracked 
|  35|0x0000000729400000, 0x0000000729400000, 0x0000000729600000|  0%| F|  |TAMS 0x0000000729400000| PB 0x0000000729400000| Untracked 
|  36|0x0000000729600000, 0x0000000729600000, 0x0000000729800000|  0%| F|  |TAMS 0x0000000729600000| PB 0x0000000729600000| Untracked 
|  37|0x0000000729800000, 0x0000000729800000, 0x0000000729a00000|  0%| F|  |TAMS 0x0000000729800000| PB 0x0000000729800000| Untracked 
|  38|0x0000000729a00000, 0x0000000729a00000, 0x0000000729c00000|  0%| F|  |TAMS 0x0000000729a00000| PB 0x0000000729a00000| Untracked 
|  39|0x0000000729c00000, 0x0000000729c00000, 0x0000000729e00000|  0%| F|  |TAMS 0x0000000729c00000| PB 0x0000000729c00000| Untracked 
|  40|0x0000000729e00000, 0x0000000729e00000, 0x000000072a000000|  0%| F|  |TAMS 0x0000000729e00000| PB 0x0000000729e00000| Untracked 
|  41|0x000000072a000000, 0x000000072a000000, 0x000000072a200000|  0%| F|  |TAMS 0x000000072a000000| PB 0x000000072a000000| Untracked 
|  42|0x000000072a200000, 0x000000072a200000, 0x000000072a400000|  0%| F|  |TAMS 0x000000072a200000| PB 0x000000072a200000| Untracked 
|  43|0x000000072a400000, 0x000000072a400000, 0x000000072a600000|  0%| F|  |TAMS 0x000000072a400000| PB 0x000000072a400000| Untracked 
|  44|0x000000072a600000, 0x000000072a600000, 0x000000072a800000|  0%| F|  |TAMS 0x000000072a600000| PB 0x000000072a600000| Untracked 
|  45|0x000000072a800000, 0x000000072a800000, 0x000000072aa00000|  0%| F|  |TAMS 0x000000072a800000| PB 0x000000072a800000| Untracked 
|  46|0x000000072aa00000, 0x000000072aa00000, 0x000000072ac00000|  0%| F|  |TAMS 0x000000072aa00000| PB 0x000000072aa00000| Untracked 
|  47|0x000000072ac00000, 0x000000072ac00000, 0x000000072ae00000|  0%| F|  |TAMS 0x000000072ac00000| PB 0x000000072ac00000| Untracked 
|  48|0x000000072ae00000, 0x000000072ae00000, 0x000000072b000000|  0%| F|  |TAMS 0x000000072ae00000| PB 0x000000072ae00000| Untracked 
|  49|0x000000072b000000, 0x000000072b000000, 0x000000072b200000|  0%| F|  |TAMS 0x000000072b000000| PB 0x000000072b000000| Untracked 
|  50|0x000000072b200000, 0x000000072b200000, 0x000000072b400000|  0%| F|  |TAMS 0x000000072b200000| PB 0x000000072b200000| Untracked 
|  51|0x000000072b400000, 0x000000072b400000, 0x000000072b600000|  0%| F|  |TAMS 0x000000072b400000| PB 0x000000072b400000| Untracked 
|  52|0x000000072b600000, 0x000000072b600000, 0x000000072b800000|  0%| F|  |TAMS 0x000000072b600000| PB 0x000000072b600000| Untracked 
|  53|0x000000072b800000, 0x000000072b800000, 0x000000072ba00000|  0%| F|  |TAMS 0x000000072b800000| PB 0x000000072b800000| Untracked 
|  54|0x000000072ba00000, 0x000000072ba00000, 0x000000072bc00000|  0%| F|  |TAMS 0x000000072ba00000| PB 0x000000072ba00000| Untracked 
|  55|0x000000072bc00000, 0x000000072bc00000, 0x000000072be00000|  0%| F|  |TAMS 0x000000072bc00000| PB 0x000000072bc00000| Untracked 
|  56|0x000000072be00000, 0x000000072be00000, 0x000000072c000000|  0%| F|  |TAMS 0x000000072be00000| PB 0x000000072be00000| Untracked 
|  57|0x000000072c000000, 0x000000072c000000, 0x000000072c200000|  0%| F|  |TAMS 0x000000072c000000| PB 0x000000072c000000| Untracked 
|  58|0x000000072c200000, 0x000000072c200000, 0x000000072c400000|  0%| F|  |TAMS 0x000000072c200000| PB 0x000000072c200000| Untracked 
|  59|0x000000072c400000, 0x000000072c400000, 0x000000072c600000|  0%| F|  |TAMS 0x000000072c400000| PB 0x000000072c400000| Untracked 
|  60|0x000000072c600000, 0x000000072c600000, 0x000000072c800000|  0%| F|  |TAMS 0x000000072c600000| PB 0x000000072c600000| Untracked 
|  61|0x000000072c800000, 0x000000072c800000, 0x000000072ca00000|  0%| F|  |TAMS 0x000000072c800000| PB 0x000000072c800000| Untracked 
|  62|0x000000072ca00000, 0x000000072ca00000, 0x000000072cc00000|  0%| F|  |TAMS 0x000000072ca00000| PB 0x000000072ca00000| Untracked 
|  63|0x000000072cc00000, 0x000000072cc00000, 0x000000072ce00000|  0%| F|  |TAMS 0x000000072cc00000| PB 0x000000072cc00000| Untracked 
|  64|0x000000072ce00000, 0x000000072ce00000, 0x000000072d000000|  0%| F|  |TAMS 0x000000072ce00000| PB 0x000000072ce00000| Untracked 
|  65|0x000000072d000000, 0x000000072d000000, 0x000000072d200000|  0%| F|  |TAMS 0x000000072d000000| PB 0x000000072d000000| Untracked 
|  66|0x000000072d200000, 0x000000072d200000, 0x000000072d400000|  0%| F|  |TAMS 0x000000072d200000| PB 0x000000072d200000| Untracked 
|  67|0x000000072d400000, 0x000000072d400000, 0x000000072d600000|  0%| F|  |TAMS 0x000000072d400000| PB 0x000000072d400000| Untracked 
|  68|0x000000072d600000, 0x000000072d600000, 0x000000072d800000|  0%| F|  |TAMS 0x000000072d600000| PB 0x000000072d600000| Untracked 
|  69|0x000000072d800000, 0x000000072d800000, 0x000000072da00000|  0%| F|  |TAMS 0x000000072d800000| PB 0x000000072d800000| Untracked 
|  70|0x000000072da00000, 0x000000072da00000, 0x000000072dc00000|  0%| F|  |TAMS 0x000000072da00000| PB 0x000000072da00000| Untracked 
|  71|0x000000072dc00000, 0x000000072dc00000, 0x000000072de00000|  0%| F|  |TAMS 0x000000072dc00000| PB 0x000000072dc00000| Untracked 
|  72|0x000000072de00000, 0x000000072de00000, 0x000000072e000000|  0%| F|  |TAMS 0x000000072de00000| PB 0x000000072de00000| Untracked 
|  73|0x000000072e000000, 0x000000072e000000, 0x000000072e200000|  0%| F|  |TAMS 0x000000072e000000| PB 0x000000072e000000| Untracked 
|  74|0x000000072e200000, 0x000000072e200000, 0x000000072e400000|  0%| F|  |TAMS 0x000000072e200000| PB 0x000000072e200000| Untracked 
|  75|0x000000072e400000, 0x000000072e400000, 0x000000072e600000|  0%| F|  |TAMS 0x000000072e400000| PB 0x000000072e400000| Untracked 
|  76|0x000000072e600000, 0x000000072e600000, 0x000000072e800000|  0%| F|  |TAMS 0x000000072e600000| PB 0x000000072e600000| Untracked 
|  77|0x000000072e800000, 0x000000072e800000, 0x000000072ea00000|  0%| F|  |TAMS 0x000000072e800000| PB 0x000000072e800000| Untracked 
|  78|0x000000072ea00000, 0x000000072ea00000, 0x000000072ec00000|  0%| F|  |TAMS 0x000000072ea00000| PB 0x000000072ea00000| Untracked 
|  79|0x000000072ec00000, 0x000000072ec00000, 0x000000072ee00000|  0%| F|  |TAMS 0x000000072ec00000| PB 0x000000072ec00000| Untracked 
|  80|0x000000072ee00000, 0x000000072ee00000, 0x000000072f000000|  0%| F|  |TAMS 0x000000072ee00000| PB 0x000000072ee00000| Untracked 
|  81|0x000000072f000000, 0x000000072f000000, 0x000000072f200000|  0%| F|  |TAMS 0x000000072f000000| PB 0x000000072f000000| Untracked 
|  82|0x000000072f200000, 0x000000072f200000, 0x000000072f400000|  0%| F|  |TAMS 0x000000072f200000| PB 0x000000072f200000| Untracked 
|  83|0x000000072f400000, 0x000000072f400000, 0x000000072f600000|  0%| F|  |TAMS 0x000000072f400000| PB 0x000000072f400000| Untracked 
|  84|0x000000072f600000, 0x000000072f600000, 0x000000072f800000|  0%| F|  |TAMS 0x000000072f600000| PB 0x000000072f600000| Untracked 
|  85|0x000000072f800000, 0x000000072f800000, 0x000000072fa00000|  0%| F|  |TAMS 0x000000072f800000| PB 0x000000072f800000| Untracked 
|  86|0x000000072fa00000, 0x000000072fc00000, 0x000000072fc00000|100%| S|CS|TAMS 0x000000072fa00000| PB 0x000000072fa00000| Complete 
|  87|0x000000072fc00000, 0x000000072fe00000, 0x000000072fe00000|100%| S|CS|TAMS 0x000000072fc00000| PB 0x000000072fc00000| Complete 
|  88|0x000000072fe00000, 0x0000000730000000, 0x0000000730000000|100%| S|CS|TAMS 0x000000072fe00000| PB 0x000000072fe00000| Complete 
|  89|0x0000000730000000, 0x0000000730000000, 0x0000000730200000|  0%| F|  |TAMS 0x0000000730000000| PB 0x0000000730000000| Untracked 
|  90|0x0000000730200000, 0x0000000730200000, 0x0000000730400000|  0%| F|  |TAMS 0x0000000730200000| PB 0x0000000730200000| Untracked 
|  91|0x0000000730400000, 0x0000000730400000, 0x0000000730600000|  0%| F|  |TAMS 0x0000000730400000| PB 0x0000000730400000| Untracked 
|  92|0x0000000730600000, 0x0000000730600000, 0x0000000730800000|  0%| F|  |TAMS 0x0000000730600000| PB 0x0000000730600000| Untracked 
|  93|0x0000000730800000, 0x0000000730800000, 0x0000000730a00000|  0%| F|  |TAMS 0x0000000730800000| PB 0x0000000730800000| Untracked 
|  94|0x0000000730a00000, 0x0000000730a00000, 0x0000000730c00000|  0%| F|  |TAMS 0x0000000730a00000| PB 0x0000000730a00000| Untracked 
|  95|0x0000000730c00000, 0x0000000730c00000, 0x0000000730e00000|  0%| F|  |TAMS 0x0000000730c00000| PB 0x0000000730c00000| Untracked 
|  96|0x0000000730e00000, 0x0000000730f43160, 0x0000000731000000| 63%| E|  |TAMS 0x0000000730e00000| PB 0x0000000730e00000| Complete 
|  97|0x0000000731000000, 0x0000000731200000, 0x0000000731200000|100%| E|CS|TAMS 0x0000000731000000| PB 0x0000000731000000| Complete 
|  98|0x0000000731200000, 0x0000000731400000, 0x0000000731400000|100%| E|CS|TAMS 0x0000000731200000| PB 0x0000000731200000| Complete 
|  99|0x0000000731400000, 0x0000000731600000, 0x0000000731600000|100%| E|CS|TAMS 0x0000000731400000| PB 0x0000000731400000| Complete 
| 100|0x0000000731600000, 0x0000000731800000, 0x0000000731800000|100%| E|CS|TAMS 0x0000000731600000| PB 0x0000000731600000| Complete 
| 101|0x0000000731800000, 0x0000000731a00000, 0x0000000731a00000|100%| E|CS|TAMS 0x0000000731800000| PB 0x0000000731800000| Complete 
| 102|0x0000000731a00000, 0x0000000731c00000, 0x0000000731c00000|100%| E|CS|TAMS 0x0000000731a00000| PB 0x0000000731a00000| Complete 
| 103|0x0000000731c00000, 0x0000000731e00000, 0x0000000731e00000|100%| E|CS|TAMS 0x0000000731c00000| PB 0x0000000731c00000| Complete 
| 104|0x0000000731e00000, 0x0000000732000000, 0x0000000732000000|100%| E|CS|TAMS 0x0000000731e00000| PB 0x0000000731e00000| Complete 
| 105|0x0000000732000000, 0x0000000732200000, 0x0000000732200000|100%| E|CS|TAMS 0x0000000732000000| PB 0x0000000732000000| Complete 
| 106|0x0000000732200000, 0x0000000732400000, 0x0000000732400000|100%| E|CS|TAMS 0x0000000732200000| PB 0x0000000732200000| Complete 
| 107|0x0000000732400000, 0x0000000732600000, 0x0000000732600000|100%| E|CS|TAMS 0x0000000732400000| PB 0x0000000732400000| Complete 
| 108|0x0000000732600000, 0x0000000732800000, 0x0000000732800000|100%| E|CS|TAMS 0x0000000732600000| PB 0x0000000732600000| Complete 
| 109|0x0000000732800000, 0x0000000732a00000, 0x0000000732a00000|100%| E|CS|TAMS 0x0000000732800000| PB 0x0000000732800000| Complete 

Card table byte_map: [0x0000019ffcb10000,0x0000019ffd1f0000] _byte_map_base: 0x0000019ff91e9000

Marking Bits: (CMBitMap*) 0x0000019fe4adf510
 Bits: [0x0000019f80000000, 0x0000019f836c8000)

Polling page: 0x0000019fe2a80000

Metaspace:

Usage:
  Non-class:     14.17 MB used.
      Class:      2.43 MB used.
       Both:     16.59 MB used.

Virtual space:
  Non-class space:       64.00 MB reserved,      14.38 MB ( 22%) committed,  1 nodes.
      Class space:        1.00 GB reserved,       2.56 MB ( <1%) committed,  1 nodes.
             Both:        1.06 GB reserved,      16.94 MB (  2%) committed. 

Chunk freelists:
   Non-Class:  1.08 MB
       Class:  13.38 MB
        Both:  14.45 MB

MaxMetaspaceSize: unlimited
CompressedClassSpaceSize: 1.00 GB
Initial GC threshold: 21.00 MB
Current GC threshold: 21.00 MB
CDS: on
 - commit_granule_bytes: 65536.
 - commit_granule_words: 8192.
 - virtual_space_node_default_size: 8388608.
 - enlarge_chunks_in_place: 1.
 - use_allocation_guard: 0.


Internal statistics:

num_allocs_failed_limit: 0.
num_arena_births: 404.
num_arena_deaths: 0.
num_vsnodes_births: 2.
num_vsnodes_deaths: 0.
num_space_committed: 271.
num_space_uncommitted: 0.
num_chunks_returned_to_freelist: 0.
num_chunks_taken_from_freelist: 966.
num_chunk_merges: 0.
num_chunk_splits: 654.
num_chunks_enlarged: 467.
num_inconsistent_stats: 0.

CodeHeap 'non-profiled nmethods': size=120000Kb used=1265Kb max_used=1265Kb free=118734Kb
 bounds [0x0000019ff49b0000, 0x0000019ff4c20000, 0x0000019ffbee0000]
CodeHeap 'profiled nmethods': size=120000Kb used=6005Kb max_used=6005Kb free=113994Kb
 bounds [0x0000019fecee0000, 0x0000019fed4c0000, 0x0000019ff4410000]
CodeHeap 'non-nmethods': size=5760Kb used=1810Kb max_used=1848Kb free=3949Kb
 bounds [0x0000019ff4410000, 0x0000019ff4680000, 0x0000019ff49b0000]
 total_blobs=3961 nmethods=3137 adapters=727
 compilation: enabled
              stopped_count=0, restarted_count=0
 full_count=0

Compilation events (20 events):
Event: 6.266 Thread 0x0000019fffe5c620 3129       3       com.sun.javafx.tk.quantum.GlassViewEventHandler$$Lambda/0x0000019f8527b280::get (8 bytes)
Event: 6.267 Thread 0x0000019fffe5c620 nmethod 3129 0x0000019fed4b9d90 code [0x0000019fed4b9fc0, 0x0000019fed4ba5f8]
Event: 6.267 Thread 0x0000019fffe5c620 3130       3       com.sun.javafx.tk.quantum.GlassViewEventHandler::lambda$handleMouseEvent$2 (18 bytes)
Event: 6.268 Thread 0x0000019fffe5c620 nmethod 3130 0x0000019fed4ba910 code [0x0000019fed4bab40, 0x0000019fed4bb108]
Event: 6.268 Thread 0x0000019fffe5c620 3131       3       javafx.scene.Scene::processMouseEvent (10 bytes)
Event: 6.268 Thread 0x0000019fffe5c620 nmethod 3131 0x0000019fed4bb410 code [0x0000019fed4bb5c0, 0x0000019fed4bb710]
Event: 8.652 Thread 0x0000019fffe5c620 3132       1       com.sun.glass.ui.Application::hasWindowManager (2 bytes)
Event: 8.652 Thread 0x0000019fffe5c620 nmethod 3132 0x0000019ff4aebd10 code [0x0000019ff4aebea0, 0x0000019ff4aebf68]
Event: 8.700 Thread 0x0000019fffe5c620 3133       1       com.sun.glass.ui.Screen::getPlatformScaleX (5 bytes)
Event: 8.701 Thread 0x0000019fffe5c620 nmethod 3133 0x0000019ff4aec010 code [0x0000019ff4aec1a0, 0x0000019ff4aec268]
Event: 8.701 Thread 0x0000019fffe5c620 3134       1       com.sun.glass.ui.Screen::getPlatformScaleY (5 bytes)
Event: 8.701 Thread 0x0000019fffe5c620 nmethod 3134 0x0000019ff4aec310 code [0x0000019ff4aec4a0, 0x0000019ff4aec568]
Event: 9.860 Thread 0x0000019fffe5c620 3135       3       com.sun.glass.ui.Window::handleWindowEvent (18 bytes)
Event: 9.861 Thread 0x0000019fffe5c620 nmethod 3135 0x0000019fed4bb810 code [0x0000019fed4bb9c0, 0x0000019fed4bbbf0]
Event: 9.861 Thread 0x0000019fffe5c620 3136       3       com.sun.javafx.tk.quantum.GlassWindowEventHandler::handleWindowEvent (22 bytes)
Event: 9.862 Thread 0x0000019fffe5c620 nmethod 3136 0x0000019fed4bbd10 code [0x0000019fed4bbf20, 0x0000019fed4bc538]
Event: 9.881 Thread 0x0000019fffe5c620 3137       3       com.sun.glass.ui.Window::getX (8 bytes)
Event: 9.882 Thread 0x0000019fffe5c620 nmethod 3137 0x0000019fed4bc790 code [0x0000019fed4bc960, 0x0000019fed4bccc8]
Event: 9.882 Thread 0x0000019fffe5c620 3138       3       com.sun.glass.ui.Window::getY (8 bytes)
Event: 9.882 Thread 0x0000019fffe5c620 nmethod 3138 0x0000019fed4bce10 code [0x0000019fed4bcfe0, 0x0000019fed4bd348]

GC Heap History (4 events):
Event: 0.555 GC heap before
{Heap before GC invocations=0 (full 0):
 garbage-first heap   total 225280K, used 22528K [0x0000000724e00000, 0x0000000800000000)
  region size 2048K, 11 young (22528K), 0 survivors (0K)
 Metaspace       used 4597K, committed 4800K, reserved 1114112K
  class space    used 505K, committed 640K, reserved 1048576K
}
Event: 0.558 GC heap after
{Heap after GC invocations=1 (full 0):
 garbage-first heap   total 225280K, used 2794K [0x0000000724e00000, 0x0000000800000000)
  region size 2048K, 2 young (4096K), 2 survivors (4096K)
 Metaspace       used 4597K, committed 4800K, reserved 1114112K
  class space    used 505K, committed 640K, reserved 1048576K
}
Event: 1.039 GC heap before
{Heap before GC invocations=1 (full 0):
 garbage-first heap   total 225280K, used 41706K [0x0000000724e00000, 0x0000000800000000)
  region size 2048K, 21 young (43008K), 2 survivors (4096K)
 Metaspace       used 13326K, committed 13632K, reserved 1114112K
  class space    used 1961K, committed 2048K, reserved 1048576K
}
Event: 1.042 GC heap after
{Heap after GC invocations=2 (full 0):
 garbage-first heap   total 225280K, used 6303K [0x0000000724e00000, 0x0000000800000000)
  region size 2048K, 3 young (6144K), 3 survivors (6144K)
 Metaspace       used 13326K, committed 13632K, reserved 1114112K
  class space    used 1961K, committed 2048K, reserved 1048576K
}

Dll operation events (20 events):
Event: 0.304 Loaded shared library C:\Users\Nursultan\.openjfx\cache\21-ea+null\amd64\api-ms-win-crt-locale-l1-1-0.dll
Event: 0.306 Loaded shared library C:\Users\Nursultan\.openjfx\cache\21-ea+null\amd64\api-ms-win-crt-math-l1-1-0.dll
Event: 0.307 Loaded shared library C:\Users\Nursultan\.openjfx\cache\21-ea+null\amd64\api-ms-win-crt-multibyte-l1-1-0.dll
Event: 0.310 Loaded shared library C:\Users\Nursultan\.openjfx\cache\21-ea+null\amd64\api-ms-win-crt-private-l1-1-0.dll
Event: 0.312 Loaded shared library C:\Users\Nursultan\.openjfx\cache\21-ea+null\amd64\api-ms-win-crt-process-l1-1-0.dll
Event: 0.314 Loaded shared library C:\Users\Nursultan\.openjfx\cache\21-ea+null\amd64\api-ms-win-crt-runtime-l1-1-0.dll
Event: 0.315 Loaded shared library C:\Users\Nursultan\.openjfx\cache\21-ea+null\amd64\api-ms-win-crt-stdio-l1-1-0.dll
Event: 0.317 Loaded shared library C:\Users\Nursultan\.openjfx\cache\21-ea+null\amd64\api-ms-win-crt-string-l1-1-0.dll
Event: 0.319 Loaded shared library C:\Users\Nursultan\.openjfx\cache\21-ea+null\amd64\api-ms-win-crt-time-l1-1-0.dll
Event: 0.321 Loaded shared library C:\Users\Nursultan\.openjfx\cache\21-ea+null\amd64\api-ms-win-crt-utility-l1-1-0.dll
Event: 0.332 Loaded shared library C:\Users\Nursultan\.openjfx\cache\21-ea+null\amd64\ucrtbase.dll
Event: 0.335 Loaded shared library C:\Users\Nursultan\.openjfx\cache\21-ea+null\amd64\vcruntime140.dll
Event: 0.337 Loaded shared library C:\Users\Nursultan\.openjfx\cache\21-ea+null\amd64\vcruntime140_1.dll
Event: 0.344 Loaded shared library C:\Users\Nursultan\.openjfx\cache\21-ea+null\amd64\msvcp140.dll
Event: 0.346 Loaded shared library C:\Users\Nursultan\.openjfx\cache\21-ea+null\amd64\msvcp140_1.dll
Event: 0.349 Loaded shared library C:\Users\Nursultan\.openjfx\cache\21-ea+null\amd64\msvcp140_2.dll
Event: 0.379 Loaded shared library C:\Users\Nursultan\.openjfx\cache\21-ea+null\amd64\prism_d3d.dll
Event: 0.412 Loaded shared library C:\Users\Nursultan\.openjfx\cache\21-ea+null\amd64\glass.dll
Event: 0.584 Loaded shared library C:\Users\Nursultan\.jdks\openjdk-21.0.1\bin\jimage.dll
Event: 0.744 Loaded shared library C:\Users\Nursultan\.openjfx\cache\21-ea+null\amd64\javafx_font.dll

Deoptimization events (20 events):
Event: 2.702 Thread 0x0000019fc97e9680 Uncommon trap: trap_request=0xffffffde fr.pc=0x0000019ff4a521a8 relative=0x0000000000000868
Event: 2.702 Thread 0x0000019fc97e9680 Uncommon trap: reason=class_check action=maybe_recompile pc=0x0000019ff4a521a8 method=java.util.HashMap.putVal(ILjava/lang/Object;Ljava/lang/Object;ZZ)Ljava/lang/Object; @ 91 c2
Event: 2.702 Thread 0x0000019fc97e9680 DEOPT PACKING pc=0x0000019ff4a521a8 sp=0x000000390acfc1e0
Event: 2.702 Thread 0x0000019fc97e9680 DEOPT UNPACKING pc=0x0000019ff44646a2 sp=0x000000390acfc170 mode 2
Event: 2.704 Thread 0x0000019fc97e9680 Uncommon trap: trap_request=0xffffffde fr.pc=0x0000019ff4a521a8 relative=0x0000000000000868
Event: 2.704 Thread 0x0000019fc97e9680 Uncommon trap: reason=class_check action=maybe_recompile pc=0x0000019ff4a521a8 method=java.util.HashMap.putVal(ILjava/lang/Object;Ljava/lang/Object;ZZ)Ljava/lang/Object; @ 91 c2
Event: 2.704 Thread 0x0000019fc97e9680 DEOPT PACKING pc=0x0000019ff4a521a8 sp=0x000000390acfc1e0
Event: 2.704 Thread 0x0000019fc97e9680 DEOPT UNPACKING pc=0x0000019ff44646a2 sp=0x000000390acfc170 mode 2
Event: 4.051 Thread 0x0000019fc952ac80 DEOPT PACKING pc=0x0000019fed341ad2 sp=0x000000390aafd700
Event: 4.051 Thread 0x0000019fc952ac80 DEOPT UNPACKING pc=0x0000019ff4464e42 sp=0x000000390aafcb58 mode 0
Event: 4.227 Thread 0x0000019fc952ac80 DEOPT PACKING pc=0x0000019fed341b8f sp=0x000000390aafd420
Event: 4.227 Thread 0x0000019fc952ac80 DEOPT UNPACKING pc=0x0000019ff4464e42 sp=0x000000390aafc888 mode 0
Event: 4.234 Thread 0x0000019fc952ac80 DEOPT PACKING pc=0x0000019fed341ad2 sp=0x000000390aafd700
Event: 4.234 Thread 0x0000019fc952ac80 DEOPT UNPACKING pc=0x0000019ff4464e42 sp=0x000000390aafcb58 mode 0
Event: 5.213 Thread 0x0000019fc97e9680 DEOPT PACKING pc=0x0000019fecfd36ce sp=0x000000390acf7340
Event: 5.213 Thread 0x0000019fc97e9680 DEOPT UNPACKING pc=0x0000019ff4464e42 sp=0x000000390acf67e0 mode 0
Event: 5.262 Thread 0x0000019fc97e9680 DEOPT PACKING pc=0x0000019fed2a3798 sp=0x000000390acf7320
Event: 5.262 Thread 0x0000019fc97e9680 DEOPT UNPACKING pc=0x0000019ff4464e42 sp=0x000000390acf6808 mode 0
Event: 5.277 Thread 0x0000019fc97e9680 DEOPT PACKING pc=0x0000019fed2a3798 sp=0x000000390acf7460
Event: 5.278 Thread 0x0000019fc97e9680 DEOPT UNPACKING pc=0x0000019ff4464e42 sp=0x000000390acf6948 mode 0

Classes loaded (20 events):
Event: 1.171 Loading class java/lang/invoke/DirectMethodHandle$StaticAccessor
Event: 1.171 Loading class java/lang/invoke/DirectMethodHandle$StaticAccessor done
Event: 1.206 Loading class java/util/EnumMap$Values
Event: 1.206 Loading class java/util/EnumMap$Values done
Event: 1.206 Loading class java/util/EnumMap$ValueIterator
Event: 1.206 Loading class java/util/EnumMap$EnumMapIterator
Event: 1.206 Loading class java/util/EnumMap$EnumMapIterator done
Event: 1.206 Loading class java/util/EnumMap$ValueIterator done
Event: 2.522 Loading class java/io/UnsupportedEncodingException
Event: 2.523 Loading class java/io/UnsupportedEncodingException done
Event: 2.674 Loading class java/lang/Byte$ByteCache
Event: 2.674 Loading class java/lang/Byte$ByteCache done
Event: 2.675 Loading class java/lang/Short$ShortCache
Event: 2.675 Loading class java/lang/Short$ShortCache done
Event: 2.783 Loading class java/util/BitSet
Event: 2.783 Loading class java/util/BitSet done
Event: 2.847 Loading class java/lang/FdLibm$Atan2
Event: 2.847 Loading class java/lang/FdLibm$Atan2 done
Event: 64.161 Loading class jdk/internal/misc/Signal$1
Event: 64.161 Loading class jdk/internal/misc/Signal$1 done

Classes unloaded (0 events):
No events

Classes redefined (0 events):
No events

Internal exceptions (20 events):
Event: 1.117 Thread 0x0000019fc97e9680 Exception <a 'java/lang/NoSuchMethodError'{0x00000007322b5ce8}: 'long java.lang.invoke.DirectMethodHandle$Holder.invokeStaticInit(java.lang.Object, java.lang.Object, java.lang.Object)'> (0x00000007322b5ce8) 
thrown [s\open\src\hotspot\share\interpreter\linkResolver.cpp, line 773]
Event: 1.118 Thread 0x0000019fc97e9680 Exception <a 'java/lang/NoSuchMethodError'{0x00000007322ca2e0}: 'java.lang.Object java.lang.invoke.DirectMethodHandle$Holder.newInvokeSpecial(java.lang.Object, java.lang.Object, long)'> (0x00000007322ca2e0) 
thrown [s\open\src\hotspot\share\interpreter\linkResolver.cpp, line 773]
Event: 1.118 Thread 0x0000019fc97e9680 Exception <a 'java/lang/NoSuchMethodError'{0x00000007322cdbd8}: 'java.lang.Object java.lang.invoke.Invokers$Holder.linkToTargetMethod(java.lang.Object, long, java.lang.Object)'> (0x00000007322cdbd8) 
thrown [s\open\src\hotspot\share\interpreter\linkResolver.cpp, line 773]
Event: 1.147 Thread 0x0000019fc952ac80 Exception <a 'java/lang/NoSuchMethodError'{0x00000007320e0dd0}: 'java.lang.Object java.lang.invoke.DirectMethodHandle$Holder.invokeStaticInit(java.lang.Object, int)'> (0x00000007320e0dd0) 
thrown [s\open\src\hotspot\share\interpreter\linkResolver.cpp, line 773]
Event: 2.670 Thread 0x0000019fc97e9680 Exception <a 'java/io/FileNotFoundException'{0x0000000731a819e8}> (0x0000000731a819e8) 
thrown [s\open\src\hotspot\share\prims\jni.cpp, line 520]
Event: 2.670 Thread 0x0000019fc97e9680 Exception <a 'java/io/FileNotFoundException'{0x0000000731a82cc8}> (0x0000000731a82cc8) 
thrown [s\open\src\hotspot\share\prims\jni.cpp, line 520]
Event: 2.685 Thread 0x0000019fc97e9680 Exception <a 'java/lang/NoSuchMethodError'{0x0000000731ae52a8}: 'java.lang.Object java.lang.invoke.DelegatingMethodHandle$Holder.reinvoke_L(java.lang.Object, double, double, double, double)'> (0x0000000731ae52a8) 
thrown [s\open\src\hotspot\share\interpreter\linkResolver.cpp, line 773]
Event: 2.687 Thread 0x0000019fc97e9680 Exception <a 'java/lang/NoSuchMethodError'{0x0000000731af01e0}: 'java.lang.Object java.lang.invoke.DirectMethodHandle$Holder.invokeStatic(java.lang.Object, java.lang.Object, int)'> (0x0000000731af01e0) 
thrown [s\open\src\hotspot\share\interpreter\linkResolver.cpp, line 773]
Event: 2.688 Thread 0x0000019fc97e9680 Exception <a 'java/lang/NoSuchMethodError'{0x0000000731af4068}: 'void java.lang.invoke.DirectMethodHandle$Holder.invokeStatic(java.lang.Object, java.lang.Object, int, java.lang.Object)'> (0x0000000731af4068) 
thrown [s\open\src\hotspot\share\interpreter\linkResolver.cpp, line 773]
Event: 2.688 Thread 0x0000019fc97e9680 Exception <a 'java/lang/NoSuchMethodError'{0x0000000731afafe0}: 'void java.lang.invoke.DelegatingMethodHandle$Holder.delegate(java.lang.Object, java.lang.Object, int, java.lang.Object)'> (0x0000000731afafe0) 
thrown [s\open\src\hotspot\share\interpreter\linkResolver.cpp, line 773]
Event: 2.716 Thread 0x0000019fc97e9680 Exception <a 'java/io/FileNotFoundException'{0x0000000731ba1560}> (0x0000000731ba1560) 
thrown [s\open\src\hotspot\share\prims\jni.cpp, line 520]
Event: 2.716 Thread 0x0000019fc97e9680 Exception <a 'java/io/FileNotFoundException'{0x0000000731ba28b8}> (0x0000000731ba28b8) 
thrown [s\open\src\hotspot\share\prims\jni.cpp, line 520]
Event: 2.717 Thread 0x0000019fc97e9680 Exception <a 'java/lang/NoSuchMethodError'{0x0000000731ba80d0}: 'java.lang.Object java.lang.invoke.DirectMethodHandle$Holder.newInvokeSpecial(java.lang.Object, double)'> (0x0000000731ba80d0) 
thrown [s\open\src\hotspot\share\interpreter\linkResolver.cpp, line 773]
Event: 2.791 Thread 0x0000019fc97e9680 Exception <a 'java/lang/NoSuchMethodError'{0x00000007316e7578}: 'java.lang.Object java.lang.invoke.DirectMethodHandle$Holder.invokeStatic(java.lang.Object, int, java.lang.Object)'> (0x00000007316e7578) 
thrown [s\open\src\hotspot\share\interpreter\linkResolver.cpp, line 773]
Event: 4.345 Thread 0x0000019fc97e9680 Exception <a 'java/io/FileNotFoundException'{0x000000073175d9c8}> (0x000000073175d9c8) 
thrown [s\open\src\hotspot\share\prims\jni.cpp, line 520]
Event: 4.345 Thread 0x0000019fc97e9680 Exception <a 'java/io/FileNotFoundException'{0x000000073175ef58}> (0x000000073175ef58) 
thrown [s\open\src\hotspot\share\prims\jni.cpp, line 520]
Event: 5.221 Thread 0x0000019fc97e9680 Exception <a 'java/io/FileNotFoundException'{0x00000007315633c8}> (0x00000007315633c8) 
thrown [s\open\src\hotspot\share\prims\jni.cpp, line 520]
Event: 5.221 Thread 0x0000019fc97e9680 Exception <a 'java/io/FileNotFoundException'{0x0000000731564eb8}> (0x0000000731564eb8) 
thrown [s\open\src\hotspot\share\prims\jni.cpp, line 520]
Event: 5.270 Thread 0x0000019fc97e9680 Exception <a 'java/io/FileNotFoundException'{0x00000007315edcd0}> (0x00000007315edcd0) 
thrown [s\open\src\hotspot\share\prims\jni.cpp, line 520]
Event: 5.270 Thread 0x0000019fc97e9680 Exception <a 'java/io/FileNotFoundException'{0x00000007315ef838}> (0x00000007315ef838) 
thrown [s\open\src\hotspot\share\prims\jni.cpp, line 520]

ZGC Phase Switch (0 events):
No events

VM Operations (20 events):
Event: 1.057 Executing VM operation: HandshakeAllThreads (Deoptimize) done
Event: 2.057 Executing VM operation: Cleanup
Event: 2.057 Executing VM operation: Cleanup done
Event: 2.683 Executing VM operation: HandshakeAllThreads (Deoptimize)
Event: 2.683 Executing VM operation: HandshakeAllThreads (Deoptimize) done
Event: 2.687 Executing VM operation: HandshakeAllThreads (Deoptimize)
Event: 2.687 Executing VM operation: HandshakeAllThreads (Deoptimize) done
Event: 2.764 Executing VM operation: ICBufferFull
Event: 2.764 Executing VM operation: ICBufferFull done
Event: 4.471 Executing VM operation: ICBufferFull
Event: 4.471 Executing VM operation: ICBufferFull done
Event: 6.471 Executing VM operation: Cleanup
Event: 6.472 Executing VM operation: Cleanup done
Event: 7.472 Executing VM operation: Cleanup
Event: 7.472 Executing VM operation: Cleanup done
Event: 60.168 Executing VM operation: HandshakeAllThreads (HandshakeForDeflation)
Event: 60.168 Executing VM operation: HandshakeAllThreads (HandshakeForDeflation) done
Event: 60.168 Executing VM operation: RendezvousGCThreads
Event: 60.168 Executing VM operation: RendezvousGCThreads done
Event: 64.165 Executing VM operation: Exit

Events (20 events):
Event: 0.539 Thread 0x0000019fca04fda0 Thread added: 0x0000019fca04fda0
Event: 0.548 Thread 0x0000019fca043e40 Thread added: 0x0000019fca043e40
Event: 0.979 Thread 0x0000019fdb6ea780 Thread added: 0x0000019fdb6ea780
Event: 1.167 Thread 0x0000019fca6847d0 Thread added: 0x0000019fca6847d0
Event: 1.356 Thread 0x0000019f83afb630 Thread exited: 0x0000019f83afb630
Event: 1.404 Thread 0x0000019f8392d140 Thread exited: 0x0000019f8392d140
Event: 2.697 Thread 0x0000019fca0ec610 Thread added: 0x0000019fca0ec610
Event: 2.737 Thread 0x0000019fca204b80 Thread added: 0x0000019fca204b80
Event: 2.940 Thread 0x0000019fca204b80 Thread exited: 0x0000019fca204b80
Event: 2.988 Thread 0x0000019fca0ec610 Thread exited: 0x0000019fca0ec610
Event: 5.336 Thread 0x0000019fca67d080 Thread added: 0x0000019fca67d080
Event: 5.367 Thread 0x0000019f83a61d10 Thread added: 0x0000019f83a61d10
Event: 5.566 Thread 0x0000019f83a61d10 Thread exited: 0x0000019f83a61d10
Event: 5.664 Thread 0x0000019fca67d080 Thread exited: 0x0000019fca67d080
Event: 64.162 Thread 0x0000019fe2905ad0 Thread added: 0x0000019fe2905ad0
Event: 64.163 Thread 0x0000019fc9665d50 Thread added: 0x0000019fc9665d50
Event: 64.163 Thread 0x0000019fc9664310 Thread added: 0x0000019fc9664310
Event: 64.164 Thread 0x0000019fc9664310 Thread exited: 0x0000019fc9664310
Event: 64.165 Thread 0x0000019fc9665d50 Thread exited: 0x0000019fc9665d50
Event: 64.165 Thread 0x0000019fffe53d90 Thread exited: 0x0000019fffe53d90


Dynamic libraries:
0x00007ff7f07f0000 - 0x00007ff7f07fe000 	C:\Users\Nursultan\.jdks\openjdk-21.0.1\bin\java.exe
0x00007fffa4cb0000 - 0x00007fffa4ea8000 	C:\Windows\SYSTEM32\ntdll.dll
0x00007fffa47f0000 - 0x00007fffa48ad000 	C:\Windows\System32\KERNEL32.DLL
0x00007fffa28c0000 - 0x00007fffa2bb6000 	C:\Windows\System32\KERNELBASE.dll
0x00007fffa2510000 - 0x00007fffa2610000 	C:\Windows\System32\ucrtbase.dll
0x00007fff94230000 - 0x00007fff9424b000 	C:\Users\Nursultan\.jdks\openjdk-21.0.1\bin\VCRUNTIME140.dll
0x00007fff94210000 - 0x00007fff94228000 	C:\Users\Nursultan\.jdks\openjdk-21.0.1\bin\jli.dll
0x00007fffa3a30000 - 0x00007fffa3bce000 	C:\Windows\System32\USER32.dll
0x00007fff88810000 - 0x00007fff88aaa000 	C:\Windows\WinSxS\amd64_microsoft.windows.common-controls_6595b64144ccf1df_6.0.19041.3636_none_60b6a03d71f818d5\COMCTL32.dll
0x00007fffa2ce0000 - 0x00007fffa2d02000 	C:\Windows\System32\win32u.dll
0x00007fffa44b0000 - 0x00007fffa454e000 	C:\Windows\System32\msvcrt.dll
0x00007fffa2d70000 - 0x00007fffa2d9c000 	C:\Windows\System32\GDI32.dll
0x00007fffa2bc0000 - 0x00007fffa2cda000 	C:\Windows\System32\gdi32full.dll
0x00007fffa2610000 - 0x00007fffa26ad000 	C:\Windows\System32\msvcp_win.dll
0x00007fffa48b0000 - 0x00007fffa48e0000 	C:\Windows\System32\IMM32.DLL
0x00007fff9e8b0000 - 0x00007fff9e8bc000 	C:\Users\Nursultan\.jdks\openjdk-21.0.1\bin\vcruntime140_1.dll
0x00007fff91710000 - 0x00007fff9179e000 	C:\Users\Nursultan\.jdks\openjdk-21.0.1\bin\msvcp140.dll
0x00007fff62970000 - 0x00007fff63685000 	C:\Users\Nursultan\.jdks\openjdk-21.0.1\bin\server\jvm.dll
0x00007fffa45b0000 - 0x00007fffa465f000 	C:\Windows\System32\ADVAPI32.dll
0x00007fffa4750000 - 0x00007fffa47ec000 	C:\Windows\System32\sechost.dll
0x00007fffa3c60000 - 0x00007fffa3d86000 	C:\Windows\System32\RPCRT4.dll
0x00007fffa46e0000 - 0x00007fffa474b000 	C:\Windows\System32\WS2_32.dll
0x00007fffa1940000 - 0x00007fffa198b000 	C:\Windows\SYSTEM32\POWRPROF.dll
0x00007fff970a0000 - 0x00007fff970c7000 	C:\Windows\SYSTEM32\WINMM.dll
0x00007fff970d0000 - 0x00007fff970da000 	C:\Windows\SYSTEM32\VERSION.dll
0x00007fffa17b0000 - 0x00007fffa17c2000 	C:\Windows\SYSTEM32\UMPDC.dll
0x00007fffa0be0000 - 0x00007fffa0bf2000 	C:\Windows\SYSTEM32\kernel.appcore.dll
0x00007fff9c750000 - 0x00007fff9c75a000 	C:\Users\Nursultan\.jdks\openjdk-21.0.1\bin\jimage.dll
0x00007fffa0200000 - 0x00007fffa03e4000 	C:\Windows\SYSTEM32\DBGHELP.DLL
0x00007fff8f450000 - 0x00007fff8f484000 	C:\Windows\SYSTEM32\dbgcore.DLL
0x00007fffa2450000 - 0x00007fffa24d2000 	C:\Windows\System32\bcryptPrimitives.dll
0x00007fff9f3b0000 - 0x00007fff9f3bf000 	C:\Users\Nursultan\.jdks\openjdk-21.0.1\bin\instrument.dll
0x00007fff941f0000 - 0x00007fff9420f000 	C:\Users\Nursultan\.jdks\openjdk-21.0.1\bin\java.dll
0x00007fffa32e0000 - 0x00007fffa3a24000 	C:\Windows\System32\SHELL32.dll
0x00007fffa0430000 - 0x00007fffa0bcb000 	C:\Windows\SYSTEM32\windows.storage.dll
0x00007fffa4050000 - 0x00007fffa43a4000 	C:\Windows\System32\combase.dll
0x00007fffa1dd0000 - 0x00007fffa1dfd000 	C:\Windows\SYSTEM32\Wldp.dll
0x00007fffa3230000 - 0x00007fffa32dd000 	C:\Windows\System32\SHCORE.dll
0x00007fffa2d10000 - 0x00007fffa2d65000 	C:\Windows\System32\shlwapi.dll
0x00007fffa22c0000 - 0x00007fffa22e5000 	C:\Windows\SYSTEM32\profapi.dll
0x00007fff64650000 - 0x00007fff64727000 	C:\Users\Nursultan\.jdks\openjdk-21.0.1\bin\jsvml.dll
0x00007fff9b8e0000 - 0x00007fff9b8f0000 	C:\Users\Nursultan\.jdks\openjdk-21.0.1\bin\net.dll
0x00007fff9e4a0000 - 0x00007fff9e5aa000 	C:\Windows\SYSTEM32\WINHTTP.dll
0x00007fffa1b30000 - 0x00007fffa1b9a000 	C:\Windows\system32\mswsock.dll
0x00007fff92410000 - 0x00007fff92426000 	C:\Users\Nursultan\.jdks\openjdk-21.0.1\bin\nio.dll
0x00007fff923d0000 - 0x00007fff923e8000 	C:\Users\Nursultan\.jdks\openjdk-21.0.1\bin\zip.dll
0x00007fff81f90000 - 0x00007fff81faa000 	C:\Program Files\JetBrains\IntelliJ IDEA 2023.2.5\bin\breakgen64.dll
0x0000019f83c00000 - 0x0000019f83c03000 	C:\Users\Nursultan\.openjfx\cache\21-ea+null\amd64\api-ms-win-core-console-l1-1-0.dll
0x0000019f83c10000 - 0x0000019f83c13000 	C:\Users\Nursultan\.openjfx\cache\21-ea+null\amd64\api-ms-win-core-console-l1-2-0.dll
0x0000019f83c20000 - 0x0000019f83c23000 	C:\Users\Nursultan\.openjfx\cache\21-ea+null\amd64\api-ms-win-core-datetime-l1-1-0.dll
0x0000019f83c30000 - 0x0000019f83c33000 	C:\Users\Nursultan\.openjfx\cache\21-ea+null\amd64\api-ms-win-core-debug-l1-1-0.dll
0x0000019f83c40000 - 0x0000019f83c43000 	C:\Users\Nursultan\.openjfx\cache\21-ea+null\amd64\api-ms-win-core-errorhandling-l1-1-0.dll
0x0000019f83c50000 - 0x0000019f83c54000 	C:\Users\Nursultan\.openjfx\cache\21-ea+null\amd64\api-ms-win-core-file-l1-1-0.dll
0x0000019f83c60000 - 0x0000019f83c63000 	C:\Users\Nursultan\.openjfx\cache\21-ea+null\amd64\api-ms-win-core-file-l1-2-0.dll
0x0000019f83c70000 - 0x0000019f83c73000 	C:\Users\Nursultan\.openjfx\cache\21-ea+null\amd64\api-ms-win-core-file-l2-1-0.dll
0x0000019f83c80000 - 0x0000019f83c83000 	C:\Users\Nursultan\.openjfx\cache\21-ea+null\amd64\api-ms-win-core-handle-l1-1-0.dll
0x0000019f83c90000 - 0x0000019f83c93000 	C:\Users\Nursultan\.openjfx\cache\21-ea+null\amd64\api-ms-win-core-heap-l1-1-0.dll
0x0000019f83ca0000 - 0x0000019f83ca3000 	C:\Users\Nursultan\.openjfx\cache\21-ea+null\amd64\api-ms-win-core-interlocked-l1-1-0.dll
0x0000019f83cb0000 - 0x0000019f83cb3000 	C:\Users\Nursultan\.openjfx\cache\21-ea+null\amd64\api-ms-win-core-libraryloader-l1-1-0.dll
0x0000019f83cc0000 - 0x0000019f83cc3000 	C:\Users\Nursultan\.openjfx\cache\21-ea+null\amd64\api-ms-win-core-localization-l1-2-0.dll
0x0000019f83cd0000 - 0x0000019f83cd3000 	C:\Users\Nursultan\.openjfx\cache\21-ea+null\amd64\api-ms-win-core-memory-l1-1-0.dll
0x0000019f83ce0000 - 0x0000019f83ce3000 	C:\Users\Nursultan\.openjfx\cache\21-ea+null\amd64\api-ms-win-core-namedpipe-l1-1-0.dll
0x0000019f83cf0000 - 0x0000019f83cf3000 	C:\Users\Nursultan\.openjfx\cache\21-ea+null\amd64\api-ms-win-core-processenvironment-l1-1-0.dll
0x0000019f83d00000 - 0x0000019f83d03000 	C:\Users\Nursultan\.openjfx\cache\21-ea+null\amd64\api-ms-win-core-processthreads-l1-1-0.dll
0x0000019f83d10000 - 0x0000019f83d13000 	C:\Users\Nursultan\.openjfx\cache\21-ea+null\amd64\api-ms-win-core-processthreads-l1-1-1.dll
0x0000019f83d20000 - 0x0000019f83d23000 	C:\Users\Nursultan\.openjfx\cache\21-ea+null\amd64\api-ms-win-core-profile-l1-1-0.dll
0x0000019f83d30000 - 0x0000019f83d33000 	C:\Users\Nursultan\.openjfx\cache\21-ea+null\amd64\api-ms-win-core-rtlsupport-l1-1-0.dll
0x0000019f83d40000 - 0x0000019f83d43000 	C:\Users\Nursultan\.openjfx\cache\21-ea+null\amd64\api-ms-win-core-string-l1-1-0.dll
0x0000019f83d50000 - 0x0000019f83d53000 	C:\Users\Nursultan\.openjfx\cache\21-ea+null\amd64\api-ms-win-core-synch-l1-1-0.dll
0x0000019f83d60000 - 0x0000019f83d63000 	C:\Users\Nursultan\.openjfx\cache\21-ea+null\amd64\api-ms-win-core-synch-l1-2-0.dll
0x0000019f83d70000 - 0x0000019f83d73000 	C:\Users\Nursultan\.openjfx\cache\21-ea+null\amd64\api-ms-win-core-sysinfo-l1-1-0.dll
0x0000019f83d80000 - 0x0000019f83d83000 	C:\Users\Nursultan\.openjfx\cache\21-ea+null\amd64\api-ms-win-core-timezone-l1-1-0.dll
0x0000019f83d90000 - 0x0000019f83d93000 	C:\Users\Nursultan\.openjfx\cache\21-ea+null\amd64\api-ms-win-core-util-l1-1-0.dll
0x0000019f83da0000 - 0x0000019f83da3000 	C:\Users\Nursultan\.openjfx\cache\21-ea+null\amd64\api-ms-win-crt-conio-l1-1-0.dll
0x0000019f83db0000 - 0x0000019f83db4000 	C:\Users\Nursultan\.openjfx\cache\21-ea+null\amd64\api-ms-win-crt-convert-l1-1-0.dll
0x0000019f83dc0000 - 0x0000019f83dc3000 	C:\Users\Nursultan\.openjfx\cache\21-ea+null\amd64\api-ms-win-crt-environment-l1-1-0.dll
0x0000019f83dd0000 - 0x0000019f83dd3000 	C:\Users\Nursultan\.openjfx\cache\21-ea+null\amd64\api-ms-win-crt-filesystem-l1-1-0.dll
0x0000019f83de0000 - 0x0000019f83de3000 	C:\Users\Nursultan\.openjfx\cache\21-ea+null\amd64\api-ms-win-crt-heap-l1-1-0.dll
0x0000019f83df0000 - 0x0000019f83df3000 	C:\Users\Nursultan\.openjfx\cache\21-ea+null\amd64\api-ms-win-crt-locale-l1-1-0.dll
0x0000019f83e00000 - 0x0000019f83e05000 	C:\Users\Nursultan\.openjfx\cache\21-ea+null\amd64\api-ms-win-crt-math-l1-1-0.dll
0x0000019f83e10000 - 0x0000019f83e15000 	C:\Users\Nursultan\.openjfx\cache\21-ea+null\amd64\api-ms-win-crt-multibyte-l1-1-0.dll
0x0000019f83e20000 - 0x0000019f83e30000 	C:\Users\Nursultan\.openjfx\cache\21-ea+null\amd64\api-ms-win-crt-private-l1-1-0.dll
0x0000019f83e30000 - 0x0000019f83e33000 	C:\Users\Nursultan\.openjfx\cache\21-ea+null\amd64\api-ms-win-crt-process-l1-1-0.dll
0x0000019f83e40000 - 0x0000019f83e44000 	C:\Users\Nursultan\.openjfx\cache\21-ea+null\amd64\api-ms-win-crt-runtime-l1-1-0.dll
0x0000019f83e50000 - 0x0000019f83e54000 	C:\Users\Nursultan\.openjfx\cache\21-ea+null\amd64\api-ms-win-crt-stdio-l1-1-0.dll
0x0000019f83e60000 - 0x0000019f83e64000 	C:\Users\Nursultan\.openjfx\cache\21-ea+null\amd64\api-ms-win-crt-string-l1-1-0.dll
0x0000019f83e70000 - 0x0000019f83e73000 	C:\Users\Nursultan\.openjfx\cache\21-ea+null\amd64\api-ms-win-crt-time-l1-1-0.dll
0x0000019f83e80000 - 0x0000019f83e83000 	C:\Users\Nursultan\.openjfx\cache\21-ea+null\amd64\api-ms-win-crt-utility-l1-1-0.dll
0x00007fff61ff0000 - 0x00007fff620ec000 	C:\Users\Nursultan\.openjfx\cache\21-ea+null\amd64\ucrtbase.dll
0x00007fff80790000 - 0x00007fff807ab000 	C:\Users\Nursultan\.openjfx\cache\21-ea+null\amd64\vcruntime140.dll
0x00007fff8d3e0000 - 0x00007fff8d3ec000 	C:\Users\Nursultan\.openjfx\cache\21-ea+null\amd64\vcruntime140_1.dll
0x00007fff61d90000 - 0x00007fff61e1e000 	C:\Users\Nursultan\.openjfx\cache\21-ea+null\amd64\msvcp140.dll
0x00007fffa3ec0000 - 0x00007fffa3feb000 	C:\Windows\System32\ole32.dll
0x00007fff8d340000 - 0x00007fff8d349000 	C:\Users\Nursultan\.openjfx\cache\21-ea+null\amd64\msvcp140_1.dll
0x00007fff7bf00000 - 0x00007fff7bf2f000 	C:\Users\Nursultan\.openjfx\cache\21-ea+null\amd64\msvcp140_2.dll
0x00007fff73830000 - 0x00007fff7385f000 	C:\Users\Nursultan\.openjfx\cache\21-ea+null\amd64\prism_d3d.dll
0x00007fff4cea0000 - 0x00007fff4d06d000 	C:\Windows\system32\d3d9.dll
0x00007fff9fb70000 - 0x00007fff9fb9f000 	C:\Windows\SYSTEM32\dwmapi.dll
0x00007fff9f6a0000 - 0x00007fff9f73e000 	C:\Windows\system32\uxtheme.dll
0x00007fff970e0000 - 0x00007fff9729b000 	C:\Windows\System32\DriverStore\FileRepository\u0390451.inf_amd64_39377efdd62734d1\B390182\aticfx64.dll
0x00007fff43f40000 - 0x00007fff45d0f000 	C:\Windows\System32\DriverStore\FileRepository\u0390451.inf_amd64_39377efdd62734d1\B390182\amdxn64.dll
0x00007fffa2da0000 - 0x00007fffa320e000 	C:\Windows\System32\SETUPAPI.dll
0x00007fffa2390000 - 0x00007fffa23de000 	C:\Windows\System32\cfgmgr32.dll
0x00007fffa24e0000 - 0x00007fffa2507000 	C:\Windows\System32\bcrypt.dll
0x00007fffa0c50000 - 0x00007fffa0d43000 	C:\Windows\SYSTEM32\dxgi.dll
0x00007fff950f0000 - 0x00007fff95125000 	C:\Windows\SYSTEM32\amdihk64.dll
0x00007fff63d10000 - 0x00007fff63d52000 	C:\Users\Nursultan\.openjfx\cache\21-ea+null\amd64\glass.dll
0x00007fffa43c0000 - 0x00007fffa449a000 	C:\Windows\System32\COMDLG32.dll
0x00007fffa3df0000 - 0x00007fffa3ebd000 	C:\Windows\System32\OLEAUT32.dll
0x00007fffa48f0000 - 0x00007fffa4a04000 	C:\Windows\System32\MSCTF.dll
0x00007fff98480000 - 0x00007fff984bb000 	C:\Windows\SYSTEM32\dxcore.dll
0x00007fff64b40000 - 0x00007fff64b54000 	C:\Users\Nursultan\.openjfx\cache\21-ea+null\amd64\javafx_font.dll
0x00007fff811a0000 - 0x00007fff8141f000 	C:\Windows\SYSTEM32\dwrite.dll
0x00007fffa4bc0000 - 0x00007fffa4c69000 	C:\Windows\System32\clbcatq.dll
0x00007fff9ae90000 - 0x00007fff9b044000 	C:\Windows\SYSTEM32\WindowsCodecs.dll
0x00007fff84cb0000 - 0x00007fff84cee000 	C:\Windows\system32\dataexchange.dll
0x00007fff9d8b0000 - 0x00007fff9da93000 	C:\Windows\system32\dcomp.dll
0x00007fff9d080000 - 0x00007fff9d2e3000 	C:\Windows\system32\d3d11.dll
0x00007fff9aaa0000 - 0x00007fff9aca7000 	C:\Windows\system32\twinapi.appcore.dll
0x00007fff64610000 - 0x00007fff64644000 	C:\Program Files\Common Files\Microsoft Shared\Ink\rtscom.dll
0x00007fff92ca0000 - 0x00007fff92d9a000 	C:\Windows\SYSTEM32\textinputframework.dll
0x00007fff9e250000 - 0x00007fff9e342000 	C:\Windows\System32\CoreMessaging.dll
0x00007fff9db70000 - 0x00007fff9decb000 	C:\Windows\System32\CoreUIComponents.dll
0x00007fff9ee30000 - 0x00007fff9ef85000 	C:\Windows\SYSTEM32\wintypes.dll
0x00007fffa1530000 - 0x00007fffa1563000 	C:\Windows\SYSTEM32\ntmarta.dll

dbghelp: loaded successfully - version: 4.0.5 - missing functions: none
symbol engine: initialized successfully - sym options: 0x614 - pdb path: .;C:\Users\Nursultan\.jdks\openjdk-21.0.1\bin;C:\Windows\SYSTEM32;C:\Windows\WinSxS\amd64_microsoft.windows.common-controls_6595b64144ccf1df_6.0.19041.3636_none_60b6a03d71f818d5;C:\Users\Nursultan\.jdks\openjdk-21.0.1\bin\server;C:\Program Files\JetBrains\IntelliJ IDEA 2023.2.5\bin;C:\Users\Nursultan\.openjfx\cache\21-ea+null\amd64;C:\Windows\System32\DriverStore\FileRepository\u0390451.inf_amd64_39377efdd62734d1\B390182;C:\Program Files\Common Files\Microsoft Shared\Ink

VM Arguments:
jvm_args: -javaagent:C:\Program Files\JetBrains\IntelliJ IDEA 2023.2.5\lib\idea_rt.jar=49291:C:\Program Files\JetBrains\IntelliJ IDEA 2023.2.5\bin -Dfile.encoding=UTF-8 -Dsun.stdout.encoding=UTF-8 -Dsun.stderr.encoding=UTF-8 --module-path=C:\Users\Nursultan\IdeaProjects\SoftWareProject\target\classes;C:\Users\Nursultan\.m2\repository\org\openjfx\javafx-base\21-ea+24\javafx-base-21-ea+24-win.jar;C:\Users\Nursultan\.m2\repository\org\openjfx\javafx-graphics\21-ea+24\javafx-graphics-21-ea+24-win.jar;C:\Users\Nursultan\.m2\repository\org\openjfx\javafx-fxml\21-ea+24\javafx-fxml-21-ea+24-win.jar;C:\Users\Nursultan\.m2\repository\org\openjfx\javafx-controls\21-ea+24\javafx-controls-21-ea+24-win.jar -Djdk.module.main=com.example.softwareproject 
java_command: com.example.softwareproject/com.example.softwareproject.HelloApplication
java_class_path (initial): C:\Users\Nursultan\.m2\repository\org\openjfx\javafx-controls\21-ea+24\javafx-controls-21-ea+24.jar;C:\Users\Nursultan\.m2\repository\org\openjfx\javafx-graphics\21-ea+24\javafx-graphics-21-ea+24.jar;C:\Users\Nursultan\.m2\repository\org\openjfx\javafx-base\21-ea+24\javafx-base-21-ea+24.jar;C:\Users\Nursultan\.m2\repository\org\openjfx\javafx-fxml\21-ea+24\javafx-fxml-21-ea+24.jar
Launcher Type: SUN_STANDARD

[Global flags]
     intx CICompilerCount                          = 4                                         {product} {ergonomic}
     uint ConcGCThreads                            = 3                                         {product} {ergonomic}
     uint G1ConcRefinementThreads                  = 10                                        {product} {ergonomic}
   size_t G1HeapRegionSize                         = 2097152                                   {product} {ergonomic}
    uintx GCDrainStackTargetSize                   = 64                                        {product} {ergonomic}
   size_t InitialHeapSize                          = 230686720                                 {product} {ergonomic}
   size_t MarkStackSize                            = 4194304                                   {product} {ergonomic}
   size_t MaxHeapSize                              = 3676307456                                {product} {ergonomic}
   size_t MaxNewSize                               = 2204106752                                {product} {ergonomic}
   size_t MinHeapDeltaBytes                        = 2097152                                   {product} {ergonomic}
   size_t MinHeapSize                              = 8388608                                   {product} {ergonomic}
    uintx NonNMethodCodeHeapSize                   = 5839372                                {pd product} {ergonomic}
    uintx NonProfiledCodeHeapSize                  = 122909434                              {pd product} {ergonomic}
    uintx ProfiledCodeHeapSize                     = 122909434                              {pd product} {ergonomic}
    uintx ReservedCodeCacheSize                    = 251658240                              {pd product} {ergonomic}
     bool SegmentedCodeCache                       = true                                      {product} {ergonomic}
   size_t SoftMaxHeapSize                          = 3676307456                             {manageable} {ergonomic}
     bool UseCompressedOops                        = true                           {product lp64_product} {ergonomic}
     bool UseG1GC                                  = true                                      {product} {ergonomic}
     bool UseLargePagesIndividualAllocation        = false                                  {pd product} {ergonomic}

Logging:
Log output configuration:
 #0: stdout all=off uptime,level,tags foldmultilines=false
 #1: stderr all=off uptime,level,tags foldmultilines=false

Environment Variables:
PATH=C:\Windows\system32;C:\Windows;C:\Windows\System32\Wbem;C:\Windows\System32\WindowsPowerShell\v1.0\;C:\Windows\System32\OpenSSH\;C:\Program Files\Git\cmd;C:\Users\Nursultan\AppData\Local\Microsoft\WindowsApps;;C:\Program Files\JetBrains\IntelliJ IDEA 2023.2.5\bin;
USERNAME=Nursultan
OS=Windows_NT
PROCESSOR_IDENTIFIER=AMD64 Family 25 Model 68 Stepping 1, AuthenticAMD
TMP=C:\Users\NURSUL~1\AppData\Local\Temp
TEMP=C:\Users\NURSUL~1\AppData\Local\Temp




Periodic native trim disabled

---------------  S Y S T E M  ---------------

OS:
 Windows 10 , 64 bit Build 19041 (10.0.19041.3636)
OS uptime: 2 days 14:06 hours

CPU: total 12 (initial active 12) (12 cores per cpu, 2 threads per core) family 25 model 68 stepping 1 microcode 0x0, cx8, cmov, fxsr, ht, mmx, 3dnowpref, sse, sse2, sse3, ssse3, sse4a, sse4.1, sse4.2, popcnt, lzcnt, tsc, tscinvbit, avx, avx2, aes, clmul, bmi1, bmi2, adx, sha, fma, vzeroupper, clflush, clflushopt, rdtscp, rdpid, f16c, pku, cet_ss
Processor Information for processor 0
  Max Mhz: 3301, Current Mhz: 3301, Mhz Limit: 3301
Processor Information for processor 1
  Max Mhz: 3301, Current Mhz: 3301, Mhz Limit: 3301
Processor Information for processor 2
  Max Mhz: 3301, Current Mhz: 1100, Mhz Limit: 3301
Processor Information for processor 3
  Max Mhz: 3301, Current Mhz: 1100, Mhz Limit: 3301
Processor Information for processor 4
  Max Mhz: 3301, Current Mhz: 1100, Mhz Limit: 3301
Processor Information for processor 5
  Max Mhz: 3301, Current Mhz: 1100, Mhz Limit: 3301
Processor Information for processor 6
  Max Mhz: 3301, Current Mhz: 1100, Mhz Limit: 3301
Processor Information for processor 7
  Max Mhz: 3301, Current Mhz: 1100, Mhz Limit: 3301
Processor Information for processor 8
  Max Mhz: 3301, Current Mhz: 1100, Mhz Limit: 3301
Processor Information for processor 9
  Max Mhz: 3301, Current Mhz: 1100, Mhz Limit: 3301
Processor Information for processor 10
  Max Mhz: 3301, Current Mhz: 1100, Mhz Limit: 3301
Processor Information for processor 11
  Max Mhz: 3301, Current Mhz: 1100, Mhz Limit: 3301

Memory: 4k page, system-wide physical 14020M (5323M free)
TotalPageFile size 16196M (AvailPageFile size 4029M)
current process WorkingSet (physical memory assigned to process): 162M, peak: 177M
current process commit charge ("private bytes"): 438M, peak: 471M

vm_info: OpenJDK 64-Bit Server VM (21.0.1+12-29) for windows-amd64 JRE (21.0.1+12-29), built on 2023-10-05T13:27:09Z by "mach5one" with MS VC++ 17.1 (VS2022)

END.
