#
# A fatal error has been detected by the Java Runtime Environment:
#
#  EXCEPTION_ACCESS_VIOLATION (0xc0000005) at pc=0x00007fff7d2a6587, pid=8400, tid=11464
#
# JRE version: OpenJDK Runtime Environment (21.0.1+12) (build 21.0.1+12-29)
# Java VM: OpenJDK 64-Bit Server VM (21.0.1+12-29, mixed mode, sharing, tiered, compressed oops, compressed class ptrs, g1 gc, windows-amd64)
# Problematic frame:
# C  [glass.dll+0x26587]
#
# No core dump will be written. Minidumps are not enabled by default on client versions of Windows
#
# If you would like to submit a bug report, please visit:
#   https://bugreport.java.com/bugreport/crash.jsp
#

---------------  S U M M A R Y ------------

Command Line: -javaagent:C:\Program Files\JetBrains\IntelliJ IDEA 2023.2.5\lib\idea_rt.jar=61354:C:\Program Files\JetBrains\IntelliJ IDEA 2023.2.5\bin -Dfile.encoding=UTF-8 -Dsun.stdout.encoding=UTF-8 -Dsun.stderr.encoding=UTF-8 --module-path=C:\Users\Nursultan\.m2\repository\org\openjfx\javafx-controls\21-ea+24\javafx-controls-21-ea+24-win.jar;C:\Users\Nursultan\.m2\repository\org\openjfx\javafx-base\21-ea+24\javafx-base-21-ea+24-win.jar;C:\Users\Nursultan\IdeaProjects\SoftWareProject\target\classes;C:\Users\Nursultan\.m2\repository\org\openjfx\javafx-graphics\21-ea+24\javafx-graphics-21-ea+24-win.jar;C:\Users\Nursultan\.m2\repository\org\openjfx\javafx-fxml\21-ea+24\javafx-fxml-21-ea+24-win.jar -Djdk.module.main=com.example.softwareproject com.example.softwareproject/com.example.softwareproject.HelloApplication

Host: AMD Ryzen 5 6600HS Creator Edition             , 12 cores, 13G,  Windows 10 , 64 bit Build 19041 (10.0.19041.3636)
Time: Thu Dec 14 23:14:47 2023  Windows 10 , 64 bit Build 19041 (10.0.19041.3636) elapsed time: 63.456566 seconds (0d 0h 1m 3s)

---------------  T H R E A D  ---------------

Current thread (0x0000016babd80520):  VMThread "VM Thread"          [id=11464, stack(0x0000003ce7800000,0x0000003ce7900000) (1024K)]

Stack: [0x0000003ce7800000,0x0000003ce7900000],  sp=0x0000003ce78fee70,  free space=1019k
Native frames: (J=compiled Java code, j=interpreted, Vv=VM code, C=native code)
C  [glass.dll+0x26587]


siginfo: EXCEPTION_ACCESS_VIOLATION (0xc0000005), reading address 0x0000000000000000


Registers:
RAX=0x0000000000000000, RBX=0x0000016babd87ca2, RCX=0x0000016babd80520, RDX=0x0000003ce78fee70
RSP=0x0000003ce78fee70, RBP=0x0000016bf1bfaf38, RSI=0x0000016bf1bfaf10, RDI=0x00008003ae9b4b25
R8 =0x0000000000010002, R9 =0x00008003ae9b4b25, R10=0x0000000000008000, R11=0x0000003ce78fee00
R12=0x00007fff7d2a3ed0, R13=0x00007fff7d171fa0, R14=0x0000003ce78fef68, R15=0x0000016bf1bfaf10
RIP=0x00007fff7d2a6587, EFLAGS=0x0000000000010202


Register to memory mapping:

RAX=0x0 is null
RBX=0x0000016babd87ca2 is a global jni handle
RCX=0x0000016babd80520 points into unknown readable memory: 0x00007fff7cf83f88 | 88 3f f8 7c ff 7f 00 00
RDX=0x0000003ce78fee70 points into unknown readable memory: 0x0000000000000000 | 00 00 00 00 00 00 00 00
RSP=0x0000003ce78fee70 points into unknown readable memory: 0x0000000000000000 | 00 00 00 00 00 00 00 00
RBP=0x0000016bf1bfaf38 points into unknown readable memory: 0x00008003ae9b4b25 | 25 4b 9b ae 03 80 00 00
RSI=0x0000016bf1bfaf10 points into unknown readable memory: 0xa547bd03ae94b4ca | ca b4 94 ae 03 bd 47 a5
RDI=0x00008003ae9b4b25 is an unknown value
R8 =0x0000000000010002 is an unknown value
R9 =0x00008003ae9b4b25 is an unknown value
R10=0x0000000000008000 is an unknown value
R11=0x0000003ce78fee00 points into unknown readable memory: 0x0000016bf1bfaf10 | 10 af bf f1 6b 01 00 00
R12=0x00007fff7d2a3ed0 glass.dll
R13=0x00007fff7d171fa0 jvm.dll
R14=0x0000003ce78fef68 points into unknown readable memory: 0x0000003ce78fef50 | 50 ef 8f e7 3c 00 00 00
R15=0x0000016bf1bfaf10 points into unknown readable memory: 0xa547bd03ae94b4ca | ca b4 94 ae 03 bd 47 a5

Top of Stack: (sp=0x0000003ce78fee70)
0x0000003ce78fee70:   0000000000000000 0000016bf1bfaf10
0x0000003ce78fee80:   00007fff7d171fa0 00007fff7d2a3ed0
0x0000003ce78fee90:   0000016bf1bfaf18 00007fffa25242d6
0x0000003ce78feea0:   00008003ae9b4b25 0000016b00000000
0x0000003ce78feeb0:   0000016bf1bfaf38 0000016bf1bfaf10
0x0000003ce78feec0:   fffffffffffffffe 0000000000000000
0x0000003ce78feed0:   0000000000000001 00007fff7d280000
0x0000003ce78feee0:   0000003ce78fef58 00007fffa25241fb
0x0000003ce78feef0:   0000000000000000 0000003ce78fef68
0x0000003ce78fef00:   0000003ce78ff240 00007fffa2600e40
0x0000003ce78fef10:   0000000000000001 00007fffa25241b4
0x0000003ce78fef20:   0000000000000000 0000000000000001
0x0000003ce78fef30:   00007fff984b2dd0 0000003ce78fef58
0x0000003ce78fef40:   000000000000000d 00007fff7d2a3d5d
0x0000003ce78fef50:   00007fff7d2ba008 00007fff00000002
0x0000003ce78fef60:   0000000000000002 0000003ce78fef50
0x0000003ce78fef70:   0000000000000000 00007fffa4cc9993
0x0000003ce78fef80:   0000000000000000 00007fff7d2a3e82
0x0000003ce78fef90:   0000000000000001 0000000000000000
0x0000003ce78fefa0:   0000000000000000 00007fffa2600e40
0x0000003ce78fefb0:   0000016b8b0bbce8 00007fffa251f05b
0x0000003ce78fefc0:   0000016b00000001 0000000000000016
0x0000003ce78fefd0:   00007fff7d280000 000000007ffe0384
0x0000003ce78fefe0:   0000000000000000 00007fffa4cc9a1d
0x0000003ce78feff0:   00007fff7d280000 0000000000000000
0x0000003ce78ff000:   0000000000000001 000000007ffe0385
0x0000003ce78ff010:   0000000000000000 00007fffa4d0de41
0x0000003ce78ff020:   00000a548a304800 0000000000000014
0x0000003ce78ff030:   00007fff7d2a3ed0 0000000000000000
0x0000003ce78ff040:   0000000000000000 0000003ce6df0000
0x0000003ce78ff050:   0000016bf1acf230 00007fffa4d0dcda
0x0000003ce78ff060:   0000016bf19c4e20 00007fff7d280000 

Instructions: (pc=0x00007fff7d2a6587)
0x00007fff7d2a6487:   8b 4d 58 e8 8d cf ff ff 48 8b 4d 60 e8 84 cf ff
0x00007fff7d2a6497:   ff 48 8b 95 80 00 00 00 48 8b 8d 18 01 00 00 e8
0x00007fff7d2a64a7:   76 c4 ff ff 33 d2 33 c9 e8 cc e1 ff ff 90 48 89
0x00007fff7d2a64b7:   54 24 10 55 48 83 ec 20 48 8b ea 48 b8 00 00 00
0x00007fff7d2a64c7:   00 00 00 00 00 48 83 c4 20 5d c3 cc 40 55 48 8b
0x00007fff7d2a64d7:   ea 48 8b 01 33 c9 81 38 05 00 00 c0 0f 94 c1 8b
0x00007fff7d2a64e7:   c1 5d c3 cc 40 55 48 83 ec 20 48 8b ea 8a 4d 40
0x00007fff7d2a64f7:   48 83 c4 20 5d e9 73 d3 ff ff cc 40 55 48 83 ec
0x00007fff7d2a6507:   20 48 8b ea 8a 4d 20 e8 61 d3 ff ff 90 48 83 c4
0x00007fff7d2a6517:   20 5d c3 cc 40 55 48 83 ec 20 48 8b ea 48 83 c4
0x00007fff7d2a6527:   20 5d e9 c2 d1 ff ff cc 40 55 48 83 ec 30 48 8b
0x00007fff7d2a6537:   ea 48 8b 01 8b 10 48 89 4c 24 28 89 54 24 20 4c
0x00007fff7d2a6547:   8d 0d 63 d6 ff ff 4c 8b 45 70 8b 55 68 48 8b 4d
0x00007fff7d2a6557:   60 e8 03 d1 ff ff 90 48 83 c4 30 5d c3 cc cc cc
0x00007fff7d2a6567:   cc cc cc cc cc cc cc cc cc 40 53 48 83 ec 20 48
0x00007fff7d2a6577:   8b 1d 8b 34 01 00 48 85 db 74 16 e8 89 8f ff ff
0x00007fff7d2a6587:   4c 8b 00 48 8b d3 48 8b c8 41 ff 90 b0 00 00 00
0x00007fff7d2a6597:   90 48 83 c4 20 5b c3 cc cc 40 53 48 83 ec 20 48
0x00007fff7d2a65a7:   8b 1d fb 35 01 00 48 85 db 74 57 b8 ff ff ff ff
0x00007fff7d2a65b7:   f0 0f c1 43 10 83 f8 01 75 3d 48 85 db 74 38 48
0x00007fff7d2a65c7:   8b 0b 48 85 c9 74 0d ff 15 d4 0c 00 00 48 c7 03
0x00007fff7d2a65d7:   00 00 00 00 48 8b 4b 08 48 85 c9 74 0d e8 33 ce
0x00007fff7d2a65e7:   ff ff 48 c7 43 08 00 00 00 00 ba 18 00 00 00 48
0x00007fff7d2a65f7:   8b cb e8 1e ce ff ff 48 c7 05 9f 35 01 00 00 00
0x00007fff7d2a6607:   00 00 48 83 c4 20 5b c3 cc 40 53 48 83 ec 20 48
0x00007fff7d2a6617:   8b 1d 6b 35 01 00 48 85 db 74 57 b8 ff ff ff ff
0x00007fff7d2a6627:   f0 0f c1 43 10 83 f8 01 75 3d 48 85 db 74 38 48
0x00007fff7d2a6637:   8b 0b 48 85 c9 74 0d ff 15 64 0c 00 00 48 c7 03
0x00007fff7d2a6647:   00 00 00 00 48 8b 4b 08 48 85 c9 74 0d e8 c3 cd
0x00007fff7d2a6657:   ff ff 48 c7 43 08 00 00 00 00 ba 18 00 00 00 48
0x00007fff7d2a6667:   8b cb e8 ae cd ff ff 48 c7 05 0f 35 01 00 00 00
0x00007fff7d2a6677:   00 00 48 83 c4 20 5b c3 cc 40 53 48 83 ec 20 48 


Stack slot to memory mapping:

stack at sp + 0 slots: 0x0 is null
stack at sp + 1 slots: 0x0000016bf1bfaf10 points into unknown readable memory: 0xa547bd03ae94b4ca | ca b4 94 ae 03 bd 47 a5
stack at sp + 2 slots: 0x00007fff7d171fa0 jvm.dll
stack at sp + 3 slots: 0x00007fff7d2a3ed0 glass.dll
stack at sp + 4 slots: 0x0000016bf1bfaf18 points into unknown readable memory: 0x00008003ae9b4b25 | 25 4b 9b ae 03 80 00 00
stack at sp + 5 slots: 0x00007fffa25242d6 ucrtbase.dll
stack at sp + 6 slots: 0x00008003ae9b4b25 is an unknown value
stack at sp + 7 slots: 0x0000016b00000000 is an unknown value

VM_Operation (0x0000003ce6efeef0): Exit, mode: safepoint, requested by thread 0x0000016b844386c0


---------------  P R O C E S S  ---------------

Threads class SMR info:
_java_thread_list=0x0000016b8b0b6250, length=20, elements={
0x0000016b8d331a40, 0x0000016babd9ba90, 0x0000016babd9c9b0, 0x0000016babda47a0,
0x0000016babda7670, 0x0000016babdb00e0, 0x0000016babdd2b60, 0x0000016babddc640,
0x0000016babddd0e0, 0x0000016bf10ca3b0, 0x0000016bf10c9000, 0x0000016bf10c9690,
0x0000016bf10cb0d0, 0x0000016bf10cb760, 0x0000016bf10cc480, 0x0000016bf10cbdf0,
0x0000016bf10c9d20, 0x0000016bf10caa40, 0x0000016b8443e2a0, 0x0000016b844386c0
}

Java Threads: ( => current thread )
  0x0000016b8d331a40 JavaThread "main"                              [_thread_blocked, id=1624, stack(0x0000003ce7100000,0x0000003ce7200000) (1024K)]
  0x0000016babd9ba90 JavaThread "Reference Handler"          daemon [_thread_blocked, id=12228, stack(0x0000003ce7900000,0x0000003ce7a00000) (1024K)]
  0x0000016babd9c9b0 JavaThread "Finalizer"                  daemon [_thread_blocked, id=8280, stack(0x0000003ce7a00000,0x0000003ce7b00000) (1024K)]
  0x0000016babda47a0 JavaThread "Signal Dispatcher"          daemon [_thread_blocked, id=10984, stack(0x0000003ce7b00000,0x0000003ce7c00000) (1024K)]
  0x0000016babda7670 JavaThread "Attach Listener"            daemon [_thread_blocked, id=6380, stack(0x0000003ce7c00000,0x0000003ce7d00000) (1024K)]
  0x0000016babdb00e0 JavaThread "Service Thread"             daemon [_thread_blocked, id=15280, stack(0x0000003ce7d00000,0x0000003ce7e00000) (1024K)]
  0x0000016babdd2b60 JavaThread "Monitor Deflation Thread"   daemon [_thread_blocked, id=14252, stack(0x0000003ce7e00000,0x0000003ce7f00000) (1024K)]
  0x0000016babddc640 JavaThread "C2 CompilerThread0"         daemon [_thread_blocked, id=12032, stack(0x0000003ce7f00000,0x0000003ce8000000) (1024K)]
  0x0000016babddd0e0 JavaThread "C1 CompilerThread0"         daemon [_thread_blocked, id=12412, stack(0x0000003ce8000000,0x0000003ce8100000) (1024K)]
  0x0000016bf10ca3b0 JavaThread "Common-Cleaner"             daemon [_thread_blocked, id=17644, stack(0x0000003ce8100000,0x0000003ce8200000) (1024K)]
  0x0000016bf10c9000 JavaThread "Monitor Ctrl-Break"         daemon [_thread_in_native, id=13868, stack(0x0000003ce8400000,0x0000003ce8500000) (1024K)]
  0x0000016bf10c9690 JavaThread "Notification Thread"        daemon [_thread_blocked, id=1376, stack(0x0000003ce8500000,0x0000003ce8600000) (1024K)]
  0x0000016bf10cb0d0 JavaThread "QuantumRenderer-0"          daemon [_thread_blocked, id=9644, stack(0x0000003ce8600000,0x0000003ce8700000) (1024K)]
  0x0000016bf10cb760 JavaThread "InvokeLaterDispatcher"      daemon [_thread_blocked, id=13992, stack(0x0000003ce8700000,0x0000003ce8800000) (1024K)]
  0x0000016bf10cc480 JavaThread "JavaFX Application Thread"         [_thread_in_native, id=18244, stack(0x0000003ce8800000,0x0000003ce8900000) (1024K)]
  0x0000016bf10cbdf0 JavaThread "JavaFX-Launcher"                   [_thread_blocked, id=11048, stack(0x0000003ce8200000,0x0000003ce8300000) (1024K)]
  0x0000016bf10c9d20 JavaThread "Thread-2"                   daemon [_thread_in_native, id=14036, stack(0x0000003ce8300000,0x0000003ce8400000) (1024K)]
  0x0000016bf10caa40 JavaThread "Prism Font Disposer"        daemon [_thread_blocked, id=17880, stack(0x0000003ce9f00000,0x0000003cea000000) (1024K)]
  0x0000016b8443e2a0 JavaThread "Cleaner-0"                  daemon [_thread_blocked, id=7560, stack(0x0000003cea400000,0x0000003cea500000) (1024K)]
  0x0000016b844386c0 JavaThread "SIGINT handler"             daemon [_thread_blocked, id=13964, stack(0x0000003ce6e00000,0x0000003ce6f00000) (1024K)]
Total: 20

Other Threads:
=>0x0000016babd80520 VMThread "VM Thread"                           [id=11464, stack(0x0000003ce7800000,0x0000003ce7900000) (1024K)]
  0x0000016b8d38f420 WorkerThread "GC Thread#0"                     [id=8880, stack(0x0000003ce7200000,0x0000003ce7300000) (1024K)]
  0x0000016bf26fa460 WorkerThread "GC Thread#1"                     [id=17600, stack(0x0000003ce9500000,0x0000003ce9600000) (1024K)]
  0x0000016bf26fa800 WorkerThread "GC Thread#2"                     [id=11508, stack(0x0000003ce9600000,0x0000003ce9700000) (1024K)]
  0x0000016bf26ea3b0 WorkerThread "GC Thread#3"                     [id=13836, stack(0x0000003ce9700000,0x0000003ce9800000) (1024K)]
  0x0000016bf26ea750 WorkerThread "GC Thread#4"                     [id=2660, stack(0x0000003ce9800000,0x0000003ce9900000) (1024K)]
  0x0000016bf2785080 WorkerThread "GC Thread#5"                     [id=14644, stack(0x0000003ce9900000,0x0000003ce9a00000) (1024K)]
  0x0000016bf2915440 WorkerThread "GC Thread#6"                     [id=13168, stack(0x0000003cea000000,0x0000003cea100000) (1024K)]
  0x0000016bf2f94040 WorkerThread "GC Thread#7"                     [id=17240, stack(0x0000003cea100000,0x0000003cea200000) (1024K)]
  0x0000016bf29c0780 WorkerThread "GC Thread#8"                     [id=3824, stack(0x0000003cea200000,0x0000003cea300000) (1024K)]
  0x0000016b8422a2b0 WorkerThread "GC Thread#9"                     [id=17340, stack(0x0000003cea300000,0x0000003cea400000) (1024K)]
  0x0000016b8d39e0c0 ConcurrentGCThread "G1 Main Marker"            terminated
  0x0000016b8d39ebc0 WorkerThread "G1 Conc#0"                       [id=7876, stack(0x0000003ce7400000,0x0000003ce7500000) (1024K)]
  0x0000016b8d406520 ConcurrentGCThread "G1 Refine#0"               terminated
  0x0000016babc434e0 ConcurrentGCThread "G1 Service"                terminated
Total: 15

Threads with active compile tasks:
Total: 0

VM state: at safepoint (shutting down)

VM Mutex/Monitor currently owned by a thread:  ([mutex/lock_event])
[0x00007fff7d14a5f8] Threads_lock - owner thread: 0x0000016babd80520
[0x00007fff7d14a6f8] Heap_lock - owner thread: 0x0000016b844386c0

Heap address: 0x0000000724e00000, size: 3506 MB, Compressed Oops mode: Zero based, Oop shift amount: 3

CDS archive(s) mapped at: [0x0000016bac000000-0x0000016bacc90000-0x0000016bacc90000), size 13172736, SharedBaseAddress: 0x0000016bac000000, ArchiveRelocationMode: 1.
Compressed class space mapped at: 0x0000016bad000000-0x0000016bed000000, reserved size: 1073741824
Narrow klass base: 0x0000016bac000000, Narrow klass shift: 0, Narrow klass range: 0x100000000

GC Precious Log:
 CardTable entry size: 512
 Card Set container configuration: InlinePtr #cards 4 size 8 Array Of Cards #cards 16 size 48 Howl #buckets 8 coarsen threshold 3686 Howl Bitmap #cards 512 size 80 coarsen threshold 460 Card regions per heap region 1 cards per card region 4096
 CPUs: 12 total, 12 available
 Memory: 14020M
 Large Page Support: Disabled
 NUMA Support: Disabled
 Compressed Oops: Enabled (Zero based)
 Heap Region Size: 2M
 Heap Min Capacity: 8M
 Heap Initial Capacity: 220M
 Heap Max Capacity: 3506M
 Pre-touch: Disabled
 Parallel Workers: 10
 Concurrent Workers: 3
 Concurrent Refinement Workers: 10
 Periodic GC: Disabled

Heap:
 garbage-first heap   total 225280K, used 30389K [0x0000000724e00000, 0x0000000800000000)
  region size 2048K, 15 young (30720K), 3 survivors (6144K)
 Metaspace       used 16805K, committed 17216K, reserved 1114112K
  class space    used 2488K, committed 2688K, reserved 1048576K

Heap Regions: E=young(eden), S=young(survivor), O=old, HS=humongous(starts), HC=humongous(continues), CS=collection set, F=free, TAMS=top-at-mark-start, PB=parsable bottom
|   0|0x0000000724e00000, 0x0000000725000000, 0x0000000725000000|100%|HS|  |TAMS 0x0000000724e00000| PB 0x0000000724e00000| Complete 
|   1|0x0000000725000000, 0x0000000725000000, 0x0000000725200000|  0%| F|  |TAMS 0x0000000725000000| PB 0x0000000725000000| Untracked 
|   2|0x0000000725200000, 0x0000000725200000, 0x0000000725400000|  0%| F|  |TAMS 0x0000000725200000| PB 0x0000000725200000| Untracked 
|   3|0x0000000725400000, 0x0000000725400000, 0x0000000725600000|  0%| F|  |TAMS 0x0000000725400000| PB 0x0000000725400000| Untracked 
|   4|0x0000000725600000, 0x0000000725600000, 0x0000000725800000|  0%| F|  |TAMS 0x0000000725600000| PB 0x0000000725600000| Untracked 
|   5|0x0000000725800000, 0x0000000725800000, 0x0000000725a00000|  0%| F|  |TAMS 0x0000000725800000| PB 0x0000000725800000| Untracked 
|   6|0x0000000725a00000, 0x0000000725a00000, 0x0000000725c00000|  0%| F|  |TAMS 0x0000000725a00000| PB 0x0000000725a00000| Untracked 
|   7|0x0000000725c00000, 0x0000000725c00000, 0x0000000725e00000|  0%| F|  |TAMS 0x0000000725c00000| PB 0x0000000725c00000| Untracked 
|   8|0x0000000725e00000, 0x0000000725e00000, 0x0000000726000000|  0%| F|  |TAMS 0x0000000725e00000| PB 0x0000000725e00000| Untracked 
|   9|0x0000000726000000, 0x0000000726000000, 0x0000000726200000|  0%| F|  |TAMS 0x0000000726000000| PB 0x0000000726000000| Untracked 
|  10|0x0000000726200000, 0x0000000726200000, 0x0000000726400000|  0%| F|  |TAMS 0x0000000726200000| PB 0x0000000726200000| Untracked 
|  11|0x0000000726400000, 0x0000000726400000, 0x0000000726600000|  0%| F|  |TAMS 0x0000000726400000| PB 0x0000000726400000| Untracked 
|  12|0x0000000726600000, 0x0000000726600000, 0x0000000726800000|  0%| F|  |TAMS 0x0000000726600000| PB 0x0000000726600000| Untracked 
|  13|0x0000000726800000, 0x0000000726800000, 0x0000000726a00000|  0%| F|  |TAMS 0x0000000726800000| PB 0x0000000726800000| Untracked 
|  14|0x0000000726a00000, 0x0000000726a00000, 0x0000000726c00000|  0%| F|  |TAMS 0x0000000726a00000| PB 0x0000000726a00000| Untracked 
|  15|0x0000000726c00000, 0x0000000726c00000, 0x0000000726e00000|  0%| F|  |TAMS 0x0000000726c00000| PB 0x0000000726c00000| Untracked 
|  16|0x0000000726e00000, 0x0000000726e00000, 0x0000000727000000|  0%| F|  |TAMS 0x0000000726e00000| PB 0x0000000726e00000| Untracked 
|  17|0x0000000727000000, 0x0000000727000000, 0x0000000727200000|  0%| F|  |TAMS 0x0000000727000000| PB 0x0000000727000000| Untracked 
|  18|0x0000000727200000, 0x0000000727200000, 0x0000000727400000|  0%| F|  |TAMS 0x0000000727200000| PB 0x0000000727200000| Untracked 
|  19|0x0000000727400000, 0x0000000727400000, 0x0000000727600000|  0%| F|  |TAMS 0x0000000727400000| PB 0x0000000727400000| Untracked 
|  20|0x0000000727600000, 0x0000000727600000, 0x0000000727800000|  0%| F|  |TAMS 0x0000000727600000| PB 0x0000000727600000| Untracked 
|  21|0x0000000727800000, 0x0000000727800000, 0x0000000727a00000|  0%| F|  |TAMS 0x0000000727800000| PB 0x0000000727800000| Untracked 
|  22|0x0000000727a00000, 0x0000000727a00000, 0x0000000727c00000|  0%| F|  |TAMS 0x0000000727a00000| PB 0x0000000727a00000| Untracked 
|  23|0x0000000727c00000, 0x0000000727c00000, 0x0000000727e00000|  0%| F|  |TAMS 0x0000000727c00000| PB 0x0000000727c00000| Untracked 
|  24|0x0000000727e00000, 0x0000000727e00000, 0x0000000728000000|  0%| F|  |TAMS 0x0000000727e00000| PB 0x0000000727e00000| Untracked 
|  25|0x0000000728000000, 0x0000000728000000, 0x0000000728200000|  0%| F|  |TAMS 0x0000000728000000| PB 0x0000000728000000| Untracked 
|  26|0x0000000728200000, 0x0000000728200000, 0x0000000728400000|  0%| F|  |TAMS 0x0000000728200000| PB 0x0000000728200000| Untracked 
|  27|0x0000000728400000, 0x0000000728400000, 0x0000000728600000|  0%| F|  |TAMS 0x0000000728400000| PB 0x0000000728400000| Untracked 
|  28|0x0000000728600000, 0x0000000728600000, 0x0000000728800000|  0%| F|  |TAMS 0x0000000728600000| PB 0x0000000728600000| Untracked 
|  29|0x0000000728800000, 0x0000000728800000, 0x0000000728a00000|  0%| F|  |TAMS 0x0000000728800000| PB 0x0000000728800000| Untracked 
|  30|0x0000000728a00000, 0x0000000728a00000, 0x0000000728c00000|  0%| F|  |TAMS 0x0000000728a00000| PB 0x0000000728a00000| Untracked 
|  31|0x0000000728c00000, 0x0000000728c00000, 0x0000000728e00000|  0%| F|  |TAMS 0x0000000728c00000| PB 0x0000000728c00000| Untracked 
|  32|0x0000000728e00000, 0x0000000728e00000, 0x0000000729000000|  0%| F|  |TAMS 0x0000000728e00000| PB 0x0000000728e00000| Untracked 
|  33|0x0000000729000000, 0x0000000729000000, 0x0000000729200000|  0%| F|  |TAMS 0x0000000729000000| PB 0x0000000729000000| Untracked 
|  34|0x0000000729200000, 0x0000000729200000, 0x0000000729400000|  0%| F|  |TAMS 0x0000000729200000| PB 0x0000000729200000| Untracked 
|  35|0x0000000729400000, 0x0000000729400000, 0x0000000729600000|  0%| F|  |TAMS 0x0000000729400000| PB 0x0000000729400000| Untracked 
|  36|0x0000000729600000, 0x0000000729600000, 0x0000000729800000|  0%| F|  |TAMS 0x0000000729600000| PB 0x0000000729600000| Untracked 
|  37|0x0000000729800000, 0x0000000729800000, 0x0000000729a00000|  0%| F|  |TAMS 0x0000000729800000| PB 0x0000000729800000| Untracked 
|  38|0x0000000729a00000, 0x0000000729a00000, 0x0000000729c00000|  0%| F|  |TAMS 0x0000000729a00000| PB 0x0000000729a00000| Untracked 
|  39|0x0000000729c00000, 0x0000000729c00000, 0x0000000729e00000|  0%| F|  |TAMS 0x0000000729c00000| PB 0x0000000729c00000| Untracked 
|  40|0x0000000729e00000, 0x0000000729e00000, 0x000000072a000000|  0%| F|  |TAMS 0x0000000729e00000| PB 0x0000000729e00000| Untracked 
|  41|0x000000072a000000, 0x000000072a000000, 0x000000072a200000|  0%| F|  |TAMS 0x000000072a000000| PB 0x000000072a000000| Untracked 
|  42|0x000000072a200000, 0x000000072a200000, 0x000000072a400000|  0%| F|  |TAMS 0x000000072a200000| PB 0x000000072a200000| Untracked 
|  43|0x000000072a400000, 0x000000072a400000, 0x000000072a600000|  0%| F|  |TAMS 0x000000072a400000| PB 0x000000072a400000| Untracked 
|  44|0x000000072a600000, 0x000000072a600000, 0x000000072a800000|  0%| F|  |TAMS 0x000000072a600000| PB 0x000000072a600000| Untracked 
|  45|0x000000072a800000, 0x000000072a800000, 0x000000072aa00000|  0%| F|  |TAMS 0x000000072a800000| PB 0x000000072a800000| Untracked 
|  46|0x000000072aa00000, 0x000000072aa00000, 0x000000072ac00000|  0%| F|  |TAMS 0x000000072aa00000| PB 0x000000072aa00000| Untracked 
|  47|0x000000072ac00000, 0x000000072ac00000, 0x000000072ae00000|  0%| F|  |TAMS 0x000000072ac00000| PB 0x000000072ac00000| Untracked 
|  48|0x000000072ae00000, 0x000000072ae00000, 0x000000072b000000|  0%| F|  |TAMS 0x000000072ae00000| PB 0x000000072ae00000| Untracked 
|  49|0x000000072b000000, 0x000000072b000000, 0x000000072b200000|  0%| F|  |TAMS 0x000000072b000000| PB 0x000000072b000000| Untracked 
|  50|0x000000072b200000, 0x000000072b200000, 0x000000072b400000|  0%| F|  |TAMS 0x000000072b200000| PB 0x000000072b200000| Untracked 
|  51|0x000000072b400000, 0x000000072b400000, 0x000000072b600000|  0%| F|  |TAMS 0x000000072b400000| PB 0x000000072b400000| Untracked 
|  52|0x000000072b600000, 0x000000072b600000, 0x000000072b800000|  0%| F|  |TAMS 0x000000072b600000| PB 0x000000072b600000| Untracked 
|  53|0x000000072b800000, 0x000000072b800000, 0x000000072ba00000|  0%| F|  |TAMS 0x000000072b800000| PB 0x000000072b800000| Untracked 
|  54|0x000000072ba00000, 0x000000072ba00000, 0x000000072bc00000|  0%| F|  |TAMS 0x000000072ba00000| PB 0x000000072ba00000| Untracked 
|  55|0x000000072bc00000, 0x000000072bc00000, 0x000000072be00000|  0%| F|  |TAMS 0x000000072bc00000| PB 0x000000072bc00000| Untracked 
|  56|0x000000072be00000, 0x000000072be00000, 0x000000072c000000|  0%| F|  |TAMS 0x000000072be00000| PB 0x000000072be00000| Untracked 
|  57|0x000000072c000000, 0x000000072c000000, 0x000000072c200000|  0%| F|  |TAMS 0x000000072c000000| PB 0x000000072c000000| Untracked 
|  58|0x000000072c200000, 0x000000072c200000, 0x000000072c400000|  0%| F|  |TAMS 0x000000072c200000| PB 0x000000072c200000| Untracked 
|  59|0x000000072c400000, 0x000000072c400000, 0x000000072c600000|  0%| F|  |TAMS 0x000000072c400000| PB 0x000000072c400000| Untracked 
|  60|0x000000072c600000, 0x000000072c600000, 0x000000072c800000|  0%| F|  |TAMS 0x000000072c600000| PB 0x000000072c600000| Untracked 
|  61|0x000000072c800000, 0x000000072c800000, 0x000000072ca00000|  0%| F|  |TAMS 0x000000072c800000| PB 0x000000072c800000| Untracked 
|  62|0x000000072ca00000, 0x000000072ca00000, 0x000000072cc00000|  0%| F|  |TAMS 0x000000072ca00000| PB 0x000000072ca00000| Untracked 
|  63|0x000000072cc00000, 0x000000072cc00000, 0x000000072ce00000|  0%| F|  |TAMS 0x000000072cc00000| PB 0x000000072cc00000| Untracked 
|  64|0x000000072ce00000, 0x000000072ce00000, 0x000000072d000000|  0%| F|  |TAMS 0x000000072ce00000| PB 0x000000072ce00000| Untracked 
|  65|0x000000072d000000, 0x000000072d000000, 0x000000072d200000|  0%| F|  |TAMS 0x000000072d000000| PB 0x000000072d000000| Untracked 
|  66|0x000000072d200000, 0x000000072d200000, 0x000000072d400000|  0%| F|  |TAMS 0x000000072d200000| PB 0x000000072d200000| Untracked 
|  67|0x000000072d400000, 0x000000072d400000, 0x000000072d600000|  0%| F|  |TAMS 0x000000072d400000| PB 0x000000072d400000| Untracked 
|  68|0x000000072d600000, 0x000000072d600000, 0x000000072d800000|  0%| F|  |TAMS 0x000000072d600000| PB 0x000000072d600000| Untracked 
|  69|0x000000072d800000, 0x000000072d800000, 0x000000072da00000|  0%| F|  |TAMS 0x000000072d800000| PB 0x000000072d800000| Untracked 
|  70|0x000000072da00000, 0x000000072da00000, 0x000000072dc00000|  0%| F|  |TAMS 0x000000072da00000| PB 0x000000072da00000| Untracked 
|  71|0x000000072dc00000, 0x000000072dc00000, 0x000000072de00000|  0%| F|  |TAMS 0x000000072dc00000| PB 0x000000072dc00000| Untracked 
|  72|0x000000072de00000, 0x000000072de00000, 0x000000072e000000|  0%| F|  |TAMS 0x000000072de00000| PB 0x000000072de00000| Untracked 
|  73|0x000000072e000000, 0x000000072e000000, 0x000000072e200000|  0%| F|  |TAMS 0x000000072e000000| PB 0x000000072e000000| Untracked 
|  74|0x000000072e200000, 0x000000072e200000, 0x000000072e400000|  0%| F|  |TAMS 0x000000072e200000| PB 0x000000072e200000| Untracked 
|  75|0x000000072e400000, 0x000000072e400000, 0x000000072e600000|  0%| F|  |TAMS 0x000000072e400000| PB 0x000000072e400000| Untracked 
|  76|0x000000072e600000, 0x000000072e600000, 0x000000072e800000|  0%| F|  |TAMS 0x000000072e600000| PB 0x000000072e600000| Untracked 
|  77|0x000000072e800000, 0x000000072e800000, 0x000000072ea00000|  0%| F|  |TAMS 0x000000072e800000| PB 0x000000072e800000| Untracked 
|  78|0x000000072ea00000, 0x000000072ea00000, 0x000000072ec00000|  0%| F|  |TAMS 0x000000072ea00000| PB 0x000000072ea00000| Untracked 
|  79|0x000000072ec00000, 0x000000072ec00000, 0x000000072ee00000|  0%| F|  |TAMS 0x000000072ec00000| PB 0x000000072ec00000| Untracked 
|  80|0x000000072ee00000, 0x000000072ee00000, 0x000000072f000000|  0%| F|  |TAMS 0x000000072ee00000| PB 0x000000072ee00000| Untracked 
|  81|0x000000072f000000, 0x000000072f000000, 0x000000072f200000|  0%| F|  |TAMS 0x000000072f000000| PB 0x000000072f000000| Untracked 
|  82|0x000000072f200000, 0x000000072f200000, 0x000000072f400000|  0%| F|  |TAMS 0x000000072f200000| PB 0x000000072f200000| Untracked 
|  83|0x000000072f400000, 0x000000072f400000, 0x000000072f600000|  0%| F|  |TAMS 0x000000072f400000| PB 0x000000072f400000| Untracked 
|  84|0x000000072f600000, 0x000000072f600000, 0x000000072f800000|  0%| F|  |TAMS 0x000000072f600000| PB 0x000000072f600000| Untracked 
|  85|0x000000072f800000, 0x000000072f800000, 0x000000072fa00000|  0%| F|  |TAMS 0x000000072f800000| PB 0x000000072f800000| Untracked 
|  86|0x000000072fa00000, 0x000000072fbad510, 0x000000072fc00000| 83%| S|CS|TAMS 0x000000072fa00000| PB 0x000000072fa00000| Complete 
|  87|0x000000072fc00000, 0x000000072fe00000, 0x000000072fe00000|100%| S|CS|TAMS 0x000000072fc00000| PB 0x000000072fc00000| Complete 
|  88|0x000000072fe00000, 0x0000000730000000, 0x0000000730000000|100%| S|CS|TAMS 0x000000072fe00000| PB 0x000000072fe00000| Complete 
|  89|0x0000000730000000, 0x0000000730000000, 0x0000000730200000|  0%| F|  |TAMS 0x0000000730000000| PB 0x0000000730000000| Untracked 
|  90|0x0000000730200000, 0x0000000730200000, 0x0000000730400000|  0%| F|  |TAMS 0x0000000730200000| PB 0x0000000730200000| Untracked 
|  91|0x0000000730400000, 0x0000000730400000, 0x0000000730600000|  0%| F|  |TAMS 0x0000000730400000| PB 0x0000000730400000| Untracked 
|  92|0x0000000730600000, 0x0000000730600000, 0x0000000730800000|  0%| F|  |TAMS 0x0000000730600000| PB 0x0000000730600000| Untracked 
|  93|0x0000000730800000, 0x0000000730800000, 0x0000000730a00000|  0%| F|  |TAMS 0x0000000730800000| PB 0x0000000730800000| Untracked 
|  94|0x0000000730a00000, 0x0000000730a00000, 0x0000000730c00000|  0%| F|  |TAMS 0x0000000730a00000| PB 0x0000000730a00000| Untracked 
|  95|0x0000000730c00000, 0x0000000730c00000, 0x0000000730e00000|  0%| F|  |TAMS 0x0000000730c00000| PB 0x0000000730c00000| Untracked 
|  96|0x0000000730e00000, 0x0000000730e00000, 0x0000000731000000|  0%| F|  |TAMS 0x0000000730e00000| PB 0x0000000730e00000| Untracked 
|  97|0x0000000731000000, 0x0000000731000000, 0x0000000731200000|  0%| F|  |TAMS 0x0000000731000000| PB 0x0000000731000000| Untracked 
|  98|0x0000000731200000, 0x000000073126c068, 0x0000000731400000| 21%| E|  |TAMS 0x0000000731200000| PB 0x0000000731200000| Complete 
|  99|0x0000000731400000, 0x0000000731600000, 0x0000000731600000|100%| E|CS|TAMS 0x0000000731400000| PB 0x0000000731400000| Complete 
| 100|0x0000000731600000, 0x0000000731800000, 0x0000000731800000|100%| E|CS|TAMS 0x0000000731600000| PB 0x0000000731600000| Complete 
| 101|0x0000000731800000, 0x0000000731a00000, 0x0000000731a00000|100%| E|CS|TAMS 0x0000000731800000| PB 0x0000000731800000| Complete 
| 102|0x0000000731a00000, 0x0000000731c00000, 0x0000000731c00000|100%| E|CS|TAMS 0x0000000731a00000| PB 0x0000000731a00000| Complete 
| 103|0x0000000731c00000, 0x0000000731e00000, 0x0000000731e00000|100%| E|CS|TAMS 0x0000000731c00000| PB 0x0000000731c00000| Complete 
| 104|0x0000000731e00000, 0x0000000732000000, 0x0000000732000000|100%| E|CS|TAMS 0x0000000731e00000| PB 0x0000000731e00000| Complete 
| 105|0x0000000732000000, 0x0000000732200000, 0x0000000732200000|100%| E|CS|TAMS 0x0000000732000000| PB 0x0000000732000000| Complete 
| 106|0x0000000732200000, 0x0000000732400000, 0x0000000732400000|100%| E|CS|TAMS 0x0000000732200000| PB 0x0000000732200000| Complete 
| 107|0x0000000732400000, 0x0000000732600000, 0x0000000732600000|100%| E|CS|TAMS 0x0000000732400000| PB 0x0000000732400000| Complete 
| 108|0x0000000732600000, 0x0000000732800000, 0x0000000732800000|100%| E|CS|TAMS 0x0000000732600000| PB 0x0000000732600000| Complete 
| 109|0x0000000732800000, 0x0000000732a00000, 0x0000000732a00000|100%| E|CS|TAMS 0x0000000732800000| PB 0x0000000732800000| Complete 

Card table byte_map: [0x0000016ba53c0000,0x0000016ba5aa0000] _byte_map_base: 0x0000016ba1a99000

Marking Bits: (CMBitMap*) 0x0000016b8d38fb20
 Bits: [0x0000016ba5aa0000, 0x0000016ba9168000)

Polling page: 0x0000016b8cb10000

Metaspace:

Usage:
  Non-class:     13.98 MB used.
      Class:      2.43 MB used.
       Both:     16.41 MB used.

Virtual space:
  Non-class space:       64.00 MB reserved,      14.19 MB ( 22%) committed,  1 nodes.
      Class space:        1.00 GB reserved,       2.62 MB ( <1%) committed,  1 nodes.
             Both:        1.06 GB reserved,      16.81 MB (  2%) committed. 

Chunk freelists:
   Non-Class:  1.31 MB
       Class:  13.36 MB
        Both:  14.67 MB

MaxMetaspaceSize: unlimited
CompressedClassSpaceSize: 1.00 GB
Initial GC threshold: 21.00 MB
Current GC threshold: 21.00 MB
CDS: on
 - commit_granule_bytes: 65536.
 - commit_granule_words: 8192.
 - virtual_space_node_default_size: 8388608.
 - enlarge_chunks_in_place: 1.
 - use_allocation_guard: 0.


Internal statistics:

num_allocs_failed_limit: 0.
num_arena_births: 402.
num_arena_deaths: 0.
num_vsnodes_births: 2.
num_vsnodes_deaths: 0.
num_space_committed: 269.
num_space_uncommitted: 0.
num_chunks_returned_to_freelist: 0.
num_chunks_taken_from_freelist: 952.
num_chunk_merges: 0.
num_chunk_splits: 648.
num_chunks_enlarged: 474.
num_inconsistent_stats: 0.

CodeHeap 'non-profiled nmethods': size=120000Kb used=1120Kb max_used=1120Kb free=118879Kb
 bounds [0x0000016b9d260000, 0x0000016b9d4d0000, 0x0000016ba4790000]
CodeHeap 'profiled nmethods': size=120000Kb used=5301Kb max_used=5301Kb free=114699Kb
 bounds [0x0000016b95790000, 0x0000016b95cc0000, 0x0000016b9ccc0000]
CodeHeap 'non-nmethods': size=5760Kb used=1810Kb max_used=1827Kb free=3949Kb
 bounds [0x0000016b9ccc0000, 0x0000016b9cf30000, 0x0000016b9d260000]
 total_blobs=3736 nmethods=2913 adapters=727
 compilation: enabled
              stopped_count=0, restarted_count=0
 full_count=0

Compilation events (20 events):
Event: 7.906 Thread 0x0000016babddd0e0 2905       3       com.sun.javafx.tk.quantum.GlassViewEventHandler$$Lambda/0x0000016bad259e90::<init> (10 bytes)
Event: 7.906 Thread 0x0000016babddd0e0 nmethod 2905 0x0000016b95cb9090 code [0x0000016b95cb9240, 0x0000016b95cb9400]
Event: 7.906 Thread 0x0000016babddd0e0 2906       3       com.sun.javafx.tk.quantum.GlassViewEventHandler$$Lambda/0x0000016bad259e90::get (8 bytes)
Event: 7.907 Thread 0x0000016babddd0e0 nmethod 2906 0x0000016b95cb9490 code [0x0000016b95cb96c0, 0x0000016b95cb9d08]
Event: 7.907 Thread 0x0000016babddd0e0 2907       3       com.sun.javafx.tk.quantum.GlassViewEventHandler::lambda$handleMouseEvent$2 (18 bytes)
Event: 7.908 Thread 0x0000016babddd0e0 nmethod 2907 0x0000016b95cba010 code [0x0000016b95cba240, 0x0000016b95cba818]
Event: 7.908 Thread 0x0000016babddd0e0 2908       3       com.sun.javafx.tk.quantum.GlassViewEventHandler$MouseEventNotification::run (5 bytes)
Event: 7.908 Thread 0x0000016babddd0e0 nmethod 2908 0x0000016b95cbab10 code [0x0000016b95cbacc0, 0x0000016b95cbae18]
Event: 7.908 Thread 0x0000016babddd0e0 2909   !   3       com.sun.javafx.tk.quantum.GlassViewEventHandler$MouseEventNotification::run (703 bytes)
Event: 7.911 Thread 0x0000016babddd0e0 nmethod 2909 0x0000016b95cbaf10 code [0x0000016b95cbb200, 0x0000016b95cbc5e0]
Event: 8.401 Thread 0x0000016babddc640 2910       4       com.sun.javafx.geom.RectBounds::deriveWithNewBounds (96 bytes)
Event: 8.403 Thread 0x0000016babddc640 nmethod 2910 0x0000016b9d377490 code [0x0000016b9d377620, 0x0000016b9d377770]
Event: 10.588 Thread 0x0000016babddd0e0 2911       3       com.sun.javafx.css.PseudoClassState::cast (21 bytes)
Event: 10.589 Thread 0x0000016babddd0e0 nmethod 2911 0x0000016b95cbce10 code [0x0000016b95cbcfe0, 0x0000016b95cbd2f0]
Event: 14.507 Thread 0x0000016babddd0e0 2912       1       javafx.scene.input.KeyCode::getCode (5 bytes)
Event: 14.507 Thread 0x0000016babddd0e0 nmethod 2912 0x0000016b9d377890 code [0x0000016b9d377a20, 0x0000016b9d377ae8]
Event: 29.911 Thread 0x0000016babddd0e0 2913       1       javafx.scene.Node$FocusPropertyBase::get (5 bytes)
Event: 29.911 Thread 0x0000016babddd0e0 nmethod 2913 0x0000016b9d377b90 code [0x0000016b9d377d20, 0x0000016b9d377df0]
Event: 30.534 Thread 0x0000016babddc640 2914       4       com.sun.javafx.collections.VetoableListDecorator::get (11 bytes)
Event: 30.537 Thread 0x0000016babddc640 nmethod 2914 0x0000016b9d377e90 code [0x0000016b9d378040, 0x0000016b9d3781f8]

GC Heap History (4 events):
Event: 0.476 GC heap before
{Heap before GC invocations=0 (full 0):
 garbage-first heap   total 225280K, used 22528K [0x0000000724e00000, 0x0000000800000000)
  region size 2048K, 11 young (22528K), 0 survivors (0K)
 Metaspace       used 4627K, committed 4864K, reserved 1114112K
  class space    used 509K, committed 640K, reserved 1048576K
}
Event: 0.479 GC heap after
{Heap after GC invocations=1 (full 0):
 garbage-first heap   total 225280K, used 2687K [0x0000000724e00000, 0x0000000800000000)
  region size 2048K, 2 young (4096K), 2 survivors (4096K)
 Metaspace       used 4627K, committed 4864K, reserved 1114112K
  class space    used 509K, committed 640K, reserved 1048576K
}
Event: 0.876 GC heap before
{Heap before GC invocations=1 (full 0):
 garbage-first heap   total 225280K, used 39551K [0x0000000724e00000, 0x0000000800000000)
  region size 2048K, 21 young (43008K), 2 survivors (4096K)
 Metaspace       used 13310K, committed 13632K, reserved 1114112K
  class space    used 2055K, committed 2176K, reserved 1048576K
}
Event: 0.880 GC heap after
{Heap after GC invocations=2 (full 0):
 garbage-first heap   total 225280K, used 5813K [0x0000000724e00000, 0x0000000800000000)
  region size 2048K, 3 young (6144K), 3 survivors (6144K)
 Metaspace       used 13310K, committed 13632K, reserved 1114112K
  class space    used 2055K, committed 2176K, reserved 1048576K
}

Dll operation events (20 events):
Event: 0.259 Loaded shared library C:\Users\Nursultan\.openjfx\cache\21-ea+null\amd64\api-ms-win-crt-locale-l1-1-0.dll
Event: 0.260 Loaded shared library C:\Users\Nursultan\.openjfx\cache\21-ea+null\amd64\api-ms-win-crt-math-l1-1-0.dll
Event: 0.262 Loaded shared library C:\Users\Nursultan\.openjfx\cache\21-ea+null\amd64\api-ms-win-crt-multibyte-l1-1-0.dll
Event: 0.263 Loaded shared library C:\Users\Nursultan\.openjfx\cache\21-ea+null\amd64\api-ms-win-crt-private-l1-1-0.dll
Event: 0.265 Loaded shared library C:\Users\Nursultan\.openjfx\cache\21-ea+null\amd64\api-ms-win-crt-process-l1-1-0.dll
Event: 0.266 Loaded shared library C:\Users\Nursultan\.openjfx\cache\21-ea+null\amd64\api-ms-win-crt-runtime-l1-1-0.dll
Event: 0.268 Loaded shared library C:\Users\Nursultan\.openjfx\cache\21-ea+null\amd64\api-ms-win-crt-stdio-l1-1-0.dll
Event: 0.269 Loaded shared library C:\Users\Nursultan\.openjfx\cache\21-ea+null\amd64\api-ms-win-crt-string-l1-1-0.dll
Event: 0.270 Loaded shared library C:\Users\Nursultan\.openjfx\cache\21-ea+null\amd64\api-ms-win-crt-time-l1-1-0.dll
Event: 0.271 Loaded shared library C:\Users\Nursultan\.openjfx\cache\21-ea+null\amd64\api-ms-win-crt-utility-l1-1-0.dll
Event: 0.280 Loaded shared library C:\Users\Nursultan\.openjfx\cache\21-ea+null\amd64\ucrtbase.dll
Event: 0.282 Loaded shared library C:\Users\Nursultan\.openjfx\cache\21-ea+null\amd64\vcruntime140.dll
Event: 0.284 Loaded shared library C:\Users\Nursultan\.openjfx\cache\21-ea+null\amd64\vcruntime140_1.dll
Event: 0.289 Loaded shared library C:\Users\Nursultan\.openjfx\cache\21-ea+null\amd64\msvcp140.dll
Event: 0.291 Loaded shared library C:\Users\Nursultan\.openjfx\cache\21-ea+null\amd64\msvcp140_1.dll
Event: 0.294 Loaded shared library C:\Users\Nursultan\.openjfx\cache\21-ea+null\amd64\msvcp140_2.dll
Event: 0.333 Loaded shared library C:\Users\Nursultan\.openjfx\cache\21-ea+null\amd64\prism_d3d.dll
Event: 0.381 Loaded shared library C:\Users\Nursultan\.openjfx\cache\21-ea+null\amd64\glass.dll
Event: 0.492 Loaded shared library C:\Users\Nursultan\.jdks\openjdk-21.0.1\bin\jimage.dll
Event: 0.621 Loaded shared library C:\Users\Nursultan\.openjfx\cache\21-ea+null\amd64\javafx_font.dll

Deoptimization events (20 events):
Event: 2.765 Thread 0x0000016bf10cc480 Uncommon trap: trap_request=0xffffff45 fr.pc=0x0000016b9d300ad0 relative=0x00000000000001f0
Event: 2.765 Thread 0x0000016bf10cc480 Uncommon trap: reason=unstable_if action=reinterpret pc=0x0000016b9d300ad0 method=java.util.HashMap.getNode(Ljava/lang/Object;)Ljava/util/HashMap$Node; @ 66 c2
Event: 2.765 Thread 0x0000016bf10cc480 DEOPT PACKING pc=0x0000016b9d300ad0 sp=0x0000003ce88fd470
Event: 2.765 Thread 0x0000016bf10cc480 DEOPT UNPACKING pc=0x0000016b9cd146a2 sp=0x0000003ce88fd3f0 mode 2
Event: 3.914 Thread 0x0000016bf10cc480 Uncommon trap: trap_request=0xffffffde fr.pc=0x0000016b9d30a0d8 relative=0x00000000000002f8
Event: 3.914 Thread 0x0000016bf10cc480 Uncommon trap: reason=class_check action=maybe_recompile pc=0x0000016b9d30a0d8 method=java.util.regex.Pattern$BmpCharPropertyGreedy.match(Ljava/util/regex/Matcher;ILjava/lang/CharSequence;)Z @ 26 c2
Event: 3.914 Thread 0x0000016bf10cc480 DEOPT PACKING pc=0x0000016b9d30a0d8 sp=0x0000003ce88fb7c0
Event: 3.914 Thread 0x0000016bf10cc480 DEOPT UNPACKING pc=0x0000016b9cd146a2 sp=0x0000003ce88fb778 mode 2
Event: 3.928 Thread 0x0000016bf10cc480 Uncommon trap: trap_request=0xffffffde fr.pc=0x0000016b9d33d0c0 relative=0x0000000000000900
Event: 3.928 Thread 0x0000016bf10cc480 Uncommon trap: reason=class_check action=maybe_recompile pc=0x0000016b9d33d0c0 method=java.util.HashMap.putVal(ILjava/lang/Object;Ljava/lang/Object;ZZ)Ljava/lang/Object; @ 91 c2
Event: 3.928 Thread 0x0000016bf10cc480 DEOPT PACKING pc=0x0000016b9d33d0c0 sp=0x0000003ce88fb900
Event: 3.928 Thread 0x0000016bf10cc480 DEOPT UNPACKING pc=0x0000016b9cd146a2 sp=0x0000003ce88fb848 mode 2
Event: 3.946 Thread 0x0000016bf10cc480 Uncommon trap: trap_request=0xffffffde fr.pc=0x0000016b9d33d0c0 relative=0x0000000000000900
Event: 3.946 Thread 0x0000016bf10cc480 Uncommon trap: reason=class_check action=maybe_recompile pc=0x0000016b9d33d0c0 method=java.util.HashMap.putVal(ILjava/lang/Object;Ljava/lang/Object;ZZ)Ljava/lang/Object; @ 91 c2
Event: 3.946 Thread 0x0000016bf10cc480 DEOPT PACKING pc=0x0000016b9d33d0c0 sp=0x0000003ce88fb900
Event: 3.946 Thread 0x0000016bf10cc480 DEOPT UNPACKING pc=0x0000016b9cd146a2 sp=0x0000003ce88fb848 mode 2
Event: 3.948 Thread 0x0000016bf10cc480 Uncommon trap: trap_request=0xffffffde fr.pc=0x0000016b9d33a6c8 relative=0x0000000000000888
Event: 3.948 Thread 0x0000016bf10cc480 Uncommon trap: reason=class_check action=maybe_recompile pc=0x0000016b9d33a6c8 method=java.util.HashMap.putVal(ILjava/lang/Object;Ljava/lang/Object;ZZ)Ljava/lang/Object; @ 91 c2
Event: 3.948 Thread 0x0000016bf10cc480 DEOPT PACKING pc=0x0000016b9d33a6c8 sp=0x0000003ce88fb880
Event: 3.948 Thread 0x0000016bf10cc480 DEOPT UNPACKING pc=0x0000016b9cd146a2 sp=0x0000003ce88fb840 mode 2

Classes loaded (20 events):
Event: 1.091 Loading class java/nio/DirectFloatBufferU
Event: 1.091 Loading class java/nio/DirectFloatBufferU done
Event: 1.161 Loading class jdk/internal/ref/CleanerImpl$InnocuousThreadFactory
Event: 1.161 Loading class jdk/internal/ref/CleanerImpl$InnocuousThreadFactory done
Event: 1.171 Loading class sun/misc/Unsafe
Event: 1.172 Loading class sun/misc/Unsafe done
Event: 1.173 Loading class java/lang/invoke/DirectMethodHandle$StaticAccessor
Event: 1.173 Loading class java/lang/invoke/DirectMethodHandle$StaticAccessor done
Event: 2.519 Loading class java/io/UnsupportedEncodingException
Event: 2.520 Loading class java/io/UnsupportedEncodingException done
Event: 2.758 Loading class java/lang/Byte$ByteCache
Event: 2.758 Loading class java/lang/Byte$ByteCache done
Event: 2.758 Loading class java/lang/Short$ShortCache
Event: 2.758 Loading class java/lang/Short$ShortCache done
Event: 4.083 Loading class java/util/BitSet
Event: 4.083 Loading class java/util/BitSet done
Event: 4.191 Loading class java/lang/FdLibm$Atan2
Event: 4.191 Loading class java/lang/FdLibm$Atan2 done
Event: 63.098 Loading class jdk/internal/misc/Signal$1
Event: 63.098 Loading class jdk/internal/misc/Signal$1 done

Classes unloaded (0 events):
No events

Classes redefined (0 events):
No events

Internal exceptions (20 events):
Event: 0.973 Thread 0x0000016bf10cc480 Exception <a 'java/lang/NoSuchMethodError'{0x0000000732743180}: 'java.lang.Object java.lang.invoke.DirectMethodHandle$Holder.newInvokeSpecial(java.lang.Object, java.lang.Object, int)'> (0x0000000732743180) 
thrown [s\open\src\hotspot\share\interpreter\linkResolver.cpp, line 773]
Event: 1.050 Thread 0x0000016bf10cb0d0 Exception <a 'java/lang/NoSuchMethodError'{0x000000073255c140}: 'int java.lang.invoke.DirectMethodHandle$Holder.invokeStaticInit(java.lang.Object, java.lang.Object)'> (0x000000073255c140) 
thrown [s\open\src\hotspot\share\interpreter\linkResolver.cpp, line 773]
Event: 1.062 Thread 0x0000016bf10cc480 Exception <a 'java/lang/NoSuchMethodError'{0x00000007325f1798}: 'long java.lang.invoke.DirectMethodHandle$Holder.invokeStatic(java.lang.Object, java.lang.Object, java.lang.Object)'> (0x00000007325f1798) 
thrown [s\open\src\hotspot\share\interpreter\linkResolver.cpp, line 773]
Event: 1.062 Thread 0x0000016bf10cc480 Exception <a 'java/lang/NoSuchMethodError'{0x00000007325f4b68}: 'long java.lang.invoke.DirectMethodHandle$Holder.invokeStaticInit(java.lang.Object, java.lang.Object, java.lang.Object)'> (0x00000007325f4b68) 
thrown [s\open\src\hotspot\share\interpreter\linkResolver.cpp, line 773]
Event: 1.067 Thread 0x0000016bf10cc480 Exception <a 'java/lang/NoSuchMethodError'{0x0000000732270da8}: 'java.lang.Object java.lang.invoke.DirectMethodHandle$Holder.newInvokeSpecial(java.lang.Object, java.lang.Object, long)'> (0x0000000732270da8) 
thrown [s\open\src\hotspot\share\interpreter\linkResolver.cpp, line 773]
Event: 1.067 Thread 0x0000016bf10cc480 Exception <a 'java/lang/NoSuchMethodError'{0x00000007322746a0}: 'java.lang.Object java.lang.invoke.Invokers$Holder.linkToTargetMethod(java.lang.Object, long, java.lang.Object)'> (0x00000007322746a0) 
thrown [s\open\src\hotspot\share\interpreter\linkResolver.cpp, line 773]
Event: 1.080 Thread 0x0000016babda7670 Exception <a 'sun/nio/fs/WindowsException'{0x0000000732356cc0}> (0x0000000732356cc0) 
thrown [s\open\src\hotspot\share\prims\jni.cpp, line 520]
Event: 1.128 Thread 0x0000016bf10cb0d0 Exception <a 'java/lang/NoSuchMethodError'{0x00000007320f56d0}: 'java.lang.Object java.lang.invoke.DirectMethodHandle$Holder.invokeStaticInit(java.lang.Object, int)'> (0x00000007320f56d0) 
thrown [s\open\src\hotspot\share\interpreter\linkResolver.cpp, line 773]
Event: 2.737 Thread 0x0000016bf10cc480 Exception <a 'java/io/FileNotFoundException'{0x0000000731cbe2c0}> (0x0000000731cbe2c0) 
thrown [s\open\src\hotspot\share\prims\jni.cpp, line 520]
Event: 2.737 Thread 0x0000016bf10cc480 Exception <a 'java/io/FileNotFoundException'{0x0000000731cbf2f0}> (0x0000000731cbf2f0) 
thrown [s\open\src\hotspot\share\prims\jni.cpp, line 520]
Event: 2.765 Thread 0x0000016bf10cc480 Exception <a 'java/lang/NoSuchMethodError'{0x0000000731d39b48}: 'java.lang.Object java.lang.invoke.DirectMethodHandle$Holder.newInvokeSpecial(java.lang.Object, double)'> (0x0000000731d39b48) 
thrown [s\open\src\hotspot\share\interpreter\linkResolver.cpp, line 773]
Event: 3.926 Thread 0x0000016bf10cc480 Exception <a 'java/io/FileNotFoundException'{0x0000000731be4508}> (0x0000000731be4508) 
thrown [s\open\src\hotspot\share\prims\jni.cpp, line 520]
Event: 3.926 Thread 0x0000016bf10cc480 Exception <a 'java/io/FileNotFoundException'{0x0000000731be57e8}> (0x0000000731be57e8) 
thrown [s\open\src\hotspot\share\prims\jni.cpp, line 520]
Event: 3.932 Thread 0x0000016bf10cc480 Exception <a 'java/lang/NoSuchMethodError'{0x0000000731bf7378}: 'java.lang.Object java.lang.invoke.DelegatingMethodHandle$Holder.reinvoke_L(java.lang.Object, double, double, double, double)'> (0x0000000731bf7378) 
thrown [s\open\src\hotspot\share\interpreter\linkResolver.cpp, line 773]
Event: 3.936 Thread 0x0000016bf10cc480 Exception <a 'java/lang/NoSuchMethodError'{0x0000000731802748}: 'java.lang.Object java.lang.invoke.DirectMethodHandle$Holder.invokeStatic(java.lang.Object, java.lang.Object, int)'> (0x0000000731802748) 
thrown [s\open\src\hotspot\share\interpreter\linkResolver.cpp, line 773]
Event: 3.936 Thread 0x0000016bf10cc480 Exception <a 'java/lang/NoSuchMethodError'{0x0000000731806880}: 'void java.lang.invoke.DirectMethodHandle$Holder.invokeStatic(java.lang.Object, java.lang.Object, int, java.lang.Object)'> (0x0000000731806880) 
thrown [s\open\src\hotspot\share\interpreter\linkResolver.cpp, line 773]
Event: 3.937 Thread 0x0000016bf10cc480 Exception <a 'java/lang/NoSuchMethodError'{0x000000073180d850}: 'void java.lang.invoke.DelegatingMethodHandle$Holder.delegate(java.lang.Object, java.lang.Object, int, java.lang.Object)'> (0x000000073180d850) 
thrown [s\open\src\hotspot\share\interpreter\linkResolver.cpp, line 773]
Event: 3.971 Thread 0x0000016bf10cc480 Exception <a 'java/io/FileNotFoundException'{0x00000007318aa810}> (0x00000007318aa810) 
thrown [s\open\src\hotspot\share\prims\jni.cpp, line 520]
Event: 3.971 Thread 0x0000016bf10cc480 Exception <a 'java/io/FileNotFoundException'{0x00000007318abb68}> (0x00000007318abb68) 
thrown [s\open\src\hotspot\share\prims\jni.cpp, line 520]
Event: 4.096 Thread 0x0000016bf10cc480 Exception <a 'java/lang/NoSuchMethodError'{0x000000073178b688}: 'java.lang.Object java.lang.invoke.DirectMethodHandle$Holder.invokeStatic(java.lang.Object, int, java.lang.Object)'> (0x000000073178b688) 
thrown [s\open\src\hotspot\share\interpreter\linkResolver.cpp, line 773]

ZGC Phase Switch (0 events):
No events

VM Operations (20 events):
Event: 3.935 Executing VM operation: HandshakeAllThreads (Deoptimize) done
Event: 4.935 Executing VM operation: Cleanup
Event: 4.935 Executing VM operation: Cleanup done
Event: 5.935 Executing VM operation: Cleanup
Event: 5.936 Executing VM operation: Cleanup done
Event: 7.936 Executing VM operation: Cleanup
Event: 7.936 Executing VM operation: Cleanup done
Event: 8.936 Executing VM operation: Cleanup
Event: 8.936 Executing VM operation: Cleanup done
Event: 10.937 Executing VM operation: Cleanup
Event: 10.937 Executing VM operation: Cleanup done
Event: 14.940 Executing VM operation: Cleanup
Event: 14.940 Executing VM operation: Cleanup done
Event: 30.949 Executing VM operation: Cleanup
Event: 30.949 Executing VM operation: Cleanup done
Event: 60.195 Executing VM operation: HandshakeAllThreads (HandshakeForDeflation)
Event: 60.195 Executing VM operation: HandshakeAllThreads (HandshakeForDeflation) done
Event: 60.195 Executing VM operation: RendezvousGCThreads
Event: 60.195 Executing VM operation: RendezvousGCThreads done
Event: 63.103 Executing VM operation: Exit

Events (20 events):
Event: 0.385 Thread 0x0000016bf10cc480 Thread added: 0x0000016bf10cc480
Event: 0.439 Thread 0x0000016bf1125ea0 Thread exited: 0x0000016bf1125ea0
Event: 0.461 Thread 0x0000016bf11244c0 Thread exited: 0x0000016bf11244c0
Event: 0.471 Thread 0x0000016bf10cbdf0 Thread added: 0x0000016bf10cbdf0
Event: 0.473 Thread 0x0000016bf10c9d20 Thread added: 0x0000016bf10c9d20
Event: 0.633 Thread 0x0000016bf274cd20 Thread added: 0x0000016bf274cd20
Event: 0.635 Thread 0x0000016bf26e2310 Thread added: 0x0000016bf26e2310
Event: 0.820 Thread 0x0000016bf10caa40 Thread added: 0x0000016bf10caa40
Event: 1.162 Thread 0x0000016b8443e2a0 Thread added: 0x0000016b8443e2a0
Event: 1.418 Thread 0x0000016bf274cd20 Thread exited: 0x0000016bf274cd20
Event: 1.418 Thread 0x0000016bf26e2310 Thread exited: 0x0000016bf26e2310
Event: 2.785 Thread 0x0000016b8454db60 Thread added: 0x0000016b8454db60
Event: 2.966 Thread 0x0000016b8454db60 Thread exited: 0x0000016b8454db60
Event: 4.100 Thread 0x0000016bf2c37770 Thread added: 0x0000016bf2c37770
Event: 4.333 Thread 0x0000016bf2c37770 Thread exited: 0x0000016bf2c37770
Event: 63.099 Thread 0x0000016b844386c0 Thread added: 0x0000016b844386c0
Event: 63.100 Thread 0x0000016b8443b4b0 Thread added: 0x0000016b8443b4b0
Event: 63.100 Thread 0x0000016b8443cef0 Thread added: 0x0000016b8443cef0
Event: 63.102 Thread 0x0000016b8443cef0 Thread exited: 0x0000016b8443cef0
Event: 63.102 Thread 0x0000016b8443b4b0 Thread exited: 0x0000016b8443b4b0


Dynamic libraries:
0x00007ff6226e0000 - 0x00007ff6226ee000 	C:\Users\Nursultan\.jdks\openjdk-21.0.1\bin\java.exe
0x00007fffa4cb0000 - 0x00007fffa4ea8000 	C:\Windows\SYSTEM32\ntdll.dll
0x00007fffa47f0000 - 0x00007fffa48ad000 	C:\Windows\System32\KERNEL32.DLL
0x00007fffa28c0000 - 0x00007fffa2bb6000 	C:\Windows\System32\KERNELBASE.dll
0x00007fffa2510000 - 0x00007fffa2610000 	C:\Windows\System32\ucrtbase.dll
0x00007fff942f0000 - 0x00007fff94308000 	C:\Users\Nursultan\.jdks\openjdk-21.0.1\bin\jli.dll
0x00007fff9e870000 - 0x00007fff9e88b000 	C:\Users\Nursultan\.jdks\openjdk-21.0.1\bin\VCRUNTIME140.dll
0x00007fffa3a30000 - 0x00007fffa3bce000 	C:\Windows\System32\USER32.dll
0x00007fff88810000 - 0x00007fff88aaa000 	C:\Windows\WinSxS\amd64_microsoft.windows.common-controls_6595b64144ccf1df_6.0.19041.3636_none_60b6a03d71f818d5\COMCTL32.dll
0x00007fffa2ce0000 - 0x00007fffa2d02000 	C:\Windows\System32\win32u.dll
0x00007fffa44b0000 - 0x00007fffa454e000 	C:\Windows\System32\msvcrt.dll
0x00007fffa2d70000 - 0x00007fffa2d9c000 	C:\Windows\System32\GDI32.dll
0x00007fffa2bc0000 - 0x00007fffa2cda000 	C:\Windows\System32\gdi32full.dll
0x00007fffa2610000 - 0x00007fffa26ad000 	C:\Windows\System32\msvcp_win.dll
0x00007fffa48b0000 - 0x00007fffa48e0000 	C:\Windows\System32\IMM32.DLL
0x00007fff9e860000 - 0x00007fff9e86c000 	C:\Users\Nursultan\.jdks\openjdk-21.0.1\bin\vcruntime140_1.dll
0x00007fff91b30000 - 0x00007fff91bbe000 	C:\Users\Nursultan\.jdks\openjdk-21.0.1\bin\msvcp140.dll
0x00007fff7c510000 - 0x00007fff7d225000 	C:\Users\Nursultan\.jdks\openjdk-21.0.1\bin\server\jvm.dll
0x00007fffa45b0000 - 0x00007fffa465f000 	C:\Windows\System32\ADVAPI32.dll
0x00007fffa4750000 - 0x00007fffa47ec000 	C:\Windows\System32\sechost.dll
0x00007fffa3c60000 - 0x00007fffa3d86000 	C:\Windows\System32\RPCRT4.dll
0x00007fffa46e0000 - 0x00007fffa474b000 	C:\Windows\System32\WS2_32.dll
0x00007fffa1940000 - 0x00007fffa198b000 	C:\Windows\SYSTEM32\POWRPROF.dll
0x00007fff970a0000 - 0x00007fff970c7000 	C:\Windows\SYSTEM32\WINMM.dll
0x00007fff970d0000 - 0x00007fff970da000 	C:\Windows\SYSTEM32\VERSION.dll
0x00007fffa17b0000 - 0x00007fffa17c2000 	C:\Windows\SYSTEM32\UMPDC.dll
0x00007fffa0be0000 - 0x00007fffa0bf2000 	C:\Windows\SYSTEM32\kernel.appcore.dll
0x00007fff9b0b0000 - 0x00007fff9b0ba000 	C:\Users\Nursultan\.jdks\openjdk-21.0.1\bin\jimage.dll
0x00007fffa0200000 - 0x00007fffa03e4000 	C:\Windows\SYSTEM32\DBGHELP.DLL
0x00007fff8f450000 - 0x00007fff8f484000 	C:\Windows\SYSTEM32\dbgcore.DLL
0x00007fffa2450000 - 0x00007fffa24d2000 	C:\Windows\System32\bcryptPrimitives.dll
0x00007fff94340000 - 0x00007fff9434f000 	C:\Users\Nursultan\.jdks\openjdk-21.0.1\bin\instrument.dll
0x00007fff942d0000 - 0x00007fff942ef000 	C:\Users\Nursultan\.jdks\openjdk-21.0.1\bin\java.dll
0x00007fffa32e0000 - 0x00007fffa3a24000 	C:\Windows\System32\SHELL32.dll
0x00007fffa0430000 - 0x00007fffa0bcb000 	C:\Windows\SYSTEM32\windows.storage.dll
0x00007fffa4050000 - 0x00007fffa43a4000 	C:\Windows\System32\combase.dll
0x00007fffa1dd0000 - 0x00007fffa1dfd000 	C:\Windows\SYSTEM32\Wldp.dll
0x00007fffa3230000 - 0x00007fffa32dd000 	C:\Windows\System32\SHCORE.dll
0x00007fffa2d10000 - 0x00007fffa2d65000 	C:\Windows\System32\shlwapi.dll
0x00007fffa22c0000 - 0x00007fffa22e5000 	C:\Windows\SYSTEM32\profapi.dll
0x00007fff7c430000 - 0x00007fff7c507000 	C:\Users\Nursultan\.jdks\openjdk-21.0.1\bin\jsvml.dll
0x00007fff94280000 - 0x00007fff94290000 	C:\Users\Nursultan\.jdks\openjdk-21.0.1\bin\net.dll
0x00007fff9e4a0000 - 0x00007fff9e5aa000 	C:\Windows\SYSTEM32\WINHTTP.dll
0x00007fffa1b30000 - 0x00007fffa1b9a000 	C:\Windows\system32\mswsock.dll
0x00007fff94260000 - 0x00007fff94276000 	C:\Users\Nursultan\.jdks\openjdk-21.0.1\bin\nio.dll
0x00007fff94240000 - 0x00007fff94258000 	C:\Users\Nursultan\.jdks\openjdk-21.0.1\bin\zip.dll
0x00007fff94310000 - 0x00007fff9432a000 	C:\Program Files\JetBrains\IntelliJ IDEA 2023.2.5\bin\breakgen64.dll
0x0000016babf30000 - 0x0000016babf33000 	C:\Users\Nursultan\.openjfx\cache\21-ea+null\amd64\api-ms-win-core-console-l1-1-0.dll
0x0000016babf40000 - 0x0000016babf43000 	C:\Users\Nursultan\.openjfx\cache\21-ea+null\amd64\api-ms-win-core-console-l1-2-0.dll
0x0000016babf50000 - 0x0000016babf53000 	C:\Users\Nursultan\.openjfx\cache\21-ea+null\amd64\api-ms-win-core-datetime-l1-1-0.dll
0x0000016babf60000 - 0x0000016babf63000 	C:\Users\Nursultan\.openjfx\cache\21-ea+null\amd64\api-ms-win-core-debug-l1-1-0.dll
0x0000016babf70000 - 0x0000016babf73000 	C:\Users\Nursultan\.openjfx\cache\21-ea+null\amd64\api-ms-win-core-errorhandling-l1-1-0.dll
0x0000016babf80000 - 0x0000016babf84000 	C:\Users\Nursultan\.openjfx\cache\21-ea+null\amd64\api-ms-win-core-file-l1-1-0.dll
0x0000016babf90000 - 0x0000016babf93000 	C:\Users\Nursultan\.openjfx\cache\21-ea+null\amd64\api-ms-win-core-file-l1-2-0.dll
0x0000016babfa0000 - 0x0000016babfa3000 	C:\Users\Nursultan\.openjfx\cache\21-ea+null\amd64\api-ms-win-core-file-l2-1-0.dll
0x0000016babfb0000 - 0x0000016babfb3000 	C:\Users\Nursultan\.openjfx\cache\21-ea+null\amd64\api-ms-win-core-handle-l1-1-0.dll
0x0000016babfc0000 - 0x0000016babfc3000 	C:\Users\Nursultan\.openjfx\cache\21-ea+null\amd64\api-ms-win-core-heap-l1-1-0.dll
0x0000016babfd0000 - 0x0000016babfd3000 	C:\Users\Nursultan\.openjfx\cache\21-ea+null\amd64\api-ms-win-core-interlocked-l1-1-0.dll
0x0000016babfe0000 - 0x0000016babfe3000 	C:\Users\Nursultan\.openjfx\cache\21-ea+null\amd64\api-ms-win-core-libraryloader-l1-1-0.dll
0x0000016babff0000 - 0x0000016babff3000 	C:\Users\Nursultan\.openjfx\cache\21-ea+null\amd64\api-ms-win-core-localization-l1-2-0.dll
0x0000016bf1c00000 - 0x0000016bf1c03000 	C:\Users\Nursultan\.openjfx\cache\21-ea+null\amd64\api-ms-win-core-memory-l1-1-0.dll
0x0000016bf1c10000 - 0x0000016bf1c13000 	C:\Users\Nursultan\.openjfx\cache\21-ea+null\amd64\api-ms-win-core-namedpipe-l1-1-0.dll
0x0000016bf1c20000 - 0x0000016bf1c23000 	C:\Users\Nursultan\.openjfx\cache\21-ea+null\amd64\api-ms-win-core-processenvironment-l1-1-0.dll
0x0000016bf1c30000 - 0x0000016bf1c33000 	C:\Users\Nursultan\.openjfx\cache\21-ea+null\amd64\api-ms-win-core-processthreads-l1-1-0.dll
0x0000016bf1c40000 - 0x0000016bf1c43000 	C:\Users\Nursultan\.openjfx\cache\21-ea+null\amd64\api-ms-win-core-processthreads-l1-1-1.dll
0x0000016bf1c50000 - 0x0000016bf1c53000 	C:\Users\Nursultan\.openjfx\cache\21-ea+null\amd64\api-ms-win-core-profile-l1-1-0.dll
0x0000016bf1c60000 - 0x0000016bf1c63000 	C:\Users\Nursultan\.openjfx\cache\21-ea+null\amd64\api-ms-win-core-rtlsupport-l1-1-0.dll
0x0000016bf1c70000 - 0x0000016bf1c73000 	C:\Users\Nursultan\.openjfx\cache\21-ea+null\amd64\api-ms-win-core-string-l1-1-0.dll
0x0000016bf1c80000 - 0x0000016bf1c83000 	C:\Users\Nursultan\.openjfx\cache\21-ea+null\amd64\api-ms-win-core-synch-l1-1-0.dll
0x0000016bf1c90000 - 0x0000016bf1c93000 	C:\Users\Nursultan\.openjfx\cache\21-ea+null\amd64\api-ms-win-core-synch-l1-2-0.dll
0x0000016bf1ca0000 - 0x0000016bf1ca3000 	C:\Users\Nursultan\.openjfx\cache\21-ea+null\amd64\api-ms-win-core-sysinfo-l1-1-0.dll
0x0000016bf1cb0000 - 0x0000016bf1cb3000 	C:\Users\Nursultan\.openjfx\cache\21-ea+null\amd64\api-ms-win-core-timezone-l1-1-0.dll
0x0000016bf1cc0000 - 0x0000016bf1cc3000 	C:\Users\Nursultan\.openjfx\cache\21-ea+null\amd64\api-ms-win-core-util-l1-1-0.dll
0x0000016bf1cd0000 - 0x0000016bf1cd3000 	C:\Users\Nursultan\.openjfx\cache\21-ea+null\amd64\api-ms-win-crt-conio-l1-1-0.dll
0x0000016bf1ce0000 - 0x0000016bf1ce4000 	C:\Users\Nursultan\.openjfx\cache\21-ea+null\amd64\api-ms-win-crt-convert-l1-1-0.dll
0x0000016bf1cf0000 - 0x0000016bf1cf3000 	C:\Users\Nursultan\.openjfx\cache\21-ea+null\amd64\api-ms-win-crt-environment-l1-1-0.dll
0x0000016bf1d00000 - 0x0000016bf1d03000 	C:\Users\Nursultan\.openjfx\cache\21-ea+null\amd64\api-ms-win-crt-filesystem-l1-1-0.dll
0x0000016bf1d10000 - 0x0000016bf1d13000 	C:\Users\Nursultan\.openjfx\cache\21-ea+null\amd64\api-ms-win-crt-heap-l1-1-0.dll
0x0000016bf1d20000 - 0x0000016bf1d23000 	C:\Users\Nursultan\.openjfx\cache\21-ea+null\amd64\api-ms-win-crt-locale-l1-1-0.dll
0x0000016bf1d30000 - 0x0000016bf1d35000 	C:\Users\Nursultan\.openjfx\cache\21-ea+null\amd64\api-ms-win-crt-math-l1-1-0.dll
0x0000016bf1d40000 - 0x0000016bf1d45000 	C:\Users\Nursultan\.openjfx\cache\21-ea+null\amd64\api-ms-win-crt-multibyte-l1-1-0.dll
0x0000016bf1d50000 - 0x0000016bf1d60000 	C:\Users\Nursultan\.openjfx\cache\21-ea+null\amd64\api-ms-win-crt-private-l1-1-0.dll
0x0000016bf1d60000 - 0x0000016bf1d63000 	C:\Users\Nursultan\.openjfx\cache\21-ea+null\amd64\api-ms-win-crt-process-l1-1-0.dll
0x0000016bf1d70000 - 0x0000016bf1d74000 	C:\Users\Nursultan\.openjfx\cache\21-ea+null\amd64\api-ms-win-crt-runtime-l1-1-0.dll
0x0000016bf1d80000 - 0x0000016bf1d84000 	C:\Users\Nursultan\.openjfx\cache\21-ea+null\amd64\api-ms-win-crt-stdio-l1-1-0.dll
0x0000016bf1d90000 - 0x0000016bf1d94000 	C:\Users\Nursultan\.openjfx\cache\21-ea+null\amd64\api-ms-win-crt-string-l1-1-0.dll
0x0000016bf1da0000 - 0x0000016bf1da3000 	C:\Users\Nursultan\.openjfx\cache\21-ea+null\amd64\api-ms-win-crt-time-l1-1-0.dll
0x0000016bf1db0000 - 0x0000016bf1db3000 	C:\Users\Nursultan\.openjfx\cache\21-ea+null\amd64\api-ms-win-crt-utility-l1-1-0.dll
0x00007fff7c330000 - 0x00007fff7c42c000 	C:\Users\Nursultan\.openjfx\cache\21-ea+null\amd64\ucrtbase.dll
0x00007fff92200000 - 0x00007fff9221b000 	C:\Users\Nursultan\.openjfx\cache\21-ea+null\amd64\vcruntime140.dll
0x00007fff916d0000 - 0x00007fff916dc000 	C:\Users\Nursultan\.openjfx\cache\21-ea+null\amd64\vcruntime140_1.dll
0x00007fff81900000 - 0x00007fff8198e000 	C:\Users\Nursultan\.openjfx\cache\21-ea+null\amd64\msvcp140.dll
0x00007fffa3ec0000 - 0x00007fffa3feb000 	C:\Windows\System32\ole32.dll
0x00007fff8d150000 - 0x00007fff8d159000 	C:\Users\Nursultan\.openjfx\cache\21-ea+null\amd64\msvcp140_1.dll
0x00007fff81810000 - 0x00007fff8183f000 	C:\Users\Nursultan\.openjfx\cache\21-ea+null\amd64\msvcp140_2.dll
0x00007fff81730000 - 0x00007fff8175f000 	C:\Users\Nursultan\.openjfx\cache\21-ea+null\amd64\prism_d3d.dll
0x00007fff49500000 - 0x00007fff496cd000 	C:\Windows\system32\d3d9.dll
0x00007fff9fb70000 - 0x00007fff9fb9f000 	C:\Windows\SYSTEM32\dwmapi.dll
0x00007fff9f6a0000 - 0x00007fff9f73e000 	C:\Windows\system32\uxtheme.dll
0x00007fff970e0000 - 0x00007fff9729b000 	C:\Windows\System32\DriverStore\FileRepository\u0390451.inf_amd64_39377efdd62734d1\B390182\aticfx64.dll
0x00007fff47730000 - 0x00007fff494ff000 	C:\Windows\System32\DriverStore\FileRepository\u0390451.inf_amd64_39377efdd62734d1\B390182\amdxn64.dll
0x00007fffa2da0000 - 0x00007fffa320e000 	C:\Windows\System32\SETUPAPI.dll
0x00007fffa2390000 - 0x00007fffa23de000 	C:\Windows\System32\cfgmgr32.dll
0x00007fffa24e0000 - 0x00007fffa2507000 	C:\Windows\System32\bcrypt.dll
0x00007fffa0c50000 - 0x00007fffa0d43000 	C:\Windows\SYSTEM32\dxgi.dll
0x00007fff950f0000 - 0x00007fff95125000 	C:\Windows\SYSTEM32\amdihk64.dll
0x00007fff7d280000 - 0x00007fff7d2c2000 	C:\Users\Nursultan\.openjfx\cache\21-ea+null\amd64\glass.dll
0x00007fffa43c0000 - 0x00007fffa449a000 	C:\Windows\System32\COMDLG32.dll
0x00007fffa3df0000 - 0x00007fffa3ebd000 	C:\Windows\System32\OLEAUT32.dll
0x00007fffa48f0000 - 0x00007fffa4a04000 	C:\Windows\System32\MSCTF.dll
0x00007fff98480000 - 0x00007fff984bb000 	C:\Windows\SYSTEM32\dxcore.dll
0x00007fff84cb0000 - 0x00007fff84cc4000 	C:\Users\Nursultan\.openjfx\cache\21-ea+null\amd64\javafx_font.dll
0x00007fff7dfe0000 - 0x00007fff7e25f000 	C:\Windows\SYSTEM32\dwrite.dll
0x00007fffa4bc0000 - 0x00007fffa4c69000 	C:\Windows\System32\clbcatq.dll
0x00007fff9ae90000 - 0x00007fff9b044000 	C:\Windows\SYSTEM32\WindowsCodecs.dll
0x00007fff82b70000 - 0x00007fff82bae000 	C:\Windows\system32\dataexchange.dll
0x00007fff9d080000 - 0x00007fff9d2e3000 	C:\Windows\system32\d3d11.dll
0x00007fff9d8b0000 - 0x00007fff9da93000 	C:\Windows\system32\dcomp.dll
0x00007fff9aaa0000 - 0x00007fff9aca7000 	C:\Windows\system32\twinapi.appcore.dll
0x00007fff73450000 - 0x00007fff73484000 	C:\Program Files\Common Files\Microsoft Shared\Ink\rtscom.dll
0x00007fff92ca0000 - 0x00007fff92d9a000 	C:\Windows\SYSTEM32\textinputframework.dll
0x00007fff9e250000 - 0x00007fff9e342000 	C:\Windows\System32\CoreMessaging.dll
0x00007fff9db70000 - 0x00007fff9decb000 	C:\Windows\System32\CoreUIComponents.dll
0x00007fffa1530000 - 0x00007fffa1563000 	C:\Windows\SYSTEM32\ntmarta.dll
0x00007fff9ee30000 - 0x00007fff9ef85000 	C:\Windows\SYSTEM32\wintypes.dll

dbghelp: loaded successfully - version: 4.0.5 - missing functions: none
symbol engine: initialized successfully - sym options: 0x614 - pdb path: .;C:\Users\Nursultan\.jdks\openjdk-21.0.1\bin;C:\Windows\SYSTEM32;C:\Windows\WinSxS\amd64_microsoft.windows.common-controls_6595b64144ccf1df_6.0.19041.3636_none_60b6a03d71f818d5;C:\Users\Nursultan\.jdks\openjdk-21.0.1\bin\server;C:\Program Files\JetBrains\IntelliJ IDEA 2023.2.5\bin;C:\Users\Nursultan\.openjfx\cache\21-ea+null\amd64;C:\Windows\System32\DriverStore\FileRepository\u0390451.inf_amd64_39377efdd62734d1\B390182;C:\Program Files\Common Files\Microsoft Shared\Ink

VM Arguments:
jvm_args: -javaagent:C:\Program Files\JetBrains\IntelliJ IDEA 2023.2.5\lib\idea_rt.jar=61354:C:\Program Files\JetBrains\IntelliJ IDEA 2023.2.5\bin -Dfile.encoding=UTF-8 -Dsun.stdout.encoding=UTF-8 -Dsun.stderr.encoding=UTF-8 --module-path=C:\Users\Nursultan\.m2\repository\org\openjfx\javafx-controls\21-ea+24\javafx-controls-21-ea+24-win.jar;C:\Users\Nursultan\.m2\repository\org\openjfx\javafx-base\21-ea+24\javafx-base-21-ea+24-win.jar;C:\Users\Nursultan\IdeaProjects\SoftWareProject\target\classes;C:\Users\Nursultan\.m2\repository\org\openjfx\javafx-graphics\21-ea+24\javafx-graphics-21-ea+24-win.jar;C:\Users\Nursultan\.m2\repository\org\openjfx\javafx-fxml\21-ea+24\javafx-fxml-21-ea+24-win.jar -Djdk.module.main=com.example.softwareproject 
java_command: com.example.softwareproject/com.example.softwareproject.HelloApplication
java_class_path (initial): C:\Users\Nursultan\.m2\repository\org\openjfx\javafx-controls\21-ea+24\javafx-controls-21-ea+24.jar;C:\Users\Nursultan\.m2\repository\org\openjfx\javafx-graphics\21-ea+24\javafx-graphics-21-ea+24.jar;C:\Users\Nursultan\.m2\repository\org\openjfx\javafx-base\21-ea+24\javafx-base-21-ea+24.jar;C:\Users\Nursultan\.m2\repository\org\openjfx\javafx-fxml\21-ea+24\javafx-fxml-21-ea+24.jar
Launcher Type: SUN_STANDARD

[Global flags]
     intx CICompilerCount                          = 4                                         {product} {ergonomic}
     uint ConcGCThreads                            = 3                                         {product} {ergonomic}
     uint G1ConcRefinementThreads                  = 10                                        {product} {ergonomic}
   size_t G1HeapRegionSize                         = 2097152                                   {product} {ergonomic}
    uintx GCDrainStackTargetSize                   = 64                                        {product} {ergonomic}
   size_t InitialHeapSize                          = 230686720                                 {product} {ergonomic}
   size_t MarkStackSize                            = 4194304                                   {product} {ergonomic}
   size_t MaxHeapSize                              = 3676307456                                {product} {ergonomic}
   size_t MaxNewSize                               = 2204106752                                {product} {ergonomic}
   size_t MinHeapDeltaBytes                        = 2097152                                   {product} {ergonomic}
   size_t MinHeapSize                              = 8388608                                   {product} {ergonomic}
    uintx NonNMethodCodeHeapSize                   = 5839372                                {pd product} {ergonomic}
    uintx NonProfiledCodeHeapSize                  = 122909434                              {pd product} {ergonomic}
    uintx ProfiledCodeHeapSize                     = 122909434                              {pd product} {ergonomic}
    uintx ReservedCodeCacheSize                    = 251658240                              {pd product} {ergonomic}
     bool SegmentedCodeCache                       = true                                      {product} {ergonomic}
   size_t SoftMaxHeapSize                          = 3676307456                             {manageable} {ergonomic}
     bool UseCompressedOops                        = true                           {product lp64_product} {ergonomic}
     bool UseG1GC                                  = true                                      {product} {ergonomic}
     bool UseLargePagesIndividualAllocation        = false                                  {pd product} {ergonomic}

Logging:
Log output configuration:
 #0: stdout all=off uptime,level,tags foldmultilines=false
 #1: stderr all=off uptime,level,tags foldmultilines=false

Environment Variables:
PATH=C:\Windows\system32;C:\Windows;C:\Windows\System32\Wbem;C:\Windows\System32\WindowsPowerShell\v1.0\;C:\Windows\System32\OpenSSH\;C:\Program Files\Git\cmd;C:\Users\Nursultan\AppData\Local\Microsoft\WindowsApps;;C:\Program Files\JetBrains\IntelliJ IDEA 2023.2.5\bin;
USERNAME=Nursultan
OS=Windows_NT
PROCESSOR_IDENTIFIER=AMD64 Family 25 Model 68 Stepping 1, AuthenticAMD
TMP=C:\Users\NURSUL~1\AppData\Local\Temp
TEMP=C:\Users\NURSUL~1\AppData\Local\Temp




Periodic native trim disabled

---------------  S Y S T E M  ---------------

OS:
 Windows 10 , 64 bit Build 19041 (10.0.19041.3636)
OS uptime: 2 days 1:20 hours

CPU: total 12 (initial active 12) (12 cores per cpu, 2 threads per core) family 25 model 68 stepping 1 microcode 0x0, cx8, cmov, fxsr, ht, mmx, 3dnowpref, sse, sse2, sse3, ssse3, sse4a, sse4.1, sse4.2, popcnt, lzcnt, tsc, tscinvbit, avx, avx2, aes, clmul, bmi1, bmi2, adx, sha, fma, vzeroupper, clflush, clflushopt, rdtscp, rdpid, f16c, pku, cet_ss
Processor Information for processor 0
  Max Mhz: 3301, Current Mhz: 3301, Mhz Limit: 3301
Processor Information for processor 1
  Max Mhz: 3301, Current Mhz: 3301, Mhz Limit: 3301
Processor Information for processor 2
  Max Mhz: 3301, Current Mhz: 2970, Mhz Limit: 3301
Processor Information for processor 3
  Max Mhz: 3301, Current Mhz: 2970, Mhz Limit: 3301
Processor Information for processor 4
  Max Mhz: 3301, Current Mhz: 1567, Mhz Limit: 3301
Processor Information for processor 5
  Max Mhz: 3301, Current Mhz: 1567, Mhz Limit: 3301
Processor Information for processor 6
  Max Mhz: 3301, Current Mhz: 1100, Mhz Limit: 3301
Processor Information for processor 7
  Max Mhz: 3301, Current Mhz: 1100, Mhz Limit: 3301
Processor Information for processor 8
  Max Mhz: 3301, Current Mhz: 1100, Mhz Limit: 3301
Processor Information for processor 9
  Max Mhz: 3301, Current Mhz: 1100, Mhz Limit: 3301
Processor Information for processor 10
  Max Mhz: 3301, Current Mhz: 1100, Mhz Limit: 3301
Processor Information for processor 11
  Max Mhz: 3301, Current Mhz: 1100, Mhz Limit: 3301

Memory: 4k page, system-wide physical 14020M (4078M free)
TotalPageFile size 18269M (AvailPageFile size 2567M)
current process WorkingSet (physical memory assigned to process): 160M, peak: 177M
current process commit charge ("private bytes"): 435M, peak: 471M

vm_info: OpenJDK 64-Bit Server VM (21.0.1+12-29) for windows-amd64 JRE (21.0.1+12-29), built on 2023-10-05T13:27:09Z by "mach5one" with MS VC++ 17.1 (VS2022)

END.
